ai22 1 2022 Cabc 38.0719
ai22 1 2022 Cofl 40.258
ai22 1 2022 CLCI 3
ai22 1 2022 CUCI 3
ai22 1 2022 CMedian 3
ai22 1 2022 CMean 3
ai22 1 2022 CStdn 3.95239e-014
ai22 1 2023 Cabc 38.0719
ai22 1 2023 Cofl 40.258
ai22 1 2023 CLCI 43.3413
ai22 1 2023 CUCI 43.6235
ai22 1 2023 CMedian 43.3728
ai22 1 2023 CMean 43.4133
ai22 1 2023 CStdn 0.115343
ai22 1 2024 Cabc 38.0719
ai22 1 2024 Cofl 40.258
ai22 1 2024 CLCI 30.5979
ai22 1 2024 CUCI 31.3601
ai22 1 2024 CMedian 30.7211
ai22 1 2024 CMean 30.822
ai22 1 2024 CStdn 0.30021
ai22 1 2025 Cabc 38.0719
ai22 1 2025 Cofl 40.258
ai22 1 2025 CLCI 24.3952
ai22 1 2025 CUCI 26.9187
ai22 1 2025 CMedian 24.8056
ai22 1 2025 CMean 25.1318
ai22 1 2025 CStdn 1.02654
ai22 1 2026 Cabc 38.0719
ai22 1 2026 Cofl 40.258
ai22 1 2026 CLCI 21.3194
ai22 1 2026 CUCI 35.1704
ai22 1 2026 CMedian 23.2283
ai22 1 2026 CMean 24.9029
ai22 1 2026 CStdn 4.49786
ai22 1 2027 Cabc 38.0719
ai22 1 2027 Cofl 40.258
ai22 1 2027 CLCI 18.2864
ai22 1 2027 CUCI 42.7746
ai22 1 2027 CMedian 23.7405
ai22 1 2027 CMean 26.7568
ai22 1 2027 CStdn 8.95502
ai22 1 2028 Cabc 38.0719
ai22 1 2028 Cofl 40.258
ai22 1 2028 CLCI 15.5443
ai22 1 2028 CUCI 54.9571
ai22 1 2028 CMedian 26.2125
ai22 1 2028 CMean 29.7463
ai22 1 2028 CStdn 13.9467
ai22 1 2029 Cabc 38.0719
ai22 1 2029 Cofl 40.258
ai22 1 2029 CLCI 13.4155
ai22 1 2029 CUCI 65.7116
ai22 1 2029 CMedian 29.013
ai22 1 2029 CMean 32.769
ai22 1 2029 CStdn 17.3628
ai22 1 2030 Cabc 38.0719
ai22 1 2030 Cofl 40.258
ai22 1 2030 CLCI 12.2261
ai22 1 2030 CUCI 70.0277
ai22 1 2030 CMedian 31.8525
ai22 1 2030 CMean 35.0369
ai22 1 2030 CStdn 19.404
ai22 1 2031 Cabc 38.0719
ai22 1 2031 Cofl 40.258
ai22 1 2031 CLCI 12.6625
ai22 1 2031 CUCI 72.6505
ai22 1 2031 CMedian 32.8802
ai22 1 2031 CMean 36.3665
ai22 1 2031 CStdn 20.3837
ai22 1 2032 Cabc 38.0719
ai22 1 2032 Cofl 40.258
ai22 1 2032 CLCI 12.6363
ai22 1 2032 CUCI 74.1524
ai22 1 2032 CMedian 33.4307
ai22 1 2032 CMean 37.1261
ai22 1 2032 CStdn 20.7436
ai22 1 2033 Cabc 38.0719
ai22 1 2033 Cofl 40.258
ai22 1 2033 CLCI 12.1421
ai22 1 2033 CUCI 74.073
ai22 1 2033 CMedian 34.0713
ai22 1 2033 CMean 37.274
ai22 1 2033 CStdn 20.7265
ai22 1 2034 Cabc 38.0719
ai22 1 2034 Cofl 40.258
ai22 1 2034 CLCI 12.2743
ai22 1 2034 CUCI 73.4564
ai22 1 2034 CMedian 34.7989
ai22 1 2034 CMean 37.1724
ai22 1 2034 CStdn 20.1869
ai22 1 2035 Cabc 38.0719
ai22 1 2035 Cofl 40.258
ai22 1 2035 CLCI 12.5162
ai22 1 2035 CUCI 73.3536
ai22 1 2035 CMedian 33.8391
ai22 1 2035 CMean 36.9293
ai22 1 2035 CStdn 19.8516
ai22 1 2036 Cabc 38.0719
ai22 1 2036 Cofl 40.258
ai22 1 2036 CLCI 12.4222
ai22 1 2036 CUCI 73.4714
ai22 1 2036 CMedian 33.316
ai22 1 2036 CMean 36.675
ai22 1 2036 CStdn 19.7813
ai22 1 2022 SSBF100 174.218
ai22 1 2022 SSBFabc 69.6872
ai22 1 2022 SSBFofl 60.9763
ai22 1 2022 SSBLCI 79.8069
ai22 1 2022 SSBUCI 79.8069
ai22 1 2022 SSBMedian 79.8069
ai22 1 2022 SSBMean 79.8069
ai22 1 2023 SSBF100 174.218
ai22 1 2023 SSBFabc 69.6872
ai22 1 2023 SSBFofl 60.9763
ai22 1 2023 SSBLCI 75.3276
ai22 1 2023 SSBUCI 75.3276
ai22 1 2023 SSBMedian 75.3276
ai22 1 2023 SSBMean 75.3276
ai22 1 2024 SSBF100 174.218
ai22 1 2024 SSBFabc 69.6872
ai22 1 2024 SSBFofl 60.9763
ai22 1 2024 SSBLCI 62.3517
ai22 1 2024 SSBUCI 62.3829
ai22 1 2024 SSBMedian 62.3551
ai22 1 2024 SSBMean 62.3596
ai22 1 2025 SSBF100 174.218
ai22 1 2025 SSBFabc 69.6872
ai22 1 2025 SSBFofl 60.9763
ai22 1 2025 SSBLCI 56.4583
ai22 1 2025 SSBUCI 57.7987
ai22 1 2025 SSBMedian 56.6116
ai22 1 2025 SSBMean 56.8031
ai22 1 2026 SSBF100 174.218
ai22 1 2026 SSBFabc 69.6872
ai22 1 2026 SSBFofl 60.9763
ai22 1 2026 SSBLCI 51.7533
ai22 1 2026 SSBUCI 71.3798
ai22 1 2026 SSBMedian 54.1472
ai22 1 2026 SSBMean 56.908
ai22 1 2027 SSBF100 174.218
ai22 1 2027 SSBFabc 69.6872
ai22 1 2027 SSBFofl 60.9763
ai22 1 2027 SSBLCI 46.6303
ai22 1 2027 SSBUCI 92.2277
ai22 1 2027 SSBMedian 54.6996
ai22 1 2027 SSBMean 60.1746
ai22 1 2028 SSBF100 174.218
ai22 1 2028 SSBFabc 69.6872
ai22 1 2028 SSBFofl 60.9763
ai22 1 2028 SSBLCI 42.4725
ai22 1 2028 SSBUCI 116.401
ai22 1 2028 SSBMedian 57.7544
ai22 1 2028 SSBMean 64.7073
ai22 1 2029 SSBF100 174.218
ai22 1 2029 SSBFabc 69.6872
ai22 1 2029 SSBFofl 60.9763
ai22 1 2029 SSBLCI 39.7001
ai22 1 2029 SSBUCI 124.247
ai22 1 2029 SSBMedian 61.114
ai22 1 2029 SSBMean 68.6837
ai22 1 2030 SSBF100 174.218
ai22 1 2030 SSBFabc 69.6872
ai22 1 2030 SSBFofl 60.9763
ai22 1 2030 SSBLCI 38.9166
ai22 1 2030 SSBUCI 130.879
ai22 1 2030 SSBMedian 63.4096
ai22 1 2030 SSBMean 71.6495
ai22 1 2031 SSBF100 174.218
ai22 1 2031 SSBFabc 69.6872
ai22 1 2031 SSBFofl 60.9763
ai22 1 2031 SSBLCI 39.5663
ai22 1 2031 SSBUCI 133.404
ai22 1 2031 SSBMedian 64.2603
ai22 1 2031 SSBMean 73.4119
ai22 1 2032 SSBF100 174.218
ai22 1 2032 SSBFabc 69.6872
ai22 1 2032 SSBFofl 60.9763
ai22 1 2032 SSBLCI 39.4873
ai22 1 2032 SSBUCI 135.034
ai22 1 2032 SSBMedian 65.4585
ai22 1 2032 SSBMean 74.2208
ai22 1 2033 SSBF100 174.218
ai22 1 2033 SSBFabc 69.6872
ai22 1 2033 SSBFofl 60.9763
ai22 1 2033 SSBLCI 38.7817
ai22 1 2033 SSBUCI 133.472
ai22 1 2033 SSBMedian 66.0005
ai22 1 2033 SSBMean 74.3828
ai22 1 2034 SSBF100 174.218
ai22 1 2034 SSBFabc 69.6872
ai22 1 2034 SSBFofl 60.9763
ai22 1 2034 SSBLCI 39.4752
ai22 1 2034 SSBUCI 135.832
ai22 1 2034 SSBMedian 66.7512
ai22 1 2034 SSBMean 74.2988
ai22 1 2035 SSBF100 174.218
ai22 1 2035 SSBFabc 69.6872
ai22 1 2035 SSBFofl 60.9763
ai22 1 2035 SSBLCI 39.6083
ai22 1 2035 SSBUCI 135.893
ai22 1 2035 SSBMedian 65.7441
ai22 1 2035 SSBMean 73.8193
ai22 1 2036 SSBF100 174.218
ai22 1 2036 SSBFabc 69.6872
ai22 1 2036 SSBFofl 60.9763
ai22 1 2036 SSBLCI 39.1437
ai22 1 2036 SSBUCI 133.574
ai22 1 2036 SSBMedian 65.0134
ai22 1 2036 SSBMean 73.3083
ai22 1 2022 F0 0 
ai22 1 2022 Fabc 0.305473
ai22 1 2022 Fofl 0.37995
ai22 1 2022  F_LCI 0.018114
ai22 1 2022  F_UCI 0.018114
ai22 1 2022  F_Median 0.018114
ai22 1 2022  F_Mean 0.018114
ai22 1 2023 F0 0 
ai22 1 2023 Fabc 0.305473
ai22 1 2023 Fofl 0.37995
ai22 1 2023  F_LCI 0.305473
ai22 1 2023  F_UCI 0.305473
ai22 1 2023  F_Median 0.305473
ai22 1 2023  F_Mean 0.305473
ai22 1 2024 F0 0 
ai22 1 2024 Fabc 0.305473
ai22 1 2024 Fofl 0.37995
ai22 1 2024  F_LCI 0.271625
ai22 1 2024  F_UCI 0.271769
ai22 1 2024  F_Median 0.271641
ai22 1 2024  F_Mean 0.271662
ai22 1 2025 F0 0 
ai22 1 2025 Fabc 0.305473
ai22 1 2025 Fofl 0.37995
ai22 1 2025  F_LCI 0.244432
ai22 1 2025  F_UCI 0.250617
ai22 1 2025  F_Median 0.24514
ai22 1 2025  F_Mean 0.246023
ai22 1 2026 F0 0 
ai22 1 2026 Fabc 0.305473
ai22 1 2026 Fofl 0.37995
ai22 1 2026  F_LCI 0.222722
ai22 1 2026  F_UCI 0.305473
ai22 1 2026  F_Median 0.233769
ai22 1 2026  F_Mean 0.243173
ai22 1 2027 F0 0 
ai22 1 2027 Fabc 0.305473
ai22 1 2027 Fofl 0.37995
ai22 1 2027  F_LCI 0.199084
ai22 1 2027  F_UCI 0.305473
ai22 1 2027  F_Median 0.236317
ai22 1 2027  F_Mean 0.245749
ai22 1 2028 F0 0 
ai22 1 2028 Fabc 0.305473
ai22 1 2028 Fofl 0.37995
ai22 1 2028  F_LCI 0.179899
ai22 1 2028  F_UCI 0.305473
ai22 1 2028  F_Median 0.250413
ai22 1 2028  F_Mean 0.250289
ai22 1 2029 F0 0 
ai22 1 2029 Fabc 0.305473
ai22 1 2029 Fofl 0.37995
ai22 1 2029  F_LCI 0.167107
ai22 1 2029  F_UCI 0.305473
ai22 1 2029  F_Median 0.265915
ai22 1 2029  F_Mean 0.255523
ai22 1 2030 F0 0 
ai22 1 2030 Fabc 0.305473
ai22 1 2030 Fofl 0.37995
ai22 1 2030  F_LCI 0.163491
ai22 1 2030  F_UCI 0.305473
ai22 1 2030  F_Median 0.276507
ai22 1 2030  F_Mean 0.257827
ai22 1 2031 F0 0 
ai22 1 2031 Fabc 0.305473
ai22 1 2031 Fofl 0.37995
ai22 1 2031  F_LCI 0.166489
ai22 1 2031  F_UCI 0.305473
ai22 1 2031  F_Median 0.280432
ai22 1 2031  F_Mean 0.259276
ai22 1 2032 F0 0 
ai22 1 2032 Fabc 0.305473
ai22 1 2032 Fofl 0.37995
ai22 1 2032  F_LCI 0.166125
ai22 1 2032  F_UCI 0.305473
ai22 1 2032  F_Median 0.285961
ai22 1 2032  F_Mean 0.261506
ai22 1 2033 F0 0 
ai22 1 2033 Fabc 0.305473
ai22 1 2033 Fofl 0.37995
ai22 1 2033  F_LCI 0.162869
ai22 1 2033  F_UCI 0.305473
ai22 1 2033  F_Median 0.288462
ai22 1 2033  F_Mean 0.26153
ai22 1 2034 F0 0 
ai22 1 2034 Fabc 0.305473
ai22 1 2034 Fofl 0.37995
ai22 1 2034  F_LCI 0.166069
ai22 1 2034  F_UCI 0.305473
ai22 1 2034  F_Median 0.291926
ai22 1 2034  F_Mean 0.261448
ai22 1 2035 F0 0 
ai22 1 2035 Fabc 0.305473
ai22 1 2035 Fofl 0.37995
ai22 1 2035  F_LCI 0.166683
ai22 1 2035  F_UCI 0.305473
ai22 1 2035  F_Median 0.287279
ai22 1 2035  F_Mean 0.26122
ai22 1 2036 F0 0 
ai22 1 2036 Fabc 0.305473
ai22 1 2036 Fofl 0.37995
ai22 1 2036  F_LCI 0.164539
ai22 1 2036  F_UCI 0.305473
ai22 1 2036  F_Median 0.283907
ai22 1 2036  F_Mean 0.261251
ai22 2 2022 Cabc 38.0719
ai22 2 2022 Cofl 40.258
ai22 2 2022 CLCI 3
ai22 2 2022 CUCI 3
ai22 2 2022 CMedian 3
ai22 2 2022 CMean 3
ai22 2 2022 CStdn 3.95239e-014
ai22 2 2023 Cabc 38.0719
ai22 2 2023 Cofl 40.258
ai22 2 2023 CLCI 43.3413
ai22 2 2023 CUCI 43.6235
ai22 2 2023 CMedian 43.3728
ai22 2 2023 CMean 43.4133
ai22 2 2023 CStdn 0.115343
ai22 2 2024 Cabc 38.0719
ai22 2 2024 Cofl 40.258
ai22 2 2024 CLCI 30.5979
ai22 2 2024 CUCI 31.3601
ai22 2 2024 CMedian 30.7211
ai22 2 2024 CMean 30.822
ai22 2 2024 CStdn 0.30021
ai22 2 2025 Cabc 38.0719
ai22 2 2025 Cofl 40.258
ai22 2 2025 CLCI 24.3952
ai22 2 2025 CUCI 26.9187
ai22 2 2025 CMedian 24.8056
ai22 2 2025 CMean 25.1318
ai22 2 2025 CStdn 1.02654
ai22 2 2026 Cabc 38.0719
ai22 2 2026 Cofl 40.258
ai22 2 2026 CLCI 21.3194
ai22 2 2026 CUCI 35.1704
ai22 2 2026 CMedian 23.2283
ai22 2 2026 CMean 24.9029
ai22 2 2026 CStdn 4.49786
ai22 2 2027 Cabc 38.0719
ai22 2 2027 Cofl 40.258
ai22 2 2027 CLCI 18.2864
ai22 2 2027 CUCI 42.7746
ai22 2 2027 CMedian 23.7405
ai22 2 2027 CMean 26.7568
ai22 2 2027 CStdn 8.95502
ai22 2 2028 Cabc 38.0719
ai22 2 2028 Cofl 40.258
ai22 2 2028 CLCI 15.5443
ai22 2 2028 CUCI 54.9571
ai22 2 2028 CMedian 26.2125
ai22 2 2028 CMean 29.7463
ai22 2 2028 CStdn 13.9467
ai22 2 2029 Cabc 38.0719
ai22 2 2029 Cofl 40.258
ai22 2 2029 CLCI 13.4155
ai22 2 2029 CUCI 65.7116
ai22 2 2029 CMedian 29.013
ai22 2 2029 CMean 32.769
ai22 2 2029 CStdn 17.3628
ai22 2 2030 Cabc 38.0719
ai22 2 2030 Cofl 40.258
ai22 2 2030 CLCI 12.2261
ai22 2 2030 CUCI 70.0277
ai22 2 2030 CMedian 31.8525
ai22 2 2030 CMean 35.0369
ai22 2 2030 CStdn 19.404
ai22 2 2031 Cabc 38.0719
ai22 2 2031 Cofl 40.258
ai22 2 2031 CLCI 12.6625
ai22 2 2031 CUCI 72.6505
ai22 2 2031 CMedian 32.8802
ai22 2 2031 CMean 36.3665
ai22 2 2031 CStdn 20.3837
ai22 2 2032 Cabc 38.0719
ai22 2 2032 Cofl 40.258
ai22 2 2032 CLCI 12.6363
ai22 2 2032 CUCI 74.1524
ai22 2 2032 CMedian 33.4307
ai22 2 2032 CMean 37.1261
ai22 2 2032 CStdn 20.7436
ai22 2 2033 Cabc 38.0719
ai22 2 2033 Cofl 40.258
ai22 2 2033 CLCI 12.1421
ai22 2 2033 CUCI 74.073
ai22 2 2033 CMedian 34.0713
ai22 2 2033 CMean 37.274
ai22 2 2033 CStdn 20.7265
ai22 2 2034 Cabc 38.0719
ai22 2 2034 Cofl 40.258
ai22 2 2034 CLCI 12.2743
ai22 2 2034 CUCI 73.4564
ai22 2 2034 CMedian 34.7989
ai22 2 2034 CMean 37.1724
ai22 2 2034 CStdn 20.1869
ai22 2 2035 Cabc 38.0719
ai22 2 2035 Cofl 40.258
ai22 2 2035 CLCI 12.5162
ai22 2 2035 CUCI 73.3536
ai22 2 2035 CMedian 33.8391
ai22 2 2035 CMean 36.9293
ai22 2 2035 CStdn 19.8516
ai22 2 2036 Cabc 38.0719
ai22 2 2036 Cofl 40.258
ai22 2 2036 CLCI 12.4222
ai22 2 2036 CUCI 73.4714
ai22 2 2036 CMedian 33.316
ai22 2 2036 CMean 36.675
ai22 2 2036 CStdn 19.7813
ai22 2 2022 SSBF100 174.218
ai22 2 2022 SSBFabc 69.6872
ai22 2 2022 SSBFofl 60.9763
ai22 2 2022 SSBLCI 79.8069
ai22 2 2022 SSBUCI 79.8069
ai22 2 2022 SSBMedian 79.8069
ai22 2 2022 SSBMean 79.8069
ai22 2 2023 SSBF100 174.218
ai22 2 2023 SSBFabc 69.6872
ai22 2 2023 SSBFofl 60.9763
ai22 2 2023 SSBLCI 75.3276
ai22 2 2023 SSBUCI 75.3276
ai22 2 2023 SSBMedian 75.3276
ai22 2 2023 SSBMean 75.3276
ai22 2 2024 SSBF100 174.218
ai22 2 2024 SSBFabc 69.6872
ai22 2 2024 SSBFofl 60.9763
ai22 2 2024 SSBLCI 62.3517
ai22 2 2024 SSBUCI 62.3829
ai22 2 2024 SSBMedian 62.3551
ai22 2 2024 SSBMean 62.3596
ai22 2 2025 SSBF100 174.218
ai22 2 2025 SSBFabc 69.6872
ai22 2 2025 SSBFofl 60.9763
ai22 2 2025 SSBLCI 56.4583
ai22 2 2025 SSBUCI 57.7987
ai22 2 2025 SSBMedian 56.6116
ai22 2 2025 SSBMean 56.8031
ai22 2 2026 SSBF100 174.218
ai22 2 2026 SSBFabc 69.6872
ai22 2 2026 SSBFofl 60.9763
ai22 2 2026 SSBLCI 51.7533
ai22 2 2026 SSBUCI 71.3798
ai22 2 2026 SSBMedian 54.1472
ai22 2 2026 SSBMean 56.908
ai22 2 2027 SSBF100 174.218
ai22 2 2027 SSBFabc 69.6872
ai22 2 2027 SSBFofl 60.9763
ai22 2 2027 SSBLCI 46.6303
ai22 2 2027 SSBUCI 92.2277
ai22 2 2027 SSBMedian 54.6996
ai22 2 2027 SSBMean 60.1746
ai22 2 2028 SSBF100 174.218
ai22 2 2028 SSBFabc 69.6872
ai22 2 2028 SSBFofl 60.9763
ai22 2 2028 SSBLCI 42.4725
ai22 2 2028 SSBUCI 116.401
ai22 2 2028 SSBMedian 57.7544
ai22 2 2028 SSBMean 64.7073
ai22 2 2029 SSBF100 174.218
ai22 2 2029 SSBFabc 69.6872
ai22 2 2029 SSBFofl 60.9763
ai22 2 2029 SSBLCI 39.7001
ai22 2 2029 SSBUCI 124.247
ai22 2 2029 SSBMedian 61.114
ai22 2 2029 SSBMean 68.6837
ai22 2 2030 SSBF100 174.218
ai22 2 2030 SSBFabc 69.6872
ai22 2 2030 SSBFofl 60.9763
ai22 2 2030 SSBLCI 38.9166
ai22 2 2030 SSBUCI 130.879
ai22 2 2030 SSBMedian 63.4096
ai22 2 2030 SSBMean 71.6495
ai22 2 2031 SSBF100 174.218
ai22 2 2031 SSBFabc 69.6872
ai22 2 2031 SSBFofl 60.9763
ai22 2 2031 SSBLCI 39.5663
ai22 2 2031 SSBUCI 133.404
ai22 2 2031 SSBMedian 64.2603
ai22 2 2031 SSBMean 73.4119
ai22 2 2032 SSBF100 174.218
ai22 2 2032 SSBFabc 69.6872
ai22 2 2032 SSBFofl 60.9763
ai22 2 2032 SSBLCI 39.4873
ai22 2 2032 SSBUCI 135.034
ai22 2 2032 SSBMedian 65.4585
ai22 2 2032 SSBMean 74.2208
ai22 2 2033 SSBF100 174.218
ai22 2 2033 SSBFabc 69.6872
ai22 2 2033 SSBFofl 60.9763
ai22 2 2033 SSBLCI 38.7817
ai22 2 2033 SSBUCI 133.472
ai22 2 2033 SSBMedian 66.0005
ai22 2 2033 SSBMean 74.3828
ai22 2 2034 SSBF100 174.218
ai22 2 2034 SSBFabc 69.6872
ai22 2 2034 SSBFofl 60.9763
ai22 2 2034 SSBLCI 39.4752
ai22 2 2034 SSBUCI 135.832
ai22 2 2034 SSBMedian 66.7512
ai22 2 2034 SSBMean 74.2988
ai22 2 2035 SSBF100 174.218
ai22 2 2035 SSBFabc 69.6872
ai22 2 2035 SSBFofl 60.9763
ai22 2 2035 SSBLCI 39.6083
ai22 2 2035 SSBUCI 135.893
ai22 2 2035 SSBMedian 65.7441
ai22 2 2035 SSBMean 73.8193
ai22 2 2036 SSBF100 174.218
ai22 2 2036 SSBFabc 69.6872
ai22 2 2036 SSBFofl 60.9763
ai22 2 2036 SSBLCI 39.1437
ai22 2 2036 SSBUCI 133.574
ai22 2 2036 SSBMedian 65.0134
ai22 2 2036 SSBMean 73.3083
ai22 2 2022 F0 0 
ai22 2 2022 Fabc 0.305473
ai22 2 2022 Fofl 0.37995
ai22 2 2022  F_LCI 0.018114
ai22 2 2022  F_UCI 0.018114
ai22 2 2022  F_Median 0.018114
ai22 2 2022  F_Mean 0.018114
ai22 2 2023 F0 0 
ai22 2 2023 Fabc 0.305473
ai22 2 2023 Fofl 0.37995
ai22 2 2023  F_LCI 0.305473
ai22 2 2023  F_UCI 0.305473
ai22 2 2023  F_Median 0.305473
ai22 2 2023  F_Mean 0.305473
ai22 2 2024 F0 0 
ai22 2 2024 Fabc 0.305473
ai22 2 2024 Fofl 0.37995
ai22 2 2024  F_LCI 0.271625
ai22 2 2024  F_UCI 0.271769
ai22 2 2024  F_Median 0.271641
ai22 2 2024  F_Mean 0.271662
ai22 2 2025 F0 0 
ai22 2 2025 Fabc 0.305473
ai22 2 2025 Fofl 0.37995
ai22 2 2025  F_LCI 0.244432
ai22 2 2025  F_UCI 0.250617
ai22 2 2025  F_Median 0.24514
ai22 2 2025  F_Mean 0.246023
ai22 2 2026 F0 0 
ai22 2 2026 Fabc 0.305473
ai22 2 2026 Fofl 0.37995
ai22 2 2026  F_LCI 0.222722
ai22 2 2026  F_UCI 0.305473
ai22 2 2026  F_Median 0.233769
ai22 2 2026  F_Mean 0.243173
ai22 2 2027 F0 0 
ai22 2 2027 Fabc 0.305473
ai22 2 2027 Fofl 0.37995
ai22 2 2027  F_LCI 0.199084
ai22 2 2027  F_UCI 0.305473
ai22 2 2027  F_Median 0.236317
ai22 2 2027  F_Mean 0.245749
ai22 2 2028 F0 0 
ai22 2 2028 Fabc 0.305473
ai22 2 2028 Fofl 0.37995
ai22 2 2028  F_LCI 0.179899
ai22 2 2028  F_UCI 0.305473
ai22 2 2028  F_Median 0.250413
ai22 2 2028  F_Mean 0.250289
ai22 2 2029 F0 0 
ai22 2 2029 Fabc 0.305473
ai22 2 2029 Fofl 0.37995
ai22 2 2029  F_LCI 0.167107
ai22 2 2029  F_UCI 0.305473
ai22 2 2029  F_Median 0.265915
ai22 2 2029  F_Mean 0.255523
ai22 2 2030 F0 0 
ai22 2 2030 Fabc 0.305473
ai22 2 2030 Fofl 0.37995
ai22 2 2030  F_LCI 0.163491
ai22 2 2030  F_UCI 0.305473
ai22 2 2030  F_Median 0.276507
ai22 2 2030  F_Mean 0.257827
ai22 2 2031 F0 0 
ai22 2 2031 Fabc 0.305473
ai22 2 2031 Fofl 0.37995
ai22 2 2031  F_LCI 0.166489
ai22 2 2031  F_UCI 0.305473
ai22 2 2031  F_Median 0.280432
ai22 2 2031  F_Mean 0.259276
ai22 2 2032 F0 0 
ai22 2 2032 Fabc 0.305473
ai22 2 2032 Fofl 0.37995
ai22 2 2032  F_LCI 0.166125
ai22 2 2032  F_UCI 0.305473
ai22 2 2032  F_Median 0.285961
ai22 2 2032  F_Mean 0.261506
ai22 2 2033 F0 0 
ai22 2 2033 Fabc 0.305473
ai22 2 2033 Fofl 0.37995
ai22 2 2033  F_LCI 0.162869
ai22 2 2033  F_UCI 0.305473
ai22 2 2033  F_Median 0.288462
ai22 2 2033  F_Mean 0.26153
ai22 2 2034 F0 0 
ai22 2 2034 Fabc 0.305473
ai22 2 2034 Fofl 0.37995
ai22 2 2034  F_LCI 0.166069
ai22 2 2034  F_UCI 0.305473
ai22 2 2034  F_Median 0.291926
ai22 2 2034  F_Mean 0.261448
ai22 2 2035 F0 0 
ai22 2 2035 Fabc 0.305473
ai22 2 2035 Fofl 0.37995
ai22 2 2035  F_LCI 0.166683
ai22 2 2035  F_UCI 0.305473
ai22 2 2035  F_Median 0.287279
ai22 2 2035  F_Mean 0.26122
ai22 2 2036 F0 0 
ai22 2 2036 Fabc 0.305473
ai22 2 2036 Fofl 0.37995
ai22 2 2036  F_LCI 0.164539
ai22 2 2036  F_UCI 0.305473
ai22 2 2036  F_Median 0.283907
ai22 2 2036  F_Mean 0.261251
ai22 3 2022 Cabc 38.0719
ai22 3 2022 Cofl 40.258
ai22 3 2022 CLCI 3
ai22 3 2022 CUCI 3
ai22 3 2022 CMedian 3
ai22 3 2022 CMean 3
ai22 3 2022 CStdn 3.95239e-014
ai22 3 2023 Cabc 38.0719
ai22 3 2023 Cofl 40.258
ai22 3 2023 CLCI 4.19316
ai22 3 2023 CUCI 4.21747
ai22 3 2023 CMedian 4.19588
ai22 3 2023 CMean 4.19937
ai22 3 2023 CStdn 0.0099351
ai22 3 2024 Cabc 38.0719
ai22 3 2024 Cofl 40.258
ai22 3 2024 CLCI 4.07972
ai22 3 2024 CUCI 4.15239
ai22 3 2024 CMedian 4.09148
ai22 3 2024 CMean 4.10116
ai22 3 2024 CStdn 0.0286446
ai22 3 2025 Cabc 38.0719
ai22 3 2025 Cofl 40.258
ai22 3 2025 CLCI 4.1091
ai22 3 2025 CUCI 4.31987
ai22 3 2025 CMedian 4.14765
ai22 3 2025 CMean 4.1734
ai22 3 2025 CStdn 0.0833928
ai22 3 2026 Cabc 38.0719
ai22 3 2026 Cofl 40.258
ai22 3 2026 CLCI 4.24592
ai22 3 2026 CUCI 4.87955
ai22 3 2026 CMedian 4.3583
ai22 3 2026 CMean 4.43797
ai22 3 2026 CStdn 0.251672
ai22 3 2027 Cabc 38.0719
ai22 3 2027 Cofl 40.258
ai22 3 2027 CLCI 4.29967
ai22 3 2027 CUCI 5.95239
ai22 3 2027 CMedian 4.61633
ai22 3 2027 CMean 4.81583
ai22 3 2027 CStdn 0.65462
ai22 3 2028 Cabc 38.0719
ai22 3 2028 Cofl 40.258
ai22 3 2028 CLCI 4.20187
ai22 3 2028 CUCI 7.66724
ai22 3 2028 CMedian 4.9033
ai22 3 2028 CMean 5.28695
ai22 3 2028 CStdn 1.28568
ai22 3 2029 Cabc 38.0719
ai22 3 2029 Cofl 40.258
ai22 3 2029 CLCI 4.01719
ai22 3 2029 CUCI 9.59317
ai22 3 2029 CMedian 5.29245
ai22 3 2029 CMean 5.79405
ai22 3 2029 CStdn 1.90469
ai22 3 2030 Cabc 38.0719
ai22 3 2030 Cofl 40.258
ai22 3 2030 CLCI 3.81061
ai22 3 2030 CUCI 10.7964
ai22 3 2030 CMedian 5.68694
ai22 3 2030 CMean 6.30575
ai22 3 2030 CStdn 2.4206
ai22 3 2031 Cabc 38.0719
ai22 3 2031 Cofl 40.258
ai22 3 2031 CLCI 3.72404
ai22 3 2031 CUCI 11.6891
ai22 3 2031 CMedian 6.09136
ai22 3 2031 CMean 6.72987
ai22 3 2031 CStdn 2.70886
ai22 3 2032 Cabc 38.0719
ai22 3 2032 Cofl 40.258
ai22 3 2032 CLCI 3.75888
ai22 3 2032 CUCI 12.4824
ai22 3 2032 CMedian 6.43732
ai22 3 2032 CMean 7.06373
ai22 3 2032 CStdn 2.917
ai22 3 2033 Cabc 38.0719
ai22 3 2033 Cofl 40.258
ai22 3 2033 CLCI 3.83227
ai22 3 2033 CUCI 12.7329
ai22 3 2033 CMedian 6.64729
ai22 3 2033 CMean 7.31402
ai22 3 2033 CStdn 3.05231
ai22 3 2034 Cabc 38.0719
ai22 3 2034 Cofl 40.258
ai22 3 2034 CLCI 3.75807
ai22 3 2034 CUCI 13.0105
ai22 3 2034 CMedian 6.87453
ai22 3 2034 CMean 7.49687
ai22 3 2034 CStdn 3.0753
ai22 3 2035 Cabc 38.0719
ai22 3 2035 Cofl 40.258
ai22 3 2035 CLCI 3.83855
ai22 3 2035 CUCI 13.3227
ai22 3 2035 CMedian 7.08332
ai22 3 2035 CMean 7.62826
ai22 3 2035 CStdn 3.06703
ai22 3 2036 Cabc 38.0719
ai22 3 2036 Cofl 40.258
ai22 3 2036 CLCI 3.87182
ai22 3 2036 CUCI 13.3281
ai22 3 2036 CMedian 7.18696
ai22 3 2036 CMean 7.71897
ai22 3 2036 CStdn 3.04826
ai22 3 2022 SSBF100 174.218
ai22 3 2022 SSBFabc 69.6872
ai22 3 2022 SSBFofl 60.9763
ai22 3 2022 SSBLCI 79.8069
ai22 3 2022 SSBUCI 79.8069
ai22 3 2022 SSBMedian 79.8069
ai22 3 2022 SSBMean 79.8069
ai22 3 2023 SSBF100 174.218
ai22 3 2023 SSBFabc 69.6872
ai22 3 2023 SSBFofl 60.9763
ai22 3 2023 SSBLCI 78.4465
ai22 3 2023 SSBUCI 78.4465
ai22 3 2023 SSBMedian 78.4465
ai22 3 2023 SSBMean 78.4465
ai22 3 2024 SSBF100 174.218
ai22 3 2024 SSBFabc 69.6872
ai22 3 2024 SSBFofl 60.9763
ai22 3 2024 SSBLCI 79.4509
ai22 3 2024 SSBUCI 79.4835
ai22 3 2024 SSBMedian 79.4545
ai22 3 2024 SSBMean 79.4592
ai22 3 2025 SSBF100 174.218
ai22 3 2025 SSBFabc 69.6872
ai22 3 2025 SSBFofl 60.9763
ai22 3 2025 SSBLCI 81.3622
ai22 3 2025 SSBUCI 82.7716
ai22 3 2025 SSBMedian 81.5236
ai22 3 2025 SSBMean 81.7248
ai22 3 2026 SSBF100 174.218
ai22 3 2026 SSBFabc 69.6872
ai22 3 2026 SSBFofl 60.9763
ai22 3 2026 SSBLCI 81.17
ai22 3 2026 SSBUCI 102.308
ai22 3 2026 SSBMedian 83.7351
ai22 3 2026 SSBMean 86.7008
ai22 3 2027 SSBF100 174.218
ai22 3 2027 SSBFabc 69.6872
ai22 3 2027 SSBFofl 60.9763
ai22 3 2027 SSBLCI 78.6044
ai22 3 2027 SSBUCI 130.847
ai22 3 2027 SSBMedian 87.8162
ai22 3 2027 SSBMean 94.2705
ai22 3 2028 SSBF100 174.218
ai22 3 2028 SSBFabc 69.6872
ai22 3 2028 SSBFofl 60.9763
ai22 3 2028 SSBLCI 75.4521
ai22 3 2028 SSBUCI 164.49
ai22 3 2028 SSBMedian 94.4703
ai22 3 2028 SSBMean 103.342
ai22 3 2029 SSBF100 174.218
ai22 3 2029 SSBFabc 69.6872
ai22 3 2029 SSBFofl 60.9763
ai22 3 2029 SSBLCI 72.8573
ai22 3 2029 SSBUCI 187.271
ai22 3 2029 SSBMedian 102.352
ai22 3 2029 SSBMean 112.343
ai22 3 2030 SSBF100 174.218
ai22 3 2030 SSBFabc 69.6872
ai22 3 2030 SSBFofl 60.9763
ai22 3 2030 SSBLCI 71.4701
ai22 3 2030 SSBUCI 203.146
ai22 3 2030 SSBMedian 109.897
ai22 3 2030 SSBMean 120.856
ai22 3 2031 SSBF100 174.218
ai22 3 2031 SSBFabc 69.6872
ai22 3 2031 SSBFofl 60.9763
ai22 3 2031 SSBLCI 70.5504
ai22 3 2031 SSBUCI 223.973
ai22 3 2031 SSBMedian 117.391
ai22 3 2031 SSBMean 128.216
ai22 3 2032 SSBF100 174.218
ai22 3 2032 SSBFabc 69.6872
ai22 3 2032 SSBFofl 60.9763
ai22 3 2032 SSBLCI 73.0903
ai22 3 2032 SSBUCI 231.667
ai22 3 2032 SSBMedian 122.442
ai22 3 2032 SSBMean 134.082
ai22 3 2033 SSBF100 174.218
ai22 3 2033 SSBFabc 69.6872
ai22 3 2033 SSBFofl 60.9763
ai22 3 2033 SSBLCI 72.6092
ai22 3 2033 SSBUCI 235.73
ai22 3 2033 SSBMedian 128.309
ai22 3 2033 SSBMean 138.644
ai22 3 2034 SSBF100 174.218
ai22 3 2034 SSBFabc 69.6872
ai22 3 2034 SSBFofl 60.9763
ai22 3 2034 SSBLCI 72.4213
ai22 3 2034 SSBUCI 242.889
ai22 3 2034 SSBMedian 131.738
ai22 3 2034 SSBMean 142.203
ai22 3 2035 SSBF100 174.218
ai22 3 2035 SSBFabc 69.6872
ai22 3 2035 SSBFofl 60.9763
ai22 3 2035 SSBLCI 72.4435
ai22 3 2035 SSBUCI 247.309
ai22 3 2035 SSBMedian 135.095
ai22 3 2035 SSBMean 144.513
ai22 3 2036 SSBF100 174.218
ai22 3 2036 SSBFabc 69.6872
ai22 3 2036 SSBFofl 60.9763
ai22 3 2036 SSBLCI 73.339
ai22 3 2036 SSBUCI 251.534
ai22 3 2036 SSBMedian 136.542
ai22 3 2036 SSBMean 146.033
ai22 3 2022 F0 0 
ai22 3 2022 Fabc 0.305473
ai22 3 2022 Fofl 0.37995
ai22 3 2022  F_LCI 0.018114
ai22 3 2022  F_UCI 0.018114
ai22 3 2022  F_Median 0.018114
ai22 3 2022  F_Mean 0.018114
ai22 3 2023 F0 0 
ai22 3 2023 Fabc 0.305473
ai22 3 2023 Fofl 0.37995
ai22 3 2023  F_LCI 0.0262659
ai22 3 2023  F_UCI 0.0262659
ai22 3 2023  F_Median 0.0262659
ai22 3 2023  F_Mean 0.0262659
ai22 3 2024 F0 0 
ai22 3 2024 Fabc 0.305473
ai22 3 2024 Fofl 0.37995
ai22 3 2024  F_LCI 0.0262659
ai22 3 2024  F_UCI 0.0262659
ai22 3 2024  F_Median 0.0262659
ai22 3 2024  F_Mean 0.0262659
ai22 3 2025 F0 0 
ai22 3 2025 Fabc 0.305473
ai22 3 2025 Fofl 0.37995
ai22 3 2025  F_LCI 0.0262659
ai22 3 2025  F_UCI 0.0262659
ai22 3 2025  F_Median 0.0262659
ai22 3 2025  F_Mean 0.0262659
ai22 3 2026 F0 0 
ai22 3 2026 Fabc 0.305473
ai22 3 2026 Fofl 0.37995
ai22 3 2026  F_LCI 0.0262659
ai22 3 2026  F_UCI 0.0262659
ai22 3 2026  F_Median 0.0262659
ai22 3 2026  F_Mean 0.0262659
ai22 3 2027 F0 0 
ai22 3 2027 Fabc 0.305473
ai22 3 2027 Fofl 0.37995
ai22 3 2027  F_LCI 0.0262659
ai22 3 2027  F_UCI 0.0262659
ai22 3 2027  F_Median 0.0262659
ai22 3 2027  F_Mean 0.0262659
ai22 3 2028 F0 0 
ai22 3 2028 Fabc 0.305473
ai22 3 2028 Fofl 0.37995
ai22 3 2028  F_LCI 0.0262659
ai22 3 2028  F_UCI 0.0262659
ai22 3 2028  F_Median 0.0262659
ai22 3 2028  F_Mean 0.0262659
ai22 3 2029 F0 0 
ai22 3 2029 Fabc 0.305473
ai22 3 2029 Fofl 0.37995
ai22 3 2029  F_LCI 0.0262659
ai22 3 2029  F_UCI 0.0262659
ai22 3 2029  F_Median 0.0262659
ai22 3 2029  F_Mean 0.0262659
ai22 3 2030 F0 0 
ai22 3 2030 Fabc 0.305473
ai22 3 2030 Fofl 0.37995
ai22 3 2030  F_LCI 0.0262659
ai22 3 2030  F_UCI 0.0262659
ai22 3 2030  F_Median 0.0262659
ai22 3 2030  F_Mean 0.0262659
ai22 3 2031 F0 0 
ai22 3 2031 Fabc 0.305473
ai22 3 2031 Fofl 0.37995
ai22 3 2031  F_LCI 0.0262659
ai22 3 2031  F_UCI 0.0262659
ai22 3 2031  F_Median 0.0262659
ai22 3 2031  F_Mean 0.0262659
ai22 3 2032 F0 0 
ai22 3 2032 Fabc 0.305473
ai22 3 2032 Fofl 0.37995
ai22 3 2032  F_LCI 0.0262659
ai22 3 2032  F_UCI 0.0262659
ai22 3 2032  F_Median 0.0262659
ai22 3 2032  F_Mean 0.0262659
ai22 3 2033 F0 0 
ai22 3 2033 Fabc 0.305473
ai22 3 2033 Fofl 0.37995
ai22 3 2033  F_LCI 0.0262659
ai22 3 2033  F_UCI 0.0262659
ai22 3 2033  F_Median 0.0262659
ai22 3 2033  F_Mean 0.0262659
ai22 3 2034 F0 0 
ai22 3 2034 Fabc 0.305473
ai22 3 2034 Fofl 0.37995
ai22 3 2034  F_LCI 0.0262659
ai22 3 2034  F_UCI 0.0262659
ai22 3 2034  F_Median 0.0262659
ai22 3 2034  F_Mean 0.0262659
ai22 3 2035 F0 0 
ai22 3 2035 Fabc 0.305473
ai22 3 2035 Fofl 0.37995
ai22 3 2035  F_LCI 0.0262659
ai22 3 2035  F_UCI 0.0262659
ai22 3 2035  F_Median 0.0262659
ai22 3 2035  F_Mean 0.0262659
ai22 3 2036 F0 0 
ai22 3 2036 Fabc 0.305473
ai22 3 2036 Fofl 0.37995
ai22 3 2036  F_LCI 0.0262659
ai22 3 2036  F_UCI 0.0262659
ai22 3 2036  F_Median 0.0262659
ai22 3 2036  F_Mean 0.0262659
ai22 4 2022 Cabc 38.0719
ai22 4 2022 Cofl 40.258
ai22 4 2022 CLCI 3
ai22 4 2022 CUCI 3
ai22 4 2022 CMedian 3
ai22 4 2022 CMean 3
ai22 4 2022 CStdn 3.95239e-014
ai22 4 2023 Cabc 38.0719
ai22 4 2023 Cofl 40.258
ai22 4 2023 CLCI 20.5155
ai22 4 2023 CUCI 20.64
ai22 4 2023 CMedian 20.5294
ai22 4 2023 CMean 20.5473
ai22 4 2023 CStdn 0.0508891
ai22 4 2024 Cabc 38.0719
ai22 4 2024 Cofl 40.258
ai22 4 2024 CLCI 18.3235
ai22 4 2024 CUCI 18.6949
ai22 4 2024 CMedian 18.3836
ai22 4 2024 CMean 18.4331
ai22 4 2024 CStdn 0.146417
ai22 4 2025 Cabc 38.0719
ai22 4 2025 Cofl 40.258
ai22 4 2025 CLCI 17.2575
ai22 4 2025 CUCI 18.3295
ai22 4 2025 CMedian 17.4539
ai22 4 2025 CMean 17.5847
ai22 4 2025 CStdn 0.424016
ai22 4 2026 Cabc 38.0719
ai22 4 2026 Cofl 40.258
ai22 4 2026 CLCI 16.9199
ai22 4 2026 CUCI 20.095
ai22 4 2026 CMedian 17.4877
ai22 4 2026 CMean 17.8859
ai22 4 2026 CStdn 1.26287
ai22 4 2027 Cabc 38.0719
ai22 4 2027 Cofl 40.258
ai22 4 2027 CLCI 16.3264
ai22 4 2027 CUCI 24.4531
ai22 4 2027 CMedian 17.8859
ai22 4 2027 CMean 18.8622
ai22 4 2027 CStdn 3.19545
ai22 4 2028 Cabc 38.0719
ai22 4 2028 Cofl 40.258
ai22 4 2028 CLCI 15.2087
ai22 4 2028 CUCI 31.5301
ai22 4 2028 CMedian 18.584
ai22 4 2028 CMean 20.3443
ai22 4 2028 CStdn 6.00828
ai22 4 2029 Cabc 38.0719
ai22 4 2029 Cofl 40.258
ai22 4 2029 CLCI 13.9273
ai22 4 2029 CUCI 38.8679
ai22 4 2029 CMedian 19.7194
ai22 4 2029 CMean 21.9947
ai22 4 2029 CStdn 8.46581
ai22 4 2030 Cabc 38.0719
ai22 4 2030 Cofl 40.258
ai22 4 2030 CLCI 12.7597
ai22 4 2030 CUCI 42.4707
ai22 4 2030 CMedian 21.0942
ai22 4 2030 CMean 23.6051
ai22 4 2030 CStdn 10.2406
ai22 4 2031 Cabc 38.0719
ai22 4 2031 Cofl 40.258
ai22 4 2031 CLCI 12.3899
ai22 4 2031 CUCI 45.4465
ai22 4 2031 CMedian 22.1766
ai22 4 2031 CMean 24.7995
ai22 4 2031 CStdn 11.1522
ai22 4 2032 Cabc 38.0719
ai22 4 2032 Cofl 40.258
ai22 4 2032 CLCI 12.3108
ai22 4 2032 CUCI 46.7183
ai22 4 2032 CMedian 22.9547
ai22 4 2032 CMean 25.6172
ai22 4 2032 CStdn 11.745
ai22 4 2033 Cabc 38.0719
ai22 4 2033 Cofl 40.258
ai22 4 2033 CLCI 12.3115
ai22 4 2033 CUCI 47.577
ai22 4 2033 CMedian 23.479
ai22 4 2033 CMean 26.1036
ai22 4 2033 CStdn 12.038
ai22 4 2034 Cabc 38.0719
ai22 4 2034 Cofl 40.258
ai22 4 2034 CLCI 12.2927
ai22 4 2034 CUCI 48.2615
ai22 4 2034 CMedian 24.0298
ai22 4 2034 CMean 26.4029
ai22 4 2034 CStdn 11.8394
ai22 4 2035 Cabc 38.0719
ai22 4 2035 Cofl 40.258
ai22 4 2035 CLCI 12.4198
ai22 4 2035 CUCI 49.0023
ai22 4 2035 CMedian 24.1944
ai22 4 2035 CMean 26.5627
ai22 4 2035 CStdn 11.6203
ai22 4 2036 Cabc 38.0719
ai22 4 2036 Cofl 40.258
ai22 4 2036 CLCI 12.4194
ai22 4 2036 CUCI 48.5002
ai22 4 2036 CMedian 24.2124
ai22 4 2036 CMean 26.6016
ai22 4 2036 CStdn 11.5208
ai22 4 2022 SSBF100 174.218
ai22 4 2022 SSBFabc 69.6872
ai22 4 2022 SSBFofl 60.9763
ai22 4 2022 SSBLCI 79.8069
ai22 4 2022 SSBUCI 79.8069
ai22 4 2022 SSBMedian 79.8069
ai22 4 2022 SSBMean 79.8069
ai22 4 2023 SSBF100 174.218
ai22 4 2023 SSBFabc 69.6872
ai22 4 2023 SSBFofl 60.9763
ai22 4 2023 SSBLCI 77.2198
ai22 4 2023 SSBUCI 77.2198
ai22 4 2023 SSBMedian 77.2198
ai22 4 2023 SSBMean 77.2198
ai22 4 2024 SSBF100 174.218
ai22 4 2024 SSBFabc 69.6872
ai22 4 2024 SSBFofl 60.9763
ai22 4 2024 SSBLCI 72.0908
ai22 4 2024 SSBUCI 72.1233
ai22 4 2024 SSBMedian 72.0944
ai22 4 2024 SSBMean 72.0991
ai22 4 2025 SSBF100 174.218
ai22 4 2025 SSBFabc 69.6872
ai22 4 2025 SSBFofl 60.9763
ai22 4 2025 SSBLCI 69.3923
ai22 4 2025 SSBUCI 70.7932
ai22 4 2025 SSBMedian 69.5526
ai22 4 2025 SSBMean 69.7527
ai22 4 2026 SSBF100 174.218
ai22 4 2026 SSBFabc 69.6872
ai22 4 2026 SSBFofl 60.9763
ai22 4 2026 SSBLCI 65.6359
ai22 4 2026 SSBUCI 86.4334
ai22 4 2026 SSBMedian 68.1621
ai22 4 2026 SSBMean 71.0801
ai22 4 2027 SSBF100 174.218
ai22 4 2027 SSBFabc 69.6872
ai22 4 2027 SSBFofl 60.9763
ai22 4 2027 SSBLCI 60.2052
ai22 4 2027 SSBUCI 110.806
ai22 4 2027 SSBMedian 69.2057
ai22 4 2027 SSBMean 75.3787
ai22 4 2028 SSBF100 174.218
ai22 4 2028 SSBFabc 69.6872
ai22 4 2028 SSBFofl 60.9763
ai22 4 2028 SSBLCI 55.0366
ai22 4 2028 SSBUCI 139.826
ai22 4 2028 SSBMedian 72.814
ai22 4 2028 SSBMean 81.3156
ai22 4 2029 SSBF100 174.218
ai22 4 2029 SSBFabc 69.6872
ai22 4 2029 SSBFofl 60.9763
ai22 4 2029 SSBLCI 51.0463
ai22 4 2029 SSBUCI 154.18
ai22 4 2029 SSBMedian 78.2117
ai22 4 2029 SSBMean 87.1597
ai22 4 2030 SSBF100 174.218
ai22 4 2030 SSBFabc 69.6872
ai22 4 2030 SSBFofl 60.9763
ai22 4 2030 SSBLCI 48.9823
ai22 4 2030 SSBUCI 164.529
ai22 4 2030 SSBMedian 82.7703
ai22 4 2030 SSBMean 92.3856
ai22 4 2031 SSBF100 174.218
ai22 4 2031 SSBFabc 69.6872
ai22 4 2031 SSBFofl 60.9763
ai22 4 2031 SSBLCI 48.2787
ai22 4 2031 SSBUCI 177.109
ai22 4 2031 SSBMedian 86.8268
ai22 4 2031 SSBMean 96.4583
ai22 4 2032 SSBF100 174.218
ai22 4 2032 SSBFabc 69.6872
ai22 4 2032 SSBFofl 60.9763
ai22 4 2032 SSBLCI 48.8056
ai22 4 2032 SSBUCI 182.648
ai22 4 2032 SSBMedian 89.5967
ai22 4 2032 SSBMean 99.2956
ai22 4 2033 SSBF100 174.218
ai22 4 2033 SSBFabc 69.6872
ai22 4 2033 SSBFofl 60.9763
ai22 4 2033 SSBLCI 48.0029
ai22 4 2033 SSBUCI 181.447
ai22 4 2033 SSBMedian 91.6892
ai22 4 2033 SSBMean 101.147
ai22 4 2034 SSBF100 174.218
ai22 4 2034 SSBFabc 69.6872
ai22 4 2034 SSBFofl 60.9763
ai22 4 2034 SSBLCI 47.7454
ai22 4 2034 SSBUCI 187.335
ai22 4 2034 SSBMedian 93.2856
ai22 4 2034 SSBMean 102.358
ai22 4 2035 SSBF100 174.218
ai22 4 2035 SSBFabc 69.6872
ai22 4 2035 SSBFofl 60.9763
ai22 4 2035 SSBLCI 47.6131
ai22 4 2035 SSBUCI 188.07
ai22 4 2035 SSBMedian 94.2823
ai22 4 2035 SSBMean 102.752
ai22 4 2036 SSBF100 174.218
ai22 4 2036 SSBFabc 69.6872
ai22 4 2036 SSBFofl 60.9763
ai22 4 2036 SSBLCI 48.7763
ai22 4 2036 SSBUCI 184.633
ai22 4 2036 SSBMedian 94.4247
ai22 4 2036 SSBMean 102.766
ai22 4 2022 F0 0 
ai22 4 2022 Fabc 0.305473
ai22 4 2022 Fofl 0.37995
ai22 4 2022  F_LCI 0.018114
ai22 4 2022  F_UCI 0.018114
ai22 4 2022  F_Median 0.018114
ai22 4 2022  F_Mean 0.018114
ai22 4 2023 F0 0 
ai22 4 2023 Fabc 0.305473
ai22 4 2023 Fofl 0.37995
ai22 4 2023  F_LCI 0.134629
ai22 4 2023  F_UCI 0.134629
ai22 4 2023  F_Median 0.134629
ai22 4 2023  F_Mean 0.134629
ai22 4 2024 F0 0 
ai22 4 2024 Fabc 0.305473
ai22 4 2024 Fofl 0.37995
ai22 4 2024  F_LCI 0.134629
ai22 4 2024  F_UCI 0.134629
ai22 4 2024  F_Median 0.134629
ai22 4 2024  F_Mean 0.134629
ai22 4 2025 F0 0 
ai22 4 2025 Fabc 0.305473
ai22 4 2025 Fofl 0.37995
ai22 4 2025  F_LCI 0.134629
ai22 4 2025  F_UCI 0.134629
ai22 4 2025  F_Median 0.134629
ai22 4 2025  F_Mean 0.134629
ai22 4 2026 F0 0 
ai22 4 2026 Fabc 0.305473
ai22 4 2026 Fofl 0.37995
ai22 4 2026  F_LCI 0.134629
ai22 4 2026  F_UCI 0.134629
ai22 4 2026  F_Median 0.134629
ai22 4 2026  F_Mean 0.134629
ai22 4 2027 F0 0 
ai22 4 2027 Fabc 0.305473
ai22 4 2027 Fofl 0.37995
ai22 4 2027  F_LCI 0.134629
ai22 4 2027  F_UCI 0.134629
ai22 4 2027  F_Median 0.134629
ai22 4 2027  F_Mean 0.134629
ai22 4 2028 F0 0 
ai22 4 2028 Fabc 0.305473
ai22 4 2028 Fofl 0.37995
ai22 4 2028  F_LCI 0.134629
ai22 4 2028  F_UCI 0.134629
ai22 4 2028  F_Median 0.134629
ai22 4 2028  F_Mean 0.134629
ai22 4 2029 F0 0 
ai22 4 2029 Fabc 0.305473
ai22 4 2029 Fofl 0.37995
ai22 4 2029  F_LCI 0.134629
ai22 4 2029  F_UCI 0.134629
ai22 4 2029  F_Median 0.134629
ai22 4 2029  F_Mean 0.134629
ai22 4 2030 F0 0 
ai22 4 2030 Fabc 0.305473
ai22 4 2030 Fofl 0.37995
ai22 4 2030  F_LCI 0.134629
ai22 4 2030  F_UCI 0.134629
ai22 4 2030  F_Median 0.134629
ai22 4 2030  F_Mean 0.134629
ai22 4 2031 F0 0 
ai22 4 2031 Fabc 0.305473
ai22 4 2031 Fofl 0.37995
ai22 4 2031  F_LCI 0.134629
ai22 4 2031  F_UCI 0.134629
ai22 4 2031  F_Median 0.134629
ai22 4 2031  F_Mean 0.134495
ai22 4 2032 F0 0 
ai22 4 2032 Fabc 0.305473
ai22 4 2032 Fofl 0.37995
ai22 4 2032  F_LCI 0.134629
ai22 4 2032  F_UCI 0.134629
ai22 4 2032  F_Median 0.134629
ai22 4 2032  F_Mean 0.13436
ai22 4 2033 F0 0 
ai22 4 2033 Fabc 0.305473
ai22 4 2033 Fofl 0.37995
ai22 4 2033  F_LCI 0.134629
ai22 4 2033  F_UCI 0.134629
ai22 4 2033  F_Median 0.134629
ai22 4 2033  F_Mean 0.133956
ai22 4 2034 F0 0 
ai22 4 2034 Fabc 0.305473
ai22 4 2034 Fofl 0.37995
ai22 4 2034  F_LCI 0.134629
ai22 4 2034  F_UCI 0.134629
ai22 4 2034  F_Median 0.134629
ai22 4 2034  F_Mean 0.134091
ai22 4 2035 F0 0 
ai22 4 2035 Fabc 0.305473
ai22 4 2035 Fofl 0.37995
ai22 4 2035  F_LCI 0.134629
ai22 4 2035  F_UCI 0.134629
ai22 4 2035  F_Median 0.134629
ai22 4 2035  F_Mean 0.13436
ai22 4 2036 F0 0 
ai22 4 2036 Fabc 0.305473
ai22 4 2036 Fofl 0.37995
ai22 4 2036  F_LCI 0.134629
ai22 4 2036  F_UCI 0.134629
ai22 4 2036  F_Median 0.134629
ai22 4 2036  F_Mean 0.13436
ai22 5 2022 Cabc 38.0719
ai22 5 2022 Cofl 40.258
ai22 5 2022 CLCI 3
ai22 5 2022 CUCI 3
ai22 5 2022 CMedian 3
ai22 5 2022 CMean 3
ai22 5 2022 CStdn 3.95239e-014
ai22 5 2023 Cabc 38.0719
ai22 5 2023 Cofl 40.258
ai22 5 2023 CLCI 0
ai22 5 2023 CUCI 0
ai22 5 2023 CMedian 0
ai22 5 2023 CMean 0
ai22 5 2023 CStdn 0
ai22 5 2024 Cabc 38.0719
ai22 5 2024 Cofl 40.258
ai22 5 2024 CLCI 0
ai22 5 2024 CUCI 0
ai22 5 2024 CMedian 0
ai22 5 2024 CMean 0
ai22 5 2024 CStdn 0
ai22 5 2025 Cabc 38.0719
ai22 5 2025 Cofl 40.258
ai22 5 2025 CLCI 0
ai22 5 2025 CUCI 0
ai22 5 2025 CMedian 0
ai22 5 2025 CMean 0
ai22 5 2025 CStdn 0
ai22 5 2026 Cabc 38.0719
ai22 5 2026 Cofl 40.258
ai22 5 2026 CLCI 0
ai22 5 2026 CUCI 0
ai22 5 2026 CMedian 0
ai22 5 2026 CMean 0
ai22 5 2026 CStdn 0
ai22 5 2027 Cabc 38.0719
ai22 5 2027 Cofl 40.258
ai22 5 2027 CLCI 0
ai22 5 2027 CUCI 0
ai22 5 2027 CMedian 0
ai22 5 2027 CMean 0
ai22 5 2027 CStdn 0
ai22 5 2028 Cabc 38.0719
ai22 5 2028 Cofl 40.258
ai22 5 2028 CLCI 0
ai22 5 2028 CUCI 0
ai22 5 2028 CMedian 0
ai22 5 2028 CMean 0
ai22 5 2028 CStdn 0
ai22 5 2029 Cabc 38.0719
ai22 5 2029 Cofl 40.258
ai22 5 2029 CLCI 0
ai22 5 2029 CUCI 0
ai22 5 2029 CMedian 0
ai22 5 2029 CMean 0
ai22 5 2029 CStdn 0
ai22 5 2030 Cabc 38.0719
ai22 5 2030 Cofl 40.258
ai22 5 2030 CLCI 0
ai22 5 2030 CUCI 0
ai22 5 2030 CMedian 0
ai22 5 2030 CMean 0
ai22 5 2030 CStdn 0
ai22 5 2031 Cabc 38.0719
ai22 5 2031 Cofl 40.258
ai22 5 2031 CLCI 0
ai22 5 2031 CUCI 0
ai22 5 2031 CMedian 0
ai22 5 2031 CMean 0
ai22 5 2031 CStdn 0
ai22 5 2032 Cabc 38.0719
ai22 5 2032 Cofl 40.258
ai22 5 2032 CLCI 0
ai22 5 2032 CUCI 0
ai22 5 2032 CMedian 0
ai22 5 2032 CMean 0
ai22 5 2032 CStdn 0
ai22 5 2033 Cabc 38.0719
ai22 5 2033 Cofl 40.258
ai22 5 2033 CLCI 0
ai22 5 2033 CUCI 0
ai22 5 2033 CMedian 0
ai22 5 2033 CMean 0
ai22 5 2033 CStdn 0
ai22 5 2034 Cabc 38.0719
ai22 5 2034 Cofl 40.258
ai22 5 2034 CLCI 0
ai22 5 2034 CUCI 0
ai22 5 2034 CMedian 0
ai22 5 2034 CMean 0
ai22 5 2034 CStdn 0
ai22 5 2035 Cabc 38.0719
ai22 5 2035 Cofl 40.258
ai22 5 2035 CLCI 0
ai22 5 2035 CUCI 0
ai22 5 2035 CMedian 0
ai22 5 2035 CMean 0
ai22 5 2035 CStdn 0
ai22 5 2036 Cabc 38.0719
ai22 5 2036 Cofl 40.258
ai22 5 2036 CLCI 0
ai22 5 2036 CUCI 0
ai22 5 2036 CMedian 0
ai22 5 2036 CMean 0
ai22 5 2036 CStdn 0
ai22 5 2022 SSBF100 174.218
ai22 5 2022 SSBFabc 69.6872
ai22 5 2022 SSBFofl 60.9763
ai22 5 2022 SSBLCI 79.8069
ai22 5 2022 SSBUCI 79.8069
ai22 5 2022 SSBMedian 79.8069
ai22 5 2022 SSBMean 79.8069
ai22 5 2023 SSBF100 174.218
ai22 5 2023 SSBFabc 69.6872
ai22 5 2023 SSBFofl 60.9763
ai22 5 2023 SSBLCI 78.747
ai22 5 2023 SSBUCI 78.747
ai22 5 2023 SSBMedian 78.747
ai22 5 2023 SSBMean 78.747
ai22 5 2024 SSBF100 174.218
ai22 5 2024 SSBFabc 69.6872
ai22 5 2024 SSBFofl 60.9763
ai22 5 2024 SSBLCI 81.3658
ai22 5 2024 SSBUCI 81.3984
ai22 5 2024 SSBMedian 81.3695
ai22 5 2024 SSBMean 81.3741
ai22 5 2025 SSBF100 174.218
ai22 5 2025 SSBFabc 69.6872
ai22 5 2025 SSBFofl 60.9763
ai22 5 2025 SSBLCI 84.6517
ai22 5 2025 SSBUCI 86.0632
ai22 5 2025 SSBMedian 84.8133
ai22 5 2025 SSBMean 85.0148
ai22 5 2026 SSBF100 174.218
ai22 5 2026 SSBFabc 69.6872
ai22 5 2026 SSBFofl 60.9763
ai22 5 2026 SSBLCI 85.6509
ai22 5 2026 SSBUCI 106.872
ai22 5 2026 SSBMedian 88.2221
ai22 5 2026 SSBMean 91.2029
ai22 5 2027 SSBF100 174.218
ai22 5 2027 SSBFabc 69.6872
ai22 5 2027 SSBFofl 60.9763
ai22 5 2027 SSBLCI 84.1563
ai22 5 2027 SSBUCI 136.765
ai22 5 2027 SSBMedian 93.4188
ai22 5 2027 SSBMean 99.9397
ai22 5 2028 SSBF100 174.218
ai22 5 2028 SSBFabc 69.6872
ai22 5 2028 SSBFofl 60.9763
ai22 5 2028 SSBLCI 81.866
ai22 5 2028 SSBUCI 172.602
ai22 5 2028 SSBMedian 101.154
ai22 5 2028 SSBMean 110.172
ai22 5 2029 SSBF100 174.218
ai22 5 2029 SSBFabc 69.6872
ai22 5 2029 SSBFofl 60.9763
ai22 5 2029 SSBLCI 79.9837
ai22 5 2029 SSBUCI 196.713
ai22 5 2029 SSBMedian 110.079
ai22 5 2029 SSBMean 120.362
ai22 5 2030 SSBF100 174.218
ai22 5 2030 SSBFabc 69.6872
ai22 5 2030 SSBFofl 60.9763
ai22 5 2030 SSBLCI 79.4042
ai22 5 2030 SSBUCI 214.928
ai22 5 2030 SSBMedian 118.656
ai22 5 2030 SSBMean 130.129
ai22 5 2031 SSBF100 174.218
ai22 5 2031 SSBFabc 69.6872
ai22 5 2031 SSBFofl 60.9763
ai22 5 2031 SSBLCI 78.8106
ai22 5 2031 SSBUCI 238.214
ai22 5 2031 SSBMedian 127.846
ai22 5 2031 SSBMean 138.769
ai22 5 2032 SSBF100 174.218
ai22 5 2032 SSBFabc 69.6872
ai22 5 2032 SSBFofl 60.9763
ai22 5 2032 SSBLCI 81.7148
ai22 5 2032 SSBUCI 248.056
ai22 5 2032 SSBMedian 133.94
ai22 5 2032 SSBMean 145.857
ai22 5 2033 SSBF100 174.218
ai22 5 2033 SSBFabc 69.6872
ai22 5 2033 SSBFofl 60.9763
ai22 5 2033 SSBLCI 81.8035
ai22 5 2033 SSBUCI 256.032
ai22 5 2033 SSBMedian 141.061
ai22 5 2033 SSBMean 151.565
ai22 5 2034 SSBF100 174.218
ai22 5 2034 SSBFabc 69.6872
ai22 5 2034 SSBFofl 60.9763
ai22 5 2034 SSBLCI 81.473
ai22 5 2034 SSBUCI 264.229
ai22 5 2034 SSBMedian 144.704
ai22 5 2034 SSBMean 156.172
ai22 5 2035 SSBF100 174.218
ai22 5 2035 SSBFabc 69.6872
ai22 5 2035 SSBFofl 60.9763
ai22 5 2035 SSBLCI 81.5218
ai22 5 2035 SSBUCI 269.371
ai22 5 2035 SSBMedian 149.436
ai22 5 2035 SSBMean 159.396
ai22 5 2036 SSBF100 174.218
ai22 5 2036 SSBFabc 69.6872
ai22 5 2036 SSBFofl 60.9763
ai22 5 2036 SSBLCI 82.5115
ai22 5 2036 SSBUCI 277.636
ai22 5 2036 SSBMedian 151.39
ai22 5 2036 SSBMean 161.689
ai22 5 2022 F0 0 
ai22 5 2022 Fabc 0.305473
ai22 5 2022 Fofl 0.37995
ai22 5 2022  F_LCI 0.018114
ai22 5 2022  F_UCI 0.018114
ai22 5 2022  F_Median 0.018114
ai22 5 2022  F_Mean 0.018114
ai22 5 2023 F0 0 
ai22 5 2023 Fabc 0.305473
ai22 5 2023 Fofl 0.37995
ai22 5 2023  F_LCI 0
ai22 5 2023  F_UCI 0
ai22 5 2023  F_Median 0
ai22 5 2023  F_Mean 0
ai22 5 2024 F0 0 
ai22 5 2024 Fabc 0.305473
ai22 5 2024 Fofl 0.37995
ai22 5 2024  F_LCI 0
ai22 5 2024  F_UCI 0
ai22 5 2024  F_Median 0
ai22 5 2024  F_Mean 0
ai22 5 2025 F0 0 
ai22 5 2025 Fabc 0.305473
ai22 5 2025 Fofl 0.37995
ai22 5 2025  F_LCI 0
ai22 5 2025  F_UCI 0
ai22 5 2025  F_Median 0
ai22 5 2025  F_Mean 0
ai22 5 2026 F0 0 
ai22 5 2026 Fabc 0.305473
ai22 5 2026 Fofl 0.37995
ai22 5 2026  F_LCI 0
ai22 5 2026  F_UCI 0
ai22 5 2026  F_Median 0
ai22 5 2026  F_Mean 0
ai22 5 2027 F0 0 
ai22 5 2027 Fabc 0.305473
ai22 5 2027 Fofl 0.37995
ai22 5 2027  F_LCI 0
ai22 5 2027  F_UCI 0
ai22 5 2027  F_Median 0
ai22 5 2027  F_Mean 0
ai22 5 2028 F0 0 
ai22 5 2028 Fabc 0.305473
ai22 5 2028 Fofl 0.37995
ai22 5 2028  F_LCI 0
ai22 5 2028  F_UCI 0
ai22 5 2028  F_Median 0
ai22 5 2028  F_Mean 0
ai22 5 2029 F0 0 
ai22 5 2029 Fabc 0.305473
ai22 5 2029 Fofl 0.37995
ai22 5 2029  F_LCI 0
ai22 5 2029  F_UCI 0
ai22 5 2029  F_Median 0
ai22 5 2029  F_Mean 0
ai22 5 2030 F0 0 
ai22 5 2030 Fabc 0.305473
ai22 5 2030 Fofl 0.37995
ai22 5 2030  F_LCI 0
ai22 5 2030  F_UCI 0
ai22 5 2030  F_Median 0
ai22 5 2030  F_Mean 0
ai22 5 2031 F0 0 
ai22 5 2031 Fabc 0.305473
ai22 5 2031 Fofl 0.37995
ai22 5 2031  F_LCI 0
ai22 5 2031  F_UCI 0
ai22 5 2031  F_Median 0
ai22 5 2031  F_Mean 0
ai22 5 2032 F0 0 
ai22 5 2032 Fabc 0.305473
ai22 5 2032 Fofl 0.37995
ai22 5 2032  F_LCI 0
ai22 5 2032  F_UCI 0
ai22 5 2032  F_Median 0
ai22 5 2032  F_Mean 0
ai22 5 2033 F0 0 
ai22 5 2033 Fabc 0.305473
ai22 5 2033 Fofl 0.37995
ai22 5 2033  F_LCI 0
ai22 5 2033  F_UCI 0
ai22 5 2033  F_Median 0
ai22 5 2033  F_Mean 0
ai22 5 2034 F0 0 
ai22 5 2034 Fabc 0.305473
ai22 5 2034 Fofl 0.37995
ai22 5 2034  F_LCI 0
ai22 5 2034  F_UCI 0
ai22 5 2034  F_Median 0
ai22 5 2034  F_Mean 0
ai22 5 2035 F0 0 
ai22 5 2035 Fabc 0.305473
ai22 5 2035 Fofl 0.37995
ai22 5 2035  F_LCI 0
ai22 5 2035  F_UCI 0
ai22 5 2035  F_Median 0
ai22 5 2035  F_Mean 0
ai22 5 2036 F0 0 
ai22 5 2036 Fabc 0.305473
ai22 5 2036 Fofl 0.37995
ai22 5 2036  F_LCI 0
ai22 5 2036  F_UCI 0
ai22 5 2036  F_Median 0
ai22 5 2036  F_Mean 0
ai22 6 2022 Cabc 38.0719
ai22 6 2022 Cofl 40.258
ai22 6 2022 CLCI 3
ai22 6 2022 CUCI 3
ai22 6 2022 CMedian 3
ai22 6 2022 CMean 3
ai22 6 2022 CStdn 3.95239e-014
ai22 6 2023 Cabc 38.0719
ai22 6 2023 Cofl 40.258
ai22 6 2023 CLCI 52.2943
ai22 6 2023 CUCI 52.6452
ai22 6 2023 CMedian 52.3335
ai22 6 2023 CMean 52.3839
ai22 6 2023 CStdn 0.143398
ai22 6 2024 Cabc 38.0719
ai22 6 2024 Cofl 40.258
ai22 6 2024 CLCI 33.13
ai22 6 2024 CUCI 34.0175
ai22 6 2024 CMedian 33.2735
ai22 6 2024 CMean 33.3911
ai22 6 2024 CStdn 0.349647
ai22 6 2025 Cabc 38.0719
ai22 6 2025 Cofl 40.258
ai22 6 2025 CLCI 25.601
ai22 6 2025 CUCI 28.4742
ai22 6 2025 CMedian 26.0681
ai22 6 2025 CMean 26.4409
ai22 6 2025 CStdn 1.17147
ai22 6 2026 Cabc 38.0719
ai22 6 2026 Cofl 40.258
ai22 6 2026 CLCI 22.1472
ai22 6 2026 CUCI 38.4188
ai22 6 2026 CMedian 24.2776
ai22 6 2026 CMean 26.3068
ai22 6 2026 CStdn 5.51164
ai22 6 2027 Cabc 38.0719
ai22 6 2027 Cofl 40.258
ai22 6 2027 CLCI 18.8612
ai22 6 2027 CUCI 49.2881
ai22 6 2027 CMedian 24.902
ai22 6 2027 CMean 28.6871
ai22 6 2027 CStdn 10.854
ai22 6 2028 Cabc 38.0719
ai22 6 2028 Cofl 40.258
ai22 6 2028 CLCI 15.9949
ai22 6 2028 CUCI 62.7325
ai22 6 2028 CMedian 27.6406
ai22 6 2028 CMean 32.2611
ai22 6 2028 CStdn 16.449
ai22 6 2029 Cabc 38.0719
ai22 6 2029 Cofl 40.258
ai22 6 2029 CLCI 13.8165
ai22 6 2029 CUCI 73.6605
ai22 6 2029 CMedian 30.599
ai22 6 2029 CMean 35.6159
ai22 6 2029 CStdn 19.9048
ai22 6 2030 Cabc 38.0719
ai22 6 2030 Cofl 40.258
ai22 6 2030 CLCI 12.6461
ai22 6 2030 CUCI 76.7965
ai22 6 2030 CMedian 33.107
ai22 6 2030 CMean 37.8994
ai22 6 2030 CStdn 21.7071
ai22 6 2031 Cabc 38.0719
ai22 6 2031 Cofl 40.258
ai22 6 2031 CLCI 13.231
ai22 6 2031 CUCI 79.188
ai22 6 2031 CMedian 33.982
ai22 6 2031 CMean 39.0364
ai22 6 2031 CStdn 22.6087
ai22 6 2032 Cabc 38.0719
ai22 6 2032 Cofl 40.258
ai22 6 2032 CLCI 12.9552
ai22 6 2032 CUCI 80.0221
ai22 6 2032 CMedian 34.4418
ai22 6 2032 CMean 39.5529
ai22 6 2032 CStdn 22.9145
ai22 6 2033 Cabc 38.0719
ai22 6 2033 Cofl 40.258
ai22 6 2033 CLCI 12.5015
ai22 6 2033 CUCI 81.0426
ai22 6 2033 CMedian 34.5071
ai22 6 2033 CMean 39.5007
ai22 6 2033 CStdn 22.7058
ai22 6 2034 Cabc 38.0719
ai22 6 2034 Cofl 40.258
ai22 6 2034 CLCI 12.3535
ai22 6 2034 CUCI 79.6071
ai22 6 2034 CMedian 35.0304
ai22 6 2034 CMean 39.2673
ai22 6 2034 CStdn 22.0502
ai22 6 2035 Cabc 38.0719
ai22 6 2035 Cofl 40.258
ai22 6 2035 CLCI 12.7608
ai22 6 2035 CUCI 78.7391
ai22 6 2035 CMedian 33.6869
ai22 6 2035 CMean 38.821
ai22 6 2035 CStdn 21.7923
ai22 6 2036 Cabc 38.0719
ai22 6 2036 Cofl 40.258
ai22 6 2036 CLCI 12.5959
ai22 6 2036 CUCI 80.1009
ai22 6 2036 CMedian 33.2961
ai22 6 2036 CMean 38.4884
ai22 6 2036 CStdn 21.8108
ai22 6 2022 SSBF100 174.218
ai22 6 2022 SSBFabc 69.6872
ai22 6 2022 SSBFofl 60.9763
ai22 6 2022 SSBLCI 79.8069
ai22 6 2022 SSBUCI 79.8069
ai22 6 2022 SSBMedian 79.8069
ai22 6 2022 SSBMean 79.8069
ai22 6 2023 SSBF100 174.218
ai22 6 2023 SSBFabc 69.6872
ai22 6 2023 SSBFofl 60.9763
ai22 6 2023 SSBLCI 74.5184
ai22 6 2023 SSBUCI 74.5184
ai22 6 2023 SSBMedian 74.5184
ai22 6 2023 SSBMean 74.5184
ai22 6 2024 SSBF100 174.218
ai22 6 2024 SSBFabc 69.6872
ai22 6 2024 SSBFofl 60.9763
ai22 6 2024 SSBLCI 58.7206
ai22 6 2024 SSBUCI 58.7516
ai22 6 2024 SSBMedian 58.7241
ai22 6 2024 SSBMean 58.7285
ai22 6 2025 SSBF100 174.218
ai22 6 2025 SSBFabc 69.6872
ai22 6 2025 SSBFofl 60.9763
ai22 6 2025 SSBLCI 52.3941
ai22 6 2025 SSBUCI 53.7244
ai22 6 2025 SSBMedian 52.5463
ai22 6 2025 SSBMean 52.7363
ai22 6 2026 SSBF100 174.218
ai22 6 2026 SSBFabc 69.6872
ai22 6 2026 SSBFofl 60.9763
ai22 6 2026 SSBLCI 47.7463
ai22 6 2026 SSBUCI 67.0923
ai22 6 2026 SSBMedian 50.1166
ai22 6 2026 SSBMean 52.8382
ai22 6 2027 SSBF100 174.218
ai22 6 2027 SSBFabc 69.6872
ai22 6 2027 SSBFofl 60.9763
ai22 6 2027 SSBLCI 42.8118
ai22 6 2027 SSBUCI 87.1583
ai22 6 2027 SSBMedian 50.6995
ai22 6 2027 SSBMean 56.006
ai22 6 2028 SSBF100 174.218
ai22 6 2028 SSBFabc 69.6872
ai22 6 2028 SSBFofl 60.9763
ai22 6 2028 SSBLCI 38.9076
ai22 6 2028 SSBUCI 107.209
ai22 6 2028 SSBMedian 53.5065
ai22 6 2028 SSBMean 60.1906
ai22 6 2029 SSBF100 174.218
ai22 6 2029 SSBFabc 69.6872
ai22 6 2029 SSBFofl 60.9763
ai22 6 2029 SSBLCI 36.4515
ai22 6 2029 SSBUCI 115.76
ai22 6 2029 SSBMedian 56.7486
ai22 6 2029 SSBMean 63.62
ai22 6 2030 SSBF100 174.218
ai22 6 2030 SSBFabc 69.6872
ai22 6 2030 SSBFofl 60.9763
ai22 6 2030 SSBLCI 35.8726
ai22 6 2030 SSBUCI 120.029
ai22 6 2030 SSBMedian 58.0664
ai22 6 2030 SSBMean 65.9407
ai22 6 2031 SSBF100 174.218
ai22 6 2031 SSBFabc 69.6872
ai22 6 2031 SSBFofl 60.9763
ai22 6 2031 SSBLCI 36.2778
ai22 6 2031 SSBUCI 122.234
ai22 6 2031 SSBMedian 59.3622
ai22 6 2031 SSBMean 67.0976
ai22 6 2032 SSBF100 174.218
ai22 6 2032 SSBFabc 69.6872
ai22 6 2032 SSBFofl 60.9763
ai22 6 2032 SSBLCI 35.8999
ai22 6 2032 SSBUCI 122.995
ai22 6 2032 SSBMedian 59.8265
ai22 6 2032 SSBMean 67.4535
ai22 6 2033 SSBF100 174.218
ai22 6 2033 SSBFabc 69.6872
ai22 6 2033 SSBFofl 60.9763
ai22 6 2033 SSBLCI 35.6485
ai22 6 2033 SSBUCI 121.115
ai22 6 2033 SSBMedian 60.2408
ai22 6 2033 SSBMean 67.3192
ai22 6 2034 SSBF100 174.218
ai22 6 2034 SSBFabc 69.6872
ai22 6 2034 SSBFofl 60.9763
ai22 6 2034 SSBLCI 35.3805
ai22 6 2034 SSBUCI 121.995
ai22 6 2034 SSBMedian 59.8101
ai22 6 2034 SSBMean 67.0603
ai22 6 2035 SSBF100 174.218
ai22 6 2035 SSBFabc 69.6872
ai22 6 2035 SSBFofl 60.9763
ai22 6 2035 SSBLCI 35.813
ai22 6 2035 SSBUCI 121.142
ai22 6 2035 SSBMedian 59.2695
ai22 6 2035 SSBMean 66.5071
ai22 6 2036 SSBF100 174.218
ai22 6 2036 SSBFabc 69.6872
ai22 6 2036 SSBFofl 60.9763
ai22 6 2036 SSBLCI 35.5223
ai22 6 2036 SSBUCI 120.784
ai22 6 2036 SSBMedian 58.4946
ai22 6 2036 SSBMean 66.0136
ai22 6 2022 F0 0 
ai22 6 2022 Fabc 0.305473
ai22 6 2022 Fofl 0.37995
ai22 6 2022  F_LCI 0.018114
ai22 6 2022  F_UCI 0.018114
ai22 6 2022  F_Median 0.018114
ai22 6 2022  F_Mean 0.018114
ai22 6 2023 F0 0 
ai22 6 2023 Fabc 0.305473
ai22 6 2023 Fofl 0.37995
ai22 6 2023  F_LCI 0.37995
ai22 6 2023  F_UCI 0.37995
ai22 6 2023  F_Median 0.37995
ai22 6 2023  F_Mean 0.37995
ai22 6 2024 F0 0 
ai22 6 2024 Fabc 0.305473
ai22 6 2024 Fofl 0.37995
ai22 6 2024  F_LCI 0.31701
ai22 6 2024  F_UCI 0.317188
ai22 6 2024  F_Median 0.31703
ai22 6 2024  F_Mean 0.317056
ai22 6 2025 F0 0 
ai22 6 2025 Fabc 0.305473
ai22 6 2025 Fofl 0.37995
ai22 6 2025  F_LCI 0.280702
ai22 6 2025  F_UCI 0.288336
ai22 6 2025  F_Median 0.281575
ai22 6 2025  F_Mean 0.282666
ai22 6 2026 F0 0 
ai22 6 2026 Fabc 0.305473
ai22 6 2026 Fofl 0.37995
ai22 6 2026  F_LCI 0.254027
ai22 6 2026  F_UCI 0.365057
ai22 6 2026  F_Median 0.26763
ai22 6 2026  F_Mean 0.280362
ai22 6 2027 F0 0 
ai22 6 2027 Fabc 0.305473
ai22 6 2027 Fofl 0.37995
ai22 6 2027  F_LCI 0.225707
ai22 6 2027  F_UCI 0.37995
ai22 6 2027  F_Median 0.270976
ai22 6 2027  F_Mean 0.286113
ai22 6 2028 F0 0 
ai22 6 2028 Fabc 0.305473
ai22 6 2028 Fofl 0.37995
ai22 6 2028  F_LCI 0.2033
ai22 6 2028  F_UCI 0.37995
ai22 6 2028  F_Median 0.287086
ai22 6 2028  F_Mean 0.294283
ai22 6 2029 F0 0 
ai22 6 2029 Fabc 0.305473
ai22 6 2029 Fofl 0.37995
ai22 6 2029  F_LCI 0.189204
ai22 6 2029  F_UCI 0.37995
ai22 6 2029  F_Median 0.305693
ai22 6 2029  F_Mean 0.30266
ai22 6 2030 F0 0 
ai22 6 2030 Fabc 0.305473
ai22 6 2030 Fofl 0.37995
ai22 6 2030  F_LCI 0.185882
ai22 6 2030  F_UCI 0.37995
ai22 6 2030  F_Median 0.313256
ai22 6 2030  F_Mean 0.306883
ai22 6 2031 F0 0 
ai22 6 2031 Fabc 0.305473
ai22 6 2031 Fofl 0.37995
ai22 6 2031  F_LCI 0.188207
ai22 6 2031  F_UCI 0.37995
ai22 6 2031  F_Median 0.320693
ai22 6 2031  F_Mean 0.308555
ai22 6 2032 F0 0 
ai22 6 2032 Fabc 0.305473
ai22 6 2032 Fofl 0.37995
ai22 6 2032  F_LCI 0.186039
ai22 6 2032  F_UCI 0.37995
ai22 6 2032  F_Median 0.323357
ai22 6 2032  F_Mean 0.310359
ai22 6 2033 F0 0 
ai22 6 2033 Fabc 0.305473
ai22 6 2033 Fofl 0.37995
ai22 6 2033  F_LCI 0.184595
ai22 6 2033  F_UCI 0.37995
ai22 6 2033  F_Median 0.325735
ai22 6 2033  F_Mean 0.310321
ai22 6 2034 F0 0 
ai22 6 2034 Fabc 0.305473
ai22 6 2034 Fofl 0.37995
ai22 6 2034  F_LCI 0.183057
ai22 6 2034  F_UCI 0.37995
ai22 6 2034  F_Median 0.323263
ai22 6 2034  F_Mean 0.310159
ai22 6 2035 F0 0 
ai22 6 2035 Fabc 0.305473
ai22 6 2035 Fofl 0.37995
ai22 6 2035  F_LCI 0.18554
ai22 6 2035  F_UCI 0.37995
ai22 6 2035  F_Median 0.320161
ai22 6 2035  F_Mean 0.308478
ai22 6 2036 F0 0 
ai22 6 2036 Fabc 0.305473
ai22 6 2036 Fofl 0.37995
ai22 6 2036  F_LCI 0.183871
ai22 6 2036  F_UCI 0.37995
ai22 6 2036  F_Median 0.315713
ai22 6 2036  F_Mean 0.307972
ai22 7 2022 Cabc 38.0719
ai22 7 2022 Cofl 40.258
ai22 7 2022 CLCI 3
ai22 7 2022 CUCI 3
ai22 7 2022 CMedian 3
ai22 7 2022 CMean 3
ai22 7 2022 CStdn 3.95239e-014
ai22 7 2023 Cabc 38.0719
ai22 7 2023 Cofl 40.258
ai22 7 2023 CLCI 43.3413
ai22 7 2023 CUCI 43.6235
ai22 7 2023 CMedian 43.3728
ai22 7 2023 CMean 43.4133
ai22 7 2023 CStdn 0.115343
ai22 7 2024 Cabc 38.0719
ai22 7 2024 Cofl 40.258
ai22 7 2024 CLCI 30.5979
ai22 7 2024 CUCI 31.3601
ai22 7 2024 CMedian 30.7211
ai22 7 2024 CMean 30.822
ai22 7 2024 CStdn 0.30021
ai22 7 2025 Cabc 38.0719
ai22 7 2025 Cofl 40.258
ai22 7 2025 CLCI 29.4735
ai22 7 2025 CUCI 32.5515
ai22 7 2025 CMedian 29.9747
ai22 7 2025 CMean 30.3739
ai22 7 2025 CStdn 1.25274
ai22 7 2026 Cabc 38.0719
ai22 7 2026 Cofl 40.258
ai22 7 2026 CLCI 24.0133
ai22 7 2026 CUCI 40.7738
ai22 7 2026 CMedian 26.2162
ai22 7 2026 CMean 28.2578
ai22 7 2026 CStdn 5.49503
ai22 7 2027 Cabc 38.0719
ai22 7 2027 Cofl 40.258
ai22 7 2027 CLCI 19.7382
ai22 7 2027 CUCI 49.933
ai22 7 2027 CMedian 25.867
ai22 7 2027 CMean 29.6176
ai22 7 2027 CStdn 10.8207
ai22 7 2028 Cabc 38.0719
ai22 7 2028 Cofl 40.258
ai22 7 2028 CLCI 16.3882
ai22 7 2028 CUCI 63.0735
ai22 7 2028 CMedian 28.0715
ai22 7 2028 CMean 32.6668
ai22 7 2028 CStdn 16.4379
ai22 7 2029 Cabc 38.0719
ai22 7 2029 Cofl 40.258
ai22 7 2029 CLCI 13.9826
ai22 7 2029 CUCI 73.963
ai22 7 2029 CMedian 30.7848
ai22 7 2029 CMean 35.7706
ai22 7 2029 CStdn 19.9044
ai22 7 2030 Cabc 38.0719
ai22 7 2030 Cofl 40.258
ai22 7 2030 CLCI 12.7126
ai22 7 2030 CUCI 76.8548
ai22 7 2030 CMedian 33.1242
ai22 7 2030 CMean 37.9453
ai22 7 2030 CStdn 21.7056
ai22 7 2031 Cabc 38.0719
ai22 7 2031 Cofl 40.258
ai22 7 2031 CLCI 13.2407
ai22 7 2031 CUCI 79.1618
ai22 7 2031 CMedian 33.9588
ai22 7 2031 CMean 39.0403
ai22 7 2031 CStdn 22.6047
ai22 7 2032 Cabc 38.0719
ai22 7 2032 Cofl 40.258
ai22 7 2032 CLCI 12.9534
ai22 7 2032 CUCI 80.0125
ai22 7 2032 CMedian 34.4266
ai22 7 2032 CMean 39.5446
ai22 7 2032 CStdn 22.9111
ai22 7 2033 Cabc 38.0719
ai22 7 2033 Cofl 40.258
ai22 7 2033 CLCI 12.4953
ai22 7 2033 CUCI 81.0381
ai22 7 2033 CMedian 34.497
ai22 7 2033 CMean 39.4923
ai22 7 2033 CStdn 22.704
ai22 7 2034 Cabc 38.0719
ai22 7 2034 Cofl 40.258
ai22 7 2034 CLCI 12.3491
ai22 7 2034 CUCI 79.6034
ai22 7 2034 CMedian 35.0226
ai22 7 2034 CMean 39.2617
ai22 7 2034 CStdn 22.0492
ai22 7 2035 Cabc 38.0719
ai22 7 2035 Cofl 40.258
ai22 7 2035 CLCI 12.7573
ai22 7 2035 CUCI 78.733
ai22 7 2035 CMedian 33.6835
ai22 7 2035 CMean 38.8177
ai22 7 2035 CStdn 21.7917
ai22 7 2036 Cabc 38.0719
ai22 7 2036 Cofl 40.258
ai22 7 2036 CLCI 12.5942
ai22 7 2036 CUCI 80.1059
ai22 7 2036 CMedian 33.294
ai22 7 2036 CMean 38.4868
ai22 7 2036 CStdn 21.8106
ai22 7 2022 SSBF100 174.218
ai22 7 2022 SSBFabc 69.6872
ai22 7 2022 SSBFofl 60.9763
ai22 7 2022 SSBLCI 79.8069
ai22 7 2022 SSBUCI 79.8069
ai22 7 2022 SSBMedian 79.8069
ai22 7 2022 SSBMean 79.8069
ai22 7 2023 SSBF100 174.218
ai22 7 2023 SSBFabc 69.6872
ai22 7 2023 SSBFofl 60.9763
ai22 7 2023 SSBLCI 75.3276
ai22 7 2023 SSBUCI 75.3276
ai22 7 2023 SSBMedian 75.3276
ai22 7 2023 SSBMean 75.3276
ai22 7 2024 SSBF100 174.218
ai22 7 2024 SSBFabc 69.6872
ai22 7 2024 SSBFofl 60.9763
ai22 7 2024 SSBLCI 62.3517
ai22 7 2024 SSBUCI 62.3829
ai22 7 2024 SSBMedian 62.3551
ai22 7 2024 SSBMean 62.3596
ai22 7 2025 SSBF100 174.218
ai22 7 2025 SSBFabc 69.6872
ai22 7 2025 SSBFofl 60.9763
ai22 7 2025 SSBLCI 56.051
ai22 7 2025 SSBUCI 57.3805
ai22 7 2025 SSBMedian 56.2031
ai22 7 2025 SSBMean 56.393
ai22 7 2026 SSBF100 174.218
ai22 7 2026 SSBFabc 69.6872
ai22 7 2026 SSBFofl 60.9763
ai22 7 2026 SSBLCI 49.6331
ai22 7 2026 SSBUCI 68.9431
ai22 7 2026 SSBMedian 51.9988
ai22 7 2026 SSBMean 54.7195
ai22 7 2027 SSBF100 174.218
ai22 7 2027 SSBFabc 69.6872
ai22 7 2027 SSBFofl 60.9763
ai22 7 2027 SSBLCI 43.781
ai22 7 2027 SSBUCI 87.998
ai22 7 2027 SSBMedian 51.6375
ai22 7 2027 SSBMean 56.9449
ai22 7 2028 SSBF100 174.218
ai22 7 2028 SSBFabc 69.6872
ai22 7 2028 SSBFofl 60.9763
ai22 7 2028 SSBLCI 39.3904
ai22 7 2028 SSBUCI 107.919
ai22 7 2028 SSBMedian 53.9396
ai22 7 2028 SSBMean 60.6238
ai22 7 2029 SSBF100 174.218
ai22 7 2029 SSBFabc 69.6872
ai22 7 2029 SSBFofl 60.9763
ai22 7 2029 SSBLCI 36.6734
ai22 7 2029 SSBUCI 115.913
ai22 7 2029 SSBMedian 56.9352
ai22 7 2029 SSBMean 63.795
ai22 7 2030 SSBF100 174.218
ai22 7 2030 SSBFabc 69.6872
ai22 7 2030 SSBFofl 60.9763
ai22 7 2030 SSBLCI 35.9684
ai22 7 2030 SSBUCI 120.061
ai22 7 2030 SSBMedian 58.0868
ai22 7 2030 SSBMean 65.9975
ai22 7 2031 SSBF100 174.218
ai22 7 2031 SSBFabc 69.6872
ai22 7 2031 SSBFofl 60.9763
ai22 7 2031 SSBLCI 36.2938
ai22 7 2031 SSBUCI 122.279
ai22 7 2031 SSBMedian 59.3433
ai22 7 2031 SSBMean 67.1067
ai22 7 2032 SSBF100 174.218
ai22 7 2032 SSBFabc 69.6872
ai22 7 2032 SSBFofl 60.9763
ai22 7 2032 SSBLCI 35.9169
ai22 7 2032 SSBUCI 122.976
ai22 7 2032 SSBMedian 59.8133
ai22 7 2032 SSBMean 67.447
ai22 7 2033 SSBF100 174.218
ai22 7 2033 SSBFabc 69.6872
ai22 7 2033 SSBFofl 60.9763
ai22 7 2033 SSBLCI 35.6431
ai22 7 2033 SSBUCI 121.126
ai22 7 2033 SSBMedian 60.2426
ai22 7 2033 SSBMean 67.3109
ai22 7 2034 SSBF100 174.218
ai22 7 2034 SSBFabc 69.6872
ai22 7 2034 SSBFofl 60.9763
ai22 7 2034 SSBLCI 35.3736
ai22 7 2034 SSBUCI 121.977
ai22 7 2034 SSBMedian 59.802
ai22 7 2034 SSBMean 67.0543
ai22 7 2035 SSBF100 174.218
ai22 7 2035 SSBFabc 69.6872
ai22 7 2035 SSBFofl 60.9763
ai22 7 2035 SSBLCI 35.8087
ai22 7 2035 SSBUCI 121.135
ai22 7 2035 SSBMedian 59.2664
ai22 7 2035 SSBMean 66.5036
ai22 7 2036 SSBF100 174.218
ai22 7 2036 SSBFabc 69.6872
ai22 7 2036 SSBFofl 60.9763
ai22 7 2036 SSBLCI 35.5223
ai22 7 2036 SSBUCI 120.782
ai22 7 2036 SSBMedian 58.4936
ai22 7 2036 SSBMean 66.0118
ai22 7 2022 F0 0 
ai22 7 2022 Fabc 0.305473
ai22 7 2022 Fofl 0.37995
ai22 7 2022  F_LCI 0.018114
ai22 7 2022  F_UCI 0.018114
ai22 7 2022  F_Median 0.018114
ai22 7 2022  F_Mean 0.018114
ai22 7 2023 F0 0 
ai22 7 2023 Fabc 0.305473
ai22 7 2023 Fofl 0.37995
ai22 7 2023  F_LCI 0.305473
ai22 7 2023  F_UCI 0.305473
ai22 7 2023  F_Median 0.305473
ai22 7 2023  F_Mean 0.305473
ai22 7 2024 F0 0 
ai22 7 2024 Fabc 0.305473
ai22 7 2024 Fofl 0.37995
ai22 7 2024  F_LCI 0.271625
ai22 7 2024  F_UCI 0.271769
ai22 7 2024  F_Median 0.271641
ai22 7 2024  F_Mean 0.271662
ai22 7 2025 F0 0 
ai22 7 2025 Fabc 0.305473
ai22 7 2025 Fofl 0.37995
ai22 7 2025  F_LCI 0.301689
ai22 7 2025  F_UCI 0.309319
ai22 7 2025  F_Median 0.302562
ai22 7 2025  F_Mean 0.303652
ai22 7 2026 F0 0 
ai22 7 2026 Fabc 0.305473
ai22 7 2026 Fofl 0.37995
ai22 7 2026  F_LCI 0.264855
ai22 7 2026  F_UCI 0.375679
ai22 7 2026  F_Median 0.278433
ai22 7 2026  F_Mean 0.290688
ai22 7 2027 F0 0 
ai22 7 2027 Fabc 0.305473
ai22 7 2027 Fofl 0.37995
ai22 7 2027  F_LCI 0.231269
ai22 7 2027  F_UCI 0.37995
ai22 7 2027  F_Median 0.276359
ai22 7 2027  F_Mean 0.290766
ai22 7 2028 F0 0 
ai22 7 2028 Fabc 0.305473
ai22 7 2028 Fofl 0.37995
ai22 7 2028  F_LCI 0.206071
ai22 7 2028  F_UCI 0.37995
ai22 7 2028  F_Median 0.289571
ai22 7 2028  F_Mean 0.2962
ai22 7 2029 F0 0 
ai22 7 2029 Fabc 0.305473
ai22 7 2029 Fofl 0.37995
ai22 7 2029  F_LCI 0.190478
ai22 7 2029  F_UCI 0.37995
ai22 7 2029  F_Median 0.306764
ai22 7 2029  F_Mean 0.303363
ai22 7 2030 F0 0 
ai22 7 2030 Fabc 0.305473
ai22 7 2030 Fofl 0.37995
ai22 7 2030  F_LCI 0.186432
ai22 7 2030  F_UCI 0.37995
ai22 7 2030  F_Median 0.313373
ai22 7 2030  F_Mean 0.307103
ai22 7 2031 F0 0 
ai22 7 2031 Fabc 0.305473
ai22 7 2031 Fofl 0.37995
ai22 7 2031  F_LCI 0.188299
ai22 7 2031  F_UCI 0.37995
ai22 7 2031  F_Median 0.320584
ai22 7 2031  F_Mean 0.308596
ai22 7 2032 F0 0 
ai22 7 2032 Fabc 0.305473
ai22 7 2032 Fofl 0.37995
ai22 7 2032  F_LCI 0.186136
ai22 7 2032  F_UCI 0.37995
ai22 7 2032  F_Median 0.323281
ai22 7 2032  F_Mean 0.310342
ai22 7 2033 F0 0 
ai22 7 2033 Fabc 0.305473
ai22 7 2033 Fofl 0.37995
ai22 7 2033  F_LCI 0.184565
ai22 7 2033  F_UCI 0.37995
ai22 7 2033  F_Median 0.325745
ai22 7 2033  F_Mean 0.310297
ai22 7 2034 F0 0 
ai22 7 2034 Fabc 0.305473
ai22 7 2034 Fofl 0.37995
ai22 7 2034  F_LCI 0.183018
ai22 7 2034  F_UCI 0.37995
ai22 7 2034  F_Median 0.323216
ai22 7 2034  F_Mean 0.310141
ai22 7 2035 F0 0 
ai22 7 2035 Fabc 0.305473
ai22 7 2035 Fofl 0.37995
ai22 7 2035  F_LCI 0.185515
ai22 7 2035  F_UCI 0.37995
ai22 7 2035  F_Median 0.320143
ai22 7 2035  F_Mean 0.308467
ai22 7 2036 F0 0 
ai22 7 2036 Fabc 0.305473
ai22 7 2036 Fofl 0.37995
ai22 7 2036  F_LCI 0.183871
ai22 7 2036  F_UCI 0.37995
ai22 7 2036  F_Median 0.315708
ai22 7 2036  F_Mean 0.307966
