Alternative 1 Catch
     ai22 
Equil_Fabc 38.0719 
Year 
2022 61.2639 
2023 24.6098 
2024 20.1881 
2025 19.7917 
2026 22.2001 
2027 25.5373 
2028 29.2799 
2029 32.6104 
2030 35.0437 
2031 36.3684 
2032 37.1613 
2033 37.283 
2034 37.1947 
2035 36.9351 
2036 36.6776 

Alternative 1 ABCs
     ai22 

Year 
2022 44.7938 
2023 24.6098 
2024 20.1881 
2025 19.7917 
2026 22.2001 
2027 25.5373 
2028 29.2799 
2029 32.6104 
2030 35.0437 
2031 36.3684 
2032 37.1613 
2033 37.283 
2034 37.1947 
2035 36.9351 
2036 36.6776 

Alternative 1 TACs
     ai22 

Year 
2022  NA 
2023 24.6098 
2024 20.1881 
2025 19.7917 
2026 22.2001 
2027 25.5373 
2028 29.2799 
2029 32.6104 
2030 35.0437 
2031 36.3684 
2032 37.1613 
2033 37.283 
2034 37.1947 
2035 36.9351 
2036 36.6776 

Alternative 1 Sp_Biomass
     ai22 
Equil_Fabc 69.6872 
Year 
2022 74.9803 
2023 54.782 
2024 50.8511 
2025 50.6995 
2026 53.7787 
2027 58.696 
2028 64.0969 
2029 68.4803 
2030 71.6179 
2031 73.4309 
2032 74.2545 
2033 74.4069 
2034 74.3163 
2035 73.8268 
2036 73.3118 

Alternative 1 Fishing Mortality
     ai22 
Equil_Fabc 0.305473 
Year 
2022 0.441588 
2023 0.236698 
2024 0.21856 
2025 0.21786 
2026 0.229459 
2027 0.23992 
2028 0.24815 
2029 0.254579 
2030 0.258001 
2031 0.25901 
2032 0.261722 
2033 0.261436 
2034 0.261633 
2035 0.261231 
2036 0.261254 

Alternative 1 Biomass
     ai22 

Year 
2022 253.922 
2023 211.945 
2024 215.464 
2025 230.592 
2026 250.149 
2027 269.119 
2028 285.003 
2029 296.345 
2030 302.934 
2031 306.347 
2032 306.558 
2033 305.674 
2034 304.819 
2035 303.967 
2036 304.157 

Alternative 1 Implied SPR rate 
     ai22 
Equil_Fabc 0.4 
Year 
2022 0.317446 
2023 0.461497 
2024 0.481125 
2025 0.481934 
2026 0.470621 
2027 0.461653 
2028 0.455026 
2029 0.450238 
2030 0.447894 
2031 0.4489 
2032 0.444551 
2033 0.446583 
2034 0.446114 
2035 0.445634 
2036 0.444927 

  ai22 
EquilAvgAgeF0  5.13481 
EquilAvgAgeFabc  3.52025 
AvgAgeYr2036 3.82784 
Alternative 2 Catch
     ai22 
Equil_Fabc 38.0719 
Year 
2022 61.2639 
2023 24.6098 
2024 20.1881 
2025 19.7917 
2026 22.2001 
2027 25.5373 
2028 29.2799 
2029 32.6104 
2030 35.0437 
2031 36.3684 
2032 37.1613 
2033 37.283 
2034 37.1947 
2035 36.9351 
2036 36.6776 

Alternative 2 ABCs
     ai22 

Year 
2022 0.0447938 
2023 0.0245804 
2024 0.0200569 
2025 0.0193444 
2026 0.0200161 
2027 0.0193469 
2028 0.0192681 
2029 0.02471 
2030 0.0346999 
2031 0.0409789 
2032 0.046152 
2033 0.0496401 
2034 0.0511671 
2035 0.049836 
2036 0.0470388 

Alternative 2 TACs
     ai22 

Year 
2022  NA 
2023 24.6098 
2024 20.1881 
2025 19.7917 
2026 22.2001 
2027 25.5373 
2028 29.2799 
2029 32.6104 
2030 35.0437 
2031 36.3684 
2032 37.1613 
2033 37.283 
2034 37.1947 
2035 36.9351 
2036 36.6776 

Alternative 2 Sp_Biomass
     ai22 
Equil_Fabc 69.6872 
Year 
2022 74.9803 
2023 54.782 
2024 50.8511 
2025 50.6995 
2026 53.7787 
2027 58.696 
2028 64.0969 
2029 68.4803 
2030 71.6179 
2031 73.4309 
2032 74.2545 
2033 74.4069 
2034 74.3163 
2035 73.8268 
2036 73.3118 

Alternative 2 Fishing Mortality
     ai22 
Equil_Fabc 0.305473 
Year 
2022 0.441588 
2023 0.236698 
2024 0.21856 
2025 0.21786 
2026 0.229459 
2027 0.23992 
2028 0.24815 
2029 0.254579 
2030 0.258001 
2031 0.25901 
2032 0.261722 
2033 0.261436 
2034 0.261633 
2035 0.261231 
2036 0.261254 

Alternative 2 Biomass
     ai22 

Year 
2022 253.922 
2023 211.945 
2024 215.464 
2025 230.592 
2026 250.149 
2027 269.119 
2028 285.003 
2029 296.345 
2030 302.934 
2031 306.347 
2032 306.558 
2033 305.674 
2034 304.819 
2035 303.967 
2036 304.157 

Alternative 2 Implied SPR rate 
     ai22 
Equil_Fabc 0.4 
Year 
2022 0.317446 
2023 0.461497 
2024 0.481125 
2025 0.481934 
2026 0.470621 
2027 0.461653 
2028 0.455026 
2029 0.450238 
2030 0.447894 
2031 0.4489 
2032 0.444551 
2033 0.446583 
2034 0.446114 
2035 0.445634 
2036 0.444927 

  ai22 
EquilAvgAgeF0  5.13481 
EquilAvgAgeFabc  3.52025 
AvgAgeYr2036 3.82784 
Alternative 3 Catch
     ai22 
Equil_Fabc 38.0719 
Year 
2022 61.2639 
2023 2.97808 
2024 3.0583 
2025 3.30176 
2026 3.71841 
2027 4.23172 
2028 4.81889 
2029 5.42237 
2030 6.01146 
2031 6.49657 
2032 6.87889 
2033 7.16772 
2034 7.38103 
2035 7.53649 
2036 7.64622 

Alternative 3 ABCs
     ai22 

Year 
2022 44.7938 
2023 24.6098 
2024 27.0461 
2025 31.7263 
2026 38.1369 
2027 43.9805 
2028 50.1034 
2029 56.3852 
2030 62.4585 
2031 67.4302 
2032 71.346 
2033 74.2831 
2034 76.4655 
2035 78.0483 
2036 79.1779 

Alternative 3 TACs
     ai22 

Year 
2022  NA 
2023 2.97808 
2024 3.0583 
2025 3.30176 
2026 3.71841 
2027 4.23172 
2028 4.81889 
2029 5.42237 
2030 6.01146 
2031 6.49657 
2032 6.87889 
2033 7.16772 
2034 7.38103 
2035 7.53649 
2036 7.64622 

Alternative 3 Sp_Biomass
     ai22 
Equil_Fabc 69.6872 
Year 
2022 74.9803 
2023 56.4176 
2024 60.3583 
2025 65.7008 
2026 73.5088 
2027 83.5228 
2028 94.7196 
2029 105.474 
2030 115.385 
2031 123.871 
2032 130.642 
2033 135.919 
2034 140.044 
2035 142.802 
2036 144.676 

Alternative 3 Fishing Mortality
     ai22 
Equil_Fabc 0.305473 
Year 
2022 0.441588 
2023 0.0262659 
2024 0.0262659 
2025 0.0262659 
2026 0.0262659 
2027 0.0262659 
2028 0.0262659 
2029 0.0262659 
2030 0.0262659 
2031 0.0262659 
2032 0.0262659 
2033 0.0262659 
2034 0.0262659 
2035 0.0262659 
2036 0.0262659 

Alternative 3 Biomass
     ai22 

Year 
2022 253.922 
2023 211.945 
2024 235.391 
2025 264.169 
2026 295.24 
2027 326.395 
2028 355.817 
2029 382.019 
2030 404.025 
2031 422.227 
2032 435.46 
2033 445.711 
2034 453.926 
2035 460.124 
2036 465.519 

Alternative 3 Implied SPR rate 
     ai22 
Equil_Fabc 0.4 
Year 
2022 0.317446 
2023 0.884766 
2024 0.884766 
2025 0.884766 
2026 0.884766 
2027 0.884766 
2028 0.884766 
2029 0.884766 
2030 0.884766 
2031 0.884766 
2032 0.884766 
2033 0.884766 
2034 0.884766 
2035 0.884766 
2036 0.884766 

  ai22 
EquilAvgAgeF0  5.13481 
EquilAvgAgeFabc  3.52025 
AvgAgeYr2036 4.98097 
Alternative 4 Catch
     ai22 
Equil_Fabc 38.0719 
Year 
2022 61.2639 
2023 14.5919 
2024 13.8434 
2025 14.1177 
2026 15.2977 
2027 16.9649 
2028 18.9743 
2029 21.0163 
2030 22.9094 
2031 24.2955 
2032 25.2574 
2033 25.8645 
2034 26.2262 
2035 26.4277 
2036 26.513 

Alternative 4 ABCs
     ai22 

Year 
2022 44.7938 
2023 24.6098 
2024 23.2482 
2025 24.4938 
2026 28.2602 
2027 32.7386 
2028 37.6452 
2029 42.5144 
2030 46.8341 
2031 49.9668 
2032 52.1639 
2033 53.5669 
2034 54.3994 
2035 54.8247 
2036 55.0435 

Alternative 4 TACs
     ai22 

Year 
2022  NA 
2023 14.5919 
2024 13.8434 
2025 14.1177 
2026 15.2977 
2027 16.9649 
2028 18.9743 
2029 21.0163 
2030 22.9094 
2031 24.2955 
2032 25.2574 
2033 25.8645 
2034 26.2262 
2035 26.4277 
2036 26.513 

Alternative 4 Sp_Biomass
     ai22 
Equil_Fabc 69.6872 
Year 
2022 74.9803 
2023 55.5687 
2024 55.1425 
2025 56.8985 
2026 61.5195 
2027 68.3507 
2028 76.235 
2029 83.5167 
2030 89.7764 
2031 94.5977 
2032 97.9769 
2033 100.212 
2034 101.691 
2035 102.278 
2036 102.432 

Alternative 4 Fishing Mortality
     ai22 
Equil_Fabc 0.305473 
Year 
2022 0.441588 
2023 0.134629 
2024 0.134629 
2025 0.134629 
2026 0.134629 
2027 0.134629 
2028 0.134629 
2029 0.134629 
2030 0.134629 
2031 0.13436 
2032 0.134226 
2033 0.134091 
2034 0.134091 
2035 0.134226 
2036 0.13436 

Alternative 4 Biomass
     ai22 

Year 
2022 253.922 
2023 211.945 
2024 224.696 
2025 244.714 
2026 268.043 
2027 291.696 
2028 313.547 
2029 331.91 
2030 345.866 
2031 356.123 
2032 362.035 
2033 365.774 
2034 368.351 
2035 369.88 
2036 371.538 

Alternative 4 Implied SPR rate 
     ai22 
Equil_Fabc 0.4 
Year 
2022 0.317446 
2023 0.6 
2024 0.6 
2025 0.6 
2026 0.6 
2027 0.6 
2028 0.6 
2029 0.6 
2030 0.6 
2031 0.6008 
2032 0.6012 
2033 0.6016 
2034 0.6016 
2035 0.6012 
2036 0.6008 

  ai22 
EquilAvgAgeF0  5.13481 
EquilAvgAgeFabc  3.52025 
AvgAgeYr2036 4.31031 
Alternative 5 Catch
     ai22 
Equil_Fabc 38.0719 
Year 
2022 61.2639 
2023  NA 
2024  NA 
2025  NA 
2026  NA 
2027  NA 
2028  NA 
2029  NA 
2030  NA 
2031  NA 
2032  NA 
2033  NA 
2034  NA 
2035  NA 
2036  NA 

Alternative 5 ABCs
     ai22 

Year 
2022 44.7938 
2023 24.6098 
2024 28.0624 
2025 33.8204 
2026 40.645 
2027 46.7052 
2028 53.4099 
2029 60.3167 
2030 67.0602 
2031 72.7487 
2032 77.3482 
2033 80.939 
2034 83.721 
2035 85.8416 
2036 87.432 

Alternative 5 TACs
     ai22 

Year 
2022  NA 
2023  NA 
2024  NA 
2025  NA 
2026  NA 
2027  NA 
2028  NA 
2029  NA 
2030  NA 
2031  NA 
2032  NA 
2033  NA 
2034  NA 
2035  NA 
2036  NA 

Alternative 5 Sp_Biomass
     ai22 
Equil_Fabc 69.6872 
Year 
2022 74.9803 
2023 56.6255 
2024 61.7127 
2025 68.1077 
2026 76.9338 
2027 88.0188 
2028 100.362 
2029 112.344 
2030 123.575 
2031 133.427 
2032 141.515 
2033 148.034 
2034 153.3 
2035 157.059 
2036 159.786 

Alternative 5 Fishing Mortality
     ai22 
Equil_Fabc 0.305473 
Year 
2022 0.441588 
2023  NA 
2024  NA 
2025  NA 
2026  NA 
2027  NA 
2028  NA 
2029  NA 
2030  NA 
2031  NA 
2032  NA 
2033  NA 
2034  NA 
2035  NA 
2036  NA 

Alternative 5 Biomass
     ai22 

Year 
2022 253.922 
2023 211.945 
2024 238.132 
2025 269.407 
2026 302.874 
2027 336.482 
2028 368.467 
2029 397.386 
2030 422.256 
2031 443.382 
2032 459.436 
2033 472.328 
2034 482.963 
2035 491.302 
2036 498.536 

Alternative 5 Implied SPR rate 
     ai22 
Equil_Fabc 0.4 
Year 
2022 0.317446 
2023 1 
2024 1 
2025 1 
2026 1 
2027 1 
2028 1 
2029 1 
2030 1 
2031 1 
2032 1 
2033 1 
2034 1 
2035 1 
2036 1 

  ai22 
EquilAvgAgeF0  5.13481 
EquilAvgAgeFabc  3.52025 
AvgAgeYr2036 5.20433 
Alternative 6 Catch
     ai22 
Equil_Fabc 38.0719 
Year 
2022 61.2639 
2023 29.693 
2024 22.6919 
2025 21.6052 
2026 24.083 
2027 27.8233 
2028 32.0211 
2029 35.6123 
2030 37.958 
2031 39.0921 
2032 39.5906 
2033 39.5219 
2034 39.2778 
2035 38.8256 
2036 38.4901 

Alternative 6 ABCs
     ai22 

Year 
2022 44.7938 
2023 24.6098 
2024 18.7135 
2025 17.78 
2026 19.8197 
2027 22.8981 
2028 26.3653 
2029 29.1953 
2030 31.0302 
2031 31.9851 
2032 32.4173 
2033 32.3146 
2034 32.0907 
2035 31.8205 
2036 31.4728 

Alternative 6 TACs
     ai22 

Year 
2022  NA 
2023 29.693 
2024 22.6919 
2025 21.6052 
2026 24.083 
2027 27.8233 
2028 32.0211 
2029 35.6123 
2030 37.958 
2031 39.0921 
2032 39.5906 
2033 39.5219 
2034 39.2778 
2035 38.8256 
2036 38.4901 

Alternative 6 Sp_Biomass
     ai22 
Equil_Fabc 69.6872 
Year 
2022 74.9803 
2023 54.361 
2024 48.7289 
2025 47.9077 
2026 50.6018 
2027 55.1009 
2028 59.918 
2029 63.5976 
2030 65.9918 
2031 67.1531 
2032 67.493 
2033 67.3421 
2034 67.0719 
2035 66.5124 
2036 66.0156 

Alternative 6 Fishing Mortality
     ai22 
Equil_Fabc 0.305473 
Year 
2022 0.441588 
2023 0.29199 
2024 0.259666 
2025 0.254953 
2026 0.26797 
2027 0.281469 
2028 0.292905 
2029 0.302463 
2030 0.307012 
2031 0.308723 
2032 0.310483 
2033 0.310393 
2034 0.310195 
2035 0.308494 
2036 0.307978 

Alternative 6 Biomass
     ai22 

Year 
2022 253.922 
2023 211.945 
2024 210.778 
2025 224.06 
2026 242.583 
2027 260.487 
2028 274.934 
2029 284.507 
2030 289.259 
2031 291.135 
2032 290.217 
2033 288.657 
2034 287.416 
2035 286.401 
2036 286.655 

Alternative 6 Implied SPR rate 
     ai22 
Equil_Fabc 0.4 
Year 
2022 0.317446 
2023 0.410687 
2024 0.438888 
2025 0.44336 
2026 0.433219 
2027 0.42416 
2028 0.41687 
2029 0.410134 
2030 0.406781 
2031 0.405527 
2032 0.404225 
2033 0.404427 
2034 0.404678 
2035 0.405872 
2036 0.406087 

  ai22 
EquilAvgAgeF0  5.13481 
EquilAvgAgeFabc  3.52025 
AvgAgeYr2036 3.70205 
Alternative 7 Catch
     ai22 
Equil_Fabc 38.0719 
Year 
2022 61.2639 
2023 24.6098 
2024 20.1881 
2025 24.0137 
2026 25.4678 
2027 28.5402 
2028 32.3519 
2029 35.7458 
2030 38.0023 
2031 39.0999 
2032 39.5865 
2033 39.5163 
2034 39.2737 
2035 38.8231 
2036 38.4889 

Alternative 7 ABCs
     ai22 

Year 
2022 44.7938 
2023 24.6098 
2024 20.1881 
2025 19.7917 
2026 20.9766 
2027 23.4974 
2028 26.6406 
2029 29.3145 
2030 31.0751 
2031 31.9909 
2032 32.4137 
2033 32.31 
2034 32.0874 
2035 31.8184 
2036 31.4717 

Alternative 7 TACs
     ai22 

Year 
2022  NA 
2023 29.693 
2024 24.4534 
2025 24.0137 
2026 25.4678 
2027 28.5402 
2028 32.3519 
2029 35.7458 
2030 38.0023 
2031 39.0999 
2032 39.5865 
2033 39.5163 
2034 39.2737 
2035 38.8231 
2036 38.4889 

Alternative 7 Sp_Biomass
     ai22 
Equil_Fabc 69.6872 
Year 
2022 74.9803 
2023 54.782 
2024 50.8511 
2025 50.3863 
2026 51.9912 
2027 55.8323 
2028 60.2705 
2029 63.7475 
2030 66.045 
2031 67.1654 
2032 67.4906 
2033 67.3367 
2034 67.0677 
2035 66.5097 
2036 66.0142 

Alternative 7 Fishing Mortality
     ai22 
Equil_Fabc 0.305473 
Year 
2022 0.441588 
2023 0.236698 
2024 0.21856 
2025 0.269178 
2026 0.275647 
2027 0.285112 
2028 0.294473 
2029 0.303064 
2030 0.307215 
2031 0.308772 
2032 0.310478 
2033 0.310377 
2034 0.310182 
2035 0.308485 
2036 0.307974 

Alternative 7 Biomass
     ai22 

Year 
2022 253.922 
2023 211.945 
2024 215.464 
2025 230.592 
2026 246.082 
2027 262.202 
2028 275.689 
2029 284.793 
2030 289.341 
2031 291.14 
2032 290.201 
2033 288.64 
2034 287.405 
2035 286.394 
2036 286.651 

Alternative 7 Implied SPR rate 
     ai22 
Equil_Fabc 0.4 
Year 
2022 0.317446 
2023 0.461497 
2024 0.481125 
2025 0.4302 
2026 0.426231 
2027 0.420809 
2028 0.415394 
2029 0.409554 
2030 0.406578 
2031 0.405474 
2032 0.404226 
2033 0.40444 
2034 0.404689 
2035 0.405879 
2036 0.406091 

  ai22 
EquilAvgAgeF0  5.13481 
EquilAvgAgeFabc  3.52025 
AvgAgeYr2036 3.70205 
