ai22 1 2022 Cabc 38.0719
ai22 1 2022 Cofl 40.258
ai22 1 2022 CLCI 61.2639
ai22 1 2022 CUCI 61.2639
ai22 1 2022 CMedian 61.2639
ai22 1 2022 CMean 61.2639
ai22 1 2022 CStdn 1.11555e-012
ai22 1 2023 Cabc 38.0719
ai22 1 2023 Cofl 40.258
ai22 1 2023 CLCI 24.554
ai22 1 2023 CUCI 24.7727
ai22 1 2023 CMedian 24.5784
ai22 1 2023 CMean 24.6098
ai22 1 2023 CStdn 0.0894129
ai22 1 2024 Cabc 38.0719
ai22 1 2024 Cofl 40.258
ai22 1 2024 CLCI 20.0074
ai22 1 2024 CUCI 20.6222
ai22 1 2024 CMedian 20.1067
ai22 1 2024 CMean 20.1881
ai22 1 2024 CStdn 0.242166
ai22 1 2025 Cabc 38.0719
ai22 1 2025 Cofl 40.258
ai22 1 2025 CLCI 19.1342
ai22 1 2025 CUCI 21.3919
ai22 1 2025 CMedian 19.4993
ai22 1 2025 CMean 19.7917
ai22 1 2025 CStdn 0.921332
ai22 1 2026 Cabc 38.0719
ai22 1 2026 Cofl 40.258
ai22 1 2026 CLCI 18.7022
ai22 1 2026 CUCI 32.5682
ai22 1 2026 CMedian 20.5155
ai22 1 2026 CMean 22.2001
ai22 1 2026 CStdn 4.57588
ai22 1 2027 Cabc 38.0719
ai22 1 2027 Cofl 40.258
ai22 1 2027 CLCI 17.0864
ai22 1 2027 CUCI 41.9915
ai22 1 2027 CMedian 22.4425
ai22 1 2027 CMean 25.5373
ai22 1 2027 CStdn 9.05992
ai22 1 2028 Cabc 38.0719
ai22 1 2028 Cofl 40.258
ai22 1 2028 CLCI 15.0305
ai22 1 2028 CUCI 54.7314
ai22 1 2028 CMedian 25.6696
ai22 1 2028 CMean 29.2799
ai22 1 2028 CStdn 14.0185
ai22 1 2029 Cabc 38.0719
ai22 1 2029 Cofl 40.258
ai22 1 2029 CLCI 13.2209
ai22 1 2029 CUCI 65.5665
ai22 1 2029 CMedian 28.818
ai22 1 2029 CMean 32.6104
ai22 1 2029 CStdn 17.4355
ai22 1 2030 Cabc 38.0719
ai22 1 2030 Cofl 40.258
ai22 1 2030 CLCI 12.1706
ai22 1 2030 CUCI 70.0348
ai22 1 2030 CMedian 31.8488
ai22 1 2030 CMean 35.0437
ai22 1 2030 CStdn 19.395
ai22 1 2031 Cabc 38.0719
ai22 1 2031 Cofl 40.258
ai22 1 2031 CLCI 12.6419
ai22 1 2031 CUCI 72.6836
ai22 1 2031 CMedian 32.9216
ai22 1 2031 CMean 36.3684
ai22 1 2031 CStdn 20.426
ai22 1 2032 Cabc 38.0719
ai22 1 2032 Cofl 40.258
ai22 1 2032 CLCI 12.6244
ai22 1 2032 CUCI 74.1933
ai22 1 2032 CMedian 33.4729
ai22 1 2032 CMean 37.1613
ai22 1 2032 CStdn 20.7329
ai22 1 2033 Cabc 38.0719
ai22 1 2033 Cofl 40.258
ai22 1 2033 CLCI 12.1638
ai22 1 2033 CUCI 74.0917
ai22 1 2033 CMedian 34.0959
ai22 1 2033 CMean 37.283
ai22 1 2033 CStdn 20.7438
ai22 1 2034 Cabc 38.0719
ai22 1 2034 Cofl 40.258
ai22 1 2034 CLCI 12.283
ai22 1 2034 CUCI 73.4673
ai22 1 2034 CMedian 34.8061
ai22 1 2034 CMean 37.1947
ai22 1 2034 CStdn 20.1712
ai22 1 2035 Cabc 38.0719
ai22 1 2035 Cofl 40.258
ai22 1 2035 CLCI 12.5206
ai22 1 2035 CUCI 73.3558
ai22 1 2035 CMedian 33.8434
ai22 1 2035 CMean 36.9351
ai22 1 2035 CStdn 19.8537
ai22 1 2036 Cabc 38.0719
ai22 1 2036 Cofl 40.258
ai22 1 2036 CLCI 12.3422
ai22 1 2036 CUCI 73.4768
ai22 1 2036 CMedian 33.3168
ai22 1 2036 CMean 36.6776
ai22 1 2036 CStdn 19.7828
ai22 1 2022 SSBF100 174.218
ai22 1 2022 SSBFabc 69.6872
ai22 1 2022 SSBFofl 60.9763
ai22 1 2022 SSBLCI 74.9803
ai22 1 2022 SSBUCI 74.9803
ai22 1 2022 SSBMedian 74.9803
ai22 1 2022 SSBMean 74.9803
ai22 1 2023 SSBF100 174.218
ai22 1 2023 SSBFabc 69.6872
ai22 1 2023 SSBFofl 60.9763
ai22 1 2023 SSBLCI 54.782
ai22 1 2023 SSBUCI 54.782
ai22 1 2023 SSBMedian 54.782
ai22 1 2023 SSBMean 54.782
ai22 1 2024 SSBF100 174.218
ai22 1 2024 SSBFabc 69.6872
ai22 1 2024 SSBFofl 60.9763
ai22 1 2024 SSBLCI 50.8431
ai22 1 2024 SSBUCI 50.8746
ai22 1 2024 SSBMedian 50.8466
ai22 1 2024 SSBMean 50.8511
ai22 1 2025 SSBF100 174.218
ai22 1 2025 SSBFabc 69.6872
ai22 1 2025 SSBFofl 60.9763
ai22 1 2025 SSBLCI 50.3519
ai22 1 2025 SSBUCI 51.7031
ai22 1 2025 SSBMedian 50.5065
ai22 1 2025 SSBMean 50.6995
ai22 1 2026 SSBF100 174.218
ai22 1 2026 SSBFabc 69.6872
ai22 1 2026 SSBFofl 60.9763
ai22 1 2026 SSBLCI 48.5876
ai22 1 2026 SSBUCI 68.3273
ai22 1 2026 SSBMedian 50.9998
ai22 1 2026 SSBMean 53.7787
ai22 1 2027 SSBF100 174.218
ai22 1 2027 SSBFabc 69.6872
ai22 1 2027 SSBFofl 60.9763
ai22 1 2027 SSBLCI 45.0546
ai22 1 2027 SSBUCI 90.9922
ai22 1 2027 SSBMedian 53.1836
ai22 1 2027 SSBMean 58.696
ai22 1 2028 SSBF100 174.218
ai22 1 2028 SSBFabc 69.6872
ai22 1 2028 SSBFofl 60.9763
ai22 1 2028 SSBLCI 41.7339
ai22 1 2028 SSBUCI 115.738
ai22 1 2028 SSBMedian 57.1359
ai22 1 2028 SSBMean 64.0969
ai22 1 2029 SSBF100 174.218
ai22 1 2029 SSBFabc 69.6872
ai22 1 2029 SSBFofl 60.9763
ai22 1 2029 SSBLCI 39.3738
ai22 1 2029 SSBUCI 123.933
ai22 1 2029 SSBMedian 60.9529
ai22 1 2029 SSBMean 68.4803
ai22 1 2030 SSBF100 174.218
ai22 1 2030 SSBFabc 69.6872
ai22 1 2030 SSBFofl 60.9763
ai22 1 2030 SSBLCI 38.801
ai22 1 2030 SSBUCI 130.832
ai22 1 2030 SSBMedian 63.3557
ai22 1 2030 SSBMean 71.6179
ai22 1 2031 SSBF100 174.218
ai22 1 2031 SSBFabc 69.6872
ai22 1 2031 SSBFofl 60.9763
ai22 1 2031 SSBLCI 39.5778
ai22 1 2031 SSBUCI 133.461
ai22 1 2031 SSBMedian 64.2934
ai22 1 2031 SSBMean 73.4309
ai22 1 2032 SSBF100 174.218
ai22 1 2032 SSBFabc 69.6872
ai22 1 2032 SSBFofl 60.9763
ai22 1 2032 SSBLCI 39.5154
ai22 1 2032 SSBUCI 135.018
ai22 1 2032 SSBMedian 65.4695
ai22 1 2032 SSBMean 74.2545
ai22 1 2033 SSBF100 174.218
ai22 1 2033 SSBFabc 69.6872
ai22 1 2033 SSBFofl 60.9763
ai22 1 2033 SSBLCI 38.9189
ai22 1 2033 SSBUCI 133.511
ai22 1 2033 SSBMedian 66.0296
ai22 1 2033 SSBMean 74.4069
ai22 1 2034 SSBF100 174.218
ai22 1 2034 SSBFabc 69.6872
ai22 1 2034 SSBFofl 60.9763
ai22 1 2034 SSBLCI 39.4913
ai22 1 2034 SSBUCI 135.853
ai22 1 2034 SSBMedian 66.76
ai22 1 2034 SSBMean 74.3163
ai22 1 2035 SSBF100 174.218
ai22 1 2035 SSBFabc 69.6872
ai22 1 2035 SSBFofl 60.9763
ai22 1 2035 SSBLCI 39.6149
ai22 1 2035 SSBUCI 135.9
ai22 1 2035 SSBMedian 65.7491
ai22 1 2035 SSBMean 73.8268
ai22 1 2036 SSBF100 174.218
ai22 1 2036 SSBFabc 69.6872
ai22 1 2036 SSBFofl 60.9763
ai22 1 2036 SSBLCI 39.1558
ai22 1 2036 SSBUCI 133.579
ai22 1 2036 SSBMedian 65.0155
ai22 1 2036 SSBMean 73.3118
ai22 1 2022 F0 0 
ai22 1 2022 Fabc 0.305473
ai22 1 2022 Fofl 0.37995
ai22 1 2022  F_LCI 0.441588
ai22 1 2022  F_UCI 0.441588
ai22 1 2022  F_Median 0.441588
ai22 1 2022  F_Mean 0.441588
ai22 1 2023 F0 0 
ai22 1 2023 Fabc 0.305473
ai22 1 2023 Fofl 0.37995
ai22 1 2023  F_LCI 0.236698
ai22 1 2023  F_UCI 0.236698
ai22 1 2023  F_Median 0.236698
ai22 1 2023  F_Mean 0.236698
ai22 1 2024 F0 0 
ai22 1 2024 Fabc 0.305473
ai22 1 2024 Fofl 0.37995
ai22 1 2024  F_LCI 0.218523
ai22 1 2024  F_UCI 0.218668
ai22 1 2024  F_Median 0.218539
ai22 1 2024  F_Mean 0.21856
ai22 1 2025 F0 0 
ai22 1 2025 Fabc 0.305473
ai22 1 2025 Fofl 0.37995
ai22 1 2025  F_LCI 0.216256
ai22 1 2025  F_UCI 0.222491
ai22 1 2025  F_Median 0.21697
ai22 1 2025  F_Mean 0.21786
ai22 1 2026 F0 0 
ai22 1 2026 Fabc 0.305473
ai22 1 2026 Fofl 0.37995
ai22 1 2026  F_LCI 0.208115
ai22 1 2026  F_UCI 0.299198
ai22 1 2026  F_Median 0.219246
ai22 1 2026  F_Mean 0.229459
ai22 1 2027 F0 0 
ai22 1 2027 Fabc 0.305473
ai22 1 2027 Fofl 0.37995
ai22 1 2027  F_LCI 0.191814
ai22 1 2027  F_UCI 0.305473
ai22 1 2027  F_Median 0.229322
ai22 1 2027  F_Mean 0.23992
ai22 1 2028 F0 0 
ai22 1 2028 Fabc 0.305473
ai22 1 2028 Fofl 0.37995
ai22 1 2028  F_LCI 0.176491
ai22 1 2028  F_UCI 0.305473
ai22 1 2028  F_Median 0.247559
ai22 1 2028  F_Mean 0.24815
ai22 1 2029 F0 0 
ai22 1 2029 Fabc 0.305473
ai22 1 2029 Fofl 0.37995
ai22 1 2029  F_LCI 0.165601
ai22 1 2029  F_UCI 0.305473
ai22 1 2029  F_Median 0.265171
ai22 1 2029  F_Mean 0.254579
ai22 1 2030 F0 0 
ai22 1 2030 Fabc 0.305473
ai22 1 2030 Fofl 0.37995
ai22 1 2030  F_LCI 0.162958
ai22 1 2030  F_UCI 0.305473
ai22 1 2030  F_Median 0.276258
ai22 1 2030  F_Mean 0.258001
ai22 1 2031 F0 0 
ai22 1 2031 Fabc 0.305473
ai22 1 2031 Fofl 0.37995
ai22 1 2031  F_LCI 0.166542
ai22 1 2031  F_UCI 0.305473
ai22 1 2031  F_Median 0.280585
ai22 1 2031  F_Mean 0.25901
ai22 1 2032 F0 0 
ai22 1 2032 Fabc 0.305473
ai22 1 2032 Fofl 0.37995
ai22 1 2032  F_LCI 0.166254
ai22 1 2032  F_UCI 0.305473
ai22 1 2032  F_Median 0.286012
ai22 1 2032  F_Mean 0.261722
ai22 1 2033 F0 0 
ai22 1 2033 Fabc 0.305473
ai22 1 2033 Fofl 0.37995
ai22 1 2033  F_LCI 0.163502
ai22 1 2033  F_UCI 0.305473
ai22 1 2033  F_Median 0.288596
ai22 1 2033  F_Mean 0.261436
ai22 1 2034 F0 0 
ai22 1 2034 Fabc 0.305473
ai22 1 2034 Fofl 0.37995
ai22 1 2034  F_LCI 0.166143
ai22 1 2034  F_UCI 0.305473
ai22 1 2034  F_Median 0.291966
ai22 1 2034  F_Mean 0.261633
ai22 1 2035 F0 0 
ai22 1 2035 Fabc 0.305473
ai22 1 2035 Fofl 0.37995
ai22 1 2035  F_LCI 0.166713
ai22 1 2035  F_UCI 0.305473
ai22 1 2035  F_Median 0.287302
ai22 1 2035  F_Mean 0.261231
ai22 1 2036 F0 0 
ai22 1 2036 Fabc 0.305473
ai22 1 2036 Fofl 0.37995
ai22 1 2036  F_LCI 0.164595
ai22 1 2036  F_UCI 0.305473
ai22 1 2036  F_Median 0.283917
ai22 1 2036  F_Mean 0.261254
ai22 2 2022 Cabc 38.0719
ai22 2 2022 Cofl 40.258
ai22 2 2022 CLCI 61.2639
ai22 2 2022 CUCI 61.2639
ai22 2 2022 CMedian 61.2639
ai22 2 2022 CMean 61.2639
ai22 2 2022 CStdn 1.11555e-012
ai22 2 2023 Cabc 38.0719
ai22 2 2023 Cofl 40.258
ai22 2 2023 CLCI 24.554
ai22 2 2023 CUCI 24.7727
ai22 2 2023 CMedian 24.5784
ai22 2 2023 CMean 24.6098
ai22 2 2023 CStdn 0.0894129
ai22 2 2024 Cabc 38.0719
ai22 2 2024 Cofl 40.258
ai22 2 2024 CLCI 20.0074
ai22 2 2024 CUCI 20.6222
ai22 2 2024 CMedian 20.1067
ai22 2 2024 CMean 20.1881
ai22 2 2024 CStdn 0.242166
ai22 2 2025 Cabc 38.0719
ai22 2 2025 Cofl 40.258
ai22 2 2025 CLCI 19.1342
ai22 2 2025 CUCI 21.3919
ai22 2 2025 CMedian 19.4993
ai22 2 2025 CMean 19.7917
ai22 2 2025 CStdn 0.921332
ai22 2 2026 Cabc 38.0719
ai22 2 2026 Cofl 40.258
ai22 2 2026 CLCI 18.7022
ai22 2 2026 CUCI 32.5682
ai22 2 2026 CMedian 20.5155
ai22 2 2026 CMean 22.2001
ai22 2 2026 CStdn 4.57588
ai22 2 2027 Cabc 38.0719
ai22 2 2027 Cofl 40.258
ai22 2 2027 CLCI 17.0864
ai22 2 2027 CUCI 41.9915
ai22 2 2027 CMedian 22.4425
ai22 2 2027 CMean 25.5373
ai22 2 2027 CStdn 9.05992
ai22 2 2028 Cabc 38.0719
ai22 2 2028 Cofl 40.258
ai22 2 2028 CLCI 15.0305
ai22 2 2028 CUCI 54.7314
ai22 2 2028 CMedian 25.6696
ai22 2 2028 CMean 29.2799
ai22 2 2028 CStdn 14.0185
ai22 2 2029 Cabc 38.0719
ai22 2 2029 Cofl 40.258
ai22 2 2029 CLCI 13.2209
ai22 2 2029 CUCI 65.5665
ai22 2 2029 CMedian 28.818
ai22 2 2029 CMean 32.6104
ai22 2 2029 CStdn 17.4355
ai22 2 2030 Cabc 38.0719
ai22 2 2030 Cofl 40.258
ai22 2 2030 CLCI 12.1706
ai22 2 2030 CUCI 70.0348
ai22 2 2030 CMedian 31.8488
ai22 2 2030 CMean 35.0437
ai22 2 2030 CStdn 19.395
ai22 2 2031 Cabc 38.0719
ai22 2 2031 Cofl 40.258
ai22 2 2031 CLCI 12.6419
ai22 2 2031 CUCI 72.6836
ai22 2 2031 CMedian 32.9216
ai22 2 2031 CMean 36.3684
ai22 2 2031 CStdn 20.426
ai22 2 2032 Cabc 38.0719
ai22 2 2032 Cofl 40.258
ai22 2 2032 CLCI 12.6244
ai22 2 2032 CUCI 74.1933
ai22 2 2032 CMedian 33.4729
ai22 2 2032 CMean 37.1613
ai22 2 2032 CStdn 20.7329
ai22 2 2033 Cabc 38.0719
ai22 2 2033 Cofl 40.258
ai22 2 2033 CLCI 12.1638
ai22 2 2033 CUCI 74.0917
ai22 2 2033 CMedian 34.0959
ai22 2 2033 CMean 37.283
ai22 2 2033 CStdn 20.7438
ai22 2 2034 Cabc 38.0719
ai22 2 2034 Cofl 40.258
ai22 2 2034 CLCI 12.283
ai22 2 2034 CUCI 73.4673
ai22 2 2034 CMedian 34.8061
ai22 2 2034 CMean 37.1947
ai22 2 2034 CStdn 20.1712
ai22 2 2035 Cabc 38.0719
ai22 2 2035 Cofl 40.258
ai22 2 2035 CLCI 12.5206
ai22 2 2035 CUCI 73.3558
ai22 2 2035 CMedian 33.8434
ai22 2 2035 CMean 36.9351
ai22 2 2035 CStdn 19.8537
ai22 2 2036 Cabc 38.0719
ai22 2 2036 Cofl 40.258
ai22 2 2036 CLCI 12.3422
ai22 2 2036 CUCI 73.4768
ai22 2 2036 CMedian 33.3168
ai22 2 2036 CMean 36.6776
ai22 2 2036 CStdn 19.7828
ai22 2 2022 SSBF100 174.218
ai22 2 2022 SSBFabc 69.6872
ai22 2 2022 SSBFofl 60.9763
ai22 2 2022 SSBLCI 74.9803
ai22 2 2022 SSBUCI 74.9803
ai22 2 2022 SSBMedian 74.9803
ai22 2 2022 SSBMean 74.9803
ai22 2 2023 SSBF100 174.218
ai22 2 2023 SSBFabc 69.6872
ai22 2 2023 SSBFofl 60.9763
ai22 2 2023 SSBLCI 54.782
ai22 2 2023 SSBUCI 54.782
ai22 2 2023 SSBMedian 54.782
ai22 2 2023 SSBMean 54.782
ai22 2 2024 SSBF100 174.218
ai22 2 2024 SSBFabc 69.6872
ai22 2 2024 SSBFofl 60.9763
ai22 2 2024 SSBLCI 50.8431
ai22 2 2024 SSBUCI 50.8746
ai22 2 2024 SSBMedian 50.8466
ai22 2 2024 SSBMean 50.8511
ai22 2 2025 SSBF100 174.218
ai22 2 2025 SSBFabc 69.6872
ai22 2 2025 SSBFofl 60.9763
ai22 2 2025 SSBLCI 50.3519
ai22 2 2025 SSBUCI 51.7031
ai22 2 2025 SSBMedian 50.5065
ai22 2 2025 SSBMean 50.6995
ai22 2 2026 SSBF100 174.218
ai22 2 2026 SSBFabc 69.6872
ai22 2 2026 SSBFofl 60.9763
ai22 2 2026 SSBLCI 48.5876
ai22 2 2026 SSBUCI 68.3273
ai22 2 2026 SSBMedian 50.9998
ai22 2 2026 SSBMean 53.7787
ai22 2 2027 SSBF100 174.218
ai22 2 2027 SSBFabc 69.6872
ai22 2 2027 SSBFofl 60.9763
ai22 2 2027 SSBLCI 45.0546
ai22 2 2027 SSBUCI 90.9922
ai22 2 2027 SSBMedian 53.1836
ai22 2 2027 SSBMean 58.696
ai22 2 2028 SSBF100 174.218
ai22 2 2028 SSBFabc 69.6872
ai22 2 2028 SSBFofl 60.9763
ai22 2 2028 SSBLCI 41.7339
ai22 2 2028 SSBUCI 115.738
ai22 2 2028 SSBMedian 57.1359
ai22 2 2028 SSBMean 64.0969
ai22 2 2029 SSBF100 174.218
ai22 2 2029 SSBFabc 69.6872
ai22 2 2029 SSBFofl 60.9763
ai22 2 2029 SSBLCI 39.3738
ai22 2 2029 SSBUCI 123.933
ai22 2 2029 SSBMedian 60.9529
ai22 2 2029 SSBMean 68.4803
ai22 2 2030 SSBF100 174.218
ai22 2 2030 SSBFabc 69.6872
ai22 2 2030 SSBFofl 60.9763
ai22 2 2030 SSBLCI 38.801
ai22 2 2030 SSBUCI 130.832
ai22 2 2030 SSBMedian 63.3557
ai22 2 2030 SSBMean 71.6179
ai22 2 2031 SSBF100 174.218
ai22 2 2031 SSBFabc 69.6872
ai22 2 2031 SSBFofl 60.9763
ai22 2 2031 SSBLCI 39.5778
ai22 2 2031 SSBUCI 133.461
ai22 2 2031 SSBMedian 64.2934
ai22 2 2031 SSBMean 73.4309
ai22 2 2032 SSBF100 174.218
ai22 2 2032 SSBFabc 69.6872
ai22 2 2032 SSBFofl 60.9763
ai22 2 2032 SSBLCI 39.5154
ai22 2 2032 SSBUCI 135.018
ai22 2 2032 SSBMedian 65.4695
ai22 2 2032 SSBMean 74.2545
ai22 2 2033 SSBF100 174.218
ai22 2 2033 SSBFabc 69.6872
ai22 2 2033 SSBFofl 60.9763
ai22 2 2033 SSBLCI 38.9189
ai22 2 2033 SSBUCI 133.511
ai22 2 2033 SSBMedian 66.0296
ai22 2 2033 SSBMean 74.4069
ai22 2 2034 SSBF100 174.218
ai22 2 2034 SSBFabc 69.6872
ai22 2 2034 SSBFofl 60.9763
ai22 2 2034 SSBLCI 39.4913
ai22 2 2034 SSBUCI 135.853
ai22 2 2034 SSBMedian 66.76
ai22 2 2034 SSBMean 74.3163
ai22 2 2035 SSBF100 174.218
ai22 2 2035 SSBFabc 69.6872
ai22 2 2035 SSBFofl 60.9763
ai22 2 2035 SSBLCI 39.6149
ai22 2 2035 SSBUCI 135.9
ai22 2 2035 SSBMedian 65.7491
ai22 2 2035 SSBMean 73.8268
ai22 2 2036 SSBF100 174.218
ai22 2 2036 SSBFabc 69.6872
ai22 2 2036 SSBFofl 60.9763
ai22 2 2036 SSBLCI 39.1558
ai22 2 2036 SSBUCI 133.579
ai22 2 2036 SSBMedian 65.0155
ai22 2 2036 SSBMean 73.3118
ai22 2 2022 F0 0 
ai22 2 2022 Fabc 0.305473
ai22 2 2022 Fofl 0.37995
ai22 2 2022  F_LCI 0.441588
ai22 2 2022  F_UCI 0.441588
ai22 2 2022  F_Median 0.441588
ai22 2 2022  F_Mean 0.441588
ai22 2 2023 F0 0 
ai22 2 2023 Fabc 0.305473
ai22 2 2023 Fofl 0.37995
ai22 2 2023  F_LCI 0.236698
ai22 2 2023  F_UCI 0.236698
ai22 2 2023  F_Median 0.236698
ai22 2 2023  F_Mean 0.236698
ai22 2 2024 F0 0 
ai22 2 2024 Fabc 0.305473
ai22 2 2024 Fofl 0.37995
ai22 2 2024  F_LCI 0.218523
ai22 2 2024  F_UCI 0.218668
ai22 2 2024  F_Median 0.218539
ai22 2 2024  F_Mean 0.21856
ai22 2 2025 F0 0 
ai22 2 2025 Fabc 0.305473
ai22 2 2025 Fofl 0.37995
ai22 2 2025  F_LCI 0.216256
ai22 2 2025  F_UCI 0.222491
ai22 2 2025  F_Median 0.21697
ai22 2 2025  F_Mean 0.21786
ai22 2 2026 F0 0 
ai22 2 2026 Fabc 0.305473
ai22 2 2026 Fofl 0.37995
ai22 2 2026  F_LCI 0.208115
ai22 2 2026  F_UCI 0.299198
ai22 2 2026  F_Median 0.219246
ai22 2 2026  F_Mean 0.229459
ai22 2 2027 F0 0 
ai22 2 2027 Fabc 0.305473
ai22 2 2027 Fofl 0.37995
ai22 2 2027  F_LCI 0.191814
ai22 2 2027  F_UCI 0.305473
ai22 2 2027  F_Median 0.229322
ai22 2 2027  F_Mean 0.23992
ai22 2 2028 F0 0 
ai22 2 2028 Fabc 0.305473
ai22 2 2028 Fofl 0.37995
ai22 2 2028  F_LCI 0.176491
ai22 2 2028  F_UCI 0.305473
ai22 2 2028  F_Median 0.247559
ai22 2 2028  F_Mean 0.24815
ai22 2 2029 F0 0 
ai22 2 2029 Fabc 0.305473
ai22 2 2029 Fofl 0.37995
ai22 2 2029  F_LCI 0.165601
ai22 2 2029  F_UCI 0.305473
ai22 2 2029  F_Median 0.265171
ai22 2 2029  F_Mean 0.254579
ai22 2 2030 F0 0 
ai22 2 2030 Fabc 0.305473
ai22 2 2030 Fofl 0.37995
ai22 2 2030  F_LCI 0.162958
ai22 2 2030  F_UCI 0.305473
ai22 2 2030  F_Median 0.276258
ai22 2 2030  F_Mean 0.258001
ai22 2 2031 F0 0 
ai22 2 2031 Fabc 0.305473
ai22 2 2031 Fofl 0.37995
ai22 2 2031  F_LCI 0.166542
ai22 2 2031  F_UCI 0.305473
ai22 2 2031  F_Median 0.280585
ai22 2 2031  F_Mean 0.25901
ai22 2 2032 F0 0 
ai22 2 2032 Fabc 0.305473
ai22 2 2032 Fofl 0.37995
ai22 2 2032  F_LCI 0.166254
ai22 2 2032  F_UCI 0.305473
ai22 2 2032  F_Median 0.286012
ai22 2 2032  F_Mean 0.261722
ai22 2 2033 F0 0 
ai22 2 2033 Fabc 0.305473
ai22 2 2033 Fofl 0.37995
ai22 2 2033  F_LCI 0.163502
ai22 2 2033  F_UCI 0.305473
ai22 2 2033  F_Median 0.288596
ai22 2 2033  F_Mean 0.261436
ai22 2 2034 F0 0 
ai22 2 2034 Fabc 0.305473
ai22 2 2034 Fofl 0.37995
ai22 2 2034  F_LCI 0.166143
ai22 2 2034  F_UCI 0.305473
ai22 2 2034  F_Median 0.291966
ai22 2 2034  F_Mean 0.261633
ai22 2 2035 F0 0 
ai22 2 2035 Fabc 0.305473
ai22 2 2035 Fofl 0.37995
ai22 2 2035  F_LCI 0.166713
ai22 2 2035  F_UCI 0.305473
ai22 2 2035  F_Median 0.287302
ai22 2 2035  F_Mean 0.261231
ai22 2 2036 F0 0 
ai22 2 2036 Fabc 0.305473
ai22 2 2036 Fofl 0.37995
ai22 2 2036  F_LCI 0.164595
ai22 2 2036  F_UCI 0.305473
ai22 2 2036  F_Median 0.283917
ai22 2 2036  F_Mean 0.261254
ai22 3 2022 Cabc 38.0719
ai22 3 2022 Cofl 40.258
ai22 3 2022 CLCI 61.2639
ai22 3 2022 CUCI 61.2639
ai22 3 2022 CMedian 61.2639
ai22 3 2022 CMean 61.2639
ai22 3 2022 CStdn 1.11555e-012
ai22 3 2023 Cabc 38.0719
ai22 3 2023 Cofl 40.258
ai22 3 2023 CLCI 2.97187
ai22 3 2023 CUCI 2.99618
ai22 3 2023 CMedian 2.97459
ai22 3 2023 CMean 2.97808
ai22 3 2023 CStdn 0.0099351
ai22 3 2024 Cabc 38.0719
ai22 3 2024 Cofl 40.258
ai22 3 2024 CLCI 3.03685
ai22 3 2024 CUCI 3.10952
ai22 3 2024 CMedian 3.04862
ai22 3 2024 CMean 3.0583
ai22 3 2024 CStdn 0.0286446
ai22 3 2025 Cabc 38.0719
ai22 3 2025 Cofl 40.258
ai22 3 2025 CLCI 3.23747
ai22 3 2025 CUCI 3.44824
ai22 3 2025 CMedian 3.27602
ai22 3 2025 CMean 3.30176
ai22 3 2025 CStdn 0.0833928
ai22 3 2026 Cabc 38.0719
ai22 3 2026 Cofl 40.258
ai22 3 2026 CLCI 3.52636
ai22 3 2026 CUCI 4.16
ai22 3 2026 CMedian 3.63874
ai22 3 2026 CMean 3.71841
ai22 3 2026 CStdn 0.251672
ai22 3 2027 Cabc 38.0719
ai22 3 2027 Cofl 40.258
ai22 3 2027 CLCI 3.71556
ai22 3 2027 CUCI 5.36828
ai22 3 2027 CMedian 4.03222
ai22 3 2027 CMean 4.23172
ai22 3 2027 CStdn 0.65462
ai22 3 2028 Cabc 38.0719
ai22 3 2028 Cofl 40.258
ai22 3 2028 CLCI 3.73381
ai22 3 2028 CUCI 7.19919
ai22 3 2028 CMedian 4.43525
ai22 3 2028 CMean 4.81889
ai22 3 2028 CStdn 1.28568
ai22 3 2029 Cabc 38.0719
ai22 3 2029 Cofl 40.258
ai22 3 2029 CLCI 3.64551
ai22 3 2029 CUCI 9.22149
ai22 3 2029 CMedian 4.92077
ai22 3 2029 CMean 5.42237
ai22 3 2029 CStdn 1.90469
ai22 3 2030 Cabc 38.0719
ai22 3 2030 Cofl 40.258
ai22 3 2030 CLCI 3.51632
ai22 3 2030 CUCI 10.5021
ai22 3 2030 CMedian 5.39265
ai22 3 2030 CMean 6.01146
ai22 3 2030 CStdn 2.4206
ai22 3 2031 Cabc 38.0719
ai22 3 2031 Cofl 40.258
ai22 3 2031 CLCI 3.49073
ai22 3 2031 CUCI 11.4558
ai22 3 2031 CMedian 5.85806
ai22 3 2031 CMean 6.49657
ai22 3 2031 CStdn 2.70886
ai22 3 2032 Cabc 38.0719
ai22 3 2032 Cofl 40.258
ai22 3 2032 CLCI 3.57403
ai22 3 2032 CUCI 12.2976
ai22 3 2032 CMedian 6.25247
ai22 3 2032 CMean 6.87889
ai22 3 2032 CStdn 2.917
ai22 3 2033 Cabc 38.0719
ai22 3 2033 Cofl 40.258
ai22 3 2033 CLCI 3.68597
ai22 3 2033 CUCI 12.5866
ai22 3 2033 CMedian 6.50098
ai22 3 2033 CMean 7.16772
ai22 3 2033 CStdn 3.05231
ai22 3 2034 Cabc 38.0719
ai22 3 2034 Cofl 40.258
ai22 3 2034 CLCI 3.64223
ai22 3 2034 CUCI 12.8946
ai22 3 2034 CMedian 6.75869
ai22 3 2034 CMean 7.38103
ai22 3 2034 CStdn 3.0753
ai22 3 2035 Cabc 38.0719
ai22 3 2035 Cofl 40.258
ai22 3 2035 CLCI 3.74678
ai22 3 2035 CUCI 13.231
ai22 3 2035 CMedian 6.99155
ai22 3 2035 CMean 7.53649
ai22 3 2035 CStdn 3.06703
ai22 3 2036 Cabc 38.0719
ai22 3 2036 Cofl 40.258
ai22 3 2036 CLCI 3.79906
ai22 3 2036 CUCI 13.2554
ai22 3 2036 CMedian 7.1142
ai22 3 2036 CMean 7.64622
ai22 3 2036 CStdn 3.04826
ai22 3 2022 SSBF100 174.218
ai22 3 2022 SSBFabc 69.6872
ai22 3 2022 SSBFofl 60.9763
ai22 3 2022 SSBLCI 74.9803
ai22 3 2022 SSBUCI 74.9803
ai22 3 2022 SSBMedian 74.9803
ai22 3 2022 SSBMean 74.9803
ai22 3 2023 SSBF100 174.218
ai22 3 2023 SSBFabc 69.6872
ai22 3 2023 SSBFofl 60.9763
ai22 3 2023 SSBLCI 56.4176
ai22 3 2023 SSBUCI 56.4176
ai22 3 2023 SSBMedian 56.4176
ai22 3 2023 SSBMean 56.4176
ai22 3 2024 SSBF100 174.218
ai22 3 2024 SSBFabc 69.6872
ai22 3 2024 SSBFofl 60.9763
ai22 3 2024 SSBLCI 60.35
ai22 3 2024 SSBUCI 60.3826
ai22 3 2024 SSBMedian 60.3536
ai22 3 2024 SSBMean 60.3583
ai22 3 2025 SSBF100 174.218
ai22 3 2025 SSBFabc 69.6872
ai22 3 2025 SSBFofl 60.9763
ai22 3 2025 SSBLCI 65.3383
ai22 3 2025 SSBUCI 66.7477
ai22 3 2025 SSBMedian 65.4996
ai22 3 2025 SSBMean 65.7008
ai22 3 2026 SSBF100 174.218
ai22 3 2026 SSBFabc 69.6872
ai22 3 2026 SSBFofl 60.9763
ai22 3 2026 SSBLCI 67.978
ai22 3 2026 SSBUCI 89.1155
ai22 3 2026 SSBMedian 70.5431
ai22 3 2026 SSBMean 73.5088
ai22 3 2027 SSBF100 174.218
ai22 3 2027 SSBFabc 69.6872
ai22 3 2027 SSBFofl 60.9763
ai22 3 2027 SSBLCI 67.8568
ai22 3 2027 SSBUCI 120.099
ai22 3 2027 SSBMedian 77.0686
ai22 3 2027 SSBMean 83.5228
ai22 3 2028 SSBF100 174.218
ai22 3 2028 SSBFabc 69.6872
ai22 3 2028 SSBFofl 60.9763
ai22 3 2028 SSBLCI 66.8293
ai22 3 2028 SSBUCI 155.867
ai22 3 2028 SSBMedian 85.8476
ai22 3 2028 SSBMean 94.7196
ai22 3 2029 SSBF100 174.218
ai22 3 2029 SSBFabc 69.6872
ai22 3 2029 SSBFofl 60.9763
ai22 3 2029 SSBLCI 65.9887
ai22 3 2029 SSBUCI 180.402
ai22 3 2029 SSBMedian 95.4829
ai22 3 2029 SSBMean 105.474
ai22 3 2030 SSBF100 174.218
ai22 3 2030 SSBFabc 69.6872
ai22 3 2030 SSBFofl 60.9763
ai22 3 2030 SSBLCI 65.9986
ai22 3 2030 SSBUCI 197.675
ai22 3 2030 SSBMedian 104.425
ai22 3 2030 SSBMean 115.385
ai22 3 2031 SSBF100 174.218
ai22 3 2031 SSBFabc 69.6872
ai22 3 2031 SSBFofl 60.9763
ai22 3 2031 SSBLCI 66.2051
ai22 3 2031 SSBUCI 219.628
ai22 3 2031 SSBMedian 113.046
ai22 3 2031 SSBMean 123.871
ai22 3 2032 SSBF100 174.218
ai22 3 2032 SSBFabc 69.6872
ai22 3 2032 SSBFofl 60.9763
ai22 3 2032 SSBLCI 69.65
ai22 3 2032 SSBUCI 228.227
ai22 3 2032 SSBMedian 119.002
ai22 3 2032 SSBMean 130.642
ai22 3 2033 SSBF100 174.218
ai22 3 2033 SSBFabc 69.6872
ai22 3 2033 SSBFofl 60.9763
ai22 3 2033 SSBLCI 69.8843
ai22 3 2033 SSBUCI 233.005
ai22 3 2033 SSBMedian 125.584
ai22 3 2033 SSBMean 135.919
ai22 3 2034 SSBF100 174.218
ai22 3 2034 SSBFabc 69.6872
ai22 3 2034 SSBFofl 60.9763
ai22 3 2034 SSBLCI 70.2628
ai22 3 2034 SSBUCI 240.73
ai22 3 2034 SSBMedian 129.579
ai22 3 2034 SSBMean 140.044
ai22 3 2035 SSBF100 174.218
ai22 3 2035 SSBFabc 69.6872
ai22 3 2035 SSBFofl 60.9763
ai22 3 2035 SSBLCI 70.7323
ai22 3 2035 SSBUCI 245.598
ai22 3 2035 SSBMedian 133.384
ai22 3 2035 SSBMean 142.802
ai22 3 2036 SSBF100 174.218
ai22 3 2036 SSBFabc 69.6872
ai22 3 2036 SSBFofl 60.9763
ai22 3 2036 SSBLCI 71.9817
ai22 3 2036 SSBUCI 250.177
ai22 3 2036 SSBMedian 135.185
ai22 3 2036 SSBMean 144.676
ai22 3 2022 F0 0 
ai22 3 2022 Fabc 0.305473
ai22 3 2022 Fofl 0.37995
ai22 3 2022  F_LCI 0.441588
ai22 3 2022  F_UCI 0.441588
ai22 3 2022  F_Median 0.441588
ai22 3 2022  F_Mean 0.441588
ai22 3 2023 F0 0 
ai22 3 2023 Fabc 0.305473
ai22 3 2023 Fofl 0.37995
ai22 3 2023  F_LCI 0.0262659
ai22 3 2023  F_UCI 0.0262659
ai22 3 2023  F_Median 0.0262659
ai22 3 2023  F_Mean 0.0262659
ai22 3 2024 F0 0 
ai22 3 2024 Fabc 0.305473
ai22 3 2024 Fofl 0.37995
ai22 3 2024  F_LCI 0.0262659
ai22 3 2024  F_UCI 0.0262659
ai22 3 2024  F_Median 0.0262659
ai22 3 2024  F_Mean 0.0262659
ai22 3 2025 F0 0 
ai22 3 2025 Fabc 0.305473
ai22 3 2025 Fofl 0.37995
ai22 3 2025  F_LCI 0.0262659
ai22 3 2025  F_UCI 0.0262659
ai22 3 2025  F_Median 0.0262659
ai22 3 2025  F_Mean 0.0262659
ai22 3 2026 F0 0 
ai22 3 2026 Fabc 0.305473
ai22 3 2026 Fofl 0.37995
ai22 3 2026  F_LCI 0.0262659
ai22 3 2026  F_UCI 0.0262659
ai22 3 2026  F_Median 0.0262659
ai22 3 2026  F_Mean 0.0262659
ai22 3 2027 F0 0 
ai22 3 2027 Fabc 0.305473
ai22 3 2027 Fofl 0.37995
ai22 3 2027  F_LCI 0.0262659
ai22 3 2027  F_UCI 0.0262659
ai22 3 2027  F_Median 0.0262659
ai22 3 2027  F_Mean 0.0262659
ai22 3 2028 F0 0 
ai22 3 2028 Fabc 0.305473
ai22 3 2028 Fofl 0.37995
ai22 3 2028  F_LCI 0.0262659
ai22 3 2028  F_UCI 0.0262659
ai22 3 2028  F_Median 0.0262659
ai22 3 2028  F_Mean 0.0262659
ai22 3 2029 F0 0 
ai22 3 2029 Fabc 0.305473
ai22 3 2029 Fofl 0.37995
ai22 3 2029  F_LCI 0.0262659
ai22 3 2029  F_UCI 0.0262659
ai22 3 2029  F_Median 0.0262659
ai22 3 2029  F_Mean 0.0262659
ai22 3 2030 F0 0 
ai22 3 2030 Fabc 0.305473
ai22 3 2030 Fofl 0.37995
ai22 3 2030  F_LCI 0.0262659
ai22 3 2030  F_UCI 0.0262659
ai22 3 2030  F_Median 0.0262659
ai22 3 2030  F_Mean 0.0262659
ai22 3 2031 F0 0 
ai22 3 2031 Fabc 0.305473
ai22 3 2031 Fofl 0.37995
ai22 3 2031  F_LCI 0.0262659
ai22 3 2031  F_UCI 0.0262659
ai22 3 2031  F_Median 0.0262659
ai22 3 2031  F_Mean 0.0262659
ai22 3 2032 F0 0 
ai22 3 2032 Fabc 0.305473
ai22 3 2032 Fofl 0.37995
ai22 3 2032  F_LCI 0.0262659
ai22 3 2032  F_UCI 0.0262659
ai22 3 2032  F_Median 0.0262659
ai22 3 2032  F_Mean 0.0262659
ai22 3 2033 F0 0 
ai22 3 2033 Fabc 0.305473
ai22 3 2033 Fofl 0.37995
ai22 3 2033  F_LCI 0.0262659
ai22 3 2033  F_UCI 0.0262659
ai22 3 2033  F_Median 0.0262659
ai22 3 2033  F_Mean 0.0262659
ai22 3 2034 F0 0 
ai22 3 2034 Fabc 0.305473
ai22 3 2034 Fofl 0.37995
ai22 3 2034  F_LCI 0.0262659
ai22 3 2034  F_UCI 0.0262659
ai22 3 2034  F_Median 0.0262659
ai22 3 2034  F_Mean 0.0262659
ai22 3 2035 F0 0 
ai22 3 2035 Fabc 0.305473
ai22 3 2035 Fofl 0.37995
ai22 3 2035  F_LCI 0.0262659
ai22 3 2035  F_UCI 0.0262659
ai22 3 2035  F_Median 0.0262659
ai22 3 2035  F_Mean 0.0262659
ai22 3 2036 F0 0 
ai22 3 2036 Fabc 0.305473
ai22 3 2036 Fofl 0.37995
ai22 3 2036  F_LCI 0.0262659
ai22 3 2036  F_UCI 0.0262659
ai22 3 2036  F_Median 0.0262659
ai22 3 2036  F_Mean 0.0262659
ai22 4 2022 Cabc 38.0719
ai22 4 2022 Cofl 40.258
ai22 4 2022 CLCI 61.2639
ai22 4 2022 CUCI 61.2639
ai22 4 2022 CMedian 61.2639
ai22 4 2022 CMean 61.2639
ai22 4 2022 CStdn 1.11555e-012
ai22 4 2023 Cabc 38.0719
ai22 4 2023 Cofl 40.258
ai22 4 2023 CLCI 14.5601
ai22 4 2023 CUCI 14.6846
ai22 4 2023 CMedian 14.574
ai22 4 2023 CMean 14.5919
ai22 4 2023 CStdn 0.0508891
ai22 4 2024 Cabc 38.0719
ai22 4 2024 Cofl 40.258
ai22 4 2024 CLCI 13.7337
ai22 4 2024 CUCI 14.1051
ai22 4 2024 CMedian 13.7938
ai22 4 2024 CMean 13.8434
ai22 4 2024 CStdn 0.146417
ai22 4 2025 Cabc 38.0719
ai22 4 2025 Cofl 40.258
ai22 4 2025 CLCI 13.7905
ai22 4 2025 CUCI 14.8626
ai22 4 2025 CMedian 13.987
ai22 4 2025 CMean 14.1177
ai22 4 2025 CStdn 0.424016
ai22 4 2026 Cabc 38.0719
ai22 4 2026 Cofl 40.258
ai22 4 2026 CLCI 14.3317
ai22 4 2026 CUCI 17.5067
ai22 4 2026 CMedian 14.8994
ai22 4 2026 CMean 15.2977
ai22 4 2026 CStdn 1.26287
ai22 4 2027 Cabc 38.0719
ai22 4 2027 Cofl 40.258
ai22 4 2027 CLCI 14.4291
ai22 4 2027 CUCI 22.5558
ai22 4 2027 CMedian 15.9886
ai22 4 2027 CMean 16.9649
ai22 4 2027 CStdn 3.19545
ai22 4 2028 Cabc 38.0719
ai22 4 2028 Cofl 40.258
ai22 4 2028 CLCI 13.8387
ai22 4 2028 CUCI 30.1601
ai22 4 2028 CMedian 17.214
ai22 4 2028 CMean 18.9743
ai22 4 2028 CStdn 6.00828
ai22 4 2029 Cabc 38.0719
ai22 4 2029 Cofl 40.258
ai22 4 2029 CLCI 12.9489
ai22 4 2029 CUCI 37.8895
ai22 4 2029 CMedian 18.741
ai22 4 2029 CMean 21.0163
ai22 4 2029 CStdn 8.46581
ai22 4 2030 Cabc 38.0719
ai22 4 2030 Cofl 40.258
ai22 4 2030 CLCI 12.064
ai22 4 2030 CUCI 41.775
ai22 4 2030 CMedian 20.3985
ai22 4 2030 CMean 22.9094
ai22 4 2030 CStdn 10.2406
ai22 4 2031 Cabc 38.0719
ai22 4 2031 Cofl 40.258
ai22 4 2031 CLCI 11.8946
ai22 4 2031 CUCI 44.9512
ai22 4 2031 CMedian 21.6814
ai22 4 2031 CMean 24.2955
ai22 4 2031 CStdn 11.1674
ai22 4 2032 Cabc 38.0719
ai22 4 2032 Cofl 40.258
ai22 4 2032 CLCI 11.9585
ai22 4 2032 CUCI 46.366
ai22 4 2032 CMedian 22.6024
ai22 4 2032 CMean 25.2574
ai22 4 2032 CStdn 11.7583
ai22 4 2033 Cabc 38.0719
ai22 4 2033 Cofl 40.258
ai22 4 2033 CLCI 12.0614
ai22 4 2033 CUCI 47.3268
ai22 4 2033 CMedian 23.2288
ai22 4 2033 CMean 25.8645
ai22 4 2033 CStdn 12.0183
ai22 4 2034 Cabc 38.0719
ai22 4 2034 Cofl 40.258
ai22 4 2034 CLCI 12.206
ai22 4 2034 CUCI 48.0839
ai22 4 2034 CMedian 23.8522
ai22 4 2034 CMean 26.2262
ai22 4 2034 CStdn 11.8375
ai22 4 2035 Cabc 38.0719
ai22 4 2035 Cofl 40.258
ai22 4 2035 CLCI 12.2936
ai22 4 2035 CUCI 48.8761
ai22 4 2035 CMedian 24.0681
ai22 4 2035 CMean 26.4277
ai22 4 2035 CStdn 11.6371
ai22 4 2036 Cabc 38.0719
ai22 4 2036 Cofl 40.258
ai22 4 2036 CLCI 12.3296
ai22 4 2036 CUCI 48.4104
ai22 4 2036 CMedian 24.1226
ai22 4 2036 CMean 26.513
ai22 4 2036 CStdn 11.5194
ai22 4 2022 SSBF100 174.218
ai22 4 2022 SSBFabc 69.6872
ai22 4 2022 SSBFofl 60.9763
ai22 4 2022 SSBLCI 74.9803
ai22 4 2022 SSBUCI 74.9803
ai22 4 2022 SSBMedian 74.9803
ai22 4 2022 SSBMean 74.9803
ai22 4 2023 SSBF100 174.218
ai22 4 2023 SSBFabc 69.6872
ai22 4 2023 SSBFofl 60.9763
ai22 4 2023 SSBLCI 55.5687
ai22 4 2023 SSBUCI 55.5687
ai22 4 2023 SSBMedian 55.5687
ai22 4 2023 SSBMean 55.5687
ai22 4 2024 SSBF100 174.218
ai22 4 2024 SSBFabc 69.6872
ai22 4 2024 SSBFofl 60.9763
ai22 4 2024 SSBLCI 55.1342
ai22 4 2024 SSBUCI 55.1667
ai22 4 2024 SSBMedian 55.1378
ai22 4 2024 SSBMean 55.1425
ai22 4 2025 SSBF100 174.218
ai22 4 2025 SSBFabc 69.6872
ai22 4 2025 SSBFofl 60.9763
ai22 4 2025 SSBLCI 56.5382
ai22 4 2025 SSBUCI 57.939
ai22 4 2025 SSBMedian 56.6985
ai22 4 2025 SSBMean 56.8985
ai22 4 2026 SSBF100 174.218
ai22 4 2026 SSBFabc 69.6872
ai22 4 2026 SSBFofl 60.9763
ai22 4 2026 SSBLCI 56.0753
ai22 4 2026 SSBUCI 76.8728
ai22 4 2026 SSBMedian 58.6015
ai22 4 2026 SSBMean 61.5195
ai22 4 2027 SSBF100 174.218
ai22 4 2027 SSBFabc 69.6872
ai22 4 2027 SSBFofl 60.9763
ai22 4 2027 SSBLCI 53.1772
ai22 4 2027 SSBUCI 103.778
ai22 4 2027 SSBMedian 62.1777
ai22 4 2027 SSBMean 68.3507
ai22 4 2028 SSBF100 174.218
ai22 4 2028 SSBFabc 69.6872
ai22 4 2028 SSBFofl 60.9763
ai22 4 2028 SSBLCI 49.956
ai22 4 2028 SSBUCI 134.745
ai22 4 2028 SSBMedian 67.7334
ai22 4 2028 SSBMean 76.235
ai22 4 2029 SSBF100 174.218
ai22 4 2029 SSBFabc 69.6872
ai22 4 2029 SSBFofl 60.9763
ai22 4 2029 SSBLCI 47.4033
ai22 4 2029 SSBUCI 150.537
ai22 4 2029 SSBMedian 74.5687
ai22 4 2029 SSBMean 83.5167
ai22 4 2030 SSBF100 174.218
ai22 4 2030 SSBFabc 69.6872
ai22 4 2030 SSBFofl 60.9763
ai22 4 2030 SSBLCI 46.3731
ai22 4 2030 SSBUCI 161.919
ai22 4 2030 SSBMedian 80.161
ai22 4 2030 SSBMean 89.7764
ai22 4 2031 SSBF100 174.218
ai22 4 2031 SSBFabc 69.6872
ai22 4 2031 SSBFofl 60.9763
ai22 4 2031 SSBLCI 46.4175
ai22 4 2031 SSBUCI 175.247
ai22 4 2031 SSBMedian 84.9656
ai22 4 2031 SSBMean 94.5977
ai22 4 2032 SSBF100 174.218
ai22 4 2032 SSBFabc 69.6872
ai22 4 2032 SSBFofl 60.9763
ai22 4 2032 SSBLCI 47.483
ai22 4 2032 SSBUCI 181.325
ai22 4 2032 SSBMedian 88.2742
ai22 4 2032 SSBMean 97.9769
ai22 4 2033 SSBF100 174.218
ai22 4 2033 SSBFabc 69.6872
ai22 4 2033 SSBFofl 60.9763
ai22 4 2033 SSBLCI 47.0631
ai22 4 2033 SSBUCI 180.508
ai22 4 2033 SSBMedian 90.7494
ai22 4 2033 SSBMean 100.212
ai22 4 2034 SSBF100 174.218
ai22 4 2034 SSBFabc 69.6872
ai22 4 2034 SSBFofl 60.9763
ai22 4 2034 SSBLCI 47.0777
ai22 4 2034 SSBUCI 186.668
ai22 4 2034 SSBMedian 92.618
ai22 4 2034 SSBMean 101.691
ai22 4 2035 SSBF100 174.218
ai22 4 2035 SSBFabc 69.6872
ai22 4 2035 SSBFofl 60.9763
ai22 4 2035 SSBLCI 47.1382
ai22 4 2035 SSBUCI 187.595
ai22 4 2035 SSBMedian 93.8074
ai22 4 2035 SSBMean 102.278
ai22 4 2036 SSBF100 174.218
ai22 4 2036 SSBFabc 69.6872
ai22 4 2036 SSBFofl 60.9763
ai22 4 2036 SSBLCI 48.4383
ai22 4 2036 SSBUCI 184.296
ai22 4 2036 SSBMedian 94.0867
ai22 4 2036 SSBMean 102.432
ai22 4 2022 F0 0 
ai22 4 2022 Fabc 0.305473
ai22 4 2022 Fofl 0.37995
ai22 4 2022  F_LCI 0.441588
ai22 4 2022  F_UCI 0.441588
ai22 4 2022  F_Median 0.441588
ai22 4 2022  F_Mean 0.441588
ai22 4 2023 F0 0 
ai22 4 2023 Fabc 0.305473
ai22 4 2023 Fofl 0.37995
ai22 4 2023  F_LCI 0.134629
ai22 4 2023  F_UCI 0.134629
ai22 4 2023  F_Median 0.134629
ai22 4 2023  F_Mean 0.134629
ai22 4 2024 F0 0 
ai22 4 2024 Fabc 0.305473
ai22 4 2024 Fofl 0.37995
ai22 4 2024  F_LCI 0.134629
ai22 4 2024  F_UCI 0.134629
ai22 4 2024  F_Median 0.134629
ai22 4 2024  F_Mean 0.134629
ai22 4 2025 F0 0 
ai22 4 2025 Fabc 0.305473
ai22 4 2025 Fofl 0.37995
ai22 4 2025  F_LCI 0.134629
ai22 4 2025  F_UCI 0.134629
ai22 4 2025  F_Median 0.134629
ai22 4 2025  F_Mean 0.134629
ai22 4 2026 F0 0 
ai22 4 2026 Fabc 0.305473
ai22 4 2026 Fofl 0.37995
ai22 4 2026  F_LCI 0.134629
ai22 4 2026  F_UCI 0.134629
ai22 4 2026  F_Median 0.134629
ai22 4 2026  F_Mean 0.134629
ai22 4 2027 F0 0 
ai22 4 2027 Fabc 0.305473
ai22 4 2027 Fofl 0.37995
ai22 4 2027  F_LCI 0.134629
ai22 4 2027  F_UCI 0.134629
ai22 4 2027  F_Median 0.134629
ai22 4 2027  F_Mean 0.134629
ai22 4 2028 F0 0 
ai22 4 2028 Fabc 0.305473
ai22 4 2028 Fofl 0.37995
ai22 4 2028  F_LCI 0.134629
ai22 4 2028  F_UCI 0.134629
ai22 4 2028  F_Median 0.134629
ai22 4 2028  F_Mean 0.134629
ai22 4 2029 F0 0 
ai22 4 2029 Fabc 0.305473
ai22 4 2029 Fofl 0.37995
ai22 4 2029  F_LCI 0.134629
ai22 4 2029  F_UCI 0.134629
ai22 4 2029  F_Median 0.134629
ai22 4 2029  F_Mean 0.134629
ai22 4 2030 F0 0 
ai22 4 2030 Fabc 0.305473
ai22 4 2030 Fofl 0.37995
ai22 4 2030  F_LCI 0.134629
ai22 4 2030  F_UCI 0.134629
ai22 4 2030  F_Median 0.134629
ai22 4 2030  F_Mean 0.134629
ai22 4 2031 F0 0 
ai22 4 2031 Fabc 0.305473
ai22 4 2031 Fofl 0.37995
ai22 4 2031  F_LCI 0.134629
ai22 4 2031  F_UCI 0.134629
ai22 4 2031  F_Median 0.134629
ai22 4 2031  F_Mean 0.13436
ai22 4 2032 F0 0 
ai22 4 2032 Fabc 0.305473
ai22 4 2032 Fofl 0.37995
ai22 4 2032  F_LCI 0.134629
ai22 4 2032  F_UCI 0.134629
ai22 4 2032  F_Median 0.134629
ai22 4 2032  F_Mean 0.134226
ai22 4 2033 F0 0 
ai22 4 2033 Fabc 0.305473
ai22 4 2033 Fofl 0.37995
ai22 4 2033  F_LCI 0.134629
ai22 4 2033  F_UCI 0.134629
ai22 4 2033  F_Median 0.134629
ai22 4 2033  F_Mean 0.134091
ai22 4 2034 F0 0 
ai22 4 2034 Fabc 0.305473
ai22 4 2034 Fofl 0.37995
ai22 4 2034  F_LCI 0.134629
ai22 4 2034  F_UCI 0.134629
ai22 4 2034  F_Median 0.134629
ai22 4 2034  F_Mean 0.134091
ai22 4 2035 F0 0 
ai22 4 2035 Fabc 0.305473
ai22 4 2035 Fofl 0.37995
ai22 4 2035  F_LCI 0.134629
ai22 4 2035  F_UCI 0.134629
ai22 4 2035  F_Median 0.134629
ai22 4 2035  F_Mean 0.134226
ai22 4 2036 F0 0 
ai22 4 2036 Fabc 0.305473
ai22 4 2036 Fofl 0.37995
ai22 4 2036  F_LCI 0.134629
ai22 4 2036  F_UCI 0.134629
ai22 4 2036  F_Median 0.134629
ai22 4 2036  F_Mean 0.13436
ai22 5 2022 Cabc 38.0719
ai22 5 2022 Cofl 40.258
ai22 5 2022 CLCI 61.2639
ai22 5 2022 CUCI 61.2639
ai22 5 2022 CMedian 61.2639
ai22 5 2022 CMean 61.2639
ai22 5 2022 CStdn 1.11555e-012
ai22 5 2023 Cabc 38.0719
ai22 5 2023 Cofl 40.258
ai22 5 2023 CLCI 0
ai22 5 2023 CUCI 0
ai22 5 2023 CMedian 0
ai22 5 2023 CMean 0
ai22 5 2023 CStdn 0
ai22 5 2024 Cabc 38.0719
ai22 5 2024 Cofl 40.258
ai22 5 2024 CLCI 0
ai22 5 2024 CUCI 0
ai22 5 2024 CMedian 0
ai22 5 2024 CMean 0
ai22 5 2024 CStdn 0
ai22 5 2025 Cabc 38.0719
ai22 5 2025 Cofl 40.258
ai22 5 2025 CLCI 0
ai22 5 2025 CUCI 0
ai22 5 2025 CMedian 0
ai22 5 2025 CMean 0
ai22 5 2025 CStdn 0
ai22 5 2026 Cabc 38.0719
ai22 5 2026 Cofl 40.258
ai22 5 2026 CLCI 0
ai22 5 2026 CUCI 0
ai22 5 2026 CMedian 0
ai22 5 2026 CMean 0
ai22 5 2026 CStdn 0
ai22 5 2027 Cabc 38.0719
ai22 5 2027 Cofl 40.258
ai22 5 2027 CLCI 0
ai22 5 2027 CUCI 0
ai22 5 2027 CMedian 0
ai22 5 2027 CMean 0
ai22 5 2027 CStdn 0
ai22 5 2028 Cabc 38.0719
ai22 5 2028 Cofl 40.258
ai22 5 2028 CLCI 0
ai22 5 2028 CUCI 0
ai22 5 2028 CMedian 0
ai22 5 2028 CMean 0
ai22 5 2028 CStdn 0
ai22 5 2029 Cabc 38.0719
ai22 5 2029 Cofl 40.258
ai22 5 2029 CLCI 0
ai22 5 2029 CUCI 0
ai22 5 2029 CMedian 0
ai22 5 2029 CMean 0
ai22 5 2029 CStdn 0
ai22 5 2030 Cabc 38.0719
ai22 5 2030 Cofl 40.258
ai22 5 2030 CLCI 0
ai22 5 2030 CUCI 0
ai22 5 2030 CMedian 0
ai22 5 2030 CMean 0
ai22 5 2030 CStdn 0
ai22 5 2031 Cabc 38.0719
ai22 5 2031 Cofl 40.258
ai22 5 2031 CLCI 0
ai22 5 2031 CUCI 0
ai22 5 2031 CMedian 0
ai22 5 2031 CMean 0
ai22 5 2031 CStdn 0
ai22 5 2032 Cabc 38.0719
ai22 5 2032 Cofl 40.258
ai22 5 2032 CLCI 0
ai22 5 2032 CUCI 0
ai22 5 2032 CMedian 0
ai22 5 2032 CMean 0
ai22 5 2032 CStdn 0
ai22 5 2033 Cabc 38.0719
ai22 5 2033 Cofl 40.258
ai22 5 2033 CLCI 0
ai22 5 2033 CUCI 0
ai22 5 2033 CMedian 0
ai22 5 2033 CMean 0
ai22 5 2033 CStdn 0
ai22 5 2034 Cabc 38.0719
ai22 5 2034 Cofl 40.258
ai22 5 2034 CLCI 0
ai22 5 2034 CUCI 0
ai22 5 2034 CMedian 0
ai22 5 2034 CMean 0
ai22 5 2034 CStdn 0
ai22 5 2035 Cabc 38.0719
ai22 5 2035 Cofl 40.258
ai22 5 2035 CLCI 0
ai22 5 2035 CUCI 0
ai22 5 2035 CMedian 0
ai22 5 2035 CMean 0
ai22 5 2035 CStdn 0
ai22 5 2036 Cabc 38.0719
ai22 5 2036 Cofl 40.258
ai22 5 2036 CLCI 0
ai22 5 2036 CUCI 0
ai22 5 2036 CMedian 0
ai22 5 2036 CMean 0
ai22 5 2036 CStdn 0
ai22 5 2022 SSBF100 174.218
ai22 5 2022 SSBFabc 69.6872
ai22 5 2022 SSBFofl 60.9763
ai22 5 2022 SSBLCI 74.9803
ai22 5 2022 SSBUCI 74.9803
ai22 5 2022 SSBMedian 74.9803
ai22 5 2022 SSBMean 74.9803
ai22 5 2023 SSBF100 174.218
ai22 5 2023 SSBFabc 69.6872
ai22 5 2023 SSBFofl 60.9763
ai22 5 2023 SSBLCI 56.6255
ai22 5 2023 SSBUCI 56.6255
ai22 5 2023 SSBMedian 56.6255
ai22 5 2023 SSBMean 56.6255
ai22 5 2024 SSBF100 174.218
ai22 5 2024 SSBFabc 69.6872
ai22 5 2024 SSBFofl 60.9763
ai22 5 2024 SSBLCI 61.7044
ai22 5 2024 SSBUCI 61.737
ai22 5 2024 SSBMedian 61.708
ai22 5 2024 SSBMean 61.7127
ai22 5 2025 SSBF100 174.218
ai22 5 2025 SSBFabc 69.6872
ai22 5 2025 SSBFofl 60.9763
ai22 5 2025 SSBLCI 67.7447
ai22 5 2025 SSBUCI 69.1561
ai22 5 2025 SSBMedian 67.9062
ai22 5 2025 SSBMean 68.1077
ai22 5 2026 SSBF100 174.218
ai22 5 2026 SSBFabc 69.6872
ai22 5 2026 SSBFofl 60.9763
ai22 5 2026 SSBLCI 71.3818
ai22 5 2026 SSBUCI 92.6026
ai22 5 2026 SSBMedian 73.9531
ai22 5 2026 SSBMean 76.9338
ai22 5 2027 SSBF100 174.218
ai22 5 2027 SSBFabc 69.6872
ai22 5 2027 SSBFofl 60.9763
ai22 5 2027 SSBLCI 72.2354
ai22 5 2027 SSBUCI 124.844
ai22 5 2027 SSBMedian 81.4978
ai22 5 2027 SSBMean 88.0188
ai22 5 2028 SSBF100 174.218
ai22 5 2028 SSBFabc 69.6872
ai22 5 2028 SSBFofl 60.9763
ai22 5 2028 SSBLCI 72.0557
ai22 5 2028 SSBUCI 162.792
ai22 5 2028 SSBMedian 91.3435
ai22 5 2028 SSBMean 100.362
ai22 5 2029 SSBF100 174.218
ai22 5 2029 SSBFabc 69.6872
ai22 5 2029 SSBFofl 60.9763
ai22 5 2029 SSBLCI 71.9663
ai22 5 2029 SSBUCI 188.696
ai22 5 2029 SSBMedian 102.062
ai22 5 2029 SSBMean 112.344
ai22 5 2030 SSBF100 174.218
ai22 5 2030 SSBFabc 69.6872
ai22 5 2030 SSBFofl 60.9763
ai22 5 2030 SSBLCI 72.8505
ai22 5 2030 SSBUCI 208.374
ai22 5 2030 SSBMedian 112.102
ai22 5 2030 SSBMean 123.575
ai22 5 2031 SSBF100 174.218
ai22 5 2031 SSBFabc 69.6872
ai22 5 2031 SSBFofl 60.9763
ai22 5 2031 SSBLCI 73.4685
ai22 5 2031 SSBUCI 232.872
ai22 5 2031 SSBMedian 122.504
ai22 5 2031 SSBMean 133.427
ai22 5 2032 SSBF100 174.218
ai22 5 2032 SSBFabc 69.6872
ai22 5 2032 SSBFofl 60.9763
ai22 5 2032 SSBLCI 77.3729
ai22 5 2032 SSBUCI 243.714
ai22 5 2032 SSBMedian 129.598
ai22 5 2032 SSBMean 141.515
ai22 5 2033 SSBF100 174.218
ai22 5 2033 SSBFabc 69.6872
ai22 5 2033 SSBFofl 60.9763
ai22 5 2033 SSBLCI 78.2727
ai22 5 2033 SSBUCI 252.501
ai22 5 2033 SSBMedian 137.53
ai22 5 2033 SSBMean 148.034
ai22 5 2034 SSBF100 174.218
ai22 5 2034 SSBFabc 69.6872
ai22 5 2034 SSBFofl 60.9763
ai22 5 2034 SSBLCI 78.6013
ai22 5 2034 SSBUCI 261.358
ai22 5 2034 SSBMedian 141.832
ai22 5 2034 SSBMean 153.3
ai22 5 2035 SSBF100 174.218
ai22 5 2035 SSBFabc 69.6872
ai22 5 2035 SSBFofl 60.9763
ai22 5 2035 SSBLCI 79.1846
ai22 5 2035 SSBUCI 267.034
ai22 5 2035 SSBMedian 147.099
ai22 5 2035 SSBMean 157.059
ai22 5 2036 SSBF100 174.218
ai22 5 2036 SSBFabc 69.6872
ai22 5 2036 SSBFofl 60.9763
ai22 5 2036 SSBLCI 80.6084
ai22 5 2036 SSBUCI 275.733
ai22 5 2036 SSBMedian 149.487
ai22 5 2036 SSBMean 159.786
ai22 5 2022 F0 0 
ai22 5 2022 Fabc 0.305473
ai22 5 2022 Fofl 0.37995
ai22 5 2022  F_LCI 0.441588
ai22 5 2022  F_UCI 0.441588
ai22 5 2022  F_Median 0.441588
ai22 5 2022  F_Mean 0.441588
ai22 5 2023 F0 0 
ai22 5 2023 Fabc 0.305473
ai22 5 2023 Fofl 0.37995
ai22 5 2023  F_LCI 0
ai22 5 2023  F_UCI 0
ai22 5 2023  F_Median 0
ai22 5 2023  F_Mean 0
ai22 5 2024 F0 0 
ai22 5 2024 Fabc 0.305473
ai22 5 2024 Fofl 0.37995
ai22 5 2024  F_LCI 0
ai22 5 2024  F_UCI 0
ai22 5 2024  F_Median 0
ai22 5 2024  F_Mean 0
ai22 5 2025 F0 0 
ai22 5 2025 Fabc 0.305473
ai22 5 2025 Fofl 0.37995
ai22 5 2025  F_LCI 0
ai22 5 2025  F_UCI 0
ai22 5 2025  F_Median 0
ai22 5 2025  F_Mean 0
ai22 5 2026 F0 0 
ai22 5 2026 Fabc 0.305473
ai22 5 2026 Fofl 0.37995
ai22 5 2026  F_LCI 0
ai22 5 2026  F_UCI 0
ai22 5 2026  F_Median 0
ai22 5 2026  F_Mean 0
ai22 5 2027 F0 0 
ai22 5 2027 Fabc 0.305473
ai22 5 2027 Fofl 0.37995
ai22 5 2027  F_LCI 0
ai22 5 2027  F_UCI 0
ai22 5 2027  F_Median 0
ai22 5 2027  F_Mean 0
ai22 5 2028 F0 0 
ai22 5 2028 Fabc 0.305473
ai22 5 2028 Fofl 0.37995
ai22 5 2028  F_LCI 0
ai22 5 2028  F_UCI 0
ai22 5 2028  F_Median 0
ai22 5 2028  F_Mean 0
ai22 5 2029 F0 0 
ai22 5 2029 Fabc 0.305473
ai22 5 2029 Fofl 0.37995
ai22 5 2029  F_LCI 0
ai22 5 2029  F_UCI 0
ai22 5 2029  F_Median 0
ai22 5 2029  F_Mean 0
ai22 5 2030 F0 0 
ai22 5 2030 Fabc 0.305473
ai22 5 2030 Fofl 0.37995
ai22 5 2030  F_LCI 0
ai22 5 2030  F_UCI 0
ai22 5 2030  F_Median 0
ai22 5 2030  F_Mean 0
ai22 5 2031 F0 0 
ai22 5 2031 Fabc 0.305473
ai22 5 2031 Fofl 0.37995
ai22 5 2031  F_LCI 0
ai22 5 2031  F_UCI 0
ai22 5 2031  F_Median 0
ai22 5 2031  F_Mean 0
ai22 5 2032 F0 0 
ai22 5 2032 Fabc 0.305473
ai22 5 2032 Fofl 0.37995
ai22 5 2032  F_LCI 0
ai22 5 2032  F_UCI 0
ai22 5 2032  F_Median 0
ai22 5 2032  F_Mean 0
ai22 5 2033 F0 0 
ai22 5 2033 Fabc 0.305473
ai22 5 2033 Fofl 0.37995
ai22 5 2033  F_LCI 0
ai22 5 2033  F_UCI 0
ai22 5 2033  F_Median 0
ai22 5 2033  F_Mean 0
ai22 5 2034 F0 0 
ai22 5 2034 Fabc 0.305473
ai22 5 2034 Fofl 0.37995
ai22 5 2034  F_LCI 0
ai22 5 2034  F_UCI 0
ai22 5 2034  F_Median 0
ai22 5 2034  F_Mean 0
ai22 5 2035 F0 0 
ai22 5 2035 Fabc 0.305473
ai22 5 2035 Fofl 0.37995
ai22 5 2035  F_LCI 0
ai22 5 2035  F_UCI 0
ai22 5 2035  F_Median 0
ai22 5 2035  F_Mean 0
ai22 5 2036 F0 0 
ai22 5 2036 Fabc 0.305473
ai22 5 2036 Fofl 0.37995
ai22 5 2036  F_LCI 0
ai22 5 2036  F_UCI 0
ai22 5 2036  F_Median 0
ai22 5 2036  F_Mean 0
ai22 6 2022 Cabc 38.0719
ai22 6 2022 Cofl 40.258
ai22 6 2022 CLCI 61.2639
ai22 6 2022 CUCI 61.2639
ai22 6 2022 CMedian 61.2639
ai22 6 2022 CMean 61.2639
ai22 6 2022 CStdn 1.11555e-012
ai22 6 2023 Cabc 38.0719
ai22 6 2023 Cofl 40.258
ai22 6 2023 CLCI 29.6241
ai22 6 2023 CUCI 29.8939
ai22 6 2023 CMedian 29.6543
ai22 6 2023 CMean 29.693
ai22 6 2023 CStdn 0.110261
ai22 6 2024 Cabc 38.0719
ai22 6 2024 Cofl 40.258
ai22 6 2024 CLCI 22.4775
ai22 6 2024 CUCI 23.2066
ai22 6 2024 CMedian 22.5954
ai22 6 2024 CMean 22.6919
ai22 6 2024 CStdn 0.287208
ai22 6 2025 Cabc 38.0719
ai22 6 2025 Cofl 40.258
ai22 6 2025 CLCI 20.8413
ai22 6 2025 CUCI 23.46
ai22 6 2025 CMedian 21.2659
ai22 6 2025 CMean 21.6052
ai22 6 2025 CStdn 1.07074
ai22 6 2026 Cabc 38.0719
ai22 6 2026 Cofl 40.258
ai22 6 2026 CLCI 20.0155
ai22 6 2026 CUCI 35.8104
ai22 6 2026 CMedian 22.071
ai22 6 2026 CMean 24.083
ai22 6 2026 CStdn 5.53698
ai22 6 2027 Cabc 38.0719
ai22 6 2027 Cofl 40.258
ai22 6 2027 CLCI 18.0052
ai22 6 2027 CUCI 48.7373
ai22 6 2027 CMedian 23.9917
ai22 6 2027 CMean 27.8233
ai22 6 2027 CStdn 10.9365
ai22 6 2028 Cabc 38.0719
ai22 6 2028 Cofl 40.258
ai22 6 2028 CLCI 15.6991
ai22 6 2028 CUCI 62.5475
ai22 6 2028 CMedian 27.4007
ai22 6 2028 CMean 32.0211
ai22 6 2028 CStdn 16.5184
ai22 6 2029 Cabc 38.0719
ai22 6 2029 Cofl 40.258
ai22 6 2029 CLCI 13.727
ai22 6 2029 CUCI 73.7192
ai22 6 2029 CMedian 30.7007
ai22 6 2029 CMean 35.6123
ai22 6 2029 CStdn 19.954
ai22 6 2030 Cabc 38.0719
ai22 6 2030 Cofl 40.258
ai22 6 2030 CLCI 12.6522
ai22 6 2030 CUCI 76.8923
ai22 6 2030 CMedian 33.141
ai22 6 2030 CMean 37.958
ai22 6 2030 CStdn 21.7381
ai22 6 2031 Cabc 38.0719
ai22 6 2031 Cofl 40.258
ai22 6 2031 CLCI 13.2613
ai22 6 2031 CUCI 79.2703
ai22 6 2031 CMedian 34.0514
ai22 6 2031 CMean 39.0921
ai22 6 2031 CStdn 22.6247
ai22 6 2032 Cabc 38.0719
ai22 6 2032 Cofl 40.258
ai22 6 2032 CLCI 12.9771
ai22 6 2032 CUCI 80.1385
ai22 6 2032 CMedian 34.4811
ai22 6 2032 CMean 39.5906
ai22 6 2032 CStdn 22.9228
ai22 6 2033 Cabc 38.0719
ai22 6 2033 Cofl 40.258
ai22 6 2033 CLCI 12.5204
ai22 6 2033 CUCI 81.0688
ai22 6 2033 CMedian 34.5223
ai22 6 2033 CMean 39.5219
ai22 6 2033 CStdn 22.7099
ai22 6 2034 Cabc 38.0719
ai22 6 2034 Cofl 40.258
ai22 6 2034 CLCI 12.3634
ai22 6 2034 CUCI 79.6126
ai22 6 2034 CMedian 35.038
ai22 6 2034 CMean 39.2778
ai22 6 2034 CStdn 22.0521
ai22 6 2035 Cabc 38.0719
ai22 6 2035 Cofl 40.258
ai22 6 2035 CLCI 12.764
ai22 6 2035 CUCI 78.7454
ai22 6 2035 CMedian 33.688
ai22 6 2035 CMean 38.8256
ai22 6 2035 CStdn 21.7931
ai22 6 2036 Cabc 38.0719
ai22 6 2036 Cofl 40.258
ai22 6 2036 CLCI 12.5976
ai22 6 2036 CUCI 80.1038
ai22 6 2036 CMedian 33.2967
ai22 6 2036 CMean 38.4901
ai22 6 2036 CStdn 21.8112
ai22 6 2022 SSBF100 174.218
ai22 6 2022 SSBFabc 69.6872
ai22 6 2022 SSBFofl 60.9763
ai22 6 2022 SSBLCI 74.9803
ai22 6 2022 SSBUCI 74.9803
ai22 6 2022 SSBMedian 74.9803
ai22 6 2022 SSBMean 74.9803
ai22 6 2023 SSBF100 174.218
ai22 6 2023 SSBFabc 69.6872
ai22 6 2023 SSBFofl 60.9763
ai22 6 2023 SSBLCI 54.361
ai22 6 2023 SSBUCI 54.361
ai22 6 2023 SSBMedian 54.361
ai22 6 2023 SSBMean 54.361
ai22 6 2024 SSBF100 174.218
ai22 6 2024 SSBFabc 69.6872
ai22 6 2024 SSBFofl 60.9763
ai22 6 2024 SSBLCI 48.7209
ai22 6 2024 SSBUCI 48.7523
ai22 6 2024 SSBMedian 48.7244
ai22 6 2024 SSBMean 48.7289
ai22 6 2025 SSBF100 174.218
ai22 6 2025 SSBFabc 69.6872
ai22 6 2025 SSBFofl 60.9763
ai22 6 2025 SSBLCI 47.5626
ai22 6 2025 SSBUCI 48.904
ai22 6 2025 SSBMedian 47.716
ai22 6 2025 SSBMean 47.9077
ai22 6 2026 SSBF100 174.218
ai22 6 2026 SSBFabc 69.6872
ai22 6 2026 SSBFofl 60.9763
ai22 6 2026 SSBLCI 45.4713
ai22 6 2026 SSBUCI 64.9824
ai22 6 2026 SSBMedian 47.8596
ai22 6 2026 SSBMean 50.6018
ai22 6 2027 SSBF100 174.218
ai22 6 2027 SSBFabc 69.6872
ai22 6 2027 SSBFofl 60.9763
ai22 6 2027 SSBLCI 41.8051
ai22 6 2027 SSBUCI 86.5036
ai22 6 2027 SSBMedian 49.7824
ai22 6 2027 SSBMean 55.1009
ai22 6 2028 SSBF100 174.218
ai22 6 2028 SSBFabc 69.6872
ai22 6 2028 SSBFofl 60.9763
ai22 6 2028 SSBLCI 38.5089
ai22 6 2028 SSBUCI 106.985
ai22 6 2028 SSBMedian 53.2726
ai22 6 2028 SSBMean 59.918
ai22 6 2029 SSBF100 174.218
ai22 6 2029 SSBFabc 69.6872
ai22 6 2029 SSBFofl 60.9763
ai22 6 2029 SSBLCI 36.3376
ai22 6 2029 SSBUCI 115.772
ai22 6 2029 SSBMedian 56.7582
ai22 6 2029 SSBMean 63.5976
ai22 6 2030 SSBF100 174.218
ai22 6 2030 SSBFabc 69.6872
ai22 6 2030 SSBFofl 60.9763
ai22 6 2030 SSBLCI 35.8573
ai22 6 2030 SSBUCI 120.091
ai22 6 2030 SSBMedian 58.1291
ai22 6 2030 SSBMean 65.9918
ai22 6 2031 SSBF100 174.218
ai22 6 2031 SSBFabc 69.6872
ai22 6 2031 SSBFofl 60.9763
ai22 6 2031 SSBLCI 36.3215
ai22 6 2031 SSBUCI 122.341
ai22 6 2031 SSBMedian 59.4162
ai22 6 2031 SSBMean 67.1531
ai22 6 2032 SSBF100 174.218
ai22 6 2032 SSBFabc 69.6872
ai22 6 2032 SSBFofl 60.9763
ai22 6 2032 SSBLCI 35.9279
ai22 6 2032 SSBUCI 123.028
ai22 6 2032 SSBMedian 59.8606
ai22 6 2032 SSBMean 67.493
ai22 6 2033 SSBF100 174.218
ai22 6 2033 SSBFabc 69.6872
ai22 6 2033 SSBFofl 60.9763
ai22 6 2033 SSBLCI 35.67
ai22 6 2033 SSBUCI 121.151
ai22 6 2033 SSBMedian 60.2584
ai22 6 2033 SSBMean 67.3421
ai22 6 2034 SSBF100 174.218
ai22 6 2034 SSBFabc 69.6872
ai22 6 2034 SSBFofl 60.9763
ai22 6 2034 SSBLCI 35.3907
ai22 6 2034 SSBUCI 122.025
ai22 6 2034 SSBMedian 59.8171
ai22 6 2034 SSBMean 67.0719
ai22 6 2035 SSBF100 174.218
ai22 6 2035 SSBFabc 69.6872
ai22 6 2035 SSBFofl 60.9763
ai22 6 2035 SSBLCI 35.8175
ai22 6 2035 SSBUCI 121.157
ai22 6 2035 SSBMedian 59.2717
ai22 6 2035 SSBMean 66.5124
ai22 6 2036 SSBF100 174.218
ai22 6 2036 SSBFabc 69.6872
ai22 6 2036 SSBFofl 60.9763
ai22 6 2036 SSBLCI 35.5239
ai22 6 2036 SSBUCI 120.784
ai22 6 2036 SSBMedian 58.4953
ai22 6 2036 SSBMean 66.0156
ai22 6 2022 F0 0 
ai22 6 2022 Fabc 0.305473
ai22 6 2022 Fofl 0.37995
ai22 6 2022  F_LCI 0.441588
ai22 6 2022  F_UCI 0.441588
ai22 6 2022  F_Median 0.441588
ai22 6 2022  F_Mean 0.441588
ai22 6 2023 F0 0 
ai22 6 2023 Fabc 0.305473
ai22 6 2023 Fofl 0.37995
ai22 6 2023  F_LCI 0.29199
ai22 6 2023  F_UCI 0.29199
ai22 6 2023  F_Median 0.29199
ai22 6 2023  F_Mean 0.29199
ai22 6 2024 F0 0 
ai22 6 2024 Fabc 0.305473
ai22 6 2024 Fofl 0.37995
ai22 6 2024  F_LCI 0.259621
ai22 6 2024  F_UCI 0.2598
ai22 6 2024  F_Median 0.259641
ai22 6 2024  F_Mean 0.259666
ai22 6 2025 F0 0 
ai22 6 2025 Fabc 0.305473
ai22 6 2025 Fofl 0.37995
ai22 6 2025  F_LCI 0.252973
ai22 6 2025  F_UCI 0.260671
ai22 6 2025  F_Median 0.253853
ai22 6 2025  F_Mean 0.254953
ai22 6 2026 F0 0 
ai22 6 2026 Fabc 0.305473
ai22 6 2026 Fofl 0.37995
ai22 6 2026  F_LCI 0.24097
ai22 6 2026  F_UCI 0.352948
ai22 6 2026  F_Median 0.254677
ai22 6 2026  F_Mean 0.26797
ai22 6 2027 F0 0 
ai22 6 2027 Fabc 0.305473
ai22 6 2027 Fofl 0.37995
ai22 6 2027  F_LCI 0.219929
ai22 6 2027  F_UCI 0.37995
ai22 6 2027  F_Median 0.265713
ai22 6 2027  F_Mean 0.281469
ai22 6 2028 F0 0 
ai22 6 2028 Fabc 0.305473
ai22 6 2028 Fofl 0.37995
ai22 6 2028  F_LCI 0.201012
ai22 6 2028  F_UCI 0.37995
ai22 6 2028  F_Median 0.285743
ai22 6 2028  F_Mean 0.292905
ai22 6 2029 F0 0 
ai22 6 2029 Fabc 0.305473
ai22 6 2029 Fofl 0.37995
ai22 6 2029  F_LCI 0.188551
ai22 6 2029  F_UCI 0.37995
ai22 6 2029  F_Median 0.305748
ai22 6 2029  F_Mean 0.302463
ai22 6 2030 F0 0 
ai22 6 2030 Fabc 0.305473
ai22 6 2030 Fofl 0.37995
ai22 6 2030  F_LCI 0.185794
ai22 6 2030  F_UCI 0.37995
ai22 6 2030  F_Median 0.313615
ai22 6 2030  F_Mean 0.307012
ai22 6 2031 F0 0 
ai22 6 2031 Fabc 0.305473
ai22 6 2031 Fofl 0.37995
ai22 6 2031  F_LCI 0.188458
ai22 6 2031  F_UCI 0.37995
ai22 6 2031  F_Median 0.321002
ai22 6 2031  F_Mean 0.308723
ai22 6 2032 F0 0 
ai22 6 2032 Fabc 0.305473
ai22 6 2032 Fofl 0.37995
ai22 6 2032  F_LCI 0.186199
ai22 6 2032  F_UCI 0.37995
ai22 6 2032  F_Median 0.323553
ai22 6 2032  F_Mean 0.310483
ai22 6 2033 F0 0 
ai22 6 2033 Fabc 0.305473
ai22 6 2033 Fofl 0.37995
ai22 6 2033  F_LCI 0.184719
ai22 6 2033  F_UCI 0.37995
ai22 6 2033  F_Median 0.325836
ai22 6 2033  F_Mean 0.310393
ai22 6 2034 F0 0 
ai22 6 2034 Fabc 0.305473
ai22 6 2034 Fofl 0.37995
ai22 6 2034  F_LCI 0.183116
ai22 6 2034  F_UCI 0.37995
ai22 6 2034  F_Median 0.323303
ai22 6 2034  F_Mean 0.310195
ai22 6 2035 F0 0 
ai22 6 2035 Fabc 0.305473
ai22 6 2035 Fofl 0.37995
ai22 6 2035  F_LCI 0.185566
ai22 6 2035  F_UCI 0.37995
ai22 6 2035  F_Median 0.320173
ai22 6 2035  F_Mean 0.308494
ai22 6 2036 F0 0 
ai22 6 2036 Fabc 0.305473
ai22 6 2036 Fofl 0.37995
ai22 6 2036  F_LCI 0.18388
ai22 6 2036  F_UCI 0.37995
ai22 6 2036  F_Median 0.315718
ai22 6 2036  F_Mean 0.307978
ai22 7 2022 Cabc 38.0719
ai22 7 2022 Cofl 40.258
ai22 7 2022 CLCI 61.2639
ai22 7 2022 CUCI 61.2639
ai22 7 2022 CMedian 61.2639
ai22 7 2022 CMean 61.2639
ai22 7 2022 CStdn 1.11555e-012
ai22 7 2023 Cabc 38.0719
ai22 7 2023 Cofl 40.258
ai22 7 2023 CLCI 24.554
ai22 7 2023 CUCI 24.7727
ai22 7 2023 CMedian 24.5784
ai22 7 2023 CMean 24.6098
ai22 7 2023 CStdn 0.0894129
ai22 7 2024 Cabc 38.0719
ai22 7 2024 Cofl 40.258
ai22 7 2024 CLCI 20.0074
ai22 7 2024 CUCI 20.6222
ai22 7 2024 CMedian 20.1067
ai22 7 2024 CMean 20.1881
ai22 7 2024 CStdn 0.242166
ai22 7 2025 Cabc 38.0719
ai22 7 2025 Cofl 40.258
ai22 7 2025 CLCI 23.2081
ai22 7 2025 CUCI 25.9688
ai22 7 2025 CMedian 23.6561
ai22 7 2025 CMean 24.0137
ai22 7 2025 CStdn 1.12705
ai22 7 2026 Cabc 38.0719
ai22 7 2026 Cofl 40.258
ai22 7 2026 CLCI 21.3258
ai22 7 2026 CUCI 37.4999
ai22 7 2026 CMedian 23.4386
ai22 7 2026 CMean 25.4678
ai22 7 2026 CStdn 5.54465
ai22 7 2027 Cabc 38.0719
ai22 7 2027 Cofl 40.258
ai22 7 2027 CLCI 18.6746
ai22 7 2027 CUCI 49.2472
ai22 7 2027 CMedian 24.7344
ai22 7 2027 CMean 28.5402
ai22 7 2027 CStdn 10.9134
ai22 7 2028 Cabc 38.0719
ai22 7 2028 Cofl 40.258
ai22 7 2028 CLCI 16.0161
ai22 7 2028 CUCI 62.8279
ai22 7 2028 CMedian 27.7412
ai22 7 2028 CMean 32.3519
ai22 7 2028 CStdn 16.5095
ai22 7 2029 Cabc 38.0719
ai22 7 2029 Cofl 40.258
ai22 7 2029 CLCI 13.8716
ai22 7 2029 CUCI 73.9699
ai22 7 2029 CMedian 30.7886
ai22 7 2029 CMean 35.7458
ai22 7 2029 CStdn 19.9539
ai22 7 2030 Cabc 38.0719
ai22 7 2030 Cofl 40.258
ai22 7 2030 CLCI 12.7111
ai22 7 2030 CUCI 76.9526
ai22 7 2030 CMedian 33.1975
ai22 7 2030 CMean 38.0023
ai22 7 2030 CStdn 21.7378
ai22 7 2031 Cabc 38.0719
ai22 7 2031 Cofl 40.258
ai22 7 2031 CLCI 13.2781
ai22 7 2031 CUCI 79.2667
ai22 7 2031 CMedian 34.0342
ai22 7 2031 CMean 39.0999
ai22 7 2031 CStdn 22.6222
ai22 7 2032 Cabc 38.0719
ai22 7 2032 Cofl 40.258
ai22 7 2032 CLCI 12.9801
ai22 7 2032 CUCI 80.1409
ai22 7 2032 CMedian 34.4715
ai22 7 2032 CMean 39.5865
ai22 7 2032 CStdn 22.9205
ai22 7 2033 Cabc 38.0719
ai22 7 2033 Cofl 40.258
ai22 7 2033 CLCI 12.5166
ai22 7 2033 CUCI 81.0675
ai22 7 2033 CMedian 34.5149
ai22 7 2033 CMean 39.5163
ai22 7 2033 CStdn 22.7087
ai22 7 2034 Cabc 38.0719
ai22 7 2034 Cofl 40.258
ai22 7 2034 CLCI 12.3604
ai22 7 2034 CUCI 79.6097
ai22 7 2034 CMedian 35.0319
ai22 7 2034 CMean 39.2737
ai22 7 2034 CStdn 22.0515
ai22 7 2035 Cabc 38.0719
ai22 7 2035 Cofl 40.258
ai22 7 2035 CLCI 12.7612
ai22 7 2035 CUCI 78.7406
ai22 7 2035 CMedian 33.685
ai22 7 2035 CMean 38.8231
ai22 7 2035 CStdn 21.7927
ai22 7 2036 Cabc 38.0719
ai22 7 2036 Cofl 40.258
ai22 7 2036 CLCI 12.5963
ai22 7 2036 CUCI 80.108
ai22 7 2036 CMedian 33.295
ai22 7 2036 CMean 38.4889
ai22 7 2036 CStdn 21.811
ai22 7 2022 SSBF100 174.218
ai22 7 2022 SSBFabc 69.6872
ai22 7 2022 SSBFofl 60.9763
ai22 7 2022 SSBLCI 74.9803
ai22 7 2022 SSBUCI 74.9803
ai22 7 2022 SSBMedian 74.9803
ai22 7 2022 SSBMean 74.9803
ai22 7 2023 SSBF100 174.218
ai22 7 2023 SSBFabc 69.6872
ai22 7 2023 SSBFofl 60.9763
ai22 7 2023 SSBLCI 54.782
ai22 7 2023 SSBUCI 54.782
ai22 7 2023 SSBMedian 54.782
ai22 7 2023 SSBMean 54.782
ai22 7 2024 SSBF100 174.218
ai22 7 2024 SSBFabc 69.6872
ai22 7 2024 SSBFofl 60.9763
ai22 7 2024 SSBLCI 50.8431
ai22 7 2024 SSBUCI 50.8746
ai22 7 2024 SSBMedian 50.8466
ai22 7 2024 SSBMean 50.8511
ai22 7 2025 SSBF100 174.218
ai22 7 2025 SSBFabc 69.6872
ai22 7 2025 SSBFofl 60.9763
ai22 7 2025 SSBLCI 50.0412
ai22 7 2025 SSBUCI 51.3829
ai22 7 2025 SSBMedian 50.1947
ai22 7 2025 SSBMean 50.3863
ai22 7 2026 SSBF100 174.218
ai22 7 2026 SSBFabc 69.6872
ai22 7 2026 SSBFofl 60.9763
ai22 7 2026 SSBLCI 46.8636
ai22 7 2026 SSBUCI 66.3549
ai22 7 2026 SSBMedian 49.2492
ai22 7 2026 SSBMean 51.9912
ai22 7 2027 SSBF100 174.218
ai22 7 2027 SSBFabc 69.6872
ai22 7 2027 SSBFofl 60.9763
ai22 7 2027 SSBLCI 42.559
ai22 7 2027 SSBUCI 87.1695
ai22 7 2027 SSBMedian 50.5083
ai22 7 2027 SSBMean 55.8323
ai22 7 2028 SSBF100 174.218
ai22 7 2028 SSBFabc 69.6872
ai22 7 2028 SSBFofl 60.9763
ai22 7 2028 SSBLCI 38.8992
ai22 7 2028 SSBUCI 107.55
ai22 7 2028 SSBMedian 53.585
ai22 7 2028 SSBMean 60.2705
ai22 7 2029 SSBF100 174.218
ai22 7 2029 SSBFabc 69.6872
ai22 7 2029 SSBFofl 60.9763
ai22 7 2029 SSBLCI 36.524
ai22 7 2029 SSBUCI 115.896
ai22 7 2029 SSBMedian 56.8683
ai22 7 2029 SSBMean 63.7475
ai22 7 2030 SSBF100 174.218
ai22 7 2030 SSBFabc 69.6872
ai22 7 2030 SSBFofl 60.9763
ai22 7 2030 SSBLCI 35.945
ai22 7 2030 SSBUCI 120.125
ai22 7 2030 SSBMedian 58.1528
ai22 7 2030 SSBMean 66.045
ai22 7 2031 SSBF100 174.218
ai22 7 2031 SSBFabc 69.6872
ai22 7 2031 SSBFofl 60.9763
ai22 7 2031 SSBLCI 36.3393
ai22 7 2031 SSBUCI 122.388
ai22 7 2031 SSBMedian 59.4048
ai22 7 2031 SSBMean 67.1654
ai22 7 2032 SSBF100 174.218
ai22 7 2032 SSBFabc 69.6872
ai22 7 2032 SSBFofl 60.9763
ai22 7 2032 SSBLCI 35.9324
ai22 7 2032 SSBUCI 123.015
ai22 7 2032 SSBMedian 59.8519
ai22 7 2032 SSBMean 67.4906
ai22 7 2033 SSBF100 174.218
ai22 7 2033 SSBFabc 69.6872
ai22 7 2033 SSBFofl 60.9763
ai22 7 2033 SSBLCI 35.6671
ai22 7 2033 SSBUCI 121.163
ai22 7 2033 SSBMedian 60.2614
ai22 7 2033 SSBMean 67.3367
ai22 7 2034 SSBF100 174.218
ai22 7 2034 SSBFabc 69.6872
ai22 7 2034 SSBFofl 60.9763
ai22 7 2034 SSBLCI 35.3856
ai22 7 2034 SSBUCI 122.011
ai22 7 2034 SSBMedian 59.8106
ai22 7 2034 SSBMean 67.0677
ai22 7 2035 SSBF100 174.218
ai22 7 2035 SSBFabc 69.6872
ai22 7 2035 SSBFofl 60.9763
ai22 7 2035 SSBLCI 35.8142
ai22 7 2035 SSBUCI 121.153
ai22 7 2035 SSBMedian 59.2692
ai22 7 2035 SSBMean 66.5097
ai22 7 2036 SSBF100 174.218
ai22 7 2036 SSBFabc 69.6872
ai22 7 2036 SSBFofl 60.9763
ai22 7 2036 SSBLCI 35.524
ai22 7 2036 SSBUCI 120.783
ai22 7 2036 SSBMedian 58.4946
ai22 7 2036 SSBMean 66.0142
ai22 7 2022 F0 0 
ai22 7 2022 Fabc 0.305473
ai22 7 2022 Fofl 0.37995
ai22 7 2022  F_LCI 0.441588
ai22 7 2022  F_UCI 0.441588
ai22 7 2022  F_Median 0.441588
ai22 7 2022  F_Mean 0.441588
ai22 7 2023 F0 0 
ai22 7 2023 Fabc 0.305473
ai22 7 2023 Fofl 0.37995
ai22 7 2023  F_LCI 0.236698
ai22 7 2023  F_UCI 0.236698
ai22 7 2023  F_Median 0.236698
ai22 7 2023  F_Mean 0.236698
ai22 7 2024 F0 0 
ai22 7 2024 Fabc 0.305473
ai22 7 2024 Fofl 0.37995
ai22 7 2024  F_LCI 0.218523
ai22 7 2024  F_UCI 0.218668
ai22 7 2024  F_Median 0.218539
ai22 7 2024  F_Mean 0.21856
ai22 7 2025 F0 0 
ai22 7 2025 Fabc 0.305473
ai22 7 2025 Fofl 0.37995
ai22 7 2025  F_LCI 0.267198
ai22 7 2025  F_UCI 0.274898
ai22 7 2025  F_Median 0.268079
ai22 7 2025  F_Mean 0.269178
ai22 7 2026 F0 0 
ai22 7 2026 Fabc 0.305473
ai22 7 2026 Fofl 0.37995
ai22 7 2026  F_LCI 0.248961
ai22 7 2026  F_UCI 0.360825
ai22 7 2026  F_Median 0.262652
ai22 7 2026  F_Mean 0.275647
ai22 7 2027 F0 0 
ai22 7 2027 Fabc 0.305473
ai22 7 2027 Fofl 0.37995
ai22 7 2027  F_LCI 0.224256
ai22 7 2027  F_UCI 0.37995
ai22 7 2027  F_Median 0.269879
ai22 7 2027  F_Mean 0.285112
ai22 7 2028 F0 0 
ai22 7 2028 Fabc 0.305473
ai22 7 2028 Fofl 0.37995
ai22 7 2028  F_LCI 0.203252
ai22 7 2028  F_UCI 0.37995
ai22 7 2028  F_Median 0.287536
ai22 7 2028  F_Mean 0.294473
ai22 7 2029 F0 0 
ai22 7 2029 Fabc 0.305473
ai22 7 2029 Fofl 0.37995
ai22 7 2029  F_LCI 0.18962
ai22 7 2029  F_UCI 0.37995
ai22 7 2029  F_Median 0.30638
ai22 7 2029  F_Mean 0.303064
ai22 7 2030 F0 0 
ai22 7 2030 Fabc 0.305473
ai22 7 2030 Fofl 0.37995
ai22 7 2030  F_LCI 0.186297
ai22 7 2030  F_UCI 0.37995
ai22 7 2030  F_Median 0.313752
ai22 7 2030  F_Mean 0.307215
ai22 7 2031 F0 0 
ai22 7 2031 Fabc 0.305473
ai22 7 2031 Fofl 0.37995
ai22 7 2031  F_LCI 0.18856
ai22 7 2031  F_UCI 0.37995
ai22 7 2031  F_Median 0.320937
ai22 7 2031  F_Mean 0.308772
ai22 7 2032 F0 0 
ai22 7 2032 Fabc 0.305473
ai22 7 2032 Fofl 0.37995
ai22 7 2032  F_LCI 0.186225
ai22 7 2032  F_UCI 0.37995
ai22 7 2032  F_Median 0.323503
ai22 7 2032  F_Mean 0.310478
ai22 7 2033 F0 0 
ai22 7 2033 Fabc 0.305473
ai22 7 2033 Fofl 0.37995
ai22 7 2033  F_LCI 0.184702
ai22 7 2033  F_UCI 0.37995
ai22 7 2033  F_Median 0.325853
ai22 7 2033  F_Mean 0.310377
ai22 7 2034 F0 0 
ai22 7 2034 Fabc 0.305473
ai22 7 2034 Fofl 0.37995
ai22 7 2034  F_LCI 0.183087
ai22 7 2034  F_UCI 0.37995
ai22 7 2034  F_Median 0.323266
ai22 7 2034  F_Mean 0.310182
ai22 7 2035 F0 0 
ai22 7 2035 Fabc 0.305473
ai22 7 2035 Fofl 0.37995
ai22 7 2035  F_LCI 0.185547
ai22 7 2035  F_UCI 0.37995
ai22 7 2035  F_Median 0.320159
ai22 7 2035  F_Mean 0.308485
ai22 7 2036 F0 0 
ai22 7 2036 Fabc 0.305473
ai22 7 2036 Fofl 0.37995
ai22 7 2036  F_LCI 0.183881
ai22 7 2036  F_UCI 0.37995
ai22 7 2036  F_Median 0.315713
ai22 7 2036  F_Mean 0.307974
