Stock Alt Year Catch ABC OFL SSB TotBiom
ai22 1 2023 1.67 43.4133 52.3839 78.6282 264.173
ai22 1 2024 43.0924 43.0924 52.0436 77.3505 281.618
ai22 1 2025 33.704 33.704 40.5231 65.4753 266.546
ai22 1 2026 29.0087 29.0087 35.0435 61.3981 267.64
ai22 1 2027 28.6937 28.6937 34.7575 62.471 277.143
ai22 1 2028 30.6091 30.6091 37.1155 65.8166 288.346
ai22 1 2029 33.1341 33.1341 40.1792 69.1726 297.542
ai22 1 2030 35.1868 35.1868 42.7118 71.8385 303.216
ai22 1 2031 36.3958 36.3958 44.218 73.463 306.314
ai22 1 2032 37.1226 37.1226 45.0545 74.2218 306.434
ai22 1 2033 37.2627 37.2627 45.2571 74.371 305.575
ai22 1 2034 37.1724 37.1724 45.1452 74.2872 304.745
ai22 1 2035 36.9123 36.9123 44.8105 73.8092 303.924
ai22 1 2036 36.6724 36.6724 44.4882 73.3047 304.142
ai22 2 2023 1.67 0.0433753 52.3839 78.6282 264.173
ai22 2 2024 43.0924 0.0429111 52.0436 77.3505 281.618
ai22 2 2025 33.704 0.0331261 40.5231 65.4753 266.546
ai22 2 2026 29.0087 0.0268331 35.0435 61.3981 267.64
ai22 2 2027 28.6937 0.0225537 34.7575 62.471 277.143
ai22 2 2028 30.6091 0.0207143 37.1155 65.8166 288.346
ai22 2 2029 33.1341 0.0253654 40.1792 69.1726 297.542
ai22 2 2030 35.1868 0.0348176 42.7118 71.8385 303.216
ai22 2 2031 36.3958 0.0409921 44.218 73.463 306.314
ai22 2 2032 37.1226 0.0461216 45.0545 74.2218 306.434
ai22 2 2033 37.2627 0.0496065 45.2571 74.371 305.575
ai22 2 2034 37.1724 0.0511442 45.1452 74.2872 304.745
ai22 2 2035 36.9123 0.0498216 44.8105 73.8092 303.924
ai22 2 2036 36.6724 0.0470297 44.4882 73.3047 304.142
ai22 3 2023 1.67 43.4133 52.3839 78.6282 264.173
ai22 3 2024 4.15404 43.0924 52.0436 80.432 281.618
ai22 3 2025 4.21866 43.9385 53.12 82.5574 302.325
ai22 3 2026 4.47622 46.7074 56.4945 87.399 326.311
ai22 3 2027 4.84743 50.6393 61.2684 94.8489 351.475
ai22 3 2028 5.31256 55.509 67.1563 103.813 375.852
ai22 3 2029 5.81456 60.6716 73.3831 112.721 397.926
ai22 3 2030 6.32209 65.808 79.564 121.159 416.655
ai22 3 2031 6.74285 70.0684 84.6881 128.458 432.248
ai22 3 2032 7.07402 73.4208 88.7165 134.273 443.397
ai22 3 2033 7.32216 75.9193 91.7149 138.795 451.995
ai22 3 2034 7.50331 77.7614 93.9256 142.323 458.902
ai22 3 2035 7.63336 79.0758 95.5021 144.608 464.067
ai22 3 2036 7.72301 79.9894 96.5985 146.109 468.646
ai22 4 2023 1.67 43.4133 52.3839 78.6282 264.173
ai22 4 2024 20.3528 43.0924 52.0436 79.2203 281.618
ai22 4 2025 19.0727 40.508 48.9871 75.2729 287.445
ai22 4 2026 19.0263 40.3315 48.6585 75.2741 299.632
ai22 4 2027 19.7155 41.0009 49.5192 78.5236 314.78
ai22 4 2028 20.9697 43.1796 52.2273 83.6267 330.199
ai22 4 2029 22.4464 46.2719 55.9966 88.8343 343.824
ai22 4 2030 23.929 49.4359 59.813 93.5952 354.379
ai22 4 2031 25.0393 51.7964 62.6597 97.3249 362.194
ai22 4 2032 25.7723 53.4339 64.6567 99.9099 366.336
ai22 4 2033 26.2287 54.4453 65.8878 101.585 368.828
ai22 4 2034 26.4849 55.0194 66.5746 102.667 370.521
ai22 4 2035 26.621 55.2779 66.856 102.971 371.423
ai22 4 2036 26.6527 55.3659 66.9496 102.921 372.626
ai22 5 2023 1.67 43.4133 52.3839 78.6282 264.173
ai22 5 2024 0 43.0924 52.0436 80.7288 281.618
ai22 5 2025 0 44.8212 54.1834 84.449 306.14
ai22 5 2026 0 48.3956 58.5279 90.7168 333.502
ai22 5 2027 0 53.0917 64.2219 99.5271 361.814
ai22 5 2028 0 58.7079 71.0166 109.828 389.213
ai22 5 2029 0 64.6606 78.2022 120.078 414.28
ai22 5 2030 0 70.6009 85.3457 129.896 436.017
ai22 5 2031 0 75.6257 91.3853 138.578 454.587
ai22 5 2032 0 79.6786 96.2534 145.702 468.546
ai22 5 2033 0 82.8343 100.041 151.439 479.733
ai22 5 2034 0 85.2536 102.948 156.069 488.985
ai22 5 2035 0 87.0899 105.153 159.313 496.201
ai22 5 2036 0 88.4456 106.779 161.621 502.525
ai22 6 2023 52.3838 43.4133 52.3839 74.5184 264.173
ai22 6 2024 33.3911 27.7107 33.3911 58.7286 235.611
ai22 6 2025 26.4409 21.8292 26.4409 52.7363 235.326
ai22 6 2026 26.3068 21.6816 26.3068 52.8382 247.357
ai22 6 2027 28.6871 23.6224 28.6871 56.006 262.136
ai22 6 2028 32.2611 26.5662 32.2611 60.1906 275.26
ai22 6 2029 35.6159 29.1976 35.6159 63.62 284.388
ai22 6 2030 37.8994 30.9713 37.8994 65.9407 289.061
ai22 6 2031 39.0364 31.9392 39.0364 67.0976 290.976
ai22 6 2032 39.5529 32.3864 39.5529 67.4535 290.117
ai22 6 2033 39.5007 32.2974 39.5007 67.3192 288.602
ai22 6 2034 39.2673 32.0822 39.2673 67.0603 287.39
ai22 6 2035 38.821 31.8167 38.821 66.5071 286.39
ai22 6 2036 38.4884 31.4714 38.4884 66.0136 286.651
ai22 7 2023 43.4133 43.4133 52.3839 75.3276 264.173
ai22 7 2024 30.822 30.822 37.0714 62.3596 243.746
ai22 7 2025 30.3739 25.1318 30.3739 56.393 244.866
ai22 7 2026 28.2578 23.3146 28.2578 54.7195 252.025
ai22 7 2027 29.6176 24.4002 29.6176 56.9449 264.296
ai22 7 2028 32.6668 26.905 32.6668 60.6238 276.163
ai22 7 2029 35.7706 29.364 35.7706 63.795 284.707
ai22 7 2030 37.9453 31.0274 37.9453 65.9975 289.137
ai22 7 2031 39.0403 31.9418 39.0403 67.1067 290.967
ai22 7 2032 39.5446 32.3794 39.5446 67.447 290.089
ai22 7 2033 39.4923 32.2905 39.4923 67.3109 288.578
ai22 7 2034 39.2617 32.0776 39.2617 67.0543 287.375
ai22 7 2035 38.8177 31.814 38.8177 66.5036 286.381
ai22 7 2036 38.4868 31.47 38.4868 66.0118 286.647
