Alternative 1 Catch
     ai22 
Equil_Fabc 38.0719 
Year 
2022 3 
2023 1.67 
2024 43.0924 
2025 33.704 
2026 29.0087 
2027 28.6937 
2028 30.6091 
2029 33.1341 
2030 35.1868 
2031 36.3958 
2032 37.1226 
2033 37.2627 
2034 37.1724 
2035 36.9123 
2036 36.6724 

Alternative 1 ABCs
     ai22 

Year 
2022 44.7938 
2023 43.4133 
2024 43.0924 
2025 33.704 
2026 29.0087 
2027 28.6937 
2028 30.6091 
2029 33.1341 
2030 35.1868 
2031 36.3958 
2032 37.1226 
2033 37.2627 
2034 37.1724 
2035 36.9123 
2036 36.6724 

Alternative 1 TACs
     ai22 

Year 
2022  NA 
2023  NA 
2024 43.0924 
2025 33.704 
2026 29.0087 
2027 28.6937 
2028 30.6091 
2029 33.1341 
2030 35.1868 
2031 36.3958 
2032 37.1226 
2033 37.2627 
2034 37.1724 
2035 36.9123 
2036 36.6724 

Alternative 1 Sp_Biomass
     ai22 
Equil_Fabc 69.6872 
Year 
2022 79.8069 
2023 78.6282 
2024 77.3505 
2025 65.4753 
2026 61.3981 
2027 62.471 
2028 65.8166 
2029 69.1726 
2030 71.8385 
2031 73.463 
2032 74.2218 
2033 74.371 
2034 74.2872 
2035 73.8092 
2036 73.3047 

Alternative 1 Fishing Mortality
     ai22 
Equil_Fabc 0.305473 
Year 
2022 0.018114 
2023 0.0103737 
2024 0.305473 
2025 0.286023 
2026 0.262342 
2027 0.254327 
2028 0.25386 
2029 0.257031 
2030 0.258606 
2031 0.259383 
2032 0.261502 
2033 0.261491 
2034 0.26156 
2035 0.261049 
2036 0.261246 

Alternative 1 Biomass
     ai22 

Year 
2022 253.922 
2023 264.173 
2024 281.618 
2025 266.546 
2026 267.64 
2027 277.143 
2028 288.346 
2029 297.542 
2030 303.216 
2031 306.314 
2032 306.434 
2033 305.575 
2034 304.745 
2035 303.924 
2036 304.142 

Alternative 1 Implied SPR rate 
     ai22 
Equil_Fabc 0.4 
Year 
2022 0.91759 
2023 0.951088 
2024 0.4 
2025 0.415617 
2026 0.437131 
2027 0.446364 
2028 0.448699 
2029 0.446683 
2030 0.447199 
2031 0.447964 
2032 0.445058 
2033 0.44627 
2034 0.446202 
2035 0.446095 
2036 0.444934 

  ai22 
EquilAvgAgeF0  5.13481 
EquilAvgAgeFabc  3.52025 
AvgAgeYr2036 3.82781 
Alternative 2 Catch
     ai22 
Equil_Fabc 38.0719 
Year 
2022 3 
2023 1.67 
2024 43.0924 
2025 33.704 
2026 29.0087 
2027 28.6937 
2028 30.6091 
2029 33.1341 
2030 35.1868 
2031 36.3958 
2032 37.1226 
2033 37.2627 
2034 37.1724 
2035 36.9123 
2036 36.6724 

Alternative 2 ABCs
     ai22 

Year 
2022 0.0447938 
2023 0.0433753 
2024 0.0429111 
2025 0.0331261 
2026 0.0268331 
2027 0.0225537 
2028 0.0207143 
2029 0.0253654 
2030 0.0348176 
2031 0.0409921 
2032 0.0461216 
2033 0.0496065 
2034 0.0511442 
2035 0.0498216 
2036 0.0470297 

Alternative 2 TACs
     ai22 

Year 
2022  NA 
2023  NA 
2024 43.0924 
2025 33.704 
2026 29.0087 
2027 28.6937 
2028 30.6091 
2029 33.1341 
2030 35.1868 
2031 36.3958 
2032 37.1226 
2033 37.2627 
2034 37.1724 
2035 36.9123 
2036 36.6724 

Alternative 2 Sp_Biomass
     ai22 
Equil_Fabc 69.6872 
Year 
2022 79.8069 
2023 78.6282 
2024 77.3505 
2025 65.4753 
2026 61.3981 
2027 62.471 
2028 65.8166 
2029 69.1726 
2030 71.8385 
2031 73.463 
2032 74.2218 
2033 74.371 
2034 74.2872 
2035 73.8092 
2036 73.3047 

Alternative 2 Fishing Mortality
     ai22 
Equil_Fabc 0.305473 
Year 
2022 0.018114 
2023 0.0103737 
2024 0.305473 
2025 0.286023 
2026 0.262342 
2027 0.254327 
2028 0.25386 
2029 0.257031 
2030 0.258606 
2031 0.259383 
2032 0.261502 
2033 0.261491 
2034 0.26156 
2035 0.261049 
2036 0.261246 

Alternative 2 Biomass
     ai22 

Year 
2022 253.922 
2023 264.173 
2024 281.618 
2025 266.546 
2026 267.64 
2027 277.143 
2028 288.346 
2029 297.542 
2030 303.216 
2031 306.314 
2032 306.434 
2033 305.575 
2034 304.745 
2035 303.924 
2036 304.142 

Alternative 2 Implied SPR rate 
     ai22 
Equil_Fabc 0.4 
Year 
2022 0.91759 
2023 0.951088 
2024 0.4 
2025 0.415617 
2026 0.437131 
2027 0.446364 
2028 0.448699 
2029 0.446683 
2030 0.447199 
2031 0.447964 
2032 0.445058 
2033 0.44627 
2034 0.446202 
2035 0.446095 
2036 0.444934 

  ai22 
EquilAvgAgeF0  5.13481 
EquilAvgAgeFabc  3.52025 
AvgAgeYr2036 3.82781 
Alternative 3 Catch
     ai22 
Equil_Fabc 38.0719 
Year 
2022 3 
2023 1.67 
2024 4.15404 
2025 4.21866 
2026 4.47622 
2027 4.84743 
2028 5.31256 
2029 5.81456 
2030 6.32209 
2031 6.74285 
2032 7.07402 
2033 7.32216 
2034 7.50331 
2035 7.63336 
2036 7.72301 

Alternative 3 ABCs
     ai22 

Year 
2022 44.7938 
2023 43.4133 
2024 43.0924 
2025 43.9385 
2026 46.7074 
2027 50.6393 
2028 55.509 
2029 60.6716 
2030 65.808 
2031 70.0684 
2032 73.4208 
2033 75.9193 
2034 77.7614 
2035 79.0758 
2036 79.9894 

Alternative 3 TACs
     ai22 

Year 
2022  NA 
2023  NA 
2024 4.15404 
2025 4.21866 
2026 4.47622 
2027 4.84743 
2028 5.31256 
2029 5.81456 
2030 6.32209 
2031 6.74285 
2032 7.07402 
2033 7.32216 
2034 7.50331 
2035 7.63336 
2036 7.72301 

Alternative 3 Sp_Biomass
     ai22 
Equil_Fabc 69.6872 
Year 
2022 79.8069 
2023 78.6282 
2024 80.432 
2025 82.5574 
2026 87.399 
2027 94.8489 
2028 103.813 
2029 112.721 
2030 121.159 
2031 128.458 
2032 134.273 
2033 138.795 
2034 142.323 
2035 144.608 
2036 146.109 

Alternative 3 Fishing Mortality
     ai22 
Equil_Fabc 0.305473 
Year 
2022 0.018114 
2023 0.0103737 
2024 0.0262659 
2025 0.0262659 
2026 0.0262659 
2027 0.0262659 
2028 0.0262659 
2029 0.0262659 
2030 0.0262659 
2031 0.0262659 
2032 0.0262659 
2033 0.0262659 
2034 0.0262659 
2035 0.0262659 
2036 0.0262659 

Alternative 3 Biomass
     ai22 

Year 
2022 253.922 
2023 264.173 
2024 281.618 
2025 302.325 
2026 326.311 
2027 351.475 
2028 375.852 
2029 397.926 
2030 416.655 
2031 432.248 
2032 443.397 
2033 451.995 
2034 458.902 
2035 464.067 
2036 468.646 

Alternative 3 Implied SPR rate 
     ai22 
Equil_Fabc 0.4 
Year 
2022 0.91759 
2023 0.951088 
2024 0.884766 
2025 0.884766 
2026 0.884766 
2027 0.884766 
2028 0.884766 
2029 0.884766 
2030 0.884766 
2031 0.884766 
2032 0.884766 
2033 0.884766 
2034 0.884766 
2035 0.884766 
2036 0.884766 

  ai22 
EquilAvgAgeF0  5.13481 
EquilAvgAgeFabc  3.52025 
AvgAgeYr2036 5.00735 
Alternative 4 Catch
     ai22 
Equil_Fabc 38.0719 
Year 
2022 3 
2023 1.67 
2024 20.3528 
2025 19.0727 
2026 19.0263 
2027 19.7155 
2028 20.9697 
2029 22.4464 
2030 23.929 
2031 25.0393 
2032 25.7723 
2033 26.2287 
2034 26.4849 
2035 26.621 
2036 26.6527 

Alternative 4 ABCs
     ai22 

Year 
2022 44.7938 
2023 43.4133 
2024 43.0924 
2025 40.508 
2026 40.3315 
2027 41.0009 
2028 43.1796 
2029 46.2719 
2030 49.4359 
2031 51.7964 
2032 53.4339 
2033 54.4453 
2034 55.0194 
2035 55.2779 
2036 55.3659 

Alternative 4 TACs
     ai22 

Year 
2022  NA 
2023  NA 
2024 20.3528 
2025 19.0727 
2026 19.0263 
2027 19.7155 
2028 20.9697 
2029 22.4464 
2030 23.929 
2031 25.0393 
2032 25.7723 
2033 26.2287 
2034 26.4849 
2035 26.621 
2036 26.6527 

Alternative 4 Sp_Biomass
     ai22 
Equil_Fabc 69.6872 
Year 
2022 79.8069 
2023 78.6282 
2024 79.2203 
2025 75.2729 
2026 75.2741 
2027 78.5236 
2028 83.6267 
2029 88.8343 
2030 93.5952 
2031 97.3249 
2032 99.9099 
2033 101.585 
2034 102.667 
2035 102.971 
2036 102.921 

Alternative 4 Fishing Mortality
     ai22 
Equil_Fabc 0.305473 
Year 
2022 0.018114 
2023 0.0103737 
2024 0.134629 
2025 0.134629 
2026 0.134629 
2027 0.134629 
2028 0.134629 
2029 0.134629 
2030 0.134629 
2031 0.134629 
2032 0.134226 
2033 0.134091 
2034 0.134091 
2035 0.13436 
2036 0.134495 

Alternative 4 Biomass
     ai22 

Year 
2022 253.922 
2023 264.173 
2024 281.618 
2025 287.445 
2026 299.632 
2027 314.78 
2028 330.199 
2029 343.824 
2030 354.379 
2031 362.194 
2032 366.336 
2033 368.828 
2034 370.521 
2035 371.423 
2036 372.626 

Alternative 4 Implied SPR rate 
     ai22 
Equil_Fabc 0.4 
Year 
2022 0.91759 
2023 0.951088 
2024 0.6 
2025 0.6 
2026 0.6 
2027 0.6 
2028 0.6 
2029 0.6 
2030 0.6 
2031 0.6 
2032 0.6012 
2033 0.6016 
2034 0.6016 
2035 0.6008 
2036 0.6004 

  ai22 
EquilAvgAgeF0  5.13481 
EquilAvgAgeFabc  3.52025 
AvgAgeYr2036 4.32035 
Alternative 5 Catch
     ai22 
Equil_Fabc 38.0719 
Year 
2022 3 
2023 1.67 
2024  NA 
2025  NA 
2026  NA 
2027  NA 
2028  NA 
2029  NA 
2030  NA 
2031  NA 
2032  NA 
2033  NA 
2034  NA 
2035  NA 
2036  NA 

Alternative 5 ABCs
     ai22 

Year 
2022 44.7938 
2023 43.4133 
2024 43.0924 
2025 44.8212 
2026 48.3956 
2027 53.0917 
2028 58.7079 
2029 64.6606 
2030 70.6009 
2031 75.6257 
2032 79.6786 
2033 82.8343 
2034 85.2536 
2035 87.0899 
2036 88.4456 

Alternative 5 TACs
     ai22 

Year 
2022  NA 
2023  NA 
2024  NA 
2025  NA 
2026  NA 
2027  NA 
2028  NA 
2029  NA 
2030  NA 
2031  NA 
2032  NA 
2033  NA 
2034  NA 
2035  NA 
2036  NA 

Alternative 5 Sp_Biomass
     ai22 
Equil_Fabc 69.6872 
Year 
2022 79.8069 
2023 78.6282 
2024 80.7288 
2025 84.449 
2026 90.7168 
2027 99.5271 
2028 109.828 
2029 120.078 
2030 129.896 
2031 138.578 
2032 145.702 
2033 151.439 
2034 156.069 
2035 159.313 
2036 161.621 

Alternative 5 Fishing Mortality
     ai22 
Equil_Fabc 0.305473 
Year 
2022 0.018114 
2023 0.0103737 
2024  NA 
2025  NA 
2026  NA 
2027  NA 
2028  NA 
2029  NA 
2030  NA 
2031  NA 
2032  NA 
2033  NA 
2034  NA 
2035  NA 
2036  NA 

Alternative 5 Biomass
     ai22 

Year 
2022 253.922 
2023 264.173 
2024 281.618 
2025 306.14 
2026 333.502 
2027 361.814 
2028 389.213 
2029 414.28 
2030 436.017 
2031 454.587 
2032 468.546 
2033 479.733 
2034 488.985 
2035 496.201 
2036 502.525 

Alternative 5 Implied SPR rate 
     ai22 
Equil_Fabc 0.4 
Year 
2022 0.91759 
2023 0.951088 
2024 1 
2025 1 
2026 1 
2027 1 
2028 1 
2029 1 
2030 1 
2031 1 
2032 1 
2033 1 
2034 1 
2035 1 
2036 1 

  ai22 
EquilAvgAgeF0  5.13481 
EquilAvgAgeFabc  3.52025 
AvgAgeYr2036 5.2367 
Alternative 6 Catch
     ai22 
Equil_Fabc 38.0719 
Year 
2022 3 
2023 52.3838 
2024 33.3911 
2025 26.4409 
2026 26.3068 
2027 28.6871 
2028 32.2611 
2029 35.6159 
2030 37.8994 
2031 39.0364 
2032 39.5529 
2033 39.5007 
2034 39.2673 
2035 38.821 
2036 38.4884 

Alternative 6 ABCs
     ai22 

Year 
2022 44.7938 
2023 43.4133 
2024 27.7107 
2025 21.8292 
2026 21.6816 
2027 23.6224 
2028 26.5662 
2029 29.1976 
2030 30.9713 
2031 31.9392 
2032 32.3864 
2033 32.2974 
2034 32.0822 
2035 31.8167 
2036 31.4714 

Alternative 6 TACs
     ai22 

Year 
2022  NA 
2023 52.3839 
2024 33.3911 
2025 26.4409 
2026 26.3068 
2027 28.6871 
2028 32.2611 
2029 35.6159 
2030 37.8994 
2031 39.0364 
2032 39.5529 
2033 39.5007 
2034 39.2673 
2035 38.821 
2036 38.4884 

Alternative 6 Sp_Biomass
     ai22 
Equil_Fabc 69.6872 
Year 
2022 79.8069 
2023 74.5184 
2024 58.7286 
2025 52.7363 
2026 52.8382 
2027 56.006 
2028 60.1906 
2029 63.62 
2030 65.9407 
2031 67.0976 
2032 67.4535 
2033 67.3192 
2034 67.0603 
2035 66.5071 
2036 66.0136 

Alternative 6 Fishing Mortality
     ai22 
Equil_Fabc 0.305473 
Year 
2022 0.018114 
2023 0.379949 
2024 0.317056 
2025 0.282666 
2026 0.280362 
2027 0.286113 
2028 0.294283 
2029 0.30266 
2030 0.306883 
2031 0.308555 
2032 0.310359 
2033 0.310321 
2034 0.310159 
2035 0.308478 
2036 0.307972 

Alternative 6 Biomass
     ai22 

Year 
2022 253.922 
2023 264.173 
2024 235.611 
2025 235.326 
2026 247.357 
2027 262.136 
2028 275.26 
2029 284.388 
2030 289.061 
2031 290.976 
2032 290.117 
2033 288.602 
2034 287.39 
2035 286.39 
2036 286.651 

Alternative 6 Implied SPR rate 
     ai22 
Equil_Fabc 0.4 
Year 
2022 0.91759 
2023 0.35 
2024 0.391269 
2025 0.418447 
2026 0.42204 
2027 0.419872 
2028 0.415539 
2029 0.40991 
2030 0.406878 
2031 0.405674 
2032 0.404336 
2033 0.404492 
2034 0.404711 
2035 0.405886 
2036 0.406092 

  ai22 
EquilAvgAgeF0  5.13481 
EquilAvgAgeFabc  3.52025 
AvgAgeYr2036 3.70201 
Alternative 7 Catch
     ai22 
Equil_Fabc 38.0719 
Year 
2022 3 
2023 43.4133 
2024 30.822 
2025 30.3739 
2026 28.2578 
2027 29.6176 
2028 32.6668 
2029 35.7706 
2030 37.9453 
2031 39.0403 
2032 39.5446 
2033 39.4923 
2034 39.2617 
2035 38.8177 
2036 38.4868 

Alternative 7 ABCs
     ai22 

Year 
2022 44.7938 
2023 43.4133 
2024 30.822 
2025 25.1318 
2026 23.3146 
2027 24.4002 
2028 26.905 
2029 29.364 
2030 31.0274 
2031 31.9418 
2032 32.3794 
2033 32.2905 
2034 32.0776 
2035 31.814 
2036 31.47 

Alternative 7 TACs
     ai22 

Year 
2022  NA 
2023 52.3839 
2024 37.0714 
2025 30.3739 
2026 28.2578 
2027 29.6176 
2028 32.6668 
2029 35.7706 
2030 37.9453 
2031 39.0403 
2032 39.5446 
2033 39.4923 
2034 39.2617 
2035 38.8177 
2036 38.4868 

Alternative 7 Sp_Biomass
     ai22 
Equil_Fabc 69.6872 
Year 
2022 79.8069 
2023 75.3276 
2024 62.3596 
2025 56.393 
2026 54.7195 
2027 56.9449 
2028 60.6238 
2029 63.795 
2030 65.9975 
2031 67.1067 
2032 67.447 
2033 67.3109 
2034 67.0543 
2035 66.5036 
2036 66.0118 

Alternative 7 Fishing Mortality
     ai22 
Equil_Fabc 0.305473 
Year 
2022 0.018114 
2023 0.305473 
2024 0.271662 
2025 0.303652 
2026 0.290688 
2027 0.290766 
2028 0.2962 
2029 0.303363 
2030 0.307103 
2031 0.308596 
2032 0.310342 
2033 0.310297 
2034 0.310141 
2035 0.308467 
2036 0.307966 

Alternative 7 Biomass
     ai22 

Year 
2022 253.922 
2023 264.173 
2024 243.746 
2025 244.866 
2026 252.025 
2027 264.296 
2028 276.163 
2029 284.707 
2030 289.137 
2031 290.967 
2032 290.089 
2033 288.578 
2034 287.375 
2035 286.381 
2036 286.647 

Alternative 7 Implied SPR rate 
     ai22 
Equil_Fabc 0.4 
Year 
2022 0.91759 
2023 0.4 
2024 0.427966 
2025 0.401424 
2026 0.413179 
2027 0.415698 
2028 0.413747 
2029 0.409231 
2030 0.406657 
2031 0.405627 
2032 0.404348 
2033 0.404514 
2034 0.404727 
2035 0.405897 
2036 0.406098 

  ai22 
EquilAvgAgeF0  5.13481 
EquilAvgAgeFabc  3.52025 
AvgAgeYr2036 3.702 
