ai22 1 2022 Cabc 38.0719
ai22 1 2022 Cofl 40.258
ai22 1 2022 CLCI 3
ai22 1 2022 CUCI 3
ai22 1 2022 CMedian 3
ai22 1 2022 CMean 3
ai22 1 2022 CStdn 3.95239e-014
ai22 1 2023 Cabc 38.0719
ai22 1 2023 Cofl 40.258
ai22 1 2023 CLCI 1.67
ai22 1 2023 CUCI 1.67
ai22 1 2023 CMedian 1.67
ai22 1 2023 CMean 1.67
ai22 1 2023 CStdn 2.01684e-008
ai22 1 2024 Cabc 38.0719
ai22 1 2024 Cofl 40.258
ai22 1 2024 CLCI 42.8433
ai22 1 2024 CUCI 43.6874
ai22 1 2024 CMedian 42.98
ai22 1 2024 CMean 43.0924
ai22 1 2024 CStdn 0.332698
ai22 1 2025 Cabc 38.0719
ai22 1 2025 Cofl 40.258
ai22 1 2025 CLCI 32.853
ai22 1 2025 CUCI 35.7732
ai22 1 2025 CMedian 33.329
ai22 1 2025 CMean 33.704
ai22 1 2025 CStdn 1.15477
ai22 1 2026 Cabc 38.0719
ai22 1 2026 Cofl 40.258
ai22 1 2026 CLCI 25.3448
ai22 1 2026 CUCI 37.8594
ai22 1 2026 CMedian 27.3967
ai22 1 2026 CMean 29.0087
ai22 1 2026 CStdn 4.29719
ai22 1 2027 Cabc 38.0719
ai22 1 2027 Cofl 40.258
ai22 1 2027 CLCI 20.1786
ai22 1 2027 CUCI 44.1266
ai22 1 2027 CMedian 25.8089
ai22 1 2027 CMean 28.6937
ai22 1 2027 CStdn 8.82808
ai22 1 2028 Cabc 38.0719
ai22 1 2028 Cofl 40.258
ai22 1 2028 CLCI 16.4124
ai22 1 2028 CUCI 55.6774
ai22 1 2028 CMedian 27.1628
ai22 1 2028 CMean 30.6091
ai22 1 2028 CStdn 13.9096
ai22 1 2029 Cabc 38.0719
ai22 1 2029 Cofl 40.258
ai22 1 2029 CLCI 13.7908
ai22 1 2029 CUCI 66.2881
ai22 1 2029 CMedian 29.4164
ai22 1 2029 CMean 33.1341
ai22 1 2029 CStdn 17.3452
ai22 1 2030 Cabc 38.0719
ai22 1 2030 Cofl 40.258
ai22 1 2030 CLCI 12.3823
ai22 1 2030 CUCI 70.3644
ai22 1 2030 CMedian 31.9675
ai22 1 2030 CMean 35.1868
ai22 1 2030 CStdn 19.3766
ai22 1 2031 Cabc 38.0719
ai22 1 2031 Cofl 40.258
ai22 1 2031 CLCI 12.5721
ai22 1 2031 CUCI 72.7388
ai22 1 2031 CMedian 32.9206
ai22 1 2031 CMean 36.3958
ai22 1 2031 CStdn 20.3869
ai22 1 2032 Cabc 38.0719
ai22 1 2032 Cofl 40.258
ai22 1 2032 CLCI 12.6893
ai22 1 2032 CUCI 74.1473
ai22 1 2032 CMedian 33.442
ai22 1 2032 CMean 37.1226
ai22 1 2032 CStdn 20.7457
ai22 1 2033 Cabc 38.0719
ai22 1 2033 Cofl 40.258
ai22 1 2033 CLCI 12.1164
ai22 1 2033 CUCI 74.0639
ai22 1 2033 CMedian 34.0571
ai22 1 2033 CMean 37.2627
ai22 1 2033 CStdn 20.729
ai22 1 2034 Cabc 38.0719
ai22 1 2034 Cofl 40.258
ai22 1 2034 CLCI 12.2284
ai22 1 2034 CUCI 73.4558
ai22 1 2034 CMedian 34.7897
ai22 1 2034 CMean 37.1724
ai22 1 2034 CStdn 20.1732
ai22 1 2035 Cabc 38.0719
ai22 1 2035 Cofl 40.258
ai22 1 2035 CLCI 12.4775
ai22 1 2035 CUCI 73.3548
ai22 1 2035 CMedian 33.8322
ai22 1 2035 CMean 36.9123
ai22 1 2035 CStdn 19.8693
ai22 1 2036 Cabc 38.0719
ai22 1 2036 Cofl 40.258
ai22 1 2036 CLCI 12.4181
ai22 1 2036 CUCI 73.4653
ai22 1 2036 CMedian 33.318
ai22 1 2036 CMean 36.6724
ai22 1 2036 CStdn 19.7804
ai22 1 2022 SSBF100 174.218
ai22 1 2022 SSBFabc 69.6872
ai22 1 2022 SSBFofl 60.9763
ai22 1 2022 SSBLCI 79.8069
ai22 1 2022 SSBUCI 79.8069
ai22 1 2022 SSBMedian 79.8069
ai22 1 2022 SSBMean 79.8069
ai22 1 2023 SSBF100 174.218
ai22 1 2023 SSBFabc 69.6872
ai22 1 2023 SSBFofl 60.9763
ai22 1 2023 SSBLCI 78.628
ai22 1 2023 SSBUCI 78.6287
ai22 1 2023 SSBMedian 78.6281
ai22 1 2023 SSBMean 78.6282
ai22 1 2024 SSBF100 174.218
ai22 1 2024 SSBFabc 69.6872
ai22 1 2024 SSBFofl 60.9763
ai22 1 2024 SSBLCI 77.3412
ai22 1 2024 SSBUCI 77.3773
ai22 1 2024 SSBMedian 77.3453
ai22 1 2024 SSBMean 77.3505
ai22 1 2025 SSBF100 174.218
ai22 1 2025 SSBFabc 69.6872
ai22 1 2025 SSBFofl 60.9763
ai22 1 2025 SSBLCI 65.1298
ai22 1 2025 SSBUCI 66.4724
ai22 1 2025 SSBMedian 65.2835
ai22 1 2025 SSBMean 65.4753
ai22 1 2026 SSBF100 174.218
ai22 1 2026 SSBFabc 69.6872
ai22 1 2026 SSBFofl 60.9763
ai22 1 2026 SSBLCI 56.2556
ai22 1 2026 SSBUCI 75.9451
ai22 1 2026 SSBMedian 58.6365
ai22 1 2026 SSBMean 61.3981
ai22 1 2027 SSBF100 174.218
ai22 1 2027 SSBFabc 69.6872
ai22 1 2027 SSBFofl 60.9763
ai22 1 2027 SSBLCI 48.9735
ai22 1 2027 SSBUCI 94.4983
ai22 1 2027 SSBMedian 56.9566
ai22 1 2027 SSBMean 62.471
ai22 1 2028 SSBF100 174.218
ai22 1 2028 SSBFabc 69.6872
ai22 1 2028 SSBFofl 60.9763
ai22 1 2028 SSBLCI 43.6527
ai22 1 2028 SSBUCI 117.705
ai22 1 2028 SSBMedian 58.7009
ai22 1 2028 SSBMean 65.8166
ai22 1 2029 SSBF100 174.218
ai22 1 2029 SSBFabc 69.6872
ai22 1 2029 SSBFofl 60.9763
ai22 1 2029 SSBLCI 40.315
ai22 1 2029 SSBUCI 125.204
ai22 1 2029 SSBMedian 61.4842
ai22 1 2029 SSBMean 69.1726
ai22 1 2030 SSBF100 174.218
ai22 1 2030 SSBFabc 69.6872
ai22 1 2030 SSBFofl 60.9763
ai22 1 2030 SSBLCI 39.1805
ai22 1 2030 SSBUCI 131.039
ai22 1 2030 SSBMedian 63.5327
ai22 1 2030 SSBMean 71.8385
ai22 1 2031 SSBF100 174.218
ai22 1 2031 SSBFabc 69.6872
ai22 1 2031 SSBFofl 60.9763
ai22 1 2031 SSBLCI 39.3862
ai22 1 2031 SSBUCI 133.454
ai22 1 2031 SSBMedian 64.3173
ai22 1 2031 SSBMean 73.463
ai22 1 2032 SSBF100 174.218
ai22 1 2032 SSBFabc 69.6872
ai22 1 2032 SSBFofl 60.9763
ai22 1 2032 SSBLCI 39.475
ai22 1 2032 SSBUCI 135.243
ai22 1 2032 SSBMedian 65.4718
ai22 1 2032 SSBMean 74.2218
ai22 1 2033 SSBF100 174.218
ai22 1 2033 SSBFabc 69.6872
ai22 1 2033 SSBFofl 60.9763
ai22 1 2033 SSBLCI 38.7721
ai22 1 2033 SSBUCI 133.457
ai22 1 2033 SSBMedian 65.9878
ai22 1 2033 SSBMean 74.371
ai22 1 2034 SSBF100 174.218
ai22 1 2034 SSBFabc 69.6872
ai22 1 2034 SSBFofl 60.9763
ai22 1 2034 SSBLCI 39.2384
ai22 1 2034 SSBUCI 135.811
ai22 1 2034 SSBMedian 66.7374
ai22 1 2034 SSBMean 74.2872
ai22 1 2035 SSBF100 174.218
ai22 1 2035 SSBFabc 69.6872
ai22 1 2035 SSBFofl 60.9763
ai22 1 2035 SSBLCI 39.599
ai22 1 2035 SSBUCI 135.881
ai22 1 2035 SSBMedian 65.7382
ai22 1 2035 SSBMean 73.8092
ai22 1 2036 SSBF100 174.218
ai22 1 2036 SSBFabc 69.6872
ai22 1 2036 SSBFofl 60.9763
ai22 1 2036 SSBLCI 39.1279
ai22 1 2036 SSBUCI 133.579
ai22 1 2036 SSBMedian 65.0097
ai22 1 2036 SSBMean 73.3047
ai22 1 2022 F0 0 
ai22 1 2022 Fabc 0.305473
ai22 1 2022 Fofl 0.37995
ai22 1 2022  F_LCI 0.018114
ai22 1 2022  F_UCI 0.018114
ai22 1 2022  F_Median 0.018114
ai22 1 2022  F_Mean 0.018114
ai22 1 2023 F0 0 
ai22 1 2023 Fabc 0.305473
ai22 1 2023 Fofl 0.37995
ai22 1 2023  F_LCI 0.010329
ai22 1 2023  F_UCI 0.0103889
ai22 1 2023  F_Median 0.0103822
ai22 1 2023  F_Mean 0.0103737
ai22 1 2024 F0 0 
ai22 1 2024 Fabc 0.305473
ai22 1 2024 Fofl 0.37995
ai22 1 2024  F_LCI 0.305473
ai22 1 2024  F_UCI 0.305473
ai22 1 2024  F_Median 0.305473
ai22 1 2024  F_Mean 0.305473
ai22 1 2025 F0 0 
ai22 1 2025 Fabc 0.305473
ai22 1 2025 Fofl 0.37995
ai22 1 2025  F_LCI 0.284444
ai22 1 2025  F_UCI 0.290639
ai22 1 2025  F_Median 0.285153
ai22 1 2025  F_Mean 0.286023
ai22 1 2026 F0 0 
ai22 1 2026 Fabc 0.305473
ai22 1 2026 Fofl 0.37995
ai22 1 2026  F_LCI 0.243497
ai22 1 2026  F_UCI 0.305473
ai22 1 2026  F_Median 0.254483
ai22 1 2026  F_Mean 0.262342
ai22 1 2027 F0 0 
ai22 1 2027 Fabc 0.305473
ai22 1 2027 Fofl 0.37995
ai22 1 2027  F_LCI 0.209896
ai22 1 2027  F_UCI 0.305473
ai22 1 2027  F_Median 0.246732
ai22 1 2027  F_Mean 0.254327
ai22 1 2028 F0 0 
ai22 1 2028 Fabc 0.305473
ai22 1 2028 Fofl 0.37995
ai22 1 2028  F_LCI 0.185345
ai22 1 2028  F_UCI 0.305473
ai22 1 2028  F_Median 0.25478
ai22 1 2028  F_Mean 0.25386
ai22 1 2029 F0 0 
ai22 1 2029 Fabc 0.305473
ai22 1 2029 Fofl 0.37995
ai22 1 2029  F_LCI 0.169944
ai22 1 2029  F_UCI 0.305473
ai22 1 2029  F_Median 0.267623
ai22 1 2029  F_Mean 0.257031
ai22 1 2030 F0 0 
ai22 1 2030 Fabc 0.305473
ai22 1 2030 Fofl 0.37995
ai22 1 2030  F_LCI 0.164709
ai22 1 2030  F_UCI 0.305473
ai22 1 2030  F_Median 0.277075
ai22 1 2030  F_Mean 0.258606
ai22 1 2031 F0 0 
ai22 1 2031 Fabc 0.305473
ai22 1 2031 Fofl 0.37995
ai22 1 2031  F_LCI 0.165658
ai22 1 2031  F_UCI 0.305473
ai22 1 2031  F_Median 0.280695
ai22 1 2031  F_Mean 0.259383
ai22 1 2032 F0 0 
ai22 1 2032 Fabc 0.305473
ai22 1 2032 Fofl 0.37995
ai22 1 2032  F_LCI 0.166068
ai22 1 2032  F_UCI 0.305473
ai22 1 2032  F_Median 0.286022
ai22 1 2032  F_Mean 0.261502
ai22 1 2033 F0 0 
ai22 1 2033 Fabc 0.305473
ai22 1 2033 Fofl 0.37995
ai22 1 2033  F_LCI 0.162825
ai22 1 2033  F_UCI 0.305473
ai22 1 2033  F_Median 0.288403
ai22 1 2033  F_Mean 0.261491
ai22 1 2034 F0 0 
ai22 1 2034 Fabc 0.305473
ai22 1 2034 Fofl 0.37995
ai22 1 2034  F_LCI 0.164976
ai22 1 2034  F_UCI 0.305473
ai22 1 2034  F_Median 0.291862
ai22 1 2034  F_Mean 0.26156
ai22 1 2035 F0 0 
ai22 1 2035 Fabc 0.305473
ai22 1 2035 Fofl 0.37995
ai22 1 2035  F_LCI 0.16664
ai22 1 2035  F_UCI 0.305473
ai22 1 2035  F_Median 0.287252
ai22 1 2035  F_Mean 0.261049
ai22 1 2036 F0 0 
ai22 1 2036 Fabc 0.305473
ai22 1 2036 Fofl 0.37995
ai22 1 2036  F_LCI 0.164466
ai22 1 2036  F_UCI 0.305473
ai22 1 2036  F_Median 0.28389
ai22 1 2036  F_Mean 0.261246
ai22 2 2022 Cabc 38.0719
ai22 2 2022 Cofl 40.258
ai22 2 2022 CLCI 3
ai22 2 2022 CUCI 3
ai22 2 2022 CMedian 3
ai22 2 2022 CMean 3
ai22 2 2022 CStdn 3.95239e-014
ai22 2 2023 Cabc 38.0719
ai22 2 2023 Cofl 40.258
ai22 2 2023 CLCI 1.67
ai22 2 2023 CUCI 1.67
ai22 2 2023 CMedian 1.67
ai22 2 2023 CMean 1.67
ai22 2 2023 CStdn 2.01684e-008
ai22 2 2024 Cabc 38.0719
ai22 2 2024 Cofl 40.258
ai22 2 2024 CLCI 42.8433
ai22 2 2024 CUCI 43.6874
ai22 2 2024 CMedian 42.98
ai22 2 2024 CMean 43.0924
ai22 2 2024 CStdn 0.332698
ai22 2 2025 Cabc 38.0719
ai22 2 2025 Cofl 40.258
ai22 2 2025 CLCI 32.853
ai22 2 2025 CUCI 35.7732
ai22 2 2025 CMedian 33.329
ai22 2 2025 CMean 33.704
ai22 2 2025 CStdn 1.15477
ai22 2 2026 Cabc 38.0719
ai22 2 2026 Cofl 40.258
ai22 2 2026 CLCI 25.3448
ai22 2 2026 CUCI 37.8594
ai22 2 2026 CMedian 27.3967
ai22 2 2026 CMean 29.0087
ai22 2 2026 CStdn 4.29719
ai22 2 2027 Cabc 38.0719
ai22 2 2027 Cofl 40.258
ai22 2 2027 CLCI 20.1786
ai22 2 2027 CUCI 44.1266
ai22 2 2027 CMedian 25.8089
ai22 2 2027 CMean 28.6937
ai22 2 2027 CStdn 8.82808
ai22 2 2028 Cabc 38.0719
ai22 2 2028 Cofl 40.258
ai22 2 2028 CLCI 16.4124
ai22 2 2028 CUCI 55.6774
ai22 2 2028 CMedian 27.1628
ai22 2 2028 CMean 30.6091
ai22 2 2028 CStdn 13.9096
ai22 2 2029 Cabc 38.0719
ai22 2 2029 Cofl 40.258
ai22 2 2029 CLCI 13.7908
ai22 2 2029 CUCI 66.2881
ai22 2 2029 CMedian 29.4164
ai22 2 2029 CMean 33.1341
ai22 2 2029 CStdn 17.3452
ai22 2 2030 Cabc 38.0719
ai22 2 2030 Cofl 40.258
ai22 2 2030 CLCI 12.3823
ai22 2 2030 CUCI 70.3644
ai22 2 2030 CMedian 31.9675
ai22 2 2030 CMean 35.1868
ai22 2 2030 CStdn 19.3766
ai22 2 2031 Cabc 38.0719
ai22 2 2031 Cofl 40.258
ai22 2 2031 CLCI 12.5721
ai22 2 2031 CUCI 72.7388
ai22 2 2031 CMedian 32.9206
ai22 2 2031 CMean 36.3958
ai22 2 2031 CStdn 20.3869
ai22 2 2032 Cabc 38.0719
ai22 2 2032 Cofl 40.258
ai22 2 2032 CLCI 12.6893
ai22 2 2032 CUCI 74.1473
ai22 2 2032 CMedian 33.442
ai22 2 2032 CMean 37.1226
ai22 2 2032 CStdn 20.7457
ai22 2 2033 Cabc 38.0719
ai22 2 2033 Cofl 40.258
ai22 2 2033 CLCI 12.1164
ai22 2 2033 CUCI 74.0639
ai22 2 2033 CMedian 34.0571
ai22 2 2033 CMean 37.2627
ai22 2 2033 CStdn 20.729
ai22 2 2034 Cabc 38.0719
ai22 2 2034 Cofl 40.258
ai22 2 2034 CLCI 12.2284
ai22 2 2034 CUCI 73.4558
ai22 2 2034 CMedian 34.7897
ai22 2 2034 CMean 37.1724
ai22 2 2034 CStdn 20.1732
ai22 2 2035 Cabc 38.0719
ai22 2 2035 Cofl 40.258
ai22 2 2035 CLCI 12.4775
ai22 2 2035 CUCI 73.3548
ai22 2 2035 CMedian 33.8322
ai22 2 2035 CMean 36.9123
ai22 2 2035 CStdn 19.8693
ai22 2 2036 Cabc 38.0719
ai22 2 2036 Cofl 40.258
ai22 2 2036 CLCI 12.4181
ai22 2 2036 CUCI 73.4653
ai22 2 2036 CMedian 33.318
ai22 2 2036 CMean 36.6724
ai22 2 2036 CStdn 19.7804
ai22 2 2022 SSBF100 174.218
ai22 2 2022 SSBFabc 69.6872
ai22 2 2022 SSBFofl 60.9763
ai22 2 2022 SSBLCI 79.8069
ai22 2 2022 SSBUCI 79.8069
ai22 2 2022 SSBMedian 79.8069
ai22 2 2022 SSBMean 79.8069
ai22 2 2023 SSBF100 174.218
ai22 2 2023 SSBFabc 69.6872
ai22 2 2023 SSBFofl 60.9763
ai22 2 2023 SSBLCI 78.628
ai22 2 2023 SSBUCI 78.6287
ai22 2 2023 SSBMedian 78.6281
ai22 2 2023 SSBMean 78.6282
ai22 2 2024 SSBF100 174.218
ai22 2 2024 SSBFabc 69.6872
ai22 2 2024 SSBFofl 60.9763
ai22 2 2024 SSBLCI 77.3412
ai22 2 2024 SSBUCI 77.3773
ai22 2 2024 SSBMedian 77.3453
ai22 2 2024 SSBMean 77.3505
ai22 2 2025 SSBF100 174.218
ai22 2 2025 SSBFabc 69.6872
ai22 2 2025 SSBFofl 60.9763
ai22 2 2025 SSBLCI 65.1298
ai22 2 2025 SSBUCI 66.4724
ai22 2 2025 SSBMedian 65.2835
ai22 2 2025 SSBMean 65.4753
ai22 2 2026 SSBF100 174.218
ai22 2 2026 SSBFabc 69.6872
ai22 2 2026 SSBFofl 60.9763
ai22 2 2026 SSBLCI 56.2556
ai22 2 2026 SSBUCI 75.9451
ai22 2 2026 SSBMedian 58.6365
ai22 2 2026 SSBMean 61.3981
ai22 2 2027 SSBF100 174.218
ai22 2 2027 SSBFabc 69.6872
ai22 2 2027 SSBFofl 60.9763
ai22 2 2027 SSBLCI 48.9735
ai22 2 2027 SSBUCI 94.4983
ai22 2 2027 SSBMedian 56.9566
ai22 2 2027 SSBMean 62.471
ai22 2 2028 SSBF100 174.218
ai22 2 2028 SSBFabc 69.6872
ai22 2 2028 SSBFofl 60.9763
ai22 2 2028 SSBLCI 43.6527
ai22 2 2028 SSBUCI 117.705
ai22 2 2028 SSBMedian 58.7009
ai22 2 2028 SSBMean 65.8166
ai22 2 2029 SSBF100 174.218
ai22 2 2029 SSBFabc 69.6872
ai22 2 2029 SSBFofl 60.9763
ai22 2 2029 SSBLCI 40.315
ai22 2 2029 SSBUCI 125.204
ai22 2 2029 SSBMedian 61.4842
ai22 2 2029 SSBMean 69.1726
ai22 2 2030 SSBF100 174.218
ai22 2 2030 SSBFabc 69.6872
ai22 2 2030 SSBFofl 60.9763
ai22 2 2030 SSBLCI 39.1805
ai22 2 2030 SSBUCI 131.039
ai22 2 2030 SSBMedian 63.5327
ai22 2 2030 SSBMean 71.8385
ai22 2 2031 SSBF100 174.218
ai22 2 2031 SSBFabc 69.6872
ai22 2 2031 SSBFofl 60.9763
ai22 2 2031 SSBLCI 39.3862
ai22 2 2031 SSBUCI 133.454
ai22 2 2031 SSBMedian 64.3173
ai22 2 2031 SSBMean 73.463
ai22 2 2032 SSBF100 174.218
ai22 2 2032 SSBFabc 69.6872
ai22 2 2032 SSBFofl 60.9763
ai22 2 2032 SSBLCI 39.475
ai22 2 2032 SSBUCI 135.243
ai22 2 2032 SSBMedian 65.4718
ai22 2 2032 SSBMean 74.2218
ai22 2 2033 SSBF100 174.218
ai22 2 2033 SSBFabc 69.6872
ai22 2 2033 SSBFofl 60.9763
ai22 2 2033 SSBLCI 38.7721
ai22 2 2033 SSBUCI 133.457
ai22 2 2033 SSBMedian 65.9878
ai22 2 2033 SSBMean 74.371
ai22 2 2034 SSBF100 174.218
ai22 2 2034 SSBFabc 69.6872
ai22 2 2034 SSBFofl 60.9763
ai22 2 2034 SSBLCI 39.2384
ai22 2 2034 SSBUCI 135.811
ai22 2 2034 SSBMedian 66.7374
ai22 2 2034 SSBMean 74.2872
ai22 2 2035 SSBF100 174.218
ai22 2 2035 SSBFabc 69.6872
ai22 2 2035 SSBFofl 60.9763
ai22 2 2035 SSBLCI 39.599
ai22 2 2035 SSBUCI 135.881
ai22 2 2035 SSBMedian 65.7382
ai22 2 2035 SSBMean 73.8092
ai22 2 2036 SSBF100 174.218
ai22 2 2036 SSBFabc 69.6872
ai22 2 2036 SSBFofl 60.9763
ai22 2 2036 SSBLCI 39.1279
ai22 2 2036 SSBUCI 133.579
ai22 2 2036 SSBMedian 65.0097
ai22 2 2036 SSBMean 73.3047
ai22 2 2022 F0 0 
ai22 2 2022 Fabc 0.305473
ai22 2 2022 Fofl 0.37995
ai22 2 2022  F_LCI 0.018114
ai22 2 2022  F_UCI 0.018114
ai22 2 2022  F_Median 0.018114
ai22 2 2022  F_Mean 0.018114
ai22 2 2023 F0 0 
ai22 2 2023 Fabc 0.305473
ai22 2 2023 Fofl 0.37995
ai22 2 2023  F_LCI 0.010329
ai22 2 2023  F_UCI 0.0103889
ai22 2 2023  F_Median 0.0103822
ai22 2 2023  F_Mean 0.0103737
ai22 2 2024 F0 0 
ai22 2 2024 Fabc 0.305473
ai22 2 2024 Fofl 0.37995
ai22 2 2024  F_LCI 0.305473
ai22 2 2024  F_UCI 0.305473
ai22 2 2024  F_Median 0.305473
ai22 2 2024  F_Mean 0.305473
ai22 2 2025 F0 0 
ai22 2 2025 Fabc 0.305473
ai22 2 2025 Fofl 0.37995
ai22 2 2025  F_LCI 0.284444
ai22 2 2025  F_UCI 0.290639
ai22 2 2025  F_Median 0.285153
ai22 2 2025  F_Mean 0.286023
ai22 2 2026 F0 0 
ai22 2 2026 Fabc 0.305473
ai22 2 2026 Fofl 0.37995
ai22 2 2026  F_LCI 0.243497
ai22 2 2026  F_UCI 0.305473
ai22 2 2026  F_Median 0.254483
ai22 2 2026  F_Mean 0.262342
ai22 2 2027 F0 0 
ai22 2 2027 Fabc 0.305473
ai22 2 2027 Fofl 0.37995
ai22 2 2027  F_LCI 0.209896
ai22 2 2027  F_UCI 0.305473
ai22 2 2027  F_Median 0.246732
ai22 2 2027  F_Mean 0.254327
ai22 2 2028 F0 0 
ai22 2 2028 Fabc 0.305473
ai22 2 2028 Fofl 0.37995
ai22 2 2028  F_LCI 0.185345
ai22 2 2028  F_UCI 0.305473
ai22 2 2028  F_Median 0.25478
ai22 2 2028  F_Mean 0.25386
ai22 2 2029 F0 0 
ai22 2 2029 Fabc 0.305473
ai22 2 2029 Fofl 0.37995
ai22 2 2029  F_LCI 0.169944
ai22 2 2029  F_UCI 0.305473
ai22 2 2029  F_Median 0.267623
ai22 2 2029  F_Mean 0.257031
ai22 2 2030 F0 0 
ai22 2 2030 Fabc 0.305473
ai22 2 2030 Fofl 0.37995
ai22 2 2030  F_LCI 0.164709
ai22 2 2030  F_UCI 0.305473
ai22 2 2030  F_Median 0.277075
ai22 2 2030  F_Mean 0.258606
ai22 2 2031 F0 0 
ai22 2 2031 Fabc 0.305473
ai22 2 2031 Fofl 0.37995
ai22 2 2031  F_LCI 0.165658
ai22 2 2031  F_UCI 0.305473
ai22 2 2031  F_Median 0.280695
ai22 2 2031  F_Mean 0.259383
ai22 2 2032 F0 0 
ai22 2 2032 Fabc 0.305473
ai22 2 2032 Fofl 0.37995
ai22 2 2032  F_LCI 0.166068
ai22 2 2032  F_UCI 0.305473
ai22 2 2032  F_Median 0.286022
ai22 2 2032  F_Mean 0.261502
ai22 2 2033 F0 0 
ai22 2 2033 Fabc 0.305473
ai22 2 2033 Fofl 0.37995
ai22 2 2033  F_LCI 0.162825
ai22 2 2033  F_UCI 0.305473
ai22 2 2033  F_Median 0.288403
ai22 2 2033  F_Mean 0.261491
ai22 2 2034 F0 0 
ai22 2 2034 Fabc 0.305473
ai22 2 2034 Fofl 0.37995
ai22 2 2034  F_LCI 0.164976
ai22 2 2034  F_UCI 0.305473
ai22 2 2034  F_Median 0.291862
ai22 2 2034  F_Mean 0.26156
ai22 2 2035 F0 0 
ai22 2 2035 Fabc 0.305473
ai22 2 2035 Fofl 0.37995
ai22 2 2035  F_LCI 0.16664
ai22 2 2035  F_UCI 0.305473
ai22 2 2035  F_Median 0.287252
ai22 2 2035  F_Mean 0.261049
ai22 2 2036 F0 0 
ai22 2 2036 Fabc 0.305473
ai22 2 2036 Fofl 0.37995
ai22 2 2036  F_LCI 0.164466
ai22 2 2036  F_UCI 0.305473
ai22 2 2036  F_Median 0.28389
ai22 2 2036  F_Mean 0.261246
ai22 3 2022 Cabc 38.0719
ai22 3 2022 Cofl 40.258
ai22 3 2022 CLCI 3
ai22 3 2022 CUCI 3
ai22 3 2022 CMedian 3
ai22 3 2022 CMean 3
ai22 3 2022 CStdn 3.95239e-014
ai22 3 2023 Cabc 38.0719
ai22 3 2023 Cofl 40.258
ai22 3 2023 CLCI 1.67
ai22 3 2023 CUCI 1.67
ai22 3 2023 CMedian 1.67
ai22 3 2023 CMean 1.67
ai22 3 2023 CStdn 2.01684e-008
ai22 3 2024 Cabc 38.0719
ai22 3 2024 Cofl 40.258
ai22 3 2024 CLCI 4.13255
ai22 3 2024 CUCI 4.20545
ai22 3 2024 CMedian 4.14435
ai22 3 2024 CMean 4.15404
ai22 3 2024 CStdn 0.0287265
ai22 3 2025 Cabc 38.0719
ai22 3 2025 Cofl 40.258
ai22 3 2025 CLCI 4.15432
ai22 3 2025 CUCI 4.36529
ai22 3 2025 CMedian 4.19289
ai22 3 2025 CMean 4.21866
ai22 3 2025 CStdn 0.083474
ai22 3 2026 Cabc 38.0719
ai22 3 2026 Cofl 40.258
ai22 3 2026 CLCI 4.28411
ai22 3 2026 CUCI 4.91803
ai22 3 2026 CMedian 4.39648
ai22 3 2026 CMean 4.47622
ai22 3 2026 CStdn 0.251775
ai22 3 2027 Cabc 38.0719
ai22 3 2027 Cofl 40.258
ai22 3 2027 CLCI 4.33116
ai22 3 2027 CUCI 5.98432
ai22 3 2027 CMedian 4.6479
ai22 3 2027 CMean 4.84743
ai22 3 2027 CStdn 0.654783
ai22 3 2028 Cabc 38.0719
ai22 3 2028 Cofl 40.258
ai22 3 2028 CLCI 4.22734
ai22 3 2028 CUCI 7.69279
ai22 3 2028 CMedian 4.92891
ai22 3 2028 CMean 5.31256
ai22 3 2028 CStdn 1.28592
ai22 3 2029 Cabc 38.0719
ai22 3 2029 Cofl 40.258
ai22 3 2029 CLCI 4.03756
ai22 3 2029 CUCI 9.61477
ai22 3 2029 CMedian 5.31278
ai22 3 2029 CMean 5.81456
ai22 3 2029 CStdn 1.90494
ai22 3 2030 Cabc 38.0719
ai22 3 2030 Cofl 40.258
ai22 3 2030 CLCI 3.82679
ai22 3 2030 CUCI 10.8135
ai22 3 2030 CMedian 5.70358
ai22 3 2030 CMean 6.32209
ai22 3 2030 CStdn 2.42083
ai22 3 2031 Cabc 38.0719
ai22 3 2031 Cofl 40.258
ai22 3 2031 CLCI 3.73693
ai22 3 2031 CUCI 11.7026
ai22 3 2031 CMedian 6.10427
ai22 3 2031 CMean 6.74285
ai22 3 2031 CStdn 2.70899
ai22 3 2032 Cabc 38.0719
ai22 3 2032 Cofl 40.258
ai22 3 2032 CLCI 3.76915
ai22 3 2032 CUCI 12.4926
ai22 3 2032 CMedian 6.44774
ai22 3 2032 CMean 7.07402
ai22 3 2032 CStdn 2.91708
ai22 3 2033 Cabc 38.0719
ai22 3 2033 Cofl 40.258
ai22 3 2033 CLCI 3.8403
ai22 3 2033 CUCI 12.7411
ai22 3 2033 CMedian 6.65551
ai22 3 2033 CMean 7.32216
ai22 3 2033 CStdn 3.05237
ai22 3 2034 Cabc 38.0719
ai22 3 2034 Cofl 40.258
ai22 3 2034 CLCI 3.76451
ai22 3 2034 CUCI 13.0168
ai22 3 2034 CMedian 6.88122
ai22 3 2034 CMean 7.50331
ai22 3 2034 CStdn 3.07533
ai22 3 2035 Cabc 38.0719
ai22 3 2035 Cofl 40.258
ai22 3 2035 CLCI 3.8436
ai22 3 2035 CUCI 13.3278
ai22 3 2035 CMedian 7.08835
ai22 3 2035 CMean 7.63336
ai22 3 2035 CStdn 3.06706
ai22 3 2036 Cabc 38.0719
ai22 3 2036 Cofl 40.258
ai22 3 2036 CLCI 3.87584
ai22 3 2036 CUCI 13.3326
ai22 3 2036 CMedian 7.19094
ai22 3 2036 CMean 7.72301
ai22 3 2036 CStdn 3.04827
ai22 3 2022 SSBF100 174.218
ai22 3 2022 SSBFabc 69.6872
ai22 3 2022 SSBFofl 60.9763
ai22 3 2022 SSBLCI 79.8069
ai22 3 2022 SSBUCI 79.8069
ai22 3 2022 SSBMedian 79.8069
ai22 3 2022 SSBMean 79.8069
ai22 3 2023 SSBF100 174.218
ai22 3 2023 SSBFabc 69.6872
ai22 3 2023 SSBFofl 60.9763
ai22 3 2023 SSBLCI 78.628
ai22 3 2023 SSBUCI 78.6287
ai22 3 2023 SSBMedian 78.6281
ai22 3 2023 SSBMean 78.6282
ai22 3 2024 SSBF100 174.218
ai22 3 2024 SSBFabc 69.6872
ai22 3 2024 SSBFofl 60.9763
ai22 3 2024 SSBLCI 80.4228
ai22 3 2024 SSBUCI 80.459
ai22 3 2024 SSBMedian 80.4268
ai22 3 2024 SSBMean 80.432
ai22 3 2025 SSBF100 174.218
ai22 3 2025 SSBFabc 69.6872
ai22 3 2025 SSBFofl 60.9763
ai22 3 2025 SSBLCI 82.194
ai22 3 2025 SSBUCI 83.6068
ai22 3 2025 SSBMedian 82.3557
ai22 3 2025 SSBMean 82.5574
ai22 3 2026 SSBF100 174.218
ai22 3 2026 SSBFabc 69.6872
ai22 3 2026 SSBFofl 60.9763
ai22 3 2026 SSBLCI 81.8664
ai22 3 2026 SSBUCI 103.011
ai22 3 2026 SSBMedian 84.4318
ai22 3 2026 SSBMean 87.399
ai22 3 2027 SSBF100 174.218
ai22 3 2027 SSBFabc 69.6872
ai22 3 2027 SSBFofl 60.9763
ai22 3 2027 SSBLCI 79.1804
ai22 3 2027 SSBUCI 131.431
ai22 3 2027 SSBMedian 88.3924
ai22 3 2027 SSBMean 94.8489
ai22 3 2028 SSBF100 174.218
ai22 3 2028 SSBFabc 69.6872
ai22 3 2028 SSBFofl 60.9763
ai22 3 2028 SSBLCI 75.9189
ai22 3 2028 SSBUCI 164.961
ai22 3 2028 SSBMedian 94.9407
ai22 3 2028 SSBMean 103.813
ai22 3 2029 SSBF100 174.218
ai22 3 2029 SSBFabc 69.6872
ai22 3 2029 SSBFofl 60.9763
ai22 3 2029 SSBLCI 73.2318
ai22 3 2029 SSBUCI 187.645
ai22 3 2029 SSBMedian 102.727
ai22 3 2029 SSBMean 112.721
ai22 3 2030 SSBF100 174.218
ai22 3 2030 SSBFabc 69.6872
ai22 3 2030 SSBFofl 60.9763
ai22 3 2030 SSBLCI 71.7708
ai22 3 2030 SSBUCI 203.446
ai22 3 2030 SSBMedian 110.197
ai22 3 2030 SSBMean 121.159
ai22 3 2031 SSBF100 174.218
ai22 3 2031 SSBFabc 69.6872
ai22 3 2031 SSBFofl 60.9763
ai22 3 2031 SSBLCI 70.7887
ai22 3 2031 SSBUCI 224.216
ai22 3 2031 SSBMedian 117.63
ai22 3 2031 SSBMean 128.458
ai22 3 2032 SSBF100 174.218
ai22 3 2032 SSBFabc 69.6872
ai22 3 2032 SSBFofl 60.9763
ai22 3 2032 SSBLCI 73.2816
ai22 3 2032 SSBUCI 231.856
ai22 3 2032 SSBMedian 122.637
ai22 3 2032 SSBMean 134.273
ai22 3 2033 SSBF100 174.218
ai22 3 2033 SSBFabc 69.6872
ai22 3 2033 SSBFofl 60.9763
ai22 3 2033 SSBLCI 72.7609
ai22 3 2033 SSBUCI 235.893
ai22 3 2033 SSBMedian 128.459
ai22 3 2033 SSBMean 138.795
ai22 3 2034 SSBF100 174.218
ai22 3 2034 SSBFabc 69.6872
ai22 3 2034 SSBFofl 60.9763
ai22 3 2034 SSBLCI 72.5418
ai22 3 2034 SSBUCI 243.007
ai22 3 2034 SSBMedian 131.856
ai22 3 2034 SSBMean 142.323
ai22 3 2035 SSBF100 174.218
ai22 3 2035 SSBFabc 69.6872
ai22 3 2035 SSBFofl 60.9763
ai22 3 2035 SSBLCI 72.5377
ai22 3 2035 SSBUCI 247.407
ai22 3 2035 SSBMedian 135.189
ai22 3 2035 SSBMean 144.608
ai22 3 2036 SSBF100 174.218
ai22 3 2036 SSBFabc 69.6872
ai22 3 2036 SSBFofl 60.9763
ai22 3 2036 SSBLCI 73.4144
ai22 3 2036 SSBUCI 251.609
ai22 3 2036 SSBMedian 136.617
ai22 3 2036 SSBMean 146.109
ai22 3 2022 F0 0 
ai22 3 2022 Fabc 0.305473
ai22 3 2022 Fofl 0.37995
ai22 3 2022  F_LCI 0.018114
ai22 3 2022  F_UCI 0.018114
ai22 3 2022  F_Median 0.018114
ai22 3 2022  F_Mean 0.018114
ai22 3 2023 F0 0 
ai22 3 2023 Fabc 0.305473
ai22 3 2023 Fofl 0.37995
ai22 3 2023  F_LCI 0.010329
ai22 3 2023  F_UCI 0.0103889
ai22 3 2023  F_Median 0.0103822
ai22 3 2023  F_Mean 0.0103737
ai22 3 2024 F0 0 
ai22 3 2024 Fabc 0.305473
ai22 3 2024 Fofl 0.37995
ai22 3 2024  F_LCI 0.0262659
ai22 3 2024  F_UCI 0.0262659
ai22 3 2024  F_Median 0.0262659
ai22 3 2024  F_Mean 0.0262659
ai22 3 2025 F0 0 
ai22 3 2025 Fabc 0.305473
ai22 3 2025 Fofl 0.37995
ai22 3 2025  F_LCI 0.0262659
ai22 3 2025  F_UCI 0.0262659
ai22 3 2025  F_Median 0.0262659
ai22 3 2025  F_Mean 0.0262659
ai22 3 2026 F0 0 
ai22 3 2026 Fabc 0.305473
ai22 3 2026 Fofl 0.37995
ai22 3 2026  F_LCI 0.0262659
ai22 3 2026  F_UCI 0.0262659
ai22 3 2026  F_Median 0.0262659
ai22 3 2026  F_Mean 0.0262659
ai22 3 2027 F0 0 
ai22 3 2027 Fabc 0.305473
ai22 3 2027 Fofl 0.37995
ai22 3 2027  F_LCI 0.0262659
ai22 3 2027  F_UCI 0.0262659
ai22 3 2027  F_Median 0.0262659
ai22 3 2027  F_Mean 0.0262659
ai22 3 2028 F0 0 
ai22 3 2028 Fabc 0.305473
ai22 3 2028 Fofl 0.37995
ai22 3 2028  F_LCI 0.0262659
ai22 3 2028  F_UCI 0.0262659
ai22 3 2028  F_Median 0.0262659
ai22 3 2028  F_Mean 0.0262659
ai22 3 2029 F0 0 
ai22 3 2029 Fabc 0.305473
ai22 3 2029 Fofl 0.37995
ai22 3 2029  F_LCI 0.0262659
ai22 3 2029  F_UCI 0.0262659
ai22 3 2029  F_Median 0.0262659
ai22 3 2029  F_Mean 0.0262659
ai22 3 2030 F0 0 
ai22 3 2030 Fabc 0.305473
ai22 3 2030 Fofl 0.37995
ai22 3 2030  F_LCI 0.0262659
ai22 3 2030  F_UCI 0.0262659
ai22 3 2030  F_Median 0.0262659
ai22 3 2030  F_Mean 0.0262659
ai22 3 2031 F0 0 
ai22 3 2031 Fabc 0.305473
ai22 3 2031 Fofl 0.37995
ai22 3 2031  F_LCI 0.0262659
ai22 3 2031  F_UCI 0.0262659
ai22 3 2031  F_Median 0.0262659
ai22 3 2031  F_Mean 0.0262659
ai22 3 2032 F0 0 
ai22 3 2032 Fabc 0.305473
ai22 3 2032 Fofl 0.37995
ai22 3 2032  F_LCI 0.0262659
ai22 3 2032  F_UCI 0.0262659
ai22 3 2032  F_Median 0.0262659
ai22 3 2032  F_Mean 0.0262659
ai22 3 2033 F0 0 
ai22 3 2033 Fabc 0.305473
ai22 3 2033 Fofl 0.37995
ai22 3 2033  F_LCI 0.0262659
ai22 3 2033  F_UCI 0.0262659
ai22 3 2033  F_Median 0.0262659
ai22 3 2033  F_Mean 0.0262659
ai22 3 2034 F0 0 
ai22 3 2034 Fabc 0.305473
ai22 3 2034 Fofl 0.37995
ai22 3 2034  F_LCI 0.0262659
ai22 3 2034  F_UCI 0.0262659
ai22 3 2034  F_Median 0.0262659
ai22 3 2034  F_Mean 0.0262659
ai22 3 2035 F0 0 
ai22 3 2035 Fabc 0.305473
ai22 3 2035 Fofl 0.37995
ai22 3 2035  F_LCI 0.0262659
ai22 3 2035  F_UCI 0.0262659
ai22 3 2035  F_Median 0.0262659
ai22 3 2035  F_Mean 0.0262659
ai22 3 2036 F0 0 
ai22 3 2036 Fabc 0.305473
ai22 3 2036 Fofl 0.37995
ai22 3 2036  F_LCI 0.0262659
ai22 3 2036  F_UCI 0.0262659
ai22 3 2036  F_Median 0.0262659
ai22 3 2036  F_Mean 0.0262659
ai22 4 2022 Cabc 38.0719
ai22 4 2022 Cofl 40.258
ai22 4 2022 CLCI 3
ai22 4 2022 CUCI 3
ai22 4 2022 CMedian 3
ai22 4 2022 CMean 3
ai22 4 2022 CStdn 3.95239e-014
ai22 4 2023 Cabc 38.0719
ai22 4 2023 Cofl 40.258
ai22 4 2023 CLCI 1.67
ai22 4 2023 CUCI 1.67
ai22 4 2023 CMedian 1.67
ai22 4 2023 CMean 1.67
ai22 4 2023 CStdn 2.01684e-008
ai22 4 2024 Cabc 38.0719
ai22 4 2024 Cofl 40.258
ai22 4 2024 CLCI 20.2428
ai22 4 2024 CUCI 20.6158
ai22 4 2024 CMedian 20.3031
ai22 4 2024 CMean 20.3528
ai22 4 2024 CStdn 0.147002
ai22 4 2025 Cabc 38.0719
ai22 4 2025 Cofl 40.258
ai22 4 2025 CLCI 18.7449
ai22 4 2025 CUCI 19.8192
ai22 4 2025 CMedian 18.9418
ai22 4 2025 CMean 19.0727
ai22 4 2025 CStdn 0.42492
ai22 4 2026 Cabc 38.0719
ai22 4 2026 Cofl 40.258
ai22 4 2026 CLCI 18.0589
ai22 4 2026 CUCI 21.2399
ai22 4 2026 CMedian 18.6275
ai22 4 2026 CMean 19.0263
ai22 4 2026 CStdn 1.26493
ai22 4 2027 Cabc 38.0719
ai22 4 2027 Cofl 40.258
ai22 4 2027 CLCI 17.1765
ai22 4 2027 CUCI 25.3176
ai22 4 2027 CMedian 18.7383
ai22 4 2027 CMean 19.7155
ai22 4 2027 CStdn 3.20006
ai22 4 2028 Cabc 38.0719
ai22 4 2028 Cofl 40.258
ai22 4 2028 CLCI 15.8289
ai22 4 2028 CUCI 32.1736
ai22 4 2028 CMedian 19.2052
ai22 4 2028 CMean 20.9697
ai22 4 2028 CStdn 6.01565
ai22 4 2029 Cabc 38.0719
ai22 4 2029 Cofl 40.258
ai22 4 2029 CLCI 14.374
ai22 4 2029 CUCI 39.3209
ai22 4 2029 CMedian 20.1732
ai22 4 2029 CMean 22.4464
ai22 4 2029 CStdn 8.47333
ai22 4 2030 Cabc 38.0719
ai22 4 2030 Cofl 40.258
ai22 4 2030 CLCI 13.0797
ai22 4 2030 CUCI 42.8156
ai22 4 2030 CMedian 21.4119
ai22 4 2030 CMean 23.929
ai22 4 2030 CStdn 10.2465
ai22 4 2031 Cabc 38.0719
ai22 4 2031 Cofl 40.258
ai22 4 2031 CLCI 12.6182
ai22 4 2031 CUCI 45.6763
ai22 4 2031 CMedian 22.4105
ai22 4 2031 CMean 25.0393
ai22 4 2031 CStdn 11.1391
ai22 4 2032 Cabc 38.0719
ai22 4 2032 Cofl 40.258
ai22 4 2032 CLCI 12.474
ai22 4 2032 CUCI 46.8853
ai22 4 2032 CMedian 23.1182
ai22 4 2032 CMean 25.7723
ai22 4 2032 CStdn 11.7636
ai22 4 2033 Cabc 38.0719
ai22 4 2033 Cofl 40.258
ai22 4 2033 CLCI 12.4279
ai22 4 2033 CUCI 47.6975
ai22 4 2033 CMedian 23.6016
ai22 4 2033 CMean 26.2287
ai22 4 2033 CStdn 12.0242
ai22 4 2034 Cabc 38.0719
ai22 4 2034 Cofl 40.258
ai22 4 2034 CLCI 12.3757
ai22 4 2034 CUCI 48.3443
ai22 4 2034 CMedian 24.1122
ai22 4 2034 CMean 26.4849
ai22 4 2034 CStdn 11.8414
ai22 4 2035 Cabc 38.0719
ai22 4 2035 Cofl 40.258
ai22 4 2035 CLCI 12.4776
ai22 4 2035 CUCI 49.0612
ai22 4 2035 CMedian 24.2521
ai22 4 2035 CMean 26.621
ai22 4 2035 CStdn 11.6215
ai22 4 2036 Cabc 38.0719
ai22 4 2036 Cofl 40.258
ai22 4 2036 CLCI 12.462
ai22 4 2036 CUCI 48.5413
ai22 4 2036 CMedian 24.2548
ai22 4 2036 CMean 26.6527
ai22 4 2036 CStdn 11.5031
ai22 4 2022 SSBF100 174.218
ai22 4 2022 SSBFabc 69.6872
ai22 4 2022 SSBFofl 60.9763
ai22 4 2022 SSBLCI 79.8069
ai22 4 2022 SSBUCI 79.8069
ai22 4 2022 SSBMedian 79.8069
ai22 4 2022 SSBMean 79.8069
ai22 4 2023 SSBF100 174.218
ai22 4 2023 SSBFabc 69.6872
ai22 4 2023 SSBFofl 60.9763
ai22 4 2023 SSBLCI 78.628
ai22 4 2023 SSBUCI 78.6287
ai22 4 2023 SSBMedian 78.6281
ai22 4 2023 SSBMean 78.6282
ai22 4 2024 SSBF100 174.218
ai22 4 2024 SSBFabc 69.6872
ai22 4 2024 SSBFofl 60.9763
ai22 4 2024 SSBLCI 79.2111
ai22 4 2024 SSBUCI 79.2473
ai22 4 2024 SSBMedian 79.2151
ai22 4 2024 SSBMean 79.2203
ai22 4 2025 SSBF100 174.218
ai22 4 2025 SSBFabc 69.6872
ai22 4 2025 SSBFofl 60.9763
ai22 4 2025 SSBLCI 74.9113
ai22 4 2025 SSBUCI 76.3172
ai22 4 2025 SSBMedian 75.0722
ai22 4 2025 SSBMean 75.2729
ai22 4 2026 SSBF100 174.218
ai22 4 2026 SSBFabc 69.6872
ai22 4 2026 SSBFofl 60.9763
ai22 4 2026 SSBLCI 69.821
ai22 4 2026 SSBUCI 90.654
ai22 4 2026 SSBMedian 72.3508
ai22 4 2026 SSBMean 75.2741
ai22 4 2027 SSBF100 174.218
ai22 4 2027 SSBFabc 69.6872
ai22 4 2027 SSBFofl 60.9763
ai22 4 2027 SSBLCI 63.3328
ai22 4 2027 SSBUCI 114.013
ai22 4 2027 SSBMedian 72.3369
ai22 4 2027 SSBMean 78.5236
ai22 4 2028 SSBF100 174.218
ai22 4 2028 SSBFabc 69.6872
ai22 4 2028 SSBFofl 60.9763
ai22 4 2028 SSBLCI 57.3271
ai22 4 2028 SSBUCI 142.142
ai22 4 2028 SSBMedian 75.1187
ai22 4 2028 SSBMean 83.6267
ai22 4 2029 SSBF100 174.218
ai22 4 2029 SSBFabc 69.6872
ai22 4 2029 SSBFofl 60.9763
ai22 4 2029 SSBLCI 52.7079
ai22 4 2029 SSBUCI 155.837
ai22 4 2029 SSBMedian 79.8706
ai22 4 2029 SSBMean 88.8343
ai22 4 2030 SSBF100 174.218
ai22 4 2030 SSBFabc 69.6872
ai22 4 2030 SSBFofl 60.9763
ai22 4 2030 SSBLCI 50.1729
ai22 4 2030 SSBUCI 165.786
ai22 4 2030 SSBMedian 83.9753
ai22 4 2030 SSBMean 93.5952
ai22 4 2031 SSBF100 174.218
ai22 4 2031 SSBFabc 69.6872
ai22 4 2031 SSBFofl 60.9763
ai22 4 2031 SSBLCI 49.1319
ai22 4 2031 SSBUCI 177.981
ai22 4 2031 SSBMedian 87.7206
ai22 4 2031 SSBMean 97.3249
ai22 4 2032 SSBF100 174.218
ai22 4 2032 SSBFabc 69.6872
ai22 4 2032 SSBFofl 60.9763
ai22 4 2032 SSBLCI 49.4109
ai22 4 2032 SSBUCI 183.267
ai22 4 2032 SSBMedian 90.213
ai22 4 2032 SSBMean 99.9099
ai22 4 2033 SSBF100 174.218
ai22 4 2033 SSBFabc 69.6872
ai22 4 2033 SSBFofl 60.9763
ai22 4 2033 SSBLCI 48.4348
ai22 4 2033 SSBUCI 181.932
ai22 4 2033 SSBMedian 92.1553
ai22 4 2033 SSBMean 101.585
ai22 4 2034 SSBF100 174.218
ai22 4 2034 SSBFabc 69.6872
ai22 4 2034 SSBFofl 60.9763
ai22 4 2034 SSBLCI 48.067
ai22 4 2034 SSBUCI 187.652
ai22 4 2034 SSBMedian 93.6017
ai22 4 2034 SSBMean 102.667
ai22 4 2035 SSBF100 174.218
ai22 4 2035 SSBFabc 69.6872
ai22 4 2035 SSBFofl 60.9763
ai22 4 2035 SSBLCI 47.8296
ai22 4 2035 SSBUCI 188.288
ai22 4 2035 SSBMedian 94.5015
ai22 4 2035 SSBMean 102.971
ai22 4 2036 SSBF100 174.218
ai22 4 2036 SSBFabc 69.6872
ai22 4 2036 SSBFofl 60.9763
ai22 4 2036 SSBLCI 48.9379
ai22 4 2036 SSBUCI 184.79
ai22 4 2036 SSBMedian 94.5789
ai22 4 2036 SSBMean 102.921
ai22 4 2022 F0 0 
ai22 4 2022 Fabc 0.305473
ai22 4 2022 Fofl 0.37995
ai22 4 2022  F_LCI 0.018114
ai22 4 2022  F_UCI 0.018114
ai22 4 2022  F_Median 0.018114
ai22 4 2022  F_Mean 0.018114
ai22 4 2023 F0 0 
ai22 4 2023 Fabc 0.305473
ai22 4 2023 Fofl 0.37995
ai22 4 2023  F_LCI 0.010329
ai22 4 2023  F_UCI 0.0103889
ai22 4 2023  F_Median 0.0103822
ai22 4 2023  F_Mean 0.0103737
ai22 4 2024 F0 0 
ai22 4 2024 Fabc 0.305473
ai22 4 2024 Fofl 0.37995
ai22 4 2024  F_LCI 0.134629
ai22 4 2024  F_UCI 0.134629
ai22 4 2024  F_Median 0.134629
ai22 4 2024  F_Mean 0.134629
ai22 4 2025 F0 0 
ai22 4 2025 Fabc 0.305473
ai22 4 2025 Fofl 0.37995
ai22 4 2025  F_LCI 0.134629
ai22 4 2025  F_UCI 0.134629
ai22 4 2025  F_Median 0.134629
ai22 4 2025  F_Mean 0.134629
ai22 4 2026 F0 0 
ai22 4 2026 Fabc 0.305473
ai22 4 2026 Fofl 0.37995
ai22 4 2026  F_LCI 0.134629
ai22 4 2026  F_UCI 0.134629
ai22 4 2026  F_Median 0.134629
ai22 4 2026  F_Mean 0.134629
ai22 4 2027 F0 0 
ai22 4 2027 Fabc 0.305473
ai22 4 2027 Fofl 0.37995
ai22 4 2027  F_LCI 0.134629
ai22 4 2027  F_UCI 0.134629
ai22 4 2027  F_Median 0.134629
ai22 4 2027  F_Mean 0.134629
ai22 4 2028 F0 0 
ai22 4 2028 Fabc 0.305473
ai22 4 2028 Fofl 0.37995
ai22 4 2028  F_LCI 0.134629
ai22 4 2028  F_UCI 0.134629
ai22 4 2028  F_Median 0.134629
ai22 4 2028  F_Mean 0.134629
ai22 4 2029 F0 0 
ai22 4 2029 Fabc 0.305473
ai22 4 2029 Fofl 0.37995
ai22 4 2029  F_LCI 0.134629
ai22 4 2029  F_UCI 0.134629
ai22 4 2029  F_Median 0.134629
ai22 4 2029  F_Mean 0.134629
ai22 4 2030 F0 0 
ai22 4 2030 Fabc 0.305473
ai22 4 2030 Fofl 0.37995
ai22 4 2030  F_LCI 0.134629
ai22 4 2030  F_UCI 0.134629
ai22 4 2030  F_Median 0.134629
ai22 4 2030  F_Mean 0.134629
ai22 4 2031 F0 0 
ai22 4 2031 Fabc 0.305473
ai22 4 2031 Fofl 0.37995
ai22 4 2031  F_LCI 0.134629
ai22 4 2031  F_UCI 0.134629
ai22 4 2031  F_Median 0.134629
ai22 4 2031  F_Mean 0.134629
ai22 4 2032 F0 0 
ai22 4 2032 Fabc 0.305473
ai22 4 2032 Fofl 0.37995
ai22 4 2032  F_LCI 0.134629
ai22 4 2032  F_UCI 0.134629
ai22 4 2032  F_Median 0.134629
ai22 4 2032  F_Mean 0.134226
ai22 4 2033 F0 0 
ai22 4 2033 Fabc 0.305473
ai22 4 2033 Fofl 0.37995
ai22 4 2033  F_LCI 0.134629
ai22 4 2033  F_UCI 0.134629
ai22 4 2033  F_Median 0.134629
ai22 4 2033  F_Mean 0.134091
ai22 4 2034 F0 0 
ai22 4 2034 Fabc 0.305473
ai22 4 2034 Fofl 0.37995
ai22 4 2034  F_LCI 0.134629
ai22 4 2034  F_UCI 0.134629
ai22 4 2034  F_Median 0.134629
ai22 4 2034  F_Mean 0.134091
ai22 4 2035 F0 0 
ai22 4 2035 Fabc 0.305473
ai22 4 2035 Fofl 0.37995
ai22 4 2035  F_LCI 0.134629
ai22 4 2035  F_UCI 0.134629
ai22 4 2035  F_Median 0.134629
ai22 4 2035  F_Mean 0.13436
ai22 4 2036 F0 0 
ai22 4 2036 Fabc 0.305473
ai22 4 2036 Fofl 0.37995
ai22 4 2036  F_LCI 0.134629
ai22 4 2036  F_UCI 0.134629
ai22 4 2036  F_Median 0.134629
ai22 4 2036  F_Mean 0.134495
ai22 5 2022 Cabc 38.0719
ai22 5 2022 Cofl 40.258
ai22 5 2022 CLCI 3
ai22 5 2022 CUCI 3
ai22 5 2022 CMedian 3
ai22 5 2022 CMean 3
ai22 5 2022 CStdn 3.95239e-014
ai22 5 2023 Cabc 38.0719
ai22 5 2023 Cofl 40.258
ai22 5 2023 CLCI 1.67
ai22 5 2023 CUCI 1.67
ai22 5 2023 CMedian 1.67
ai22 5 2023 CMean 1.67
ai22 5 2023 CStdn 2.01684e-008
ai22 5 2024 Cabc 38.0719
ai22 5 2024 Cofl 40.258
ai22 5 2024 CLCI 0
ai22 5 2024 CUCI 0
ai22 5 2024 CMedian 0
ai22 5 2024 CMean 0
ai22 5 2024 CStdn 0
ai22 5 2025 Cabc 38.0719
ai22 5 2025 Cofl 40.258
ai22 5 2025 CLCI 0
ai22 5 2025 CUCI 0
ai22 5 2025 CMedian 0
ai22 5 2025 CMean 0
ai22 5 2025 CStdn 0
ai22 5 2026 Cabc 38.0719
ai22 5 2026 Cofl 40.258
ai22 5 2026 CLCI 0
ai22 5 2026 CUCI 0
ai22 5 2026 CMedian 0
ai22 5 2026 CMean 0
ai22 5 2026 CStdn 0
ai22 5 2027 Cabc 38.0719
ai22 5 2027 Cofl 40.258
ai22 5 2027 CLCI 0
ai22 5 2027 CUCI 0
ai22 5 2027 CMedian 0
ai22 5 2027 CMean 0
ai22 5 2027 CStdn 0
ai22 5 2028 Cabc 38.0719
ai22 5 2028 Cofl 40.258
ai22 5 2028 CLCI 0
ai22 5 2028 CUCI 0
ai22 5 2028 CMedian 0
ai22 5 2028 CMean 0
ai22 5 2028 CStdn 0
ai22 5 2029 Cabc 38.0719
ai22 5 2029 Cofl 40.258
ai22 5 2029 CLCI 0
ai22 5 2029 CUCI 0
ai22 5 2029 CMedian 0
ai22 5 2029 CMean 0
ai22 5 2029 CStdn 0
ai22 5 2030 Cabc 38.0719
ai22 5 2030 Cofl 40.258
ai22 5 2030 CLCI 0
ai22 5 2030 CUCI 0
ai22 5 2030 CMedian 0
ai22 5 2030 CMean 0
ai22 5 2030 CStdn 0
ai22 5 2031 Cabc 38.0719
ai22 5 2031 Cofl 40.258
ai22 5 2031 CLCI 0
ai22 5 2031 CUCI 0
ai22 5 2031 CMedian 0
ai22 5 2031 CMean 0
ai22 5 2031 CStdn 0
ai22 5 2032 Cabc 38.0719
ai22 5 2032 Cofl 40.258
ai22 5 2032 CLCI 0
ai22 5 2032 CUCI 0
ai22 5 2032 CMedian 0
ai22 5 2032 CMean 0
ai22 5 2032 CStdn 0
ai22 5 2033 Cabc 38.0719
ai22 5 2033 Cofl 40.258
ai22 5 2033 CLCI 0
ai22 5 2033 CUCI 0
ai22 5 2033 CMedian 0
ai22 5 2033 CMean 0
ai22 5 2033 CStdn 0
ai22 5 2034 Cabc 38.0719
ai22 5 2034 Cofl 40.258
ai22 5 2034 CLCI 0
ai22 5 2034 CUCI 0
ai22 5 2034 CMedian 0
ai22 5 2034 CMean 0
ai22 5 2034 CStdn 0
ai22 5 2035 Cabc 38.0719
ai22 5 2035 Cofl 40.258
ai22 5 2035 CLCI 0
ai22 5 2035 CUCI 0
ai22 5 2035 CMedian 0
ai22 5 2035 CMean 0
ai22 5 2035 CStdn 0
ai22 5 2036 Cabc 38.0719
ai22 5 2036 Cofl 40.258
ai22 5 2036 CLCI 0
ai22 5 2036 CUCI 0
ai22 5 2036 CMedian 0
ai22 5 2036 CMean 0
ai22 5 2036 CStdn 0
ai22 5 2022 SSBF100 174.218
ai22 5 2022 SSBFabc 69.6872
ai22 5 2022 SSBFofl 60.9763
ai22 5 2022 SSBLCI 79.8069
ai22 5 2022 SSBUCI 79.8069
ai22 5 2022 SSBMedian 79.8069
ai22 5 2022 SSBMean 79.8069
ai22 5 2023 SSBF100 174.218
ai22 5 2023 SSBFabc 69.6872
ai22 5 2023 SSBFofl 60.9763
ai22 5 2023 SSBLCI 78.628
ai22 5 2023 SSBUCI 78.6287
ai22 5 2023 SSBMedian 78.6281
ai22 5 2023 SSBMean 78.6282
ai22 5 2024 SSBF100 174.218
ai22 5 2024 SSBFabc 69.6872
ai22 5 2024 SSBFofl 60.9763
ai22 5 2024 SSBLCI 80.7195
ai22 5 2024 SSBUCI 80.7558
ai22 5 2024 SSBMedian 80.7236
ai22 5 2024 SSBMean 80.7288
ai22 5 2025 SSBF100 174.218
ai22 5 2025 SSBFabc 69.6872
ai22 5 2025 SSBFofl 60.9763
ai22 5 2025 SSBLCI 84.0851
ai22 5 2025 SSBUCI 85.4996
ai22 5 2025 SSBMedian 84.247
ai22 5 2025 SSBMean 84.449
ai22 5 2026 SSBF100 174.218
ai22 5 2026 SSBFabc 69.6872
ai22 5 2026 SSBFofl 60.9763
ai22 5 2026 SSBLCI 85.1648
ai22 5 2026 SSBUCI 106.386
ai22 5 2026 SSBMedian 87.7361
ai22 5 2026 SSBMean 90.7168
ai22 5 2027 SSBF100 174.218
ai22 5 2027 SSBFabc 69.6872
ai22 5 2027 SSBFofl 60.9763
ai22 5 2027 SSBLCI 83.7445
ai22 5 2027 SSBUCI 136.352
ai22 5 2027 SSBMedian 93.0062
ai22 5 2027 SSBMean 99.5271
ai22 5 2028 SSBF100 174.218
ai22 5 2028 SSBFabc 69.6872
ai22 5 2028 SSBFofl 60.9763
ai22 5 2028 SSBLCI 81.5235
ai22 5 2028 SSBUCI 172.25
ai22 5 2028 SSBMedian 100.811
ai22 5 2028 SSBMean 109.828
ai22 5 2029 SSBF100 174.218
ai22 5 2029 SSBFabc 69.6872
ai22 5 2029 SSBFofl 60.9763
ai22 5 2029 SSBLCI 79.7015
ai22 5 2029 SSBUCI 196.42
ai22 5 2029 SSBMedian 109.797
ai22 5 2029 SSBMean 120.078
ai22 5 2030 SSBF100 174.218
ai22 5 2030 SSBFabc 69.6872
ai22 5 2030 SSBFofl 60.9763
ai22 5 2030 SSBLCI 79.1723
ai22 5 2030 SSBUCI 214.69
ai22 5 2030 SSBMedian 118.424
ai22 5 2030 SSBMean 129.896
ai22 5 2031 SSBF100 174.218
ai22 5 2031 SSBFabc 69.6872
ai22 5 2031 SSBFofl 60.9763
ai22 5 2031 SSBLCI 78.6217
ai22 5 2031 SSBUCI 238.025
ai22 5 2031 SSBMedian 127.654
ai22 5 2031 SSBMean 138.578
ai22 5 2032 SSBF100 174.218
ai22 5 2032 SSBFabc 69.6872
ai22 5 2032 SSBFofl 60.9763
ai22 5 2032 SSBLCI 81.5604
ai22 5 2032 SSBUCI 247.902
ai22 5 2032 SSBMedian 133.782
ai22 5 2032 SSBMean 145.702
ai22 5 2033 SSBF100 174.218
ai22 5 2033 SSBFabc 69.6872
ai22 5 2033 SSBFofl 60.9763
ai22 5 2033 SSBLCI 81.6785
ai22 5 2033 SSBUCI 255.907
ai22 5 2033 SSBMedian 140.936
ai22 5 2033 SSBMean 151.439
ai22 5 2034 SSBF100 174.218
ai22 5 2034 SSBFabc 69.6872
ai22 5 2034 SSBFofl 60.9763
ai22 5 2034 SSBLCI 81.3704
ai22 5 2034 SSBUCI 264.128
ai22 5 2034 SSBMedian 144.602
ai22 5 2034 SSBMean 156.069
ai22 5 2035 SSBF100 174.218
ai22 5 2035 SSBFabc 69.6872
ai22 5 2035 SSBFofl 60.9763
ai22 5 2035 SSBLCI 81.4392
ai22 5 2035 SSBUCI 269.289
ai22 5 2035 SSBMedian 149.354
ai22 5 2035 SSBMean 159.313
ai22 5 2036 SSBF100 174.218
ai22 5 2036 SSBFabc 69.6872
ai22 5 2036 SSBFofl 60.9763
ai22 5 2036 SSBLCI 82.4444
ai22 5 2036 SSBUCI 277.569
ai22 5 2036 SSBMedian 151.322
ai22 5 2036 SSBMean 161.621
ai22 5 2022 F0 0 
ai22 5 2022 Fabc 0.305473
ai22 5 2022 Fofl 0.37995
ai22 5 2022  F_LCI 0.018114
ai22 5 2022  F_UCI 0.018114
ai22 5 2022  F_Median 0.018114
ai22 5 2022  F_Mean 0.018114
ai22 5 2023 F0 0 
ai22 5 2023 Fabc 0.305473
ai22 5 2023 Fofl 0.37995
ai22 5 2023  F_LCI 0.010329
ai22 5 2023  F_UCI 0.0103889
ai22 5 2023  F_Median 0.0103822
ai22 5 2023  F_Mean 0.0103737
ai22 5 2024 F0 0 
ai22 5 2024 Fabc 0.305473
ai22 5 2024 Fofl 0.37995
ai22 5 2024  F_LCI 0
ai22 5 2024  F_UCI 0
ai22 5 2024  F_Median 0
ai22 5 2024  F_Mean 0
ai22 5 2025 F0 0 
ai22 5 2025 Fabc 0.305473
ai22 5 2025 Fofl 0.37995
ai22 5 2025  F_LCI 0
ai22 5 2025  F_UCI 0
ai22 5 2025  F_Median 0
ai22 5 2025  F_Mean 0
ai22 5 2026 F0 0 
ai22 5 2026 Fabc 0.305473
ai22 5 2026 Fofl 0.37995
ai22 5 2026  F_LCI 0
ai22 5 2026  F_UCI 0
ai22 5 2026  F_Median 0
ai22 5 2026  F_Mean 0
ai22 5 2027 F0 0 
ai22 5 2027 Fabc 0.305473
ai22 5 2027 Fofl 0.37995
ai22 5 2027  F_LCI 0
ai22 5 2027  F_UCI 0
ai22 5 2027  F_Median 0
ai22 5 2027  F_Mean 0
ai22 5 2028 F0 0 
ai22 5 2028 Fabc 0.305473
ai22 5 2028 Fofl 0.37995
ai22 5 2028  F_LCI 0
ai22 5 2028  F_UCI 0
ai22 5 2028  F_Median 0
ai22 5 2028  F_Mean 0
ai22 5 2029 F0 0 
ai22 5 2029 Fabc 0.305473
ai22 5 2029 Fofl 0.37995
ai22 5 2029  F_LCI 0
ai22 5 2029  F_UCI 0
ai22 5 2029  F_Median 0
ai22 5 2029  F_Mean 0
ai22 5 2030 F0 0 
ai22 5 2030 Fabc 0.305473
ai22 5 2030 Fofl 0.37995
ai22 5 2030  F_LCI 0
ai22 5 2030  F_UCI 0
ai22 5 2030  F_Median 0
ai22 5 2030  F_Mean 0
ai22 5 2031 F0 0 
ai22 5 2031 Fabc 0.305473
ai22 5 2031 Fofl 0.37995
ai22 5 2031  F_LCI 0
ai22 5 2031  F_UCI 0
ai22 5 2031  F_Median 0
ai22 5 2031  F_Mean 0
ai22 5 2032 F0 0 
ai22 5 2032 Fabc 0.305473
ai22 5 2032 Fofl 0.37995
ai22 5 2032  F_LCI 0
ai22 5 2032  F_UCI 0
ai22 5 2032  F_Median 0
ai22 5 2032  F_Mean 0
ai22 5 2033 F0 0 
ai22 5 2033 Fabc 0.305473
ai22 5 2033 Fofl 0.37995
ai22 5 2033  F_LCI 0
ai22 5 2033  F_UCI 0
ai22 5 2033  F_Median 0
ai22 5 2033  F_Mean 0
ai22 5 2034 F0 0 
ai22 5 2034 Fabc 0.305473
ai22 5 2034 Fofl 0.37995
ai22 5 2034  F_LCI 0
ai22 5 2034  F_UCI 0
ai22 5 2034  F_Median 0
ai22 5 2034  F_Mean 0
ai22 5 2035 F0 0 
ai22 5 2035 Fabc 0.305473
ai22 5 2035 Fofl 0.37995
ai22 5 2035  F_LCI 0
ai22 5 2035  F_UCI 0
ai22 5 2035  F_Median 0
ai22 5 2035  F_Mean 0
ai22 5 2036 F0 0 
ai22 5 2036 Fabc 0.305473
ai22 5 2036 Fofl 0.37995
ai22 5 2036  F_LCI 0
ai22 5 2036  F_UCI 0
ai22 5 2036  F_Median 0
ai22 5 2036  F_Mean 0
ai22 6 2022 Cabc 38.0719
ai22 6 2022 Cofl 40.258
ai22 6 2022 CLCI 3
ai22 6 2022 CUCI 3
ai22 6 2022 CMedian 3
ai22 6 2022 CMean 3
ai22 6 2022 CStdn 3.95239e-014
ai22 6 2023 Cabc 38.0719
ai22 6 2023 Cofl 40.258
ai22 6 2023 CLCI 52.2943
ai22 6 2023 CUCI 52.6451
ai22 6 2023 CMedian 52.3335
ai22 6 2023 CMean 52.3838
ai22 6 2023 CStdn 0.1434
ai22 6 2024 Cabc 38.0719
ai22 6 2024 Cofl 40.258
ai22 6 2024 CLCI 33.13
ai22 6 2024 CUCI 34.0176
ai22 6 2024 CMedian 33.2735
ai22 6 2024 CMean 33.3911
ai22 6 2024 CStdn 0.349647
ai22 6 2025 Cabc 38.0719
ai22 6 2025 Cofl 40.258
ai22 6 2025 CLCI 25.601
ai22 6 2025 CUCI 28.4742
ai22 6 2025 CMedian 26.0681
ai22 6 2025 CMean 26.4409
ai22 6 2025 CStdn 1.17147
ai22 6 2026 Cabc 38.0719
ai22 6 2026 Cofl 40.258
ai22 6 2026 CLCI 22.1472
ai22 6 2026 CUCI 38.4188
ai22 6 2026 CMedian 24.2776
ai22 6 2026 CMean 26.3068
ai22 6 2026 CStdn 5.51164
ai22 6 2027 Cabc 38.0719
ai22 6 2027 Cofl 40.258
ai22 6 2027 CLCI 18.8612
ai22 6 2027 CUCI 49.2881
ai22 6 2027 CMedian 24.902
ai22 6 2027 CMean 28.6871
ai22 6 2027 CStdn 10.854
ai22 6 2028 Cabc 38.0719
ai22 6 2028 Cofl 40.258
ai22 6 2028 CLCI 15.9949
ai22 6 2028 CUCI 62.7325
ai22 6 2028 CMedian 27.6406
ai22 6 2028 CMean 32.2611
ai22 6 2028 CStdn 16.449
ai22 6 2029 Cabc 38.0719
ai22 6 2029 Cofl 40.258
ai22 6 2029 CLCI 13.8165
ai22 6 2029 CUCI 73.6605
ai22 6 2029 CMedian 30.599
ai22 6 2029 CMean 35.6159
ai22 6 2029 CStdn 19.9048
ai22 6 2030 Cabc 38.0719
ai22 6 2030 Cofl 40.258
ai22 6 2030 CLCI 12.6461
ai22 6 2030 CUCI 76.7965
ai22 6 2030 CMedian 33.107
ai22 6 2030 CMean 37.8994
ai22 6 2030 CStdn 21.7071
ai22 6 2031 Cabc 38.0719
ai22 6 2031 Cofl 40.258
ai22 6 2031 CLCI 13.231
ai22 6 2031 CUCI 79.188
ai22 6 2031 CMedian 33.982
ai22 6 2031 CMean 39.0364
ai22 6 2031 CStdn 22.6087
ai22 6 2032 Cabc 38.0719
ai22 6 2032 Cofl 40.258
ai22 6 2032 CLCI 12.9552
ai22 6 2032 CUCI 80.0221
ai22 6 2032 CMedian 34.4418
ai22 6 2032 CMean 39.5529
ai22 6 2032 CStdn 22.9145
ai22 6 2033 Cabc 38.0719
ai22 6 2033 Cofl 40.258
ai22 6 2033 CLCI 12.5015
ai22 6 2033 CUCI 81.0426
ai22 6 2033 CMedian 34.5071
ai22 6 2033 CMean 39.5007
ai22 6 2033 CStdn 22.7058
ai22 6 2034 Cabc 38.0719
ai22 6 2034 Cofl 40.258
ai22 6 2034 CLCI 12.3535
ai22 6 2034 CUCI 79.6071
ai22 6 2034 CMedian 35.0304
ai22 6 2034 CMean 39.2673
ai22 6 2034 CStdn 22.0502
ai22 6 2035 Cabc 38.0719
ai22 6 2035 Cofl 40.258
ai22 6 2035 CLCI 12.7608
ai22 6 2035 CUCI 78.7391
ai22 6 2035 CMedian 33.6869
ai22 6 2035 CMean 38.821
ai22 6 2035 CStdn 21.7923
ai22 6 2036 Cabc 38.0719
ai22 6 2036 Cofl 40.258
ai22 6 2036 CLCI 12.5959
ai22 6 2036 CUCI 80.1009
ai22 6 2036 CMedian 33.2961
ai22 6 2036 CMean 38.4884
ai22 6 2036 CStdn 21.8108
ai22 6 2022 SSBF100 174.218
ai22 6 2022 SSBFabc 69.6872
ai22 6 2022 SSBFofl 60.9763
ai22 6 2022 SSBLCI 79.8069
ai22 6 2022 SSBUCI 79.8069
ai22 6 2022 SSBMedian 79.8069
ai22 6 2022 SSBMean 79.8069
ai22 6 2023 SSBF100 174.218
ai22 6 2023 SSBFabc 69.6872
ai22 6 2023 SSBFofl 60.9763
ai22 6 2023 SSBLCI 74.5184
ai22 6 2023 SSBUCI 74.5184
ai22 6 2023 SSBMedian 74.5184
ai22 6 2023 SSBMean 74.5184
ai22 6 2024 SSBF100 174.218
ai22 6 2024 SSBFabc 69.6872
ai22 6 2024 SSBFofl 60.9763
ai22 6 2024 SSBLCI 58.7206
ai22 6 2024 SSBUCI 58.7516
ai22 6 2024 SSBMedian 58.7241
ai22 6 2024 SSBMean 58.7286
ai22 6 2025 SSBF100 174.218
ai22 6 2025 SSBFabc 69.6872
ai22 6 2025 SSBFofl 60.9763
ai22 6 2025 SSBLCI 52.3941
ai22 6 2025 SSBUCI 53.7244
ai22 6 2025 SSBMedian 52.5463
ai22 6 2025 SSBMean 52.7363
ai22 6 2026 SSBF100 174.218
ai22 6 2026 SSBFabc 69.6872
ai22 6 2026 SSBFofl 60.9763
ai22 6 2026 SSBLCI 47.7463
ai22 6 2026 SSBUCI 67.0923
ai22 6 2026 SSBMedian 50.1166
ai22 6 2026 SSBMean 52.8382
ai22 6 2027 SSBF100 174.218
ai22 6 2027 SSBFabc 69.6872
ai22 6 2027 SSBFofl 60.9763
ai22 6 2027 SSBLCI 42.8118
ai22 6 2027 SSBUCI 87.1583
ai22 6 2027 SSBMedian 50.6995
ai22 6 2027 SSBMean 56.006
ai22 6 2028 SSBF100 174.218
ai22 6 2028 SSBFabc 69.6872
ai22 6 2028 SSBFofl 60.9763
ai22 6 2028 SSBLCI 38.9076
ai22 6 2028 SSBUCI 107.209
ai22 6 2028 SSBMedian 53.5065
ai22 6 2028 SSBMean 60.1906
ai22 6 2029 SSBF100 174.218
ai22 6 2029 SSBFabc 69.6872
ai22 6 2029 SSBFofl 60.9763
ai22 6 2029 SSBLCI 36.4515
ai22 6 2029 SSBUCI 115.76
ai22 6 2029 SSBMedian 56.7486
ai22 6 2029 SSBMean 63.62
ai22 6 2030 SSBF100 174.218
ai22 6 2030 SSBFabc 69.6872
ai22 6 2030 SSBFofl 60.9763
ai22 6 2030 SSBLCI 35.8726
ai22 6 2030 SSBUCI 120.029
ai22 6 2030 SSBMedian 58.0664
ai22 6 2030 SSBMean 65.9407
ai22 6 2031 SSBF100 174.218
ai22 6 2031 SSBFabc 69.6872
ai22 6 2031 SSBFofl 60.9763
ai22 6 2031 SSBLCI 36.2778
ai22 6 2031 SSBUCI 122.234
ai22 6 2031 SSBMedian 59.3622
ai22 6 2031 SSBMean 67.0976
ai22 6 2032 SSBF100 174.218
ai22 6 2032 SSBFabc 69.6872
ai22 6 2032 SSBFofl 60.9763
ai22 6 2032 SSBLCI 35.8999
ai22 6 2032 SSBUCI 122.995
ai22 6 2032 SSBMedian 59.8265
ai22 6 2032 SSBMean 67.4535
ai22 6 2033 SSBF100 174.218
ai22 6 2033 SSBFabc 69.6872
ai22 6 2033 SSBFofl 60.9763
ai22 6 2033 SSBLCI 35.6485
ai22 6 2033 SSBUCI 121.115
ai22 6 2033 SSBMedian 60.2408
ai22 6 2033 SSBMean 67.3192
ai22 6 2034 SSBF100 174.218
ai22 6 2034 SSBFabc 69.6872
ai22 6 2034 SSBFofl 60.9763
ai22 6 2034 SSBLCI 35.3805
ai22 6 2034 SSBUCI 121.995
ai22 6 2034 SSBMedian 59.8101
ai22 6 2034 SSBMean 67.0603
ai22 6 2035 SSBF100 174.218
ai22 6 2035 SSBFabc 69.6872
ai22 6 2035 SSBFofl 60.9763
ai22 6 2035 SSBLCI 35.813
ai22 6 2035 SSBUCI 121.142
ai22 6 2035 SSBMedian 59.2695
ai22 6 2035 SSBMean 66.5071
ai22 6 2036 SSBF100 174.218
ai22 6 2036 SSBFabc 69.6872
ai22 6 2036 SSBFofl 60.9763
ai22 6 2036 SSBLCI 35.5223
ai22 6 2036 SSBUCI 120.784
ai22 6 2036 SSBMedian 58.4946
ai22 6 2036 SSBMean 66.0136
ai22 6 2022 F0 0 
ai22 6 2022 Fabc 0.305473
ai22 6 2022 Fofl 0.37995
ai22 6 2022  F_LCI 0.018114
ai22 6 2022  F_UCI 0.018114
ai22 6 2022  F_Median 0.018114
ai22 6 2022  F_Mean 0.018114
ai22 6 2023 F0 0 
ai22 6 2023 Fabc 0.305473
ai22 6 2023 Fofl 0.37995
ai22 6 2023  F_LCI 0.379949
ai22 6 2023  F_UCI 0.379949
ai22 6 2023  F_Median 0.379949
ai22 6 2023  F_Mean 0.379949
ai22 6 2024 F0 0 
ai22 6 2024 Fabc 0.305473
ai22 6 2024 Fofl 0.37995
ai22 6 2024  F_LCI 0.317011
ai22 6 2024  F_UCI 0.317188
ai22 6 2024  F_Median 0.31703
ai22 6 2024  F_Mean 0.317056
ai22 6 2025 F0 0 
ai22 6 2025 Fabc 0.305473
ai22 6 2025 Fofl 0.37995
ai22 6 2025  F_LCI 0.280702
ai22 6 2025  F_UCI 0.288336
ai22 6 2025  F_Median 0.281575
ai22 6 2025  F_Mean 0.282666
ai22 6 2026 F0 0 
ai22 6 2026 Fabc 0.305473
ai22 6 2026 Fofl 0.37995
ai22 6 2026  F_LCI 0.254027
ai22 6 2026  F_UCI 0.365057
ai22 6 2026  F_Median 0.26763
ai22 6 2026  F_Mean 0.280362
ai22 6 2027 F0 0 
ai22 6 2027 Fabc 0.305473
ai22 6 2027 Fofl 0.37995
ai22 6 2027  F_LCI 0.225707
ai22 6 2027  F_UCI 0.37995
ai22 6 2027  F_Median 0.270976
ai22 6 2027  F_Mean 0.286113
ai22 6 2028 F0 0 
ai22 6 2028 Fabc 0.305473
ai22 6 2028 Fofl 0.37995
ai22 6 2028  F_LCI 0.2033
ai22 6 2028  F_UCI 0.37995
ai22 6 2028  F_Median 0.287086
ai22 6 2028  F_Mean 0.294283
ai22 6 2029 F0 0 
ai22 6 2029 Fabc 0.305473
ai22 6 2029 Fofl 0.37995
ai22 6 2029  F_LCI 0.189204
ai22 6 2029  F_UCI 0.37995
ai22 6 2029  F_Median 0.305693
ai22 6 2029  F_Mean 0.30266
ai22 6 2030 F0 0 
ai22 6 2030 Fabc 0.305473
ai22 6 2030 Fofl 0.37995
ai22 6 2030  F_LCI 0.185882
ai22 6 2030  F_UCI 0.37995
ai22 6 2030  F_Median 0.313256
ai22 6 2030  F_Mean 0.306883
ai22 6 2031 F0 0 
ai22 6 2031 Fabc 0.305473
ai22 6 2031 Fofl 0.37995
ai22 6 2031  F_LCI 0.188207
ai22 6 2031  F_UCI 0.37995
ai22 6 2031  F_Median 0.320693
ai22 6 2031  F_Mean 0.308555
ai22 6 2032 F0 0 
ai22 6 2032 Fabc 0.305473
ai22 6 2032 Fofl 0.37995
ai22 6 2032  F_LCI 0.186039
ai22 6 2032  F_UCI 0.37995
ai22 6 2032  F_Median 0.323357
ai22 6 2032  F_Mean 0.310359
ai22 6 2033 F0 0 
ai22 6 2033 Fabc 0.305473
ai22 6 2033 Fofl 0.37995
ai22 6 2033  F_LCI 0.184595
ai22 6 2033  F_UCI 0.37995
ai22 6 2033  F_Median 0.325735
ai22 6 2033  F_Mean 0.310321
ai22 6 2034 F0 0 
ai22 6 2034 Fabc 0.305473
ai22 6 2034 Fofl 0.37995
ai22 6 2034  F_LCI 0.183057
ai22 6 2034  F_UCI 0.37995
ai22 6 2034  F_Median 0.323263
ai22 6 2034  F_Mean 0.310159
ai22 6 2035 F0 0 
ai22 6 2035 Fabc 0.305473
ai22 6 2035 Fofl 0.37995
ai22 6 2035  F_LCI 0.18554
ai22 6 2035  F_UCI 0.37995
ai22 6 2035  F_Median 0.320161
ai22 6 2035  F_Mean 0.308478
ai22 6 2036 F0 0 
ai22 6 2036 Fabc 0.305473
ai22 6 2036 Fofl 0.37995
ai22 6 2036  F_LCI 0.183871
ai22 6 2036  F_UCI 0.37995
ai22 6 2036  F_Median 0.315713
ai22 6 2036  F_Mean 0.307972
ai22 7 2022 Cabc 38.0719
ai22 7 2022 Cofl 40.258
ai22 7 2022 CLCI 3
ai22 7 2022 CUCI 3
ai22 7 2022 CMedian 3
ai22 7 2022 CMean 3
ai22 7 2022 CStdn 3.95239e-014
ai22 7 2023 Cabc 38.0719
ai22 7 2023 Cofl 40.258
ai22 7 2023 CLCI 43.3412
ai22 7 2023 CUCI 43.6235
ai22 7 2023 CMedian 43.3728
ai22 7 2023 CMean 43.4133
ai22 7 2023 CStdn 0.115344
ai22 7 2024 Cabc 38.0719
ai22 7 2024 Cofl 40.258
ai22 7 2024 CLCI 30.5979
ai22 7 2024 CUCI 31.3601
ai22 7 2024 CMedian 30.7211
ai22 7 2024 CMean 30.822
ai22 7 2024 CStdn 0.30021
ai22 7 2025 Cabc 38.0719
ai22 7 2025 Cofl 40.258
ai22 7 2025 CLCI 29.4735
ai22 7 2025 CUCI 32.5515
ai22 7 2025 CMedian 29.9747
ai22 7 2025 CMean 30.3739
ai22 7 2025 CStdn 1.25274
ai22 7 2026 Cabc 38.0719
ai22 7 2026 Cofl 40.258
ai22 7 2026 CLCI 24.0133
ai22 7 2026 CUCI 40.7738
ai22 7 2026 CMedian 26.2162
ai22 7 2026 CMean 28.2578
ai22 7 2026 CStdn 5.49503
ai22 7 2027 Cabc 38.0719
ai22 7 2027 Cofl 40.258
ai22 7 2027 CLCI 19.7382
ai22 7 2027 CUCI 49.933
ai22 7 2027 CMedian 25.8671
ai22 7 2027 CMean 29.6176
ai22 7 2027 CStdn 10.8207
ai22 7 2028 Cabc 38.0719
ai22 7 2028 Cofl 40.258
ai22 7 2028 CLCI 16.3882
ai22 7 2028 CUCI 63.0735
ai22 7 2028 CMedian 28.0715
ai22 7 2028 CMean 32.6668
ai22 7 2028 CStdn 16.4379
ai22 7 2029 Cabc 38.0719
ai22 7 2029 Cofl 40.258
ai22 7 2029 CLCI 13.9826
ai22 7 2029 CUCI 73.963
ai22 7 2029 CMedian 30.7848
ai22 7 2029 CMean 35.7706
ai22 7 2029 CStdn 19.9044
ai22 7 2030 Cabc 38.0719
ai22 7 2030 Cofl 40.258
ai22 7 2030 CLCI 12.7126
ai22 7 2030 CUCI 76.8548
ai22 7 2030 CMedian 33.1242
ai22 7 2030 CMean 37.9453
ai22 7 2030 CStdn 21.7056
ai22 7 2031 Cabc 38.0719
ai22 7 2031 Cofl 40.258
ai22 7 2031 CLCI 13.2407
ai22 7 2031 CUCI 79.1618
ai22 7 2031 CMedian 33.9588
ai22 7 2031 CMean 39.0403
ai22 7 2031 CStdn 22.6047
ai22 7 2032 Cabc 38.0719
ai22 7 2032 Cofl 40.258
ai22 7 2032 CLCI 12.9534
ai22 7 2032 CUCI 80.0125
ai22 7 2032 CMedian 34.4266
ai22 7 2032 CMean 39.5446
ai22 7 2032 CStdn 22.9111
ai22 7 2033 Cabc 38.0719
ai22 7 2033 Cofl 40.258
ai22 7 2033 CLCI 12.4953
ai22 7 2033 CUCI 81.0381
ai22 7 2033 CMedian 34.497
ai22 7 2033 CMean 39.4923
ai22 7 2033 CStdn 22.704
ai22 7 2034 Cabc 38.0719
ai22 7 2034 Cofl 40.258
ai22 7 2034 CLCI 12.3491
ai22 7 2034 CUCI 79.6034
ai22 7 2034 CMedian 35.0226
ai22 7 2034 CMean 39.2617
ai22 7 2034 CStdn 22.0492
ai22 7 2035 Cabc 38.0719
ai22 7 2035 Cofl 40.258
ai22 7 2035 CLCI 12.7573
ai22 7 2035 CUCI 78.733
ai22 7 2035 CMedian 33.6835
ai22 7 2035 CMean 38.8177
ai22 7 2035 CStdn 21.7917
ai22 7 2036 Cabc 38.0719
ai22 7 2036 Cofl 40.258
ai22 7 2036 CLCI 12.5942
ai22 7 2036 CUCI 80.1059
ai22 7 2036 CMedian 33.294
ai22 7 2036 CMean 38.4868
ai22 7 2036 CStdn 21.8106
ai22 7 2022 SSBF100 174.218
ai22 7 2022 SSBFabc 69.6872
ai22 7 2022 SSBFofl 60.9763
ai22 7 2022 SSBLCI 79.8069
ai22 7 2022 SSBUCI 79.8069
ai22 7 2022 SSBMedian 79.8069
ai22 7 2022 SSBMean 79.8069
ai22 7 2023 SSBF100 174.218
ai22 7 2023 SSBFabc 69.6872
ai22 7 2023 SSBFofl 60.9763
ai22 7 2023 SSBLCI 75.3276
ai22 7 2023 SSBUCI 75.3276
ai22 7 2023 SSBMedian 75.3276
ai22 7 2023 SSBMean 75.3276
ai22 7 2024 SSBF100 174.218
ai22 7 2024 SSBFabc 69.6872
ai22 7 2024 SSBFofl 60.9763
ai22 7 2024 SSBLCI 62.3517
ai22 7 2024 SSBUCI 62.3829
ai22 7 2024 SSBMedian 62.3552
ai22 7 2024 SSBMean 62.3596
ai22 7 2025 SSBF100 174.218
ai22 7 2025 SSBFabc 69.6872
ai22 7 2025 SSBFofl 60.9763
ai22 7 2025 SSBLCI 56.051
ai22 7 2025 SSBUCI 57.3805
ai22 7 2025 SSBMedian 56.2031
ai22 7 2025 SSBMean 56.393
ai22 7 2026 SSBF100 174.218
ai22 7 2026 SSBFabc 69.6872
ai22 7 2026 SSBFofl 60.9763
ai22 7 2026 SSBLCI 49.6331
ai22 7 2026 SSBUCI 68.9431
ai22 7 2026 SSBMedian 51.9988
ai22 7 2026 SSBMean 54.7195
ai22 7 2027 SSBF100 174.218
ai22 7 2027 SSBFabc 69.6872
ai22 7 2027 SSBFofl 60.9763
ai22 7 2027 SSBLCI 43.781
ai22 7 2027 SSBUCI 87.998
ai22 7 2027 SSBMedian 51.6375
ai22 7 2027 SSBMean 56.9449
ai22 7 2028 SSBF100 174.218
ai22 7 2028 SSBFabc 69.6872
ai22 7 2028 SSBFofl 60.9763
ai22 7 2028 SSBLCI 39.3904
ai22 7 2028 SSBUCI 107.919
ai22 7 2028 SSBMedian 53.9396
ai22 7 2028 SSBMean 60.6238
ai22 7 2029 SSBF100 174.218
ai22 7 2029 SSBFabc 69.6872
ai22 7 2029 SSBFofl 60.9763
ai22 7 2029 SSBLCI 36.6734
ai22 7 2029 SSBUCI 115.913
ai22 7 2029 SSBMedian 56.9352
ai22 7 2029 SSBMean 63.795
ai22 7 2030 SSBF100 174.218
ai22 7 2030 SSBFabc 69.6872
ai22 7 2030 SSBFofl 60.9763
ai22 7 2030 SSBLCI 35.9684
ai22 7 2030 SSBUCI 120.061
ai22 7 2030 SSBMedian 58.0868
ai22 7 2030 SSBMean 65.9975
ai22 7 2031 SSBF100 174.218
ai22 7 2031 SSBFabc 69.6872
ai22 7 2031 SSBFofl 60.9763
ai22 7 2031 SSBLCI 36.2938
ai22 7 2031 SSBUCI 122.279
ai22 7 2031 SSBMedian 59.3433
ai22 7 2031 SSBMean 67.1067
ai22 7 2032 SSBF100 174.218
ai22 7 2032 SSBFabc 69.6872
ai22 7 2032 SSBFofl 60.9763
ai22 7 2032 SSBLCI 35.9169
ai22 7 2032 SSBUCI 122.976
ai22 7 2032 SSBMedian 59.8133
ai22 7 2032 SSBMean 67.447
ai22 7 2033 SSBF100 174.218
ai22 7 2033 SSBFabc 69.6872
ai22 7 2033 SSBFofl 60.9763
ai22 7 2033 SSBLCI 35.6431
ai22 7 2033 SSBUCI 121.126
ai22 7 2033 SSBMedian 60.2426
ai22 7 2033 SSBMean 67.3109
ai22 7 2034 SSBF100 174.218
ai22 7 2034 SSBFabc 69.6872
ai22 7 2034 SSBFofl 60.9763
ai22 7 2034 SSBLCI 35.3736
ai22 7 2034 SSBUCI 121.977
ai22 7 2034 SSBMedian 59.802
ai22 7 2034 SSBMean 67.0543
ai22 7 2035 SSBF100 174.218
ai22 7 2035 SSBFabc 69.6872
ai22 7 2035 SSBFofl 60.9763
ai22 7 2035 SSBLCI 35.8087
ai22 7 2035 SSBUCI 121.135
ai22 7 2035 SSBMedian 59.2664
ai22 7 2035 SSBMean 66.5036
ai22 7 2036 SSBF100 174.218
ai22 7 2036 SSBFabc 69.6872
ai22 7 2036 SSBFofl 60.9763
ai22 7 2036 SSBLCI 35.5223
ai22 7 2036 SSBUCI 120.782
ai22 7 2036 SSBMedian 58.4936
ai22 7 2036 SSBMean 66.0118
ai22 7 2022 F0 0 
ai22 7 2022 Fabc 0.305473
ai22 7 2022 Fofl 0.37995
ai22 7 2022  F_LCI 0.018114
ai22 7 2022  F_UCI 0.018114
ai22 7 2022  F_Median 0.018114
ai22 7 2022  F_Mean 0.018114
ai22 7 2023 F0 0 
ai22 7 2023 Fabc 0.305473
ai22 7 2023 Fofl 0.37995
ai22 7 2023  F_LCI 0.305473
ai22 7 2023  F_UCI 0.305473
ai22 7 2023  F_Median 0.305473
ai22 7 2023  F_Mean 0.305473
ai22 7 2024 F0 0 
ai22 7 2024 Fabc 0.305473
ai22 7 2024 Fofl 0.37995
ai22 7 2024  F_LCI 0.271625
ai22 7 2024  F_UCI 0.271769
ai22 7 2024  F_Median 0.271642
ai22 7 2024  F_Mean 0.271662
ai22 7 2025 F0 0 
ai22 7 2025 Fabc 0.305473
ai22 7 2025 Fofl 0.37995
ai22 7 2025  F_LCI 0.301689
ai22 7 2025  F_UCI 0.309319
ai22 7 2025  F_Median 0.302562
ai22 7 2025  F_Mean 0.303652
ai22 7 2026 F0 0 
ai22 7 2026 Fabc 0.305473
ai22 7 2026 Fofl 0.37995
ai22 7 2026  F_LCI 0.264855
ai22 7 2026  F_UCI 0.375679
ai22 7 2026  F_Median 0.278433
ai22 7 2026  F_Mean 0.290688
ai22 7 2027 F0 0 
ai22 7 2027 Fabc 0.305473
ai22 7 2027 Fofl 0.37995
ai22 7 2027  F_LCI 0.231269
ai22 7 2027  F_UCI 0.37995
ai22 7 2027  F_Median 0.276359
ai22 7 2027  F_Mean 0.290766
ai22 7 2028 F0 0 
ai22 7 2028 Fabc 0.305473
ai22 7 2028 Fofl 0.37995
ai22 7 2028  F_LCI 0.206071
ai22 7 2028  F_UCI 0.37995
ai22 7 2028  F_Median 0.289571
ai22 7 2028  F_Mean 0.2962
ai22 7 2029 F0 0 
ai22 7 2029 Fabc 0.305473
ai22 7 2029 Fofl 0.37995
ai22 7 2029  F_LCI 0.190478
ai22 7 2029  F_UCI 0.37995
ai22 7 2029  F_Median 0.306764
ai22 7 2029  F_Mean 0.303363
ai22 7 2030 F0 0 
ai22 7 2030 Fabc 0.305473
ai22 7 2030 Fofl 0.37995
ai22 7 2030  F_LCI 0.186432
ai22 7 2030  F_UCI 0.37995
ai22 7 2030  F_Median 0.313373
ai22 7 2030  F_Mean 0.307103
ai22 7 2031 F0 0 
ai22 7 2031 Fabc 0.305473
ai22 7 2031 Fofl 0.37995
ai22 7 2031  F_LCI 0.188299
ai22 7 2031  F_UCI 0.37995
ai22 7 2031  F_Median 0.320584
ai22 7 2031  F_Mean 0.308596
ai22 7 2032 F0 0 
ai22 7 2032 Fabc 0.305473
ai22 7 2032 Fofl 0.37995
ai22 7 2032  F_LCI 0.186136
ai22 7 2032  F_UCI 0.37995
ai22 7 2032  F_Median 0.323281
ai22 7 2032  F_Mean 0.310342
ai22 7 2033 F0 0 
ai22 7 2033 Fabc 0.305473
ai22 7 2033 Fofl 0.37995
ai22 7 2033  F_LCI 0.184565
ai22 7 2033  F_UCI 0.37995
ai22 7 2033  F_Median 0.325745
ai22 7 2033  F_Mean 0.310297
ai22 7 2034 F0 0 
ai22 7 2034 Fabc 0.305473
ai22 7 2034 Fofl 0.37995
ai22 7 2034  F_LCI 0.183018
ai22 7 2034  F_UCI 0.37995
ai22 7 2034  F_Median 0.323216
ai22 7 2034  F_Mean 0.310141
ai22 7 2035 F0 0 
ai22 7 2035 Fabc 0.305473
ai22 7 2035 Fofl 0.37995
ai22 7 2035  F_LCI 0.185515
ai22 7 2035  F_UCI 0.37995
ai22 7 2035  F_Median 0.320143
ai22 7 2035  F_Mean 0.308467
ai22 7 2036 F0 0 
ai22 7 2036 Fabc 0.305473
ai22 7 2036 Fofl 0.37995
ai22 7 2036  F_LCI 0.183871
ai22 7 2036  F_UCI 0.37995
ai22 7 2036  F_Median 0.315708
ai22 7 2036  F_Mean 0.307966
