
SB0 SB40 SB35 MeanRec HarMeanRec Bnow
174.218 69.6872 60.9763 0.128356 0.0455739 82.8099 
CV Recruit
1.34775 
Alternative 1 Alternative  Stock: ai22
Catch ai22
Year C0 Cabc Cofl LowCI_Catch Median_Catch Mean_Catch UpperCI_Catch Stdev_Catch 
2022  0 38.0719 40.258 3 3 3 3 3.95239e-014 
2023  0 38.0719 40.258 1.67 1.67 1.67 1.67 2.01684e-008 
2024  0 38.0719 40.258 42.8433 42.98 43.0924 43.6874 0.332698 
2025  0 38.0719 40.258 32.853 33.329 33.704 35.7732 1.15477 
2026  0 38.0719 40.258 25.3448 27.3967 29.0087 37.8594 4.29719 
2027  0 38.0719 40.258 20.1786 25.8089 28.6937 44.1266 8.82808 
2028  0 38.0719 40.258 16.4124 27.1628 30.6091 55.6774 13.9096 
2029  0 38.0719 40.258 13.7908 29.4164 33.1341 66.2881 17.3452 
2030  0 38.0719 40.258 12.3823 31.9675 35.1868 70.3644 19.3766 
2031  0 38.0719 40.258 12.5721 32.9206 36.3958 72.7388 20.3869 
2032  0 38.0719 40.258 12.6893 33.442 37.1226 74.1473 20.7457 
2033  0 38.0719 40.258 12.1164 34.0571 37.2627 74.0639 20.729 
2034  0 38.0719 40.258 12.2284 34.7897 37.1724 73.4558 20.1732 
2035  0 38.0719 40.258 12.4775 33.8322 36.9123 73.3548 19.8693 
2036  0 38.0719 40.258 12.4181 33.318 36.6724 73.4653 19.7804 

Spawning_Biomass ai22
Year SSB100 SSBabc SSBofl LowCI_SSB Median_SSB Mean_SSB UpperCI_SSB Stdev_SSB 
2022 174.218 69.6872 60.9763 79.8069 79.8069 79.8069 79.8069 1.7053e-012 
2023 174.218 69.6872 60.9763 78.628 78.6281 78.6282 78.6287 0.000277198 
2024 174.218 69.6872 60.9763 77.3412 77.3453 77.3505 77.3773 0.0147357 
2025 174.218 69.6872 60.9763 65.1298 65.2835 65.4753 66.4724 0.550573 
2026 174.218 69.6872 60.9763 56.2556 58.6365 61.3981 75.9451 8.13441 
2027 174.218 69.6872 60.9763 48.9735 56.9566 62.471 94.4983 17.6278 
2028 174.218 69.6872 60.9763 43.6527 58.7009 65.8166 117.705 25.302 
2029 174.218 69.6872 60.9763 40.315 61.4842 69.1726 125.204 28.5901 
2030 174.218 69.6872 60.9763 39.1805 63.5327 71.8385 131.039 31.1217 
2031 174.218 69.6872 60.9763 39.3862 64.3173 73.463 133.454 32.9725 
2032 174.218 69.6872 60.9763 39.475 65.4718 74.2218 135.243 33.1219 
2033 174.218 69.6872 60.9763 38.7721 65.9878 74.371 133.457 32.4248 
2034 174.218 69.6872 60.9763 39.2384 66.7374 74.2872 135.811 31.3965 
2035 174.218 69.6872 60.9763 39.599 65.7382 73.8092 135.881 31.3927 
2036 174.218 69.6872 60.9763 39.1279 65.0097 73.3047 133.579 31.4812 

Fishing_mortalityai22
Year F0 Fabc Fofl LowCI_F Median_F Mean_F UpperCI_F Stdev_F 
2022  0 0.305473 0.37995 0.018114 0.018114 0.018114 0.018114 1.04083e-017 
2023  0 0.305473 0.37995 0.010329 0.0103822 0.0103737 0.0103889 2.42189e-005 
2024  0 0.305473 0.37995 0.305473 0.305473 0.305473 0.305473 4.88498e-015 
2025  0 0.305473 0.37995 0.284444 0.285153 0.286023 0.290639 0.002369 
2026  0 0.305473 0.37995 0.243497 0.254483 0.262342 0.305473 0.0194035 
2027  0 0.305473 0.37995 0.209896 0.246732 0.254327 0.305473 0.0340353 
2028  0 0.305473 0.37995 0.185345 0.25478 0.25386 0.305473 0.0441872 
2029  0 0.305473 0.37995 0.169944 0.267623 0.257031 0.305473 0.0485382 
2030  0 0.305473 0.37995 0.164709 0.277075 0.258606 0.305473 0.0529563 
2031  0 0.305473 0.37995 0.165658 0.280695 0.259383 0.305473 0.0558262 
2032  0 0.305473 0.37995 0.166068 0.286022 0.261502 0.305473 0.0540597 
2033  0 0.305473 0.37995 0.162825 0.288403 0.261491 0.305473 0.0562612 
2034  0 0.305473 0.37995 0.164976 0.291862 0.26156 0.305473 0.0562934 
2035  0 0.305473 0.37995 0.16664 0.287252 0.261049 0.305473 0.0553082 
2036  0 0.305473 0.37995 0.164466 0.28389 0.261246 0.305473 0.0532436 

Total_Biomassai22
Year B100 Babc Bofl LowCI_Biom Median_Biom Mean_Biom UpperCI_Biom Stdev_Biom 
2022 1060.57 295.687 274.53 253.922 253.922 253.922 253.922 4.49063e-012 
2023 1060.57 295.687 274.53 251.941 257.294 264.173 299.847 19.5783 
2024 1060.57 295.687 274.53 251.668 269.721 281.618 353.995 37.2882 
2025 1060.57 295.687 274.53 211.552 249.272 266.546 381.762 61.0698 
2026 1060.57 295.687 274.53 185.295 246.178 267.64 428.049 82.4053 
2027 1060.57 295.687 274.53 168.842 252.067 277.143 466.275 101.577 
2028 1060.57 295.687 274.53 158.207 262.278 288.346 501.828 117.016 
2029 1060.57 295.687 274.53 157.286 269.619 297.542 532.043 124.631 
2030 1060.57 295.687 274.53 154.869 277.442 303.216 530.922 128.115 
2031 1060.57 295.687 274.53 153.986 278.647 306.314 532.366 127.862 
2032 1060.57 295.687 274.53 152.958 281.728 306.434 548.192 126.121 
2033 1060.57 295.687 274.53 154.273 280.596 305.575 550.189 124.62 
2034 1060.57 295.687 274.53 156.074 279.14 304.745 542.723 122.477 
2035 1060.57 295.687 274.53 157.453 279.977 303.924 538.228 122.098 
2036 1060.57 295.687 274.53 159.958 281.508 304.142 529.157 122.033 
Alternative 2 Alternative  Stock: ai22
Catch ai22
Year C0 Cabc Cofl LowCI_Catch Median_Catch Mean_Catch UpperCI_Catch Stdev_Catch 
2022  0 38.0719 40.258 3 3 3 3 3.95239e-014 
2023  0 38.0719 40.258 1.67 1.67 1.67 1.67 2.01684e-008 
2024  0 38.0719 40.258 42.8433 42.98 43.0924 43.6874 0.332698 
2025  0 38.0719 40.258 32.853 33.329 33.704 35.7732 1.15477 
2026  0 38.0719 40.258 25.3448 27.3967 29.0087 37.8594 4.29719 
2027  0 38.0719 40.258 20.1786 25.8089 28.6937 44.1266 8.82808 
2028  0 38.0719 40.258 16.4124 27.1628 30.6091 55.6774 13.9096 
2029  0 38.0719 40.258 13.7908 29.4164 33.1341 66.2881 17.3452 
2030  0 38.0719 40.258 12.3823 31.9675 35.1868 70.3644 19.3766 
2031  0 38.0719 40.258 12.5721 32.9206 36.3958 72.7388 20.3869 
2032  0 38.0719 40.258 12.6893 33.442 37.1226 74.1473 20.7457 
2033  0 38.0719 40.258 12.1164 34.0571 37.2627 74.0639 20.729 
2034  0 38.0719 40.258 12.2284 34.7897 37.1724 73.4558 20.1732 
2035  0 38.0719 40.258 12.4775 33.8322 36.9123 73.3548 19.8693 
2036  0 38.0719 40.258 12.4181 33.318 36.6724 73.4653 19.7804 

Spawning_Biomass ai22
Year SSB100 SSBabc SSBofl LowCI_SSB Median_SSB Mean_SSB UpperCI_SSB Stdev_SSB 
2022 174.218 69.6872 60.9763 79.8069 79.8069 79.8069 79.8069 1.7053e-012 
2023 174.218 69.6872 60.9763 78.628 78.6281 78.6282 78.6287 0.000277198 
2024 174.218 69.6872 60.9763 77.3412 77.3453 77.3505 77.3773 0.0147357 
2025 174.218 69.6872 60.9763 65.1298 65.2835 65.4753 66.4724 0.550573 
2026 174.218 69.6872 60.9763 56.2556 58.6365 61.3981 75.9451 8.13441 
2027 174.218 69.6872 60.9763 48.9735 56.9566 62.471 94.4983 17.6278 
2028 174.218 69.6872 60.9763 43.6527 58.7009 65.8166 117.705 25.302 
2029 174.218 69.6872 60.9763 40.315 61.4842 69.1726 125.204 28.5901 
2030 174.218 69.6872 60.9763 39.1805 63.5327 71.8385 131.039 31.1217 
2031 174.218 69.6872 60.9763 39.3862 64.3173 73.463 133.454 32.9725 
2032 174.218 69.6872 60.9763 39.475 65.4718 74.2218 135.243 33.1219 
2033 174.218 69.6872 60.9763 38.7721 65.9878 74.371 133.457 32.4248 
2034 174.218 69.6872 60.9763 39.2384 66.7374 74.2872 135.811 31.3965 
2035 174.218 69.6872 60.9763 39.599 65.7382 73.8092 135.881 31.3927 
2036 174.218 69.6872 60.9763 39.1279 65.0097 73.3047 133.579 31.4812 

Fishing_mortalityai22
Year F0 Fabc Fofl LowCI_F Median_F Mean_F UpperCI_F Stdev_F 
2022  0 0.305473 0.37995 0.018114 0.018114 0.018114 0.018114 1.04083e-017 
2023  0 0.305473 0.37995 0.010329 0.0103822 0.0103737 0.0103889 2.42189e-005 
2024  0 0.305473 0.37995 0.305473 0.305473 0.305473 0.305473 4.88498e-015 
2025  0 0.305473 0.37995 0.284444 0.285153 0.286023 0.290639 0.002369 
2026  0 0.305473 0.37995 0.243497 0.254483 0.262342 0.305473 0.0194035 
2027  0 0.305473 0.37995 0.209896 0.246732 0.254327 0.305473 0.0340353 
2028  0 0.305473 0.37995 0.185345 0.25478 0.25386 0.305473 0.0441872 
2029  0 0.305473 0.37995 0.169944 0.267623 0.257031 0.305473 0.0485382 
2030  0 0.305473 0.37995 0.164709 0.277075 0.258606 0.305473 0.0529563 
2031  0 0.305473 0.37995 0.165658 0.280695 0.259383 0.305473 0.0558262 
2032  0 0.305473 0.37995 0.166068 0.286022 0.261502 0.305473 0.0540597 
2033  0 0.305473 0.37995 0.162825 0.288403 0.261491 0.305473 0.0562612 
2034  0 0.305473 0.37995 0.164976 0.291862 0.26156 0.305473 0.0562934 
2035  0 0.305473 0.37995 0.16664 0.287252 0.261049 0.305473 0.0553082 
2036  0 0.305473 0.37995 0.164466 0.28389 0.261246 0.305473 0.0532436 

Total_Biomassai22
Year B100 Babc Bofl LowCI_Biom Median_Biom Mean_Biom UpperCI_Biom Stdev_Biom 
2022 1060.57 295.687 274.53 253.922 253.922 253.922 253.922 4.49063e-012 
2023 1060.57 295.687 274.53 251.941 257.294 264.173 299.847 19.5783 
2024 1060.57 295.687 274.53 251.668 269.721 281.618 353.995 37.2882 
2025 1060.57 295.687 274.53 211.552 249.272 266.546 381.762 61.0698 
2026 1060.57 295.687 274.53 185.295 246.178 267.64 428.049 82.4053 
2027 1060.57 295.687 274.53 168.842 252.067 277.143 466.275 101.577 
2028 1060.57 295.687 274.53 158.207 262.278 288.346 501.828 117.016 
2029 1060.57 295.687 274.53 157.286 269.619 297.542 532.043 124.631 
2030 1060.57 295.687 274.53 154.869 277.442 303.216 530.922 128.115 
2031 1060.57 295.687 274.53 153.986 278.647 306.314 532.366 127.862 
2032 1060.57 295.687 274.53 152.958 281.728 306.434 548.192 126.121 
2033 1060.57 295.687 274.53 154.273 280.596 305.575 550.189 124.62 
2034 1060.57 295.687 274.53 156.074 279.14 304.745 542.723 122.477 
2035 1060.57 295.687 274.53 157.453 279.977 303.924 538.228 122.098 
2036 1060.57 295.687 274.53 159.958 281.508 304.142 529.157 122.033 
Alternative 3 Alternative  Stock: ai22
Catch ai22
Year C0 Cabc Cofl LowCI_Catch Median_Catch Mean_Catch UpperCI_Catch Stdev_Catch 
2022  0 38.0719 40.258 3 3 3 3 3.95239e-014 
2023  0 38.0719 40.258 1.67 1.67 1.67 1.67 2.01684e-008 
2024  0 38.0719 40.258 4.13255 4.14435 4.15404 4.20545 0.0287265 
2025  0 38.0719 40.258 4.15432 4.19289 4.21866 4.36529 0.083474 
2026  0 38.0719 40.258 4.28411 4.39648 4.47622 4.91803 0.251775 
2027  0 38.0719 40.258 4.33116 4.6479 4.84743 5.98432 0.654783 
2028  0 38.0719 40.258 4.22734 4.92891 5.31256 7.69279 1.28592 
2029  0 38.0719 40.258 4.03756 5.31278 5.81456 9.61477 1.90494 
2030  0 38.0719 40.258 3.82679 5.70358 6.32209 10.8135 2.42083 
2031  0 38.0719 40.258 3.73693 6.10427 6.74285 11.7026 2.70899 
2032  0 38.0719 40.258 3.76915 6.44774 7.07402 12.4926 2.91708 
2033  0 38.0719 40.258 3.8403 6.65551 7.32216 12.7411 3.05237 
2034  0 38.0719 40.258 3.76451 6.88122 7.50331 13.0168 3.07533 
2035  0 38.0719 40.258 3.8436 7.08835 7.63336 13.3278 3.06706 
2036  0 38.0719 40.258 3.87584 7.19094 7.72301 13.3326 3.04827 

Spawning_Biomass ai22
Year SSB100 SSBabc SSBofl LowCI_SSB Median_SSB Mean_SSB UpperCI_SSB Stdev_SSB 
2022 174.218 69.6872 60.9763 79.8069 79.8069 79.8069 79.8069 1.7053e-012 
2023 174.218 69.6872 60.9763 78.628 78.6281 78.6282 78.6287 0.000277198 
2024 174.218 69.6872 60.9763 80.4228 80.4268 80.432 80.459 0.0148193 
2025 174.218 69.6872 60.9763 82.194 82.3557 82.5574 83.6068 0.577594 
2026 174.218 69.6872 60.9763 81.8664 84.4318 87.399 103.011 8.65578 
2027 174.218 69.6872 60.9763 79.1804 88.3924 94.8489 131.431 20.0527 
2028 174.218 69.6872 60.9763 75.9189 94.9407 103.813 164.961 31.4423 
2029 174.218 69.6872 60.9763 73.2318 102.727 112.721 187.645 38.6645 
2030 174.218 69.6872 60.9763 71.7708 110.197 121.159 203.446 45.0896 
2031 174.218 69.6872 60.9763 70.7887 117.63 128.458 224.216 50.8363 
2032 174.218 69.6872 60.9763 73.2816 122.637 134.273 231.856 54.1331 
2033 174.218 69.6872 60.9763 72.7609 128.459 138.795 235.893 55.7793 
2034 174.218 69.6872 60.9763 72.5418 131.856 142.323 243.007 56.1942 
2035 174.218 69.6872 60.9763 72.5377 135.189 144.608 247.407 56.6585 
2036 174.218 69.6872 60.9763 73.4144 136.617 146.109 251.609 56.8332 

Fishing_mortalityai22
Year F0 Fabc Fofl LowCI_F Median_F Mean_F UpperCI_F Stdev_F 
2022  0 0.305473 0.37995 0.018114 0.018114 0.018114 0.018114 1.04083e-017 
2023  0 0.305473 0.37995 0.010329 0.0103822 0.0103737 0.0103889 2.42189e-005 
2024  0 0.305473 0.37995 0.0262659 0.0262659 0.0262659 0.0262659 4.61436e-016 
2025  0 0.305473 0.37995 0.0262659 0.0262659 0.0262659 0.0262659 4.61436e-016 
2026  0 0.305473 0.37995 0.0262659 0.0262659 0.0262659 0.0262659 4.61436e-016 
2027  0 0.305473 0.37995 0.0262659 0.0262659 0.0262659 0.0262659 4.61436e-016 
2028  0 0.305473 0.37995 0.0262659 0.0262659 0.0262659 0.0262659 4.61436e-016 
2029  0 0.305473 0.37995 0.0262659 0.0262659 0.0262659 0.0262659 4.61436e-016 
2030  0 0.305473 0.37995 0.0262659 0.0262659 0.0262659 0.0262659 4.61436e-016 
2031  0 0.305473 0.37995 0.0262659 0.0262659 0.0262659 0.0262659 4.61436e-016 
2032  0 0.305473 0.37995 0.0262659 0.0262659 0.0262659 0.0262659 4.61436e-016 
2033  0 0.305473 0.37995 0.0262659 0.0262659 0.0262659 0.0262659 4.61436e-016 
2034  0 0.305473 0.37995 0.0262659 0.0262659 0.0262659 0.0262659 4.61436e-016 
2035  0 0.305473 0.37995 0.0262659 0.0262659 0.0262659 0.0262659 4.61436e-016 
2036  0 0.305473 0.37995 0.0262659 0.0262659 0.0262659 0.0262659 4.61436e-016 

Total_Biomassai22
Year B100 Babc Bofl LowCI_Biom Median_Biom Mean_Biom UpperCI_Biom Stdev_Biom 
2022 1060.57 295.687 274.53 253.922 253.922 253.922 253.922 4.49063e-012 
2023 1060.57 295.687 274.53 251.941 257.294 264.173 299.847 19.5783 
2024 1060.57 295.687 274.53 251.668 269.721 281.618 353.995 37.2882 
2025 1060.57 295.687 274.53 247.029 284.887 302.325 418.685 61.4757 
2026 1060.57 295.687 274.53 242.628 304.48 326.311 489.223 84.1259 
2027 1060.57 295.687 274.53 237.707 325.646 351.475 549.278 107.011 
2028 1060.57 295.687 274.53 235.092 344.156 375.852 614.824 129.182 
2029 1060.57 295.687 274.53 233.386 369.629 397.926 665.806 144.98 
2030 1060.57 295.687 274.53 234.246 389.434 416.655 690.795 156.149 
2031 1060.57 295.687 274.53 234.597 402.247 432.248 708.77 162.554 
2032 1060.57 295.687 274.53 235.672 412.741 443.397 732.377 166.38 
2033 1060.57 295.687 274.53 234.291 424.169 451.995 765.39 168.222 
2034 1060.57 295.687 274.53 237.89 435.193 458.902 780.998 167.553 
2035 1060.57 295.687 274.53 248.112 438.047 464.067 780.438 166.888 
2036 1060.57 295.687 274.53 254.255 439.484 468.646 778.724 165.549 
Alternative 4 Alternative  Stock: ai22
Catch ai22
Year C0 Cabc Cofl LowCI_Catch Median_Catch Mean_Catch UpperCI_Catch Stdev_Catch 
2022  0 38.0719 40.258 3 3 3 3 3.95239e-014 
2023  0 38.0719 40.258 1.67 1.67 1.67 1.67 2.01684e-008 
2024  0 38.0719 40.258 20.2428 20.3031 20.3528 20.6158 0.147002 
2025  0 38.0719 40.258 18.7449 18.9418 19.0727 19.8192 0.42492 
2026  0 38.0719 40.258 18.0589 18.6275 19.0263 21.2399 1.26493 
2027  0 38.0719 40.258 17.1765 18.7383 19.7155 25.3176 3.20006 
2028  0 38.0719 40.258 15.8289 19.2052 20.9697 32.1736 6.01565 
2029  0 38.0719 40.258 14.374 20.1732 22.4464 39.3209 8.47333 
2030  0 38.0719 40.258 13.0797 21.4119 23.929 42.8156 10.2465 
2031  0 38.0719 40.258 12.6182 22.4105 25.0393 45.6763 11.1391 
2032  0 38.0719 40.258 12.474 23.1182 25.7723 46.8853 11.7636 
2033  0 38.0719 40.258 12.4279 23.6016 26.2287 47.6975 12.0242 
2034  0 38.0719 40.258 12.3757 24.1122 26.4849 48.3443 11.8414 
2035  0 38.0719 40.258 12.4776 24.2521 26.621 49.0612 11.6215 
2036  0 38.0719 40.258 12.462 24.2548 26.6527 48.5413 11.5031 

Spawning_Biomass ai22
Year SSB100 SSBabc SSBofl LowCI_SSB Median_SSB Mean_SSB UpperCI_SSB Stdev_SSB 
2022 174.218 69.6872 60.9763 79.8069 79.8069 79.8069 79.8069 1.7053e-012 
2023 174.218 69.6872 60.9763 78.628 78.6281 78.6282 78.6287 0.000277198 
2024 174.218 69.6872 60.9763 79.2111 79.2151 79.2203 79.2473 0.0147865 
2025 174.218 69.6872 60.9763 74.9113 75.0722 75.2729 76.3172 0.574765 
2026 174.218 69.6872 60.9763 69.821 72.3508 75.2741 90.654 8.52807 
2027 174.218 69.6872 60.9763 63.3328 72.3369 78.5236 114.013 19.3636 
2028 174.218 69.6872 60.9763 57.3271 75.1187 83.6267 142.142 29.422 
2029 174.218 69.6872 60.9763 52.7079 79.8706 88.8343 155.837 35.0323 
2030 174.218 69.6872 60.9763 50.1729 83.9753 93.5952 165.786 39.6105 
2031 174.218 69.6872 60.9763 49.1319 87.7206 97.3249 177.981 43.297 
2032 174.218 69.6872 60.9763 49.4109 90.213 99.9099 183.267 44.788 
2033 174.218 69.6872 60.9763 48.4348 92.1553 101.585 181.932 44.9424 
2034 174.218 69.6872 60.9763 48.067 93.6017 102.667 187.652 44.2698 
2035 174.218 69.6872 60.9763 47.8296 94.5015 102.971 188.288 44.1736 
2036 174.218 69.6872 60.9763 48.9379 94.5789 102.921 184.79 44.1089 

Fishing_mortalityai22
Year F0 Fabc Fofl LowCI_F Median_F Mean_F UpperCI_F Stdev_F 
2022  0 0.305473 0.37995 0.018114 0.018114 0.018114 0.018114 1.04083e-017 
2023  0 0.305473 0.37995 0.010329 0.0103822 0.0103737 0.0103889 2.42189e-005 
2024  0 0.305473 0.37995 0.134629 0.134629 0.134629 0.134629 9.15934e-016 
2025  0 0.305473 0.37995 0.134629 0.134629 0.134629 0.134629 9.15934e-016 
2026  0 0.305473 0.37995 0.134629 0.134629 0.134629 0.134629 9.15934e-016 
2027  0 0.305473 0.37995 0.134629 0.134629 0.134629 0.134629 9.15934e-016 
2028  0 0.305473 0.37995 0.134629 0.134629 0.134629 0.134629 9.15934e-016 
2029  0 0.305473 0.37995 0.134629 0.134629 0.134629 0.134629 9.15934e-016 
2030  0 0.305473 0.37995 0.134629 0.134629 0.134629 0.134629 9.15934e-016 
2031  0 0.305473 0.37995 0.134629 0.134629 0.134629 0.134629 9.15934e-016 
2032  0 0.305473 0.37995 0.134629 0.134629 0.134226 0.134629 0.00736289 
2033  0 0.305473 0.37995 0.134629 0.134629 0.134091 0.134629 0.00849767 
2034  0 0.305473 0.37995 0.134629 0.134629 0.134091 0.134629 0.00849767 
2035  0 0.305473 0.37995 0.134629 0.134629 0.13436 0.134629 0.00601479 
2036  0 0.305473 0.37995 0.134629 0.134629 0.134495 0.134629 0.00425523 

Total_Biomassai22
Year B100 Babc Bofl LowCI_Biom Median_Biom Mean_Biom UpperCI_Biom Stdev_Biom 
2022 1060.57 295.687 274.53 253.922 253.922 253.922 253.922 4.49063e-012 
2023 1060.57 295.687 274.53 251.941 257.294 264.173 299.847 19.5783 
2024 1060.57 295.687 274.53 251.668 269.721 281.618 353.995 37.2882 
2025 1060.57 295.687 274.53 232.265 270.053 287.445 403.36 61.3177 
2026 1060.57 295.687 274.53 216.372 277.819 299.632 461.766 83.4964 
2027 1060.57 295.687 274.53 202.736 289.936 314.78 509.992 105.184 
2028 1060.57 295.687 274.53 193.636 299.809 330.199 558.918 124.919 
2029 1060.57 295.687 274.53 186.699 316.401 343.824 596.737 137.343 
2030 1060.57 295.687 274.53 185.785 327.78 354.379 616.215 144.921 
2031 1060.57 295.687 274.53 182.131 333.586 362.194 623.073 147.838 
2032 1060.57 295.687 274.53 179.247 339.591 366.336 637.354 148.511 
2033 1060.57 295.687 274.53 180.485 343.179 368.828 647.367 147.963 
2034 1060.57 295.687 274.53 183.045 347.315 370.521 649.448 145.751 
2035 1060.57 295.687 274.53 187.252 346.47 371.423 651.02 144.586 
2036 1060.57 295.687 274.53 185.97 349.341 372.626 638.643 143.428 
Alternative 5 Alternative  Stock: ai22
Catch ai22
Year C0 Cabc Cofl LowCI_Catch Median_Catch Mean_Catch UpperCI_Catch Stdev_Catch 
2022  0 38.0719 40.258 3 3 3 3 3.95239e-014 
2023  0 38.0719 40.258 1.67 1.67 1.67 1.67 2.01684e-008 
2024  0 38.0719 40.258 0 0 0 0 0 
2025  0 38.0719 40.258 0 0 0 0 0 
2026  0 38.0719 40.258 0 0 0 0 0 
2027  0 38.0719 40.258 0 0 0 0 0 
2028  0 38.0719 40.258 0 0 0 0 0 
2029  0 38.0719 40.258 0 0 0 0 0 
2030  0 38.0719 40.258 0 0 0 0 0 
2031  0 38.0719 40.258 0 0 0 0 0 
2032  0 38.0719 40.258 0 0 0 0 0 
2033  0 38.0719 40.258 0 0 0 0 0 
2034  0 38.0719 40.258 0 0 0 0 0 
2035  0 38.0719 40.258 0 0 0 0 0 
2036  0 38.0719 40.258 0 0 0 0 0 

Spawning_Biomass ai22
Year SSB100 SSBabc SSBofl LowCI_SSB Median_SSB Mean_SSB UpperCI_SSB Stdev_SSB 
2022 174.218 69.6872 60.9763 79.8069 79.8069 79.8069 79.8069 1.7053e-012 
2023 174.218 69.6872 60.9763 78.628 78.6281 78.6282 78.6287 0.000277198 
2024 174.218 69.6872 60.9763 80.7195 80.7236 80.7288 80.7558 0.0148274 
2025 174.218 69.6872 60.9763 84.0851 84.247 84.449 85.4996 0.578284 
2026 174.218 69.6872 60.9763 85.1648 87.7361 90.7168 106.386 8.68704 
2027 174.218 69.6872 60.9763 83.7445 93.0062 99.5271 136.352 20.2238 
2028 174.218 69.6872 60.9763 81.5235 100.811 109.828 172.25 31.9581 
2029 174.218 69.6872 60.9763 79.7015 109.797 120.078 196.42 39.6272 
2030 174.218 69.6872 60.9763 79.1723 118.424 129.896 214.69 46.6109 
2031 174.218 69.6872 60.9763 78.6217 127.654 138.578 238.025 53.0344 
2032 174.218 69.6872 60.9763 81.5604 133.782 145.702 247.902 56.9739 
2033 174.218 69.6872 60.9763 81.6785 140.936 151.439 255.907 59.1953 
2034 174.218 69.6872 60.9763 81.3704 144.602 156.069 264.128 60.0938 
2035 174.218 69.6872 60.9763 81.4392 149.354 159.313 269.289 60.876 
2036 174.218 69.6872 60.9763 82.4444 151.322 161.621 277.569 61.2387 

Fishing_mortalityai22
Year F0 Fabc Fofl LowCI_F Median_F Mean_F UpperCI_F Stdev_F 
2022  0 0.305473 0.37995 0.018114 0.018114 0.018114 0.018114 1.04083e-017 
2023  0 0.305473 0.37995 0.010329 0.0103822 0.0103737 0.0103889 2.42189e-005 
2024  0 0.305473 0.37995 0 0 0 0 0 
2025  0 0.305473 0.37995 0 0 0 0 0 
2026  0 0.305473 0.37995 0 0 0 0 0 
2027  0 0.305473 0.37995 0 0 0 0 0 
2028  0 0.305473 0.37995 0 0 0 0 0 
2029  0 0.305473 0.37995 0 0 0 0 0 
2030  0 0.305473 0.37995 0 0 0 0 0 
2031  0 0.305473 0.37995 0 0 0 0 0 
2032  0 0.305473 0.37995 0 0 0 0 0 
2033  0 0.305473 0.37995 0 0 0 0 0 
2034  0 0.305473 0.37995 0 0 0 0 0 
2035  0 0.305473 0.37995 0 0 0 0 0 
2036  0 0.305473 0.37995 0 0 0 0 0 

Total_Biomassai22
Year B100 Babc Bofl LowCI_Biom Median_Biom Mean_Biom UpperCI_Biom Stdev_Biom 
2022 1060.57 295.687 274.53 253.922 253.922 253.922 253.922 4.49063e-012 
2023 1060.57 295.687 274.53 251.941 257.294 264.173 299.847 19.5783 
2024 1060.57 295.687 274.53 251.668 269.721 281.618 353.995 37.2882 
2025 1060.57 295.687 274.53 250.818 288.701 306.14 422.608 61.514 
2026 1060.57 295.687 274.53 249.717 311.667 333.502 496.883 84.2797 
2027 1060.57 295.687 274.53 247.659 336.029 361.814 560.128 107.463 
2028 1060.57 295.687 274.53 247.377 357.194 389.213 628.693 130.268 
2029 1060.57 295.687 274.53 247.836 385.078 414.28 687.113 147.003 
2030 1060.57 295.687 274.53 250.435 408.575 436.017 718.887 159.256 
2031 1060.57 295.687 274.53 251.518 424.242 454.587 751.383 166.816 
2032 1060.57 295.687 274.53 254.108 437.443 468.546 760.978 171.769 
2033 1060.57 295.687 274.53 253.749 451.534 479.733 800.47 174.578 
2034 1060.57 295.687 274.53 257.406 465.008 488.985 817.653 174.68 
2035 1060.57 295.687 274.53 269.332 471.396 496.201 821.433 174.455 
2036 1060.57 295.687 274.53 275.758 474.559 502.525 828.01 173.294 
Alternative 6 Alternative  Stock: ai22
Catch ai22
Year C0 Cabc Cofl LowCI_Catch Median_Catch Mean_Catch UpperCI_Catch Stdev_Catch 
2022  0 38.0719 40.258 3 3 3 3 3.95239e-014 
2023  0 38.0719 40.258 52.2943 52.3335 52.3838 52.6451 0.1434 
2024  0 38.0719 40.258 33.13 33.2735 33.3911 34.0176 0.349647 
2025  0 38.0719 40.258 25.601 26.0681 26.4409 28.4742 1.17147 
2026  0 38.0719 40.258 22.1472 24.2776 26.3068 38.4188 5.51164 
2027  0 38.0719 40.258 18.8612 24.902 28.6871 49.2881 10.854 
2028  0 38.0719 40.258 15.9949 27.6406 32.2611 62.7325 16.449 
2029  0 38.0719 40.258 13.8165 30.599 35.6159 73.6605 19.9048 
2030  0 38.0719 40.258 12.6461 33.107 37.8994 76.7965 21.7071 
2031  0 38.0719 40.258 13.231 33.982 39.0364 79.188 22.6087 
2032  0 38.0719 40.258 12.9552 34.4418 39.5529 80.0221 22.9145 
2033  0 38.0719 40.258 12.5015 34.5071 39.5007 81.0426 22.7058 
2034  0 38.0719 40.258 12.3535 35.0304 39.2673 79.6071 22.0502 
2035  0 38.0719 40.258 12.7608 33.6869 38.821 78.7391 21.7923 
2036  0 38.0719 40.258 12.5959 33.2961 38.4884 80.1009 21.8108 

Spawning_Biomass ai22
Year SSB100 SSBabc SSBofl LowCI_SSB Median_SSB Mean_SSB UpperCI_SSB Stdev_SSB 
2022 174.218 69.6872 60.9763 79.8069 79.8069 79.8069 79.8069 1.7053e-012 
2023 174.218 69.6872 60.9763 74.5184 74.5184 74.5184 74.5184 1.80487e-007 
2024 174.218 69.6872 60.9763 58.7206 58.7241 58.7286 58.7516 0.0126698 
2025 174.218 69.6872 60.9763 52.3941 52.5463 52.7363 53.7244 0.543792 
2026 174.218 69.6872 60.9763 47.7463 50.1166 52.8382 67.0923 8.01145 
2027 174.218 69.6872 60.9763 42.8118 50.6995 56.006 87.1583 16.9953 
2028 174.218 69.6872 60.9763 38.9076 53.5065 60.1906 107.209 23.8693 
2029 174.218 69.6872 60.9763 36.4515 56.7486 63.62 115.76 26.5121 
2030 174.218 69.6872 60.9763 35.8726 58.0664 65.9407 120.029 28.5492 
2031 174.218 69.6872 60.9763 36.2778 59.3622 67.0976 122.234 29.9862 
2032 174.218 69.6872 60.9763 35.8999 59.8265 67.4535 122.995 29.896 
2033 174.218 69.6872 60.9763 35.6485 60.2408 67.3192 121.115 29.085 
2034 174.218 69.6872 60.9763 35.3805 59.8101 67.0603 121.995 28.1221 
2035 174.218 69.6872 60.9763 35.813 59.2695 66.5071 121.142 28.2423 
2036 174.218 69.6872 60.9763 35.5223 58.4946 66.0136 120.784 28.3463 

Fishing_mortalityai22
Year F0 Fabc Fofl LowCI_F Median_F Mean_F UpperCI_F Stdev_F 
2022  0 0.305473 0.37995 0.018114 0.018114 0.018114 0.018114 1.04083e-017 
2023  0 0.305473 0.37995 0.379949 0.379949 0.379949 0.379949 1.67096e-008 
2024  0 0.305473 0.37995 0.317011 0.31703 0.317056 0.317188 7.27144e-005 
2025  0 0.305473 0.37995 0.280702 0.281575 0.282666 0.288336 0.00312092 
2026  0 0.305473 0.37995 0.254027 0.26763 0.280362 0.365057 0.0319147 
2027  0 0.305473 0.37995 0.225707 0.270976 0.286113 0.37995 0.0513312 
2028  0 0.305473 0.37995 0.2033 0.287086 0.294283 0.37995 0.0631898 
2029  0 0.305473 0.37995 0.189204 0.305693 0.30266 0.37995 0.0677886 
2030  0 0.305473 0.37995 0.185882 0.313256 0.306883 0.37995 0.068857 
2031  0 0.305473 0.37995 0.188207 0.320693 0.308555 0.37995 0.069147 
2032  0 0.305473 0.37995 0.186039 0.323357 0.310359 0.37995 0.0692096 
2033  0 0.305473 0.37995 0.184595 0.325735 0.310321 0.37995 0.0695678 
2034  0 0.305473 0.37995 0.183057 0.323263 0.310159 0.37995 0.0699548 
2035  0 0.305473 0.37995 0.18554 0.320161 0.308478 0.37995 0.0696106 
2036  0 0.305473 0.37995 0.183871 0.315713 0.307972 0.37995 0.068918 

Total_Biomassai22
Year B100 Babc Bofl LowCI_Biom Median_Biom Mean_Biom UpperCI_Biom Stdev_Biom 
2022 1060.57 295.687 274.53 253.922 253.922 253.922 253.922 4.49063e-012 
2023 1060.57 295.687 274.53 251.941 257.294 264.173 299.847 19.5783 
2024 1060.57 295.687 274.53 205.758 223.715 235.611 307.795 37.1504 
2025 1060.57 295.687 274.53 180.492 218.159 235.326 349.804 60.8495 
2026 1060.57 295.687 274.53 165.18 225.893 247.357 406.908 82.1621 
2027 1060.57 295.687 274.53 154.522 237.539 262.136 447.825 100.421 
2028 1060.57 295.687 274.53 147.425 250.649 275.26 488.929 114.401 
2029 1060.57 295.687 274.53 148.299 256.13 284.388 507.604 120.592 
2030 1060.57 295.687 274.53 144.639 263.512 289.061 508.902 122.971 
2031 1060.57 295.687 274.53 145.959 263.582 290.976 512.189 122.015 
2032 1060.57 295.687 274.53 144.191 264.847 290.117 523.216 119.906 
2033 1060.57 295.687 274.53 145.087 263.079 288.602 517.361 118.413 
2034 1060.57 295.687 274.53 146.595 261.049 287.39 512.745 116.573 
2035 1060.57 295.687 274.53 147.527 261.745 286.39 508.002 116.478 
2036 1060.57 295.687 274.53 148.694 261.992 286.651 500.994 116.693 
Alternative 7 Alternative  Stock: ai22
Catch ai22
Year C0 Cabc Cofl LowCI_Catch Median_Catch Mean_Catch UpperCI_Catch Stdev_Catch 
2022  0 38.0719 40.258 3 3 3 3 3.95239e-014 
2023  0 38.0719 40.258 43.3412 43.3728 43.4133 43.6235 0.115344 
2024  0 38.0719 40.258 30.5979 30.7211 30.822 31.3601 0.30021 
2025  0 38.0719 40.258 29.4735 29.9747 30.3739 32.5515 1.25274 
2026  0 38.0719 40.258 24.0133 26.2162 28.2578 40.7738 5.49503 
2027  0 38.0719 40.258 19.7382 25.8671 29.6176 49.933 10.8207 
2028  0 38.0719 40.258 16.3882 28.0715 32.6668 63.0735 16.4379 
2029  0 38.0719 40.258 13.9826 30.7848 35.7706 73.963 19.9044 
2030  0 38.0719 40.258 12.7126 33.1242 37.9453 76.8548 21.7056 
2031  0 38.0719 40.258 13.2407 33.9588 39.0403 79.1618 22.6047 
2032  0 38.0719 40.258 12.9534 34.4266 39.5446 80.0125 22.9111 
2033  0 38.0719 40.258 12.4953 34.497 39.4923 81.0381 22.704 
2034  0 38.0719 40.258 12.3491 35.0226 39.2617 79.6034 22.0492 
2035  0 38.0719 40.258 12.7573 33.6835 38.8177 78.733 21.7917 
2036  0 38.0719 40.258 12.5942 33.294 38.4868 80.1059 21.8106 

Spawning_Biomass ai22
Year SSB100 SSBabc SSBofl LowCI_SSB Median_SSB Mean_SSB UpperCI_SSB Stdev_SSB 
2022 174.218 69.6872 60.9763 79.8069 79.8069 79.8069 79.8069 1.7053e-012 
2023 174.218 69.6872 60.9763 75.3276 75.3276 75.3276 75.3276 9.97296e-008 
2024 174.218 69.6872 60.9763 62.3517 62.3552 62.3596 62.3829 0.0127614 
2025 174.218 69.6872 60.9763 56.051 56.2031 56.393 57.3805 0.543493 
2026 174.218 69.6872 60.9763 49.6331 51.9988 54.7195 68.9431 8.01385 
2027 174.218 69.6872 60.9763 43.781 51.6375 56.9449 87.998 17.0111 
2028 174.218 69.6872 60.9763 39.3904 53.9396 60.6238 107.919 23.8873 
2029 174.218 69.6872 60.9763 36.6734 56.9352 63.795 115.913 26.5175 
2030 174.218 69.6872 60.9763 35.9684 58.0868 65.9975 120.061 28.5463 
2031 174.218 69.6872 60.9763 36.2938 59.3433 67.1067 122.279 29.9824 
2032 174.218 69.6872 60.9763 35.9169 59.8133 67.447 122.976 29.893 
2033 174.218 69.6872 60.9763 35.6431 60.2426 67.3109 121.126 29.0829 
2034 174.218 69.6872 60.9763 35.3736 59.802 67.0543 121.977 28.1207 
2035 174.218 69.6872 60.9763 35.8087 59.2664 66.5036 121.135 28.2415 
2036 174.218 69.6872 60.9763 35.5223 58.4936 66.0118 120.782 28.3459 

Fishing_mortalityai22
Year F0 Fabc Fofl LowCI_F Median_F Mean_F UpperCI_F Stdev_F 
2022  0 0.305473 0.37995 0.018114 0.018114 0.018114 0.018114 1.04083e-017 
2023  0 0.305473 0.37995 0.305473 0.305473 0.305473 0.305473 9.12594e-009 
2024  0 0.305473 0.37995 0.271625 0.271642 0.271662 0.271769 5.88836e-005 
2025  0 0.305473 0.37995 0.301689 0.302562 0.303652 0.309319 0.0031192 
2026  0 0.305473 0.37995 0.264855 0.278433 0.290688 0.375679 0.0304857 
2027  0 0.305473 0.37995 0.231269 0.276359 0.290766 0.37995 0.0499379 
2028  0 0.305473 0.37995 0.206071 0.289571 0.2962 0.37995 0.0623323 
2029  0 0.305473 0.37995 0.190478 0.306764 0.303363 0.37995 0.0673649 
2030  0 0.305473 0.37995 0.186432 0.313373 0.307103 0.37995 0.0686846 
2031  0 0.305473 0.37995 0.188299 0.320584 0.308596 0.37995 0.0690993 
2032  0 0.305473 0.37995 0.186136 0.323281 0.310342 0.37995 0.0692068 
2033  0 0.305473 0.37995 0.184565 0.325745 0.310297 0.37995 0.069577 
2034  0 0.305473 0.37995 0.183018 0.323216 0.310141 0.37995 0.0699632 
2035  0 0.305473 0.37995 0.185515 0.320143 0.308467 0.37995 0.0696153 
2036  0 0.305473 0.37995 0.183871 0.315708 0.307966 0.37995 0.0689207 

Total_Biomassai22
Year B100 Babc Bofl LowCI_Biom Median_Biom Mean_Biom UpperCI_Biom Stdev_Biom 
2022 1060.57 295.687 274.53 253.922 253.922 253.922 253.922 4.49063e-012 
2023 1060.57 295.687 274.53 251.941 257.294 264.173 299.847 19.5783 
2024 1060.57 295.687 274.53 213.875 231.85 243.746 315.968 37.1775 
2025 1060.57 295.687 274.53 189.953 227.647 244.866 359.664 60.955 
2026 1060.57 295.687 274.53 169.835 230.568 252.025 411.674 82.1808 
2027 1060.57 295.687 274.53 156.743 239.703 264.296 449.757 100.425 
2028 1060.57 295.687 274.53 148.468 251.217 276.163 489.823 114.405 
2029 1060.57 295.687 274.53 148.731 256.312 284.707 508.59 120.583 
2030 1060.57 295.687 274.53 144.754 263.609 289.137 508.769 122.956 
2031 1060.57 295.687 274.53 145.966 263.583 290.967 512.107 122 
2032 1060.57 295.687 274.53 144.161 264.8 290.089 523.181 119.897 
2033 1060.57 295.687 274.53 145.063 263.061 288.578 517.302 118.408 
2034 1060.57 295.687 274.53 146.574 261.032 287.375 512.802 116.571 
2035 1060.57 295.687 274.53 147.519 261.728 286.381 507.998 116.477 
2036 1060.57 295.687 274.53 148.686 261.989 286.647 500.99 116.693 
