Alternative 1 Catch
     ai22 
Equil_Fabc 38.0719 
Year 
2022 3 
2023 19 
2024 19 
2025 19 
2026 19 
2027 19 
2028 19 
2029 19 
2030 19 
2031 19 
2032 19 
2033 19 
2034 19 
2035 19 
2036 61.6846 

Alternative 1 ABCs
     ai22 

Year 
2022 44.7938 
2023 43.4133 
2024 39.3865 
2025 36.9581 
2026 36.5698 
2027 37.8683 
2028 40.7888 
2029 44.7473 
2030 48.9734 
2031 52.4773 
2032 55.3938 
2033 57.6799 
2034 59.4745 
2035 60.7408 
2036 61.6846 

Alternative 1 TACs
     ai22 

Year 
2022  NA 
2023  NA 
2024  NA 
2025  NA 
2026  NA 
2027  NA 
2028  NA 
2029  NA 
2030  NA 
2031  NA 
2032  NA 
2033  NA 
2034  NA 
2035  NA 
2036 61.6846 

Alternative 1 Sp_Biomass
     ai22 
Equil_Fabc 69.6872 
Year 
2022 79.8069 
2023 77.34 
2024 72.6496 
2025 69.9512 
2026 70.7207 
2027 74.6799 
2028 80.7442 
2029 87.2768 
2030 93.7667 
2031 99.6326 
2032 104.509 
2033 108.443 
2034 111.639 
2035 113.789 
2036 112.029 

Alternative 1 Fishing Mortality
     ai22 
Equil_Fabc 0.305473 
Year 
2022 0.018114 
2023 0.123927 
2024 0.137786 
2025 0.145505 
2026 0.144848 
2027 0.140545 
2028 0.135957 
2029 0.132263 
2030 0.129069 
2031 0.125879 
2032 0.123333 
2033 0.121595 
2034 0.120259 
2035 0.118834 
2036 0.280932 

Alternative 1 Biomass
     ai22 

Year 
2022 253.922 
2023 264.173 
2024 265.892 
2025 275.1 
2026 289.147 
2027 305.904 
2028 323.471 
2029 340.182 
2030 354.707 
2031 367.255 
2032 376.445 
2033 383.906 
2034 390.228 
2035 395.185 
2036 399.822 

Alternative 1 Implied SPR rate 
     ai22 
Equil_Fabc 0.4 
Year 
2022 0.91759 
2023 0.619629 
2024 0.594457 
2025 0.581371 
2026 0.582844 
2027 0.591666 
2028 0.603072 
2029 0.614493 
2030 0.625895 
2031 0.636136 
2032 0.644394 
2033 0.65091 
2034 0.656362 
2035 0.660644 
2036 0.433753 

  ai22 
EquilAvgAgeF0  5.13481 
EquilAvgAgeFabc  3.52025 
AvgAgeYr2036 4.29173 
Alternative 2 Catch
     ai22 
Equil_Fabc 38.0719 
Year 
2022 3 
2023 19 
2024 19 
2025 19 
2026 19 
2027 19 
2028 19 
2029 19 
2030 19 
2031 19 
2032 19 
2033 19 
2034 19 
2035 19 
2036 61.6846 

Alternative 2 ABCs
     ai22 

Year 
2022 0.0447938 
2023 0.0433753 
2024 0.0392023 
2025 0.0363383 
2026 0.0347232 
2027 0.032013 
2028 0.0300419 
2029 0.0347402 
2030 0.0409637 
2031 0.0497357 
2032 0.0592048 
2033 0.0677913 
2034 0.0741325 
2035 0.0777181 
2036 0.0792497 

Alternative 2 TACs
     ai22 

Year 
2022  NA 
2023  NA 
2024  NA 
2025  NA 
2026  NA 
2027  NA 
2028  NA 
2029  NA 
2030  NA 
2031  NA 
2032  NA 
2033  NA 
2034  NA 
2035  NA 
2036 61.6846 

Alternative 2 Sp_Biomass
     ai22 
Equil_Fabc 69.6872 
Year 
2022 79.8069 
2023 77.34 
2024 72.6496 
2025 69.9512 
2026 70.7207 
2027 74.6799 
2028 80.7442 
2029 87.2768 
2030 93.7667 
2031 99.6326 
2032 104.509 
2033 108.443 
2034 111.639 
2035 113.789 
2036 112.029 

Alternative 2 Fishing Mortality
     ai22 
Equil_Fabc 0.305473 
Year 
2022 0.018114 
2023 0.123927 
2024 0.137786 
2025 0.145505 
2026 0.144848 
2027 0.140545 
2028 0.135957 
2029 0.132263 
2030 0.129069 
2031 0.125879 
2032 0.123333 
2033 0.121595 
2034 0.120259 
2035 0.118834 
2036 0.280932 

Alternative 2 Biomass
     ai22 

Year 
2022 253.922 
2023 264.173 
2024 265.892 
2025 275.1 
2026 289.147 
2027 305.904 
2028 323.471 
2029 340.182 
2030 354.707 
2031 367.255 
2032 376.445 
2033 383.906 
2034 390.228 
2035 395.185 
2036 399.822 

Alternative 2 Implied SPR rate 
     ai22 
Equil_Fabc 0.4 
Year 
2022 0.91759 
2023 0.619629 
2024 0.594457 
2025 0.581371 
2026 0.582844 
2027 0.591666 
2028 0.603072 
2029 0.614493 
2030 0.625895 
2031 0.636136 
2032 0.644394 
2033 0.65091 
2034 0.656362 
2035 0.660644 
2036 0.433753 

  ai22 
EquilAvgAgeF0  5.13481 
EquilAvgAgeFabc  3.52025 
AvgAgeYr2036 4.29173 
Alternative 3 Catch
     ai22 
Equil_Fabc 38.0719 
Year 
2022 3 
2023 19 
2024 19 
2025 19 
2026 19 
2027 19 
2028 19 
2029 19 
2030 19 
2031 19 
2032 19 
2033 19 
2034 19 
2035 19 
2036 6.08247 

Alternative 3 ABCs
     ai22 

Year 
2022 44.7938 
2023 43.4133 
2024 39.3865 
2025 36.9581 
2026 36.5698 
2027 37.8683 
2028 40.7888 
2029 44.7473 
2030 48.9734 
2031 52.4773 
2032 55.3938 
2033 57.6799 
2034 59.4745 
2035 60.7408 
2036 61.6846 

Alternative 3 TACs
     ai22 

Year 
2022  NA 
2023  NA 
2024  NA 
2025  NA 
2026  NA 
2027  NA 
2028  NA 
2029  NA 
2030  NA 
2031  NA 
2032  NA 
2033  NA 
2034  NA 
2035  NA 
2036 6.08247 

Alternative 3 Sp_Biomass
     ai22 
Equil_Fabc 69.6872 
Year 
2022 79.8069 
2023 77.34 
2024 72.6496 
2025 69.9512 
2026 70.7207 
2027 74.6799 
2028 80.7442 
2029 87.2768 
2030 93.7667 
2031 99.6326 
2032 104.509 
2033 108.443 
2034 111.639 
2035 113.789 
2036 116.18 

Alternative 3 Fishing Mortality
     ai22 
Equil_Fabc 0.305473 
Year 
2022 0.018114 
2023 0.123927 
2024 0.137786 
2025 0.145505 
2026 0.144848 
2027 0.140545 
2028 0.135957 
2029 0.132263 
2030 0.129069 
2031 0.125879 
2032 0.123333 
2033 0.121595 
2034 0.120259 
2035 0.118834 
2036 0.0262659 

Alternative 3 Biomass
     ai22 

Year 
2022 253.922 
2023 264.173 
2024 265.892 
2025 275.1 
2026 289.147 
2027 305.904 
2028 323.471 
2029 340.182 
2030 354.707 
2031 367.255 
2032 376.445 
2033 383.906 
2034 390.228 
2035 395.185 
2036 399.822 

Alternative 3 Implied SPR rate 
     ai22 
Equil_Fabc 0.4 
Year 
2022 0.91759 
2023 0.619629 
2024 0.594457 
2025 0.581371 
2026 0.582844 
2027 0.591666 
2028 0.603072 
2029 0.614493 
2030 0.625895 
2031 0.636136 
2032 0.644394 
2033 0.65091 
2034 0.656362 
2035 0.660644 
2036 0.884766 

  ai22 
EquilAvgAgeF0  5.13481 
EquilAvgAgeFabc  3.52025 
AvgAgeYr2036 4.5489 
Alternative 4 Catch
     ai22 
Equil_Fabc 38.0719 
Year 
2022 3 
2023 19 
2024 19 
2025 19 
2026 19 
2027 19 
2028 19 
2029 19 
2030 19 
2031 19 
2032 19 
2033 19 
2034 19 
2035 19 
2036 29.6186 

Alternative 4 ABCs
     ai22 

Year 
2022 44.7938 
2023 43.4133 
2024 39.3865 
2025 36.9581 
2026 36.5698 
2027 37.8683 
2028 40.7888 
2029 44.7473 
2030 48.9734 
2031 52.4773 
2032 55.3938 
2033 57.6799 
2034 59.4745 
2035 60.7408 
2036 61.6846 

Alternative 4 TACs
     ai22 

Year 
2022  NA 
2023  NA 
2024  NA 
2025  NA 
2026  NA 
2027  NA 
2028  NA 
2029  NA 
2030  NA 
2031  NA 
2032  NA 
2033  NA 
2034  NA 
2035  NA 
2036 29.6186 

Alternative 4 Sp_Biomass
     ai22 
Equil_Fabc 69.6872 
Year 
2022 79.8069 
2023 77.34 
2024 72.6496 
2025 69.9512 
2026 70.7207 
2027 74.6799 
2028 80.7442 
2029 87.2768 
2030 93.7667 
2031 99.6326 
2032 104.509 
2033 108.443 
2034 111.639 
2035 113.789 
2036 114.515 

Alternative 4 Fishing Mortality
     ai22 
Equil_Fabc 0.305473 
Year 
2022 0.018114 
2023 0.123927 
2024 0.137786 
2025 0.145505 
2026 0.144848 
2027 0.140545 
2028 0.135957 
2029 0.132263 
2030 0.129069 
2031 0.125879 
2032 0.123333 
2033 0.121595 
2034 0.120259 
2035 0.118834 
2036 0.130187 

Alternative 4 Biomass
     ai22 

Year 
2022 253.922 
2023 264.173 
2024 265.892 
2025 275.1 
2026 289.147 
2027 305.904 
2028 323.471 
2029 340.182 
2030 354.707 
2031 367.255 
2032 376.445 
2033 383.906 
2034 390.228 
2035 395.185 
2036 399.822 

Alternative 4 Implied SPR rate 
     ai22 
Equil_Fabc 0.4 
Year 
2022 0.91759 
2023 0.619629 
2024 0.594457 
2025 0.581371 
2026 0.582844 
2027 0.591666 
2028 0.603072 
2029 0.614493 
2030 0.625895 
2031 0.636136 
2032 0.644394 
2033 0.65091 
2034 0.656362 
2035 0.660644 
2036 0.6132 

  ai22 
EquilAvgAgeF0  5.13481 
EquilAvgAgeFabc  3.52025 
AvgAgeYr2036 4.44252 
Alternative 5 Catch
     ai22 
Equil_Fabc 38.0719 
Year 
2022 3 
2023 19 
2024 19 
2025 19 
2026 19 
2027 19 
2028 19 
2029 19 
2030 19 
2031 19 
2032 19 
2033 19 
2034 19 
2035 19 
2036  NA 

Alternative 5 ABCs
     ai22 

Year 
2022 44.7938 
2023 43.4133 
2024 39.3865 
2025 36.9581 
2026 36.5698 
2027 37.8683 
2028 40.7888 
2029 44.7473 
2030 48.9734 
2031 52.4773 
2032 55.3938 
2033 57.6799 
2034 59.4745 
2035 60.7408 
2036 61.6846 

Alternative 5 TACs
     ai22 

Year 
2022  NA 
2023  NA 
2024  NA 
2025  NA 
2026  NA 
2027  NA 
2028  NA 
2029  NA 
2030  NA 
2031  NA 
2032  NA 
2033  NA 
2034  NA 
2035  NA 
2036  NA 

Alternative 5 Sp_Biomass
     ai22 
Equil_Fabc 69.6872 
Year 
2022 79.8069 
2023 77.34 
2024 72.6496 
2025 69.9512 
2026 70.7207 
2027 74.6799 
2028 80.7442 
2029 87.2768 
2030 93.7667 
2031 99.6326 
2032 104.509 
2033 108.443 
2034 111.639 
2035 113.789 
2036 116.591 

Alternative 5 Fishing Mortality
     ai22 
Equil_Fabc 0.305473 
Year 
2022 0.018114 
2023 0.123927 
2024 0.137786 
2025 0.145505 
2026 0.144848 
2027 0.140545 
2028 0.135957 
2029 0.132263 
2030 0.129069 
2031 0.125879 
2032 0.123333 
2033 0.121595 
2034 0.120259 
2035 0.118834 
2036  NA 

Alternative 5 Biomass
     ai22 

Year 
2022 253.922 
2023 264.173 
2024 265.892 
2025 275.1 
2026 289.147 
2027 305.904 
2028 323.471 
2029 340.182 
2030 354.707 
2031 367.255 
2032 376.445 
2033 383.906 
2034 390.228 
2035 395.185 
2036 399.822 

Alternative 5 Implied SPR rate 
     ai22 
Equil_Fabc 0.4 
Year 
2022 0.91759 
2023 0.619629 
2024 0.594457 
2025 0.581371 
2026 0.582844 
2027 0.591666 
2028 0.603072 
2029 0.614493 
2030 0.625895 
2031 0.636136 
2032 0.644394 
2033 0.65091 
2034 0.656362 
2035 0.660644 
2036 1 

  ai22 
EquilAvgAgeF0  5.13481 
EquilAvgAgeFabc  3.52025 
AvgAgeYr2036 4.5758 
Alternative 6 Catch
     ai22 
Equil_Fabc 38.0719 
Year 
2022 3 
2023 52.3838 
2024 33.3911 
2025 26.4409 
2026 26.3068 
2027 28.6871 
2028 32.2611 
2029 35.6159 
2030 37.8994 
2031 39.0363 
2032 39.5529 
2033 39.5007 
2034 39.2673 
2035 38.821 
2036 38.4884 

Alternative 6 ABCs
     ai22 

Year 
2022 44.7938 
2023 43.4133 
2024 27.7107 
2025 21.8292 
2026 21.6816 
2027 23.6224 
2028 26.5662 
2029 29.1976 
2030 30.9713 
2031 31.9392 
2032 32.3865 
2033 32.2974 
2034 32.0822 
2035 31.8167 
2036 31.4714 

Alternative 6 TACs
     ai22 

Year 
2022  NA 
2023 52.3839 
2024 33.3911 
2025 26.4409 
2026 26.3068 
2027 28.6871 
2028 32.2611 
2029 35.6159 
2030 37.8994 
2031 39.0364 
2032 39.5529 
2033 39.5008 
2034 39.2673 
2035 38.821 
2036 38.4884 

Alternative 6 Sp_Biomass
     ai22 
Equil_Fabc 69.6872 
Year 
2022 79.8069 
2023 74.5184 
2024 58.7286 
2025 52.7364 
2026 52.8382 
2027 56.006 
2028 60.1906 
2029 63.62 
2030 65.9408 
2031 67.0976 
2032 67.4535 
2033 67.3192 
2034 67.0603 
2035 66.5072 
2036 66.0136 

Alternative 6 Fishing Mortality
     ai22 
Equil_Fabc 0.305473 
Year 
2022 0.018114 
2023 0.379949 
2024 0.317056 
2025 0.282665 
2026 0.280362 
2027 0.286113 
2028 0.294283 
2029 0.30266 
2030 0.306883 
2031 0.308554 
2032 0.310358 
2033 0.310321 
2034 0.310159 
2035 0.308478 
2036 0.307972 

Alternative 6 Biomass
     ai22 

Year 
2022 253.922 
2023 264.173 
2024 235.611 
2025 235.327 
2026 247.357 
2027 262.136 
2028 275.26 
2029 284.388 
2030 289.061 
2031 290.976 
2032 290.117 
2033 288.602 
2034 287.39 
2035 286.39 
2036 286.651 

Alternative 6 Implied SPR rate 
     ai22 
Equil_Fabc 0.4 
Year 
2022 0.91759 
2023 0.35 
2024 0.391269 
2025 0.418447 
2026 0.42204 
2027 0.419872 
2028 0.415539 
2029 0.40991 
2030 0.406878 
2031 0.405674 
2032 0.404336 
2033 0.404492 
2034 0.404711 
2035 0.405887 
2036 0.406092 

  ai22 
EquilAvgAgeF0  5.13481 
EquilAvgAgeFabc  3.52025 
AvgAgeYr2036 3.70201 
Alternative 7 Catch
     ai22 
Equil_Fabc 38.0719 
Year 
2022 3 
2023 43.4133 
2024 30.822 
2025 30.3739 
2026 28.2578 
2027 29.6175 
2028 32.6667 
2029 35.7706 
2030 37.9453 
2031 39.0403 
2032 39.5446 
2033 39.4923 
2034 39.2617 
2035 38.8177 
2036 38.4868 

Alternative 7 ABCs
     ai22 

Year 
2022 44.7938 
2023 43.4133 
2024 30.822 
2025 25.1318 
2026 23.3146 
2027 24.4002 
2028 26.905 
2029 29.364 
2030 31.0274 
2031 31.9418 
2032 32.3794 
2033 32.2905 
2034 32.0776 
2035 31.814 
2036 31.47 

Alternative 7 TACs
     ai22 

Year 
2022  NA 
2023 52.3839 
2024 37.0714 
2025 30.3739 
2026 28.2578 
2027 29.6176 
2028 32.6668 
2029 35.7706 
2030 37.9453 
2031 39.0403 
2032 39.5446 
2033 39.4923 
2034 39.2617 
2035 38.8177 
2036 38.4868 

Alternative 7 Sp_Biomass
     ai22 
Equil_Fabc 69.6872 
Year 
2022 79.8069 
2023 75.3276 
2024 62.3596 
2025 56.393 
2026 54.7195 
2027 56.9449 
2028 60.6239 
2029 63.795 
2030 65.9975 
2031 67.1067 
2032 67.4471 
2033 67.3109 
2034 67.0543 
2035 66.5036 
2036 66.0118 

Alternative 7 Fishing Mortality
     ai22 
Equil_Fabc 0.305473 
Year 
2022 0.018114 
2023 0.305473 
2024 0.271662 
2025 0.303652 
2026 0.290688 
2027 0.290766 
2028 0.2962 
2029 0.303362 
2030 0.307102 
2031 0.308596 
2032 0.310342 
2033 0.310296 
2034 0.310141 
2035 0.308467 
2036 0.307967 

Alternative 7 Biomass
     ai22 

Year 
2022 253.922 
2023 264.173 
2024 243.746 
2025 244.866 
2026 252.025 
2027 264.296 
2028 276.163 
2029 284.707 
2030 289.137 
2031 290.967 
2032 290.089 
2033 288.578 
2034 287.375 
2035 286.382 
2036 286.647 

Alternative 7 Implied SPR rate 
     ai22 
Equil_Fabc 0.4 
Year 
2022 0.91759 
2023 0.4 
2024 0.427966 
2025 0.401425 
2026 0.413179 
2027 0.415698 
2028 0.413747 
2029 0.409231 
2030 0.406657 
2031 0.405627 
2032 0.404348 
2033 0.404514 
2034 0.404727 
2035 0.405897 
2036 0.406098 

  ai22 
EquilAvgAgeF0  5.13481 
EquilAvgAgeFabc  3.52025 
AvgAgeYr2036 3.702 
