ai22 1 2022 Cabc 38.0719
ai22 1 2022 Cofl 40.258
ai22 1 2022 CLCI 3
ai22 1 2022 CUCI 3
ai22 1 2022 CMedian 3
ai22 1 2022 CMean 3
ai22 1 2022 CStdn 3.95239e-014
ai22 1 2023 Cabc 38.0719
ai22 1 2023 Cofl 40.258
ai22 1 2023 CLCI 19
ai22 1 2023 CUCI 19
ai22 1 2023 CMedian 19
ai22 1 2023 CMean 19
ai22 1 2023 CStdn 4.80919e-007
ai22 1 2024 Cabc 38.0719
ai22 1 2024 Cofl 40.258
ai22 1 2024 CLCI 19
ai22 1 2024 CUCI 19
ai22 1 2024 CMedian 19
ai22 1 2024 CMean 19
ai22 1 2024 CStdn 1.59386e-006
ai22 1 2025 Cabc 38.0719
ai22 1 2025 Cofl 40.258
ai22 1 2025 CLCI 19
ai22 1 2025 CUCI 19
ai22 1 2025 CMedian 19
ai22 1 2025 CMean 19
ai22 1 2025 CStdn 1.51823e-006
ai22 1 2026 Cabc 38.0719
ai22 1 2026 Cofl 40.258
ai22 1 2026 CLCI 19
ai22 1 2026 CUCI 19
ai22 1 2026 CMedian 19
ai22 1 2026 CMean 19
ai22 1 2026 CStdn 1.14009e-006
ai22 1 2027 Cabc 38.0719
ai22 1 2027 Cofl 40.258
ai22 1 2027 CLCI 19
ai22 1 2027 CUCI 19
ai22 1 2027 CMedian 19
ai22 1 2027 CMean 19
ai22 1 2027 CStdn 2.6494e-006
ai22 1 2028 Cabc 38.0719
ai22 1 2028 Cofl 40.258
ai22 1 2028 CLCI 19
ai22 1 2028 CUCI 19
ai22 1 2028 CMedian 19
ai22 1 2028 CMean 19
ai22 1 2028 CStdn 4.86403e-006
ai22 1 2029 Cabc 38.0719
ai22 1 2029 Cofl 40.258
ai22 1 2029 CLCI 19
ai22 1 2029 CUCI 19
ai22 1 2029 CMedian 19
ai22 1 2029 CMean 19
ai22 1 2029 CStdn 4.72695e-006
ai22 1 2030 Cabc 38.0719
ai22 1 2030 Cofl 40.258
ai22 1 2030 CLCI 19
ai22 1 2030 CUCI 19
ai22 1 2030 CMedian 19
ai22 1 2030 CMean 19
ai22 1 2030 CStdn 5.06065e-006
ai22 1 2031 Cabc 38.0719
ai22 1 2031 Cofl 40.258
ai22 1 2031 CLCI 19
ai22 1 2031 CUCI 19
ai22 1 2031 CMedian 19
ai22 1 2031 CMean 19
ai22 1 2031 CStdn 4.97581e-006
ai22 1 2032 Cabc 38.0719
ai22 1 2032 Cofl 40.258
ai22 1 2032 CLCI 19
ai22 1 2032 CUCI 19
ai22 1 2032 CMedian 19
ai22 1 2032 CMean 19
ai22 1 2032 CStdn 4.86337e-006
ai22 1 2033 Cabc 38.0719
ai22 1 2033 Cofl 40.258
ai22 1 2033 CLCI 19
ai22 1 2033 CUCI 19
ai22 1 2033 CMedian 19
ai22 1 2033 CMean 19
ai22 1 2033 CStdn 4.89313e-006
ai22 1 2034 Cabc 38.0719
ai22 1 2034 Cofl 40.258
ai22 1 2034 CLCI 19
ai22 1 2034 CUCI 19
ai22 1 2034 CMedian 19
ai22 1 2034 CMean 19
ai22 1 2034 CStdn 4.97565e-006
ai22 1 2035 Cabc 38.0719
ai22 1 2035 Cofl 40.258
ai22 1 2035 CLCI 19
ai22 1 2035 CUCI 19
ai22 1 2035 CMedian 19
ai22 1 2035 CMean 19
ai22 1 2035 CStdn 4.82517e-006
ai22 1 2036 Cabc 38.0719
ai22 1 2036 Cofl 40.258
ai22 1 2036 CLCI 11.6339
ai22 1 2036 CUCI 124.844
ai22 1 2036 CMedian 57.2115
ai22 1 2036 CMean 61.6846
ai22 1 2036 CStdn 35.3843
ai22 1 2022 SSBF100 174.218
ai22 1 2022 SSBFabc 69.6872
ai22 1 2022 SSBFofl 60.9763
ai22 1 2022 SSBLCI 79.8069
ai22 1 2022 SSBUCI 79.8069
ai22 1 2022 SSBMedian 79.8069
ai22 1 2022 SSBMean 79.8069
ai22 1 2023 SSBF100 174.218
ai22 1 2023 SSBFabc 69.6872
ai22 1 2023 SSBFofl 60.9763
ai22 1 2023 SSBLCI 77.3378
ai22 1 2023 SSBUCI 77.3466
ai22 1 2023 SSBMedian 77.3388
ai22 1 2023 SSBMean 77.34
ai22 1 2024 SSBF100 174.218
ai22 1 2024 SSBFabc 69.6872
ai22 1 2024 SSBFofl 60.9763
ai22 1 2024 SSBLCI 72.6221
ai22 1 2024 SSBUCI 72.7253
ai22 1 2024 SSBMedian 72.6354
ai22 1 2024 SSBMean 72.6496
ai22 1 2025 SSBF100 174.218
ai22 1 2025 SSBFabc 69.6872
ai22 1 2025 SSBFofl 60.9763
ai22 1 2025 SSBLCI 69.52
ai22 1 2025 SSBUCI 71.1663
ai22 1 2025 SSBMedian 69.7203
ai22 1 2025 SSBMean 69.9512
ai22 1 2026 SSBF100 174.218
ai22 1 2026 SSBFabc 69.6872
ai22 1 2026 SSBFofl 60.9763
ai22 1 2026 SSBLCI 65.0423
ai22 1 2026 SSBUCI 86.583
ai22 1 2026 SSBMedian 67.7555
ai22 1 2026 SSBMean 70.7207
ai22 1 2027 SSBF100 174.218
ai22 1 2027 SSBFabc 69.6872
ai22 1 2027 SSBFofl 60.9763
ai22 1 2027 SSBLCI 58.9154
ai22 1 2027 SSBUCI 111.602
ai22 1 2027 SSBMedian 68.1908
ai22 1 2027 SSBMean 74.6799
ai22 1 2028 SSBF100 174.218
ai22 1 2028 SSBFabc 69.6872
ai22 1 2028 SSBFofl 60.9763
ai22 1 2028 SSBLCI 52.6808
ai22 1 2028 SSBUCI 142.14
ai22 1 2028 SSBMedian 71.7558
ai22 1 2028 SSBMean 80.7442
ai22 1 2029 SSBF100 174.218
ai22 1 2029 SSBFabc 69.6872
ai22 1 2029 SSBFofl 60.9763
ai22 1 2029 SSBLCI 47.4993
ai22 1 2029 SSBUCI 162.466
ai22 1 2029 SSBMedian 77.2016
ai22 1 2029 SSBMean 87.2768
ai22 1 2030 SSBF100 174.218
ai22 1 2030 SSBFabc 69.6872
ai22 1 2030 SSBFofl 60.9763
ai22 1 2030 SSBLCI 43.6322
ai22 1 2030 SSBUCI 177.038
ai22 1 2030 SSBMedian 82.3818
ai22 1 2030 SSBMean 93.7667
ai22 1 2031 SSBF100 174.218
ai22 1 2031 SSBFabc 69.6872
ai22 1 2031 SSBFofl 60.9763
ai22 1 2031 SSBLCI 40.7609
ai22 1 2031 SSBUCI 198.105
ai22 1 2031 SSBMedian 88.878
ai22 1 2031 SSBMean 99.6326
ai22 1 2032 SSBF100 174.218
ai22 1 2032 SSBFabc 69.6872
ai22 1 2032 SSBFofl 60.9763
ai22 1 2032 SSBLCI 41.7514
ai22 1 2032 SSBUCI 203.774
ai22 1 2032 SSBMedian 92.821
ai22 1 2032 SSBMean 104.509
ai22 1 2033 SSBF100 174.218
ai22 1 2033 SSBFabc 69.6872
ai22 1 2033 SSBFofl 60.9763
ai22 1 2033 SSBLCI 40.4202
ai22 1 2033 SSBUCI 211.335
ai22 1 2033 SSBMedian 97.7146
ai22 1 2033 SSBMean 108.443
ai22 1 2034 SSBF100 174.218
ai22 1 2034 SSBFabc 69.6872
ai22 1 2034 SSBFofl 60.9763
ai22 1 2034 SSBLCI 38.8217
ai22 1 2034 SSBUCI 217.347
ai22 1 2034 SSBMedian 100.231
ai22 1 2034 SSBMean 111.639
ai22 1 2035 SSBF100 174.218
ai22 1 2035 SSBFabc 69.6872
ai22 1 2035 SSBFofl 60.9763
ai22 1 2035 SSBLCI 37.8519
ai22 1 2035 SSBUCI 221.643
ai22 1 2035 SSBMedian 103.895
ai22 1 2035 SSBMean 113.789
ai22 1 2036 SSBF100 174.218
ai22 1 2036 SSBFabc 69.6872
ai22 1 2036 SSBFofl 60.9763
ai22 1 2036 SSBLCI 37.9782
ai22 1 2036 SSBUCI 220.399
ai22 1 2036 SSBMedian 102.876
ai22 1 2036 SSBMean 112.029
ai22 1 2022 F0 0 
ai22 1 2022 Fabc 0.305473
ai22 1 2022 Fofl 0.37995
ai22 1 2022  F_LCI 0.018114
ai22 1 2022  F_UCI 0.018114
ai22 1 2022  F_Median 0.018114
ai22 1 2022  F_Mean 0.018114
ai22 1 2023 F0 0 
ai22 1 2023 Fabc 0.305473
ai22 1 2023 Fofl 0.37995
ai22 1 2023  F_LCI 0.123339
ai22 1 2023  F_UCI 0.124128
ai22 1 2023  F_Median 0.124039
ai22 1 2023  F_Mean 0.123927
ai22 1 2024 F0 0 
ai22 1 2024 Fabc 0.305473
ai22 1 2024 Fofl 0.37995
ai22 1 2024  F_LCI 0.135658
ai22 1 2024  F_UCI 0.138665
ai22 1 2024  F_Median 0.138173
ai22 1 2024  F_Mean 0.137786
ai22 1 2025 F0 0 
ai22 1 2025 Fabc 0.305473
ai22 1 2025 Fofl 0.37995
ai22 1 2025  F_LCI 0.138857
ai22 1 2025  F_UCI 0.148452
ai22 1 2025  F_Median 0.146611
ai22 1 2025  F_Mean 0.145505
ai22 1 2026 F0 0 
ai22 1 2026 Fabc 0.305473
ai22 1 2026 Fofl 0.37995
ai22 1 2026  F_LCI 0.126734
ai22 1 2026  F_UCI 0.153372
ai22 1 2026  F_Median 0.147774
ai22 1 2026  F_Mean 0.144848
ai22 1 2027 F0 0 
ai22 1 2027 Fabc 0.305473
ai22 1 2027 Fofl 0.37995
ai22 1 2027  F_LCI 0.102839
ai22 1 2027  F_UCI 0.16153
ai22 1 2027  F_Median 0.145505
ai22 1 2027  F_Mean 0.140545
ai22 1 2028 F0 0 
ai22 1 2028 Fabc 0.305473
ai22 1 2028 Fofl 0.37995
ai22 1 2028  F_LCI 0.0775745
ai22 1 2028  F_UCI 0.177712
ai22 1 2028  F_Median 0.14048
ai22 1 2028  F_Mean 0.135957
ai22 1 2029 F0 0 
ai22 1 2029 Fabc 0.305473
ai22 1 2029 Fofl 0.37995
ai22 1 2029  F_LCI 0.0610425
ai22 1 2029  F_UCI 0.200881
ai22 1 2029  F_Median 0.13155
ai22 1 2029  F_Mean 0.132263
ai22 1 2030 F0 0 
ai22 1 2030 Fabc 0.305473
ai22 1 2030 Fofl 0.37995
ai22 1 2030  F_LCI 0.053688
ai22 1 2030  F_UCI 0.229401
ai22 1 2030  F_Median 0.121881
ai22 1 2030  F_Mean 0.129069
ai22 1 2031 F0 0 
ai22 1 2031 Fabc 0.305473
ai22 1 2031 Fofl 0.37995
ai22 1 2031  F_LCI 0.0493744
ai22 1 2031  F_UCI 0.249031
ai22 1 2031  F_Median 0.113257
ai22 1 2031  F_Mean 0.125879
ai22 1 2032 F0 0 
ai22 1 2032 Fabc 0.305473
ai22 1 2032 Fofl 0.37995
ai22 1 2032  F_LCI 0.0453926
ai22 1 2032  F_UCI 0.256685
ai22 1 2032  F_Median 0.106174
ai22 1 2032  F_Mean 0.123333
ai22 1 2033 F0 0 
ai22 1 2033 Fabc 0.305473
ai22 1 2033 Fofl 0.37995
ai22 1 2033  F_LCI 0.0443127
ai22 1 2033  F_UCI 0.254408
ai22 1 2033  F_Median 0.101893
ai22 1 2033  F_Mean 0.121595
ai22 1 2034 F0 0 
ai22 1 2034 Fabc 0.305473
ai22 1 2034 Fofl 0.37995
ai22 1 2034  F_LCI 0.0432702
ai22 1 2034  F_UCI 0.266498
ai22 1 2034  F_Median 0.0976747
ai22 1 2034  F_Mean 0.120259
ai22 1 2035 F0 0 
ai22 1 2035 Fabc 0.305473
ai22 1 2035 Fofl 0.37995
ai22 1 2035  F_LCI 0.0418215
ai22 1 2035  F_UCI 0.267688
ai22 1 2035  F_Median 0.0939151
ai22 1 2035  F_Mean 0.118834
ai22 1 2036 F0 0 
ai22 1 2036 Fabc 0.305473
ai22 1 2036 Fofl 0.37995
ai22 1 2036  F_LCI 0.159162
ai22 1 2036  F_UCI 0.305473
ai22 1 2036  F_Median 0.305473
ai22 1 2036  F_Mean 0.280932
ai22 2 2022 Cabc 38.0719
ai22 2 2022 Cofl 40.258
ai22 2 2022 CLCI 3
ai22 2 2022 CUCI 3
ai22 2 2022 CMedian 3
ai22 2 2022 CMean 3
ai22 2 2022 CStdn 3.95239e-014
ai22 2 2023 Cabc 38.0719
ai22 2 2023 Cofl 40.258
ai22 2 2023 CLCI 19
ai22 2 2023 CUCI 19
ai22 2 2023 CMedian 19
ai22 2 2023 CMean 19
ai22 2 2023 CStdn 4.80919e-007
ai22 2 2024 Cabc 38.0719
ai22 2 2024 Cofl 40.258
ai22 2 2024 CLCI 19
ai22 2 2024 CUCI 19
ai22 2 2024 CMedian 19
ai22 2 2024 CMean 19
ai22 2 2024 CStdn 1.59386e-006
ai22 2 2025 Cabc 38.0719
ai22 2 2025 Cofl 40.258
ai22 2 2025 CLCI 19
ai22 2 2025 CUCI 19
ai22 2 2025 CMedian 19
ai22 2 2025 CMean 19
ai22 2 2025 CStdn 1.51823e-006
ai22 2 2026 Cabc 38.0719
ai22 2 2026 Cofl 40.258
ai22 2 2026 CLCI 19
ai22 2 2026 CUCI 19
ai22 2 2026 CMedian 19
ai22 2 2026 CMean 19
ai22 2 2026 CStdn 1.14009e-006
ai22 2 2027 Cabc 38.0719
ai22 2 2027 Cofl 40.258
ai22 2 2027 CLCI 19
ai22 2 2027 CUCI 19
ai22 2 2027 CMedian 19
ai22 2 2027 CMean 19
ai22 2 2027 CStdn 2.6494e-006
ai22 2 2028 Cabc 38.0719
ai22 2 2028 Cofl 40.258
ai22 2 2028 CLCI 19
ai22 2 2028 CUCI 19
ai22 2 2028 CMedian 19
ai22 2 2028 CMean 19
ai22 2 2028 CStdn 4.86403e-006
ai22 2 2029 Cabc 38.0719
ai22 2 2029 Cofl 40.258
ai22 2 2029 CLCI 19
ai22 2 2029 CUCI 19
ai22 2 2029 CMedian 19
ai22 2 2029 CMean 19
ai22 2 2029 CStdn 4.72695e-006
ai22 2 2030 Cabc 38.0719
ai22 2 2030 Cofl 40.258
ai22 2 2030 CLCI 19
ai22 2 2030 CUCI 19
ai22 2 2030 CMedian 19
ai22 2 2030 CMean 19
ai22 2 2030 CStdn 5.06065e-006
ai22 2 2031 Cabc 38.0719
ai22 2 2031 Cofl 40.258
ai22 2 2031 CLCI 19
ai22 2 2031 CUCI 19
ai22 2 2031 CMedian 19
ai22 2 2031 CMean 19
ai22 2 2031 CStdn 4.97581e-006
ai22 2 2032 Cabc 38.0719
ai22 2 2032 Cofl 40.258
ai22 2 2032 CLCI 19
ai22 2 2032 CUCI 19
ai22 2 2032 CMedian 19
ai22 2 2032 CMean 19
ai22 2 2032 CStdn 4.86337e-006
ai22 2 2033 Cabc 38.0719
ai22 2 2033 Cofl 40.258
ai22 2 2033 CLCI 19
ai22 2 2033 CUCI 19
ai22 2 2033 CMedian 19
ai22 2 2033 CMean 19
ai22 2 2033 CStdn 4.89313e-006
ai22 2 2034 Cabc 38.0719
ai22 2 2034 Cofl 40.258
ai22 2 2034 CLCI 19
ai22 2 2034 CUCI 19
ai22 2 2034 CMedian 19
ai22 2 2034 CMean 19
ai22 2 2034 CStdn 4.97565e-006
ai22 2 2035 Cabc 38.0719
ai22 2 2035 Cofl 40.258
ai22 2 2035 CLCI 19
ai22 2 2035 CUCI 19
ai22 2 2035 CMedian 19
ai22 2 2035 CMean 19
ai22 2 2035 CStdn 4.82517e-006
ai22 2 2036 Cabc 38.0719
ai22 2 2036 Cofl 40.258
ai22 2 2036 CLCI 11.6339
ai22 2 2036 CUCI 124.844
ai22 2 2036 CMedian 57.2115
ai22 2 2036 CMean 61.6846
ai22 2 2036 CStdn 35.3843
ai22 2 2022 SSBF100 174.218
ai22 2 2022 SSBFabc 69.6872
ai22 2 2022 SSBFofl 60.9763
ai22 2 2022 SSBLCI 79.8069
ai22 2 2022 SSBUCI 79.8069
ai22 2 2022 SSBMedian 79.8069
ai22 2 2022 SSBMean 79.8069
ai22 2 2023 SSBF100 174.218
ai22 2 2023 SSBFabc 69.6872
ai22 2 2023 SSBFofl 60.9763
ai22 2 2023 SSBLCI 77.3378
ai22 2 2023 SSBUCI 77.3466
ai22 2 2023 SSBMedian 77.3388
ai22 2 2023 SSBMean 77.34
ai22 2 2024 SSBF100 174.218
ai22 2 2024 SSBFabc 69.6872
ai22 2 2024 SSBFofl 60.9763
ai22 2 2024 SSBLCI 72.6221
ai22 2 2024 SSBUCI 72.7253
ai22 2 2024 SSBMedian 72.6354
ai22 2 2024 SSBMean 72.6496
ai22 2 2025 SSBF100 174.218
ai22 2 2025 SSBFabc 69.6872
ai22 2 2025 SSBFofl 60.9763
ai22 2 2025 SSBLCI 69.52
ai22 2 2025 SSBUCI 71.1663
ai22 2 2025 SSBMedian 69.7203
ai22 2 2025 SSBMean 69.9512
ai22 2 2026 SSBF100 174.218
ai22 2 2026 SSBFabc 69.6872
ai22 2 2026 SSBFofl 60.9763
ai22 2 2026 SSBLCI 65.0423
ai22 2 2026 SSBUCI 86.583
ai22 2 2026 SSBMedian 67.7555
ai22 2 2026 SSBMean 70.7207
ai22 2 2027 SSBF100 174.218
ai22 2 2027 SSBFabc 69.6872
ai22 2 2027 SSBFofl 60.9763
ai22 2 2027 SSBLCI 58.9154
ai22 2 2027 SSBUCI 111.602
ai22 2 2027 SSBMedian 68.1908
ai22 2 2027 SSBMean 74.6799
ai22 2 2028 SSBF100 174.218
ai22 2 2028 SSBFabc 69.6872
ai22 2 2028 SSBFofl 60.9763
ai22 2 2028 SSBLCI 52.6808
ai22 2 2028 SSBUCI 142.14
ai22 2 2028 SSBMedian 71.7558
ai22 2 2028 SSBMean 80.7442
ai22 2 2029 SSBF100 174.218
ai22 2 2029 SSBFabc 69.6872
ai22 2 2029 SSBFofl 60.9763
ai22 2 2029 SSBLCI 47.4993
ai22 2 2029 SSBUCI 162.466
ai22 2 2029 SSBMedian 77.2016
ai22 2 2029 SSBMean 87.2768
ai22 2 2030 SSBF100 174.218
ai22 2 2030 SSBFabc 69.6872
ai22 2 2030 SSBFofl 60.9763
ai22 2 2030 SSBLCI 43.6322
ai22 2 2030 SSBUCI 177.038
ai22 2 2030 SSBMedian 82.3818
ai22 2 2030 SSBMean 93.7667
ai22 2 2031 SSBF100 174.218
ai22 2 2031 SSBFabc 69.6872
ai22 2 2031 SSBFofl 60.9763
ai22 2 2031 SSBLCI 40.7609
ai22 2 2031 SSBUCI 198.105
ai22 2 2031 SSBMedian 88.878
ai22 2 2031 SSBMean 99.6326
ai22 2 2032 SSBF100 174.218
ai22 2 2032 SSBFabc 69.6872
ai22 2 2032 SSBFofl 60.9763
ai22 2 2032 SSBLCI 41.7514
ai22 2 2032 SSBUCI 203.774
ai22 2 2032 SSBMedian 92.821
ai22 2 2032 SSBMean 104.509
ai22 2 2033 SSBF100 174.218
ai22 2 2033 SSBFabc 69.6872
ai22 2 2033 SSBFofl 60.9763
ai22 2 2033 SSBLCI 40.4202
ai22 2 2033 SSBUCI 211.335
ai22 2 2033 SSBMedian 97.7146
ai22 2 2033 SSBMean 108.443
ai22 2 2034 SSBF100 174.218
ai22 2 2034 SSBFabc 69.6872
ai22 2 2034 SSBFofl 60.9763
ai22 2 2034 SSBLCI 38.8217
ai22 2 2034 SSBUCI 217.347
ai22 2 2034 SSBMedian 100.231
ai22 2 2034 SSBMean 111.639
ai22 2 2035 SSBF100 174.218
ai22 2 2035 SSBFabc 69.6872
ai22 2 2035 SSBFofl 60.9763
ai22 2 2035 SSBLCI 37.8519
ai22 2 2035 SSBUCI 221.643
ai22 2 2035 SSBMedian 103.895
ai22 2 2035 SSBMean 113.789
ai22 2 2036 SSBF100 174.218
ai22 2 2036 SSBFabc 69.6872
ai22 2 2036 SSBFofl 60.9763
ai22 2 2036 SSBLCI 37.9782
ai22 2 2036 SSBUCI 220.399
ai22 2 2036 SSBMedian 102.876
ai22 2 2036 SSBMean 112.029
ai22 2 2022 F0 0 
ai22 2 2022 Fabc 0.305473
ai22 2 2022 Fofl 0.37995
ai22 2 2022  F_LCI 0.018114
ai22 2 2022  F_UCI 0.018114
ai22 2 2022  F_Median 0.018114
ai22 2 2022  F_Mean 0.018114
ai22 2 2023 F0 0 
ai22 2 2023 Fabc 0.305473
ai22 2 2023 Fofl 0.37995
ai22 2 2023  F_LCI 0.123339
ai22 2 2023  F_UCI 0.124128
ai22 2 2023  F_Median 0.124039
ai22 2 2023  F_Mean 0.123927
ai22 2 2024 F0 0 
ai22 2 2024 Fabc 0.305473
ai22 2 2024 Fofl 0.37995
ai22 2 2024  F_LCI 0.135658
ai22 2 2024  F_UCI 0.138665
ai22 2 2024  F_Median 0.138173
ai22 2 2024  F_Mean 0.137786
ai22 2 2025 F0 0 
ai22 2 2025 Fabc 0.305473
ai22 2 2025 Fofl 0.37995
ai22 2 2025  F_LCI 0.138857
ai22 2 2025  F_UCI 0.148452
ai22 2 2025  F_Median 0.146611
ai22 2 2025  F_Mean 0.145505
ai22 2 2026 F0 0 
ai22 2 2026 Fabc 0.305473
ai22 2 2026 Fofl 0.37995
ai22 2 2026  F_LCI 0.126734
ai22 2 2026  F_UCI 0.153372
ai22 2 2026  F_Median 0.147774
ai22 2 2026  F_Mean 0.144848
ai22 2 2027 F0 0 
ai22 2 2027 Fabc 0.305473
ai22 2 2027 Fofl 0.37995
ai22 2 2027  F_LCI 0.102839
ai22 2 2027  F_UCI 0.16153
ai22 2 2027  F_Median 0.145505
ai22 2 2027  F_Mean 0.140545
ai22 2 2028 F0 0 
ai22 2 2028 Fabc 0.305473
ai22 2 2028 Fofl 0.37995
ai22 2 2028  F_LCI 0.0775745
ai22 2 2028  F_UCI 0.177712
ai22 2 2028  F_Median 0.14048
ai22 2 2028  F_Mean 0.135957
ai22 2 2029 F0 0 
ai22 2 2029 Fabc 0.305473
ai22 2 2029 Fofl 0.37995
ai22 2 2029  F_LCI 0.0610425
ai22 2 2029  F_UCI 0.200881
ai22 2 2029  F_Median 0.13155
ai22 2 2029  F_Mean 0.132263
ai22 2 2030 F0 0 
ai22 2 2030 Fabc 0.305473
ai22 2 2030 Fofl 0.37995
ai22 2 2030  F_LCI 0.053688
ai22 2 2030  F_UCI 0.229401
ai22 2 2030  F_Median 0.121881
ai22 2 2030  F_Mean 0.129069
ai22 2 2031 F0 0 
ai22 2 2031 Fabc 0.305473
ai22 2 2031 Fofl 0.37995
ai22 2 2031  F_LCI 0.0493744
ai22 2 2031  F_UCI 0.249031
ai22 2 2031  F_Median 0.113257
ai22 2 2031  F_Mean 0.125879
ai22 2 2032 F0 0 
ai22 2 2032 Fabc 0.305473
ai22 2 2032 Fofl 0.37995
ai22 2 2032  F_LCI 0.0453926
ai22 2 2032  F_UCI 0.256685
ai22 2 2032  F_Median 0.106174
ai22 2 2032  F_Mean 0.123333
ai22 2 2033 F0 0 
ai22 2 2033 Fabc 0.305473
ai22 2 2033 Fofl 0.37995
ai22 2 2033  F_LCI 0.0443127
ai22 2 2033  F_UCI 0.254408
ai22 2 2033  F_Median 0.101893
ai22 2 2033  F_Mean 0.121595
ai22 2 2034 F0 0 
ai22 2 2034 Fabc 0.305473
ai22 2 2034 Fofl 0.37995
ai22 2 2034  F_LCI 0.0432702
ai22 2 2034  F_UCI 0.266498
ai22 2 2034  F_Median 0.0976747
ai22 2 2034  F_Mean 0.120259
ai22 2 2035 F0 0 
ai22 2 2035 Fabc 0.305473
ai22 2 2035 Fofl 0.37995
ai22 2 2035  F_LCI 0.0418215
ai22 2 2035  F_UCI 0.267688
ai22 2 2035  F_Median 0.0939151
ai22 2 2035  F_Mean 0.118834
ai22 2 2036 F0 0 
ai22 2 2036 Fabc 0.305473
ai22 2 2036 Fofl 0.37995
ai22 2 2036  F_LCI 0.159162
ai22 2 2036  F_UCI 0.305473
ai22 2 2036  F_Median 0.305473
ai22 2 2036  F_Mean 0.280932
ai22 3 2022 Cabc 38.0719
ai22 3 2022 Cofl 40.258
ai22 3 2022 CLCI 3
ai22 3 2022 CUCI 3
ai22 3 2022 CMedian 3
ai22 3 2022 CMean 3
ai22 3 2022 CStdn 3.95239e-014
ai22 3 2023 Cabc 38.0719
ai22 3 2023 Cofl 40.258
ai22 3 2023 CLCI 19
ai22 3 2023 CUCI 19
ai22 3 2023 CMedian 19
ai22 3 2023 CMean 19
ai22 3 2023 CStdn 4.80919e-007
ai22 3 2024 Cabc 38.0719
ai22 3 2024 Cofl 40.258
ai22 3 2024 CLCI 19
ai22 3 2024 CUCI 19
ai22 3 2024 CMedian 19
ai22 3 2024 CMean 19
ai22 3 2024 CStdn 1.59386e-006
ai22 3 2025 Cabc 38.0719
ai22 3 2025 Cofl 40.258
ai22 3 2025 CLCI 19
ai22 3 2025 CUCI 19
ai22 3 2025 CMedian 19
ai22 3 2025 CMean 19
ai22 3 2025 CStdn 1.51823e-006
ai22 3 2026 Cabc 38.0719
ai22 3 2026 Cofl 40.258
ai22 3 2026 CLCI 19
ai22 3 2026 CUCI 19
ai22 3 2026 CMedian 19
ai22 3 2026 CMean 19
ai22 3 2026 CStdn 1.14009e-006
ai22 3 2027 Cabc 38.0719
ai22 3 2027 Cofl 40.258
ai22 3 2027 CLCI 19
ai22 3 2027 CUCI 19
ai22 3 2027 CMedian 19
ai22 3 2027 CMean 19
ai22 3 2027 CStdn 2.6494e-006
ai22 3 2028 Cabc 38.0719
ai22 3 2028 Cofl 40.258
ai22 3 2028 CLCI 19
ai22 3 2028 CUCI 19
ai22 3 2028 CMedian 19
ai22 3 2028 CMean 19
ai22 3 2028 CStdn 4.86403e-006
ai22 3 2029 Cabc 38.0719
ai22 3 2029 Cofl 40.258
ai22 3 2029 CLCI 19
ai22 3 2029 CUCI 19
ai22 3 2029 CMedian 19
ai22 3 2029 CMean 19
ai22 3 2029 CStdn 4.72695e-006
ai22 3 2030 Cabc 38.0719
ai22 3 2030 Cofl 40.258
ai22 3 2030 CLCI 19
ai22 3 2030 CUCI 19
ai22 3 2030 CMedian 19
ai22 3 2030 CMean 19
ai22 3 2030 CStdn 5.06065e-006
ai22 3 2031 Cabc 38.0719
ai22 3 2031 Cofl 40.258
ai22 3 2031 CLCI 19
ai22 3 2031 CUCI 19
ai22 3 2031 CMedian 19
ai22 3 2031 CMean 19
ai22 3 2031 CStdn 4.97581e-006
ai22 3 2032 Cabc 38.0719
ai22 3 2032 Cofl 40.258
ai22 3 2032 CLCI 19
ai22 3 2032 CUCI 19
ai22 3 2032 CMedian 19
ai22 3 2032 CMean 19
ai22 3 2032 CStdn 4.86337e-006
ai22 3 2033 Cabc 38.0719
ai22 3 2033 Cofl 40.258
ai22 3 2033 CLCI 19
ai22 3 2033 CUCI 19
ai22 3 2033 CMedian 19
ai22 3 2033 CMean 19
ai22 3 2033 CStdn 4.89313e-006
ai22 3 2034 Cabc 38.0719
ai22 3 2034 Cofl 40.258
ai22 3 2034 CLCI 19
ai22 3 2034 CUCI 19
ai22 3 2034 CMedian 19
ai22 3 2034 CMean 19
ai22 3 2034 CStdn 4.97565e-006
ai22 3 2035 Cabc 38.0719
ai22 3 2035 Cofl 40.258
ai22 3 2035 CLCI 19
ai22 3 2035 CUCI 19
ai22 3 2035 CMedian 19
ai22 3 2035 CMean 19
ai22 3 2035 CStdn 4.82517e-006
ai22 3 2036 Cabc 38.0719
ai22 3 2036 Cofl 40.258
ai22 3 2036 CLCI 1.95279
ai22 3 2036 CUCI 12.061
ai22 3 2036 CMedian 5.50703
ai22 3 2036 CMean 6.08247
ai22 3 2036 CStdn 3.21882
ai22 3 2022 SSBF100 174.218
ai22 3 2022 SSBFabc 69.6872
ai22 3 2022 SSBFofl 60.9763
ai22 3 2022 SSBLCI 79.8069
ai22 3 2022 SSBUCI 79.8069
ai22 3 2022 SSBMedian 79.8069
ai22 3 2022 SSBMean 79.8069
ai22 3 2023 SSBF100 174.218
ai22 3 2023 SSBFabc 69.6872
ai22 3 2023 SSBFofl 60.9763
ai22 3 2023 SSBLCI 77.3378
ai22 3 2023 SSBUCI 77.3466
ai22 3 2023 SSBMedian 77.3388
ai22 3 2023 SSBMean 77.34
ai22 3 2024 SSBF100 174.218
ai22 3 2024 SSBFabc 69.6872
ai22 3 2024 SSBFofl 60.9763
ai22 3 2024 SSBLCI 72.6221
ai22 3 2024 SSBUCI 72.7253
ai22 3 2024 SSBMedian 72.6354
ai22 3 2024 SSBMean 72.6496
ai22 3 2025 SSBF100 174.218
ai22 3 2025 SSBFabc 69.6872
ai22 3 2025 SSBFofl 60.9763
ai22 3 2025 SSBLCI 69.52
ai22 3 2025 SSBUCI 71.1663
ai22 3 2025 SSBMedian 69.7203
ai22 3 2025 SSBMean 69.9512
ai22 3 2026 SSBF100 174.218
ai22 3 2026 SSBFabc 69.6872
ai22 3 2026 SSBFofl 60.9763
ai22 3 2026 SSBLCI 65.0423
ai22 3 2026 SSBUCI 86.583
ai22 3 2026 SSBMedian 67.7555
ai22 3 2026 SSBMean 70.7207
ai22 3 2027 SSBF100 174.218
ai22 3 2027 SSBFabc 69.6872
ai22 3 2027 SSBFofl 60.9763
ai22 3 2027 SSBLCI 58.9154
ai22 3 2027 SSBUCI 111.602
ai22 3 2027 SSBMedian 68.1908
ai22 3 2027 SSBMean 74.6799
ai22 3 2028 SSBF100 174.218
ai22 3 2028 SSBFabc 69.6872
ai22 3 2028 SSBFofl 60.9763
ai22 3 2028 SSBLCI 52.6808
ai22 3 2028 SSBUCI 142.14
ai22 3 2028 SSBMedian 71.7558
ai22 3 2028 SSBMean 80.7442
ai22 3 2029 SSBF100 174.218
ai22 3 2029 SSBFabc 69.6872
ai22 3 2029 SSBFofl 60.9763
ai22 3 2029 SSBLCI 47.4993
ai22 3 2029 SSBUCI 162.466
ai22 3 2029 SSBMedian 77.2016
ai22 3 2029 SSBMean 87.2768
ai22 3 2030 SSBF100 174.218
ai22 3 2030 SSBFabc 69.6872
ai22 3 2030 SSBFofl 60.9763
ai22 3 2030 SSBLCI 43.6322
ai22 3 2030 SSBUCI 177.038
ai22 3 2030 SSBMedian 82.3818
ai22 3 2030 SSBMean 93.7667
ai22 3 2031 SSBF100 174.218
ai22 3 2031 SSBFabc 69.6872
ai22 3 2031 SSBFofl 60.9763
ai22 3 2031 SSBLCI 40.7609
ai22 3 2031 SSBUCI 198.105
ai22 3 2031 SSBMedian 88.878
ai22 3 2031 SSBMean 99.6326
ai22 3 2032 SSBF100 174.218
ai22 3 2032 SSBFabc 69.6872
ai22 3 2032 SSBFofl 60.9763
ai22 3 2032 SSBLCI 41.7514
ai22 3 2032 SSBUCI 203.774
ai22 3 2032 SSBMedian 92.821
ai22 3 2032 SSBMean 104.509
ai22 3 2033 SSBF100 174.218
ai22 3 2033 SSBFabc 69.6872
ai22 3 2033 SSBFofl 60.9763
ai22 3 2033 SSBLCI 40.4202
ai22 3 2033 SSBUCI 211.335
ai22 3 2033 SSBMedian 97.7146
ai22 3 2033 SSBMean 108.443
ai22 3 2034 SSBF100 174.218
ai22 3 2034 SSBFabc 69.6872
ai22 3 2034 SSBFofl 60.9763
ai22 3 2034 SSBLCI 38.8217
ai22 3 2034 SSBUCI 217.347
ai22 3 2034 SSBMedian 100.231
ai22 3 2034 SSBMean 111.639
ai22 3 2035 SSBF100 174.218
ai22 3 2035 SSBFabc 69.6872
ai22 3 2035 SSBFofl 60.9763
ai22 3 2035 SSBLCI 37.8519
ai22 3 2035 SSBUCI 221.643
ai22 3 2035 SSBMedian 103.895
ai22 3 2035 SSBMean 113.789
ai22 3 2036 SSBF100 174.218
ai22 3 2036 SSBFabc 69.6872
ai22 3 2036 SSBFofl 60.9763
ai22 3 2036 SSBLCI 38.5909
ai22 3 2036 SSBUCI 229.907
ai22 3 2036 SSBMedian 106.05
ai22 3 2036 SSBMean 116.18
ai22 3 2022 F0 0 
ai22 3 2022 Fabc 0.305473
ai22 3 2022 Fofl 0.37995
ai22 3 2022  F_LCI 0.018114
ai22 3 2022  F_UCI 0.018114
ai22 3 2022  F_Median 0.018114
ai22 3 2022  F_Mean 0.018114
ai22 3 2023 F0 0 
ai22 3 2023 Fabc 0.305473
ai22 3 2023 Fofl 0.37995
ai22 3 2023  F_LCI 0.123339
ai22 3 2023  F_UCI 0.124128
ai22 3 2023  F_Median 0.124039
ai22 3 2023  F_Mean 0.123927
ai22 3 2024 F0 0 
ai22 3 2024 Fabc 0.305473
ai22 3 2024 Fofl 0.37995
ai22 3 2024  F_LCI 0.135658
ai22 3 2024  F_UCI 0.138665
ai22 3 2024  F_Median 0.138173
ai22 3 2024  F_Mean 0.137786
ai22 3 2025 F0 0 
ai22 3 2025 Fabc 0.305473
ai22 3 2025 Fofl 0.37995
ai22 3 2025  F_LCI 0.138857
ai22 3 2025  F_UCI 0.148452
ai22 3 2025  F_Median 0.146611
ai22 3 2025  F_Mean 0.145505
ai22 3 2026 F0 0 
ai22 3 2026 Fabc 0.305473
ai22 3 2026 Fofl 0.37995
ai22 3 2026  F_LCI 0.126734
ai22 3 2026  F_UCI 0.153372
ai22 3 2026  F_Median 0.147774
ai22 3 2026  F_Mean 0.144848
ai22 3 2027 F0 0 
ai22 3 2027 Fabc 0.305473
ai22 3 2027 Fofl 0.37995
ai22 3 2027  F_LCI 0.102839
ai22 3 2027  F_UCI 0.16153
ai22 3 2027  F_Median 0.145505
ai22 3 2027  F_Mean 0.140545
ai22 3 2028 F0 0 
ai22 3 2028 Fabc 0.305473
ai22 3 2028 Fofl 0.37995
ai22 3 2028  F_LCI 0.0775745
ai22 3 2028  F_UCI 0.177712
ai22 3 2028  F_Median 0.14048
ai22 3 2028  F_Mean 0.135957
ai22 3 2029 F0 0 
ai22 3 2029 Fabc 0.305473
ai22 3 2029 Fofl 0.37995
ai22 3 2029  F_LCI 0.0610425
ai22 3 2029  F_UCI 0.200881
ai22 3 2029  F_Median 0.13155
ai22 3 2029  F_Mean 0.132263
ai22 3 2030 F0 0 
ai22 3 2030 Fabc 0.305473
ai22 3 2030 Fofl 0.37995
ai22 3 2030  F_LCI 0.053688
ai22 3 2030  F_UCI 0.229401
ai22 3 2030  F_Median 0.121881
ai22 3 2030  F_Mean 0.129069
ai22 3 2031 F0 0 
ai22 3 2031 Fabc 0.305473
ai22 3 2031 Fofl 0.37995
ai22 3 2031  F_LCI 0.0493744
ai22 3 2031  F_UCI 0.249031
ai22 3 2031  F_Median 0.113257
ai22 3 2031  F_Mean 0.125879
ai22 3 2032 F0 0 
ai22 3 2032 Fabc 0.305473
ai22 3 2032 Fofl 0.37995
ai22 3 2032  F_LCI 0.0453926
ai22 3 2032  F_UCI 0.256685
ai22 3 2032  F_Median 0.106174
ai22 3 2032  F_Mean 0.123333
ai22 3 2033 F0 0 
ai22 3 2033 Fabc 0.305473
ai22 3 2033 Fofl 0.37995
ai22 3 2033  F_LCI 0.0443127
ai22 3 2033  F_UCI 0.254408
ai22 3 2033  F_Median 0.101893
ai22 3 2033  F_Mean 0.121595
ai22 3 2034 F0 0 
ai22 3 2034 Fabc 0.305473
ai22 3 2034 Fofl 0.37995
ai22 3 2034  F_LCI 0.0432702
ai22 3 2034  F_UCI 0.266498
ai22 3 2034  F_Median 0.0976747
ai22 3 2034  F_Mean 0.120259
ai22 3 2035 F0 0 
ai22 3 2035 Fabc 0.305473
ai22 3 2035 Fofl 0.37995
ai22 3 2035  F_LCI 0.0418215
ai22 3 2035  F_UCI 0.267688
ai22 3 2035  F_Median 0.0939151
ai22 3 2035  F_Mean 0.118834
ai22 3 2036 F0 0 
ai22 3 2036 Fabc 0.305473
ai22 3 2036 Fofl 0.37995
ai22 3 2036  F_LCI 0.0262659
ai22 3 2036  F_UCI 0.0262659
ai22 3 2036  F_Median 0.0262659
ai22 3 2036  F_Mean 0.0262659
ai22 4 2022 Cabc 38.0719
ai22 4 2022 Cofl 40.258
ai22 4 2022 CLCI 3
ai22 4 2022 CUCI 3
ai22 4 2022 CMedian 3
ai22 4 2022 CMean 3
ai22 4 2022 CStdn 3.95239e-014
ai22 4 2023 Cabc 38.0719
ai22 4 2023 Cofl 40.258
ai22 4 2023 CLCI 19
ai22 4 2023 CUCI 19
ai22 4 2023 CMedian 19
ai22 4 2023 CMean 19
ai22 4 2023 CStdn 4.80919e-007
ai22 4 2024 Cabc 38.0719
ai22 4 2024 Cofl 40.258
ai22 4 2024 CLCI 19
ai22 4 2024 CUCI 19
ai22 4 2024 CMedian 19
ai22 4 2024 CMean 19
ai22 4 2024 CStdn 1.59386e-006
ai22 4 2025 Cabc 38.0719
ai22 4 2025 Cofl 40.258
ai22 4 2025 CLCI 19
ai22 4 2025 CUCI 19
ai22 4 2025 CMedian 19
ai22 4 2025 CMean 19
ai22 4 2025 CStdn 1.51823e-006
ai22 4 2026 Cabc 38.0719
ai22 4 2026 Cofl 40.258
ai22 4 2026 CLCI 19
ai22 4 2026 CUCI 19
ai22 4 2026 CMedian 19
ai22 4 2026 CMean 19
ai22 4 2026 CStdn 1.14009e-006
ai22 4 2027 Cabc 38.0719
ai22 4 2027 Cofl 40.258
ai22 4 2027 CLCI 19
ai22 4 2027 CUCI 19
ai22 4 2027 CMedian 19
ai22 4 2027 CMean 19
ai22 4 2027 CStdn 2.6494e-006
ai22 4 2028 Cabc 38.0719
ai22 4 2028 Cofl 40.258
ai22 4 2028 CLCI 19
ai22 4 2028 CUCI 19
ai22 4 2028 CMedian 19
ai22 4 2028 CMean 19
ai22 4 2028 CStdn 4.86403e-006
ai22 4 2029 Cabc 38.0719
ai22 4 2029 Cofl 40.258
ai22 4 2029 CLCI 19
ai22 4 2029 CUCI 19
ai22 4 2029 CMedian 19
ai22 4 2029 CMean 19
ai22 4 2029 CStdn 4.72695e-006
ai22 4 2030 Cabc 38.0719
ai22 4 2030 Cofl 40.258
ai22 4 2030 CLCI 19
ai22 4 2030 CUCI 19
ai22 4 2030 CMedian 19
ai22 4 2030 CMean 19
ai22 4 2030 CStdn 5.06065e-006
ai22 4 2031 Cabc 38.0719
ai22 4 2031 Cofl 40.258
ai22 4 2031 CLCI 19
ai22 4 2031 CUCI 19
ai22 4 2031 CMedian 19
ai22 4 2031 CMean 19
ai22 4 2031 CStdn 4.97581e-006
ai22 4 2032 Cabc 38.0719
ai22 4 2032 Cofl 40.258
ai22 4 2032 CLCI 19
ai22 4 2032 CUCI 19
ai22 4 2032 CMedian 19
ai22 4 2032 CMean 19
ai22 4 2032 CStdn 4.86337e-006
ai22 4 2033 Cabc 38.0719
ai22 4 2033 Cofl 40.258
ai22 4 2033 CLCI 19
ai22 4 2033 CUCI 19
ai22 4 2033 CMedian 19
ai22 4 2033 CMean 19
ai22 4 2033 CStdn 4.89313e-006
ai22 4 2034 Cabc 38.0719
ai22 4 2034 Cofl 40.258
ai22 4 2034 CLCI 19
ai22 4 2034 CUCI 19
ai22 4 2034 CMedian 19
ai22 4 2034 CMean 19
ai22 4 2034 CStdn 4.97565e-006
ai22 4 2035 Cabc 38.0719
ai22 4 2035 Cofl 40.258
ai22 4 2035 CLCI 19
ai22 4 2035 CUCI 19
ai22 4 2035 CMedian 19
ai22 4 2035 CMean 19
ai22 4 2035 CStdn 4.82517e-006
ai22 4 2036 Cabc 38.0719
ai22 4 2036 Cofl 40.258
ai22 4 2036 CLCI 9.62715
ai22 4 2036 CUCI 58.9744
ai22 4 2036 CMedian 27.0716
ai22 4 2036 CMean 29.6186
ai22 4 2036 CStdn 16.1311
ai22 4 2022 SSBF100 174.218
ai22 4 2022 SSBFabc 69.6872
ai22 4 2022 SSBFofl 60.9763
ai22 4 2022 SSBLCI 79.8069
ai22 4 2022 SSBUCI 79.8069
ai22 4 2022 SSBMedian 79.8069
ai22 4 2022 SSBMean 79.8069
ai22 4 2023 SSBF100 174.218
ai22 4 2023 SSBFabc 69.6872
ai22 4 2023 SSBFofl 60.9763
ai22 4 2023 SSBLCI 77.3378
ai22 4 2023 SSBUCI 77.3466
ai22 4 2023 SSBMedian 77.3388
ai22 4 2023 SSBMean 77.34
ai22 4 2024 SSBF100 174.218
ai22 4 2024 SSBFabc 69.6872
ai22 4 2024 SSBFofl 60.9763
ai22 4 2024 SSBLCI 72.6221
ai22 4 2024 SSBUCI 72.7253
ai22 4 2024 SSBMedian 72.6354
ai22 4 2024 SSBMean 72.6496
ai22 4 2025 SSBF100 174.218
ai22 4 2025 SSBFabc 69.6872
ai22 4 2025 SSBFofl 60.9763
ai22 4 2025 SSBLCI 69.52
ai22 4 2025 SSBUCI 71.1663
ai22 4 2025 SSBMedian 69.7203
ai22 4 2025 SSBMean 69.9512
ai22 4 2026 SSBF100 174.218
ai22 4 2026 SSBFabc 69.6872
ai22 4 2026 SSBFofl 60.9763
ai22 4 2026 SSBLCI 65.0423
ai22 4 2026 SSBUCI 86.583
ai22 4 2026 SSBMedian 67.7555
ai22 4 2026 SSBMean 70.7207
ai22 4 2027 SSBF100 174.218
ai22 4 2027 SSBFabc 69.6872
ai22 4 2027 SSBFofl 60.9763
ai22 4 2027 SSBLCI 58.9154
ai22 4 2027 SSBUCI 111.602
ai22 4 2027 SSBMedian 68.1908
ai22 4 2027 SSBMean 74.6799
ai22 4 2028 SSBF100 174.218
ai22 4 2028 SSBFabc 69.6872
ai22 4 2028 SSBFofl 60.9763
ai22 4 2028 SSBLCI 52.6808
ai22 4 2028 SSBUCI 142.14
ai22 4 2028 SSBMedian 71.7558
ai22 4 2028 SSBMean 80.7442
ai22 4 2029 SSBF100 174.218
ai22 4 2029 SSBFabc 69.6872
ai22 4 2029 SSBFofl 60.9763
ai22 4 2029 SSBLCI 47.4993
ai22 4 2029 SSBUCI 162.466
ai22 4 2029 SSBMedian 77.2016
ai22 4 2029 SSBMean 87.2768
ai22 4 2030 SSBF100 174.218
ai22 4 2030 SSBFabc 69.6872
ai22 4 2030 SSBFofl 60.9763
ai22 4 2030 SSBLCI 43.6322
ai22 4 2030 SSBUCI 177.038
ai22 4 2030 SSBMedian 82.3818
ai22 4 2030 SSBMean 93.7667
ai22 4 2031 SSBF100 174.218
ai22 4 2031 SSBFabc 69.6872
ai22 4 2031 SSBFofl 60.9763
ai22 4 2031 SSBLCI 40.7609
ai22 4 2031 SSBUCI 198.105
ai22 4 2031 SSBMedian 88.878
ai22 4 2031 SSBMean 99.6326
ai22 4 2032 SSBF100 174.218
ai22 4 2032 SSBFabc 69.6872
ai22 4 2032 SSBFofl 60.9763
ai22 4 2032 SSBLCI 41.7514
ai22 4 2032 SSBUCI 203.774
ai22 4 2032 SSBMedian 92.821
ai22 4 2032 SSBMean 104.509
ai22 4 2033 SSBF100 174.218
ai22 4 2033 SSBFabc 69.6872
ai22 4 2033 SSBFofl 60.9763
ai22 4 2033 SSBLCI 40.4202
ai22 4 2033 SSBUCI 211.335
ai22 4 2033 SSBMedian 97.7146
ai22 4 2033 SSBMean 108.443
ai22 4 2034 SSBF100 174.218
ai22 4 2034 SSBFabc 69.6872
ai22 4 2034 SSBFofl 60.9763
ai22 4 2034 SSBLCI 38.8217
ai22 4 2034 SSBUCI 217.347
ai22 4 2034 SSBMedian 100.231
ai22 4 2034 SSBMean 111.639
ai22 4 2035 SSBF100 174.218
ai22 4 2035 SSBFabc 69.6872
ai22 4 2035 SSBFofl 60.9763
ai22 4 2035 SSBLCI 37.8519
ai22 4 2035 SSBUCI 221.643
ai22 4 2035 SSBMedian 103.895
ai22 4 2035 SSBMean 113.789
ai22 4 2036 SSBF100 174.218
ai22 4 2036 SSBFabc 69.6872
ai22 4 2036 SSBFofl 60.9763
ai22 4 2036 SSBLCI 38.0905
ai22 4 2036 SSBUCI 226.172
ai22 4 2036 SSBMedian 104.805
ai22 4 2036 SSBMean 114.515
ai22 4 2022 F0 0 
ai22 4 2022 Fabc 0.305473
ai22 4 2022 Fofl 0.37995
ai22 4 2022  F_LCI 0.018114
ai22 4 2022  F_UCI 0.018114
ai22 4 2022  F_Median 0.018114
ai22 4 2022  F_Mean 0.018114
ai22 4 2023 F0 0 
ai22 4 2023 Fabc 0.305473
ai22 4 2023 Fofl 0.37995
ai22 4 2023  F_LCI 0.123339
ai22 4 2023  F_UCI 0.124128
ai22 4 2023  F_Median 0.124039
ai22 4 2023  F_Mean 0.123927
ai22 4 2024 F0 0 
ai22 4 2024 Fabc 0.305473
ai22 4 2024 Fofl 0.37995
ai22 4 2024  F_LCI 0.135658
ai22 4 2024  F_UCI 0.138665
ai22 4 2024  F_Median 0.138173
ai22 4 2024  F_Mean 0.137786
ai22 4 2025 F0 0 
ai22 4 2025 Fabc 0.305473
ai22 4 2025 Fofl 0.37995
ai22 4 2025  F_LCI 0.138857
ai22 4 2025  F_UCI 0.148452
ai22 4 2025  F_Median 0.146611
ai22 4 2025  F_Mean 0.145505
ai22 4 2026 F0 0 
ai22 4 2026 Fabc 0.305473
ai22 4 2026 Fofl 0.37995
ai22 4 2026  F_LCI 0.126734
ai22 4 2026  F_UCI 0.153372
ai22 4 2026  F_Median 0.147774
ai22 4 2026  F_Mean 0.144848
ai22 4 2027 F0 0 
ai22 4 2027 Fabc 0.305473
ai22 4 2027 Fofl 0.37995
ai22 4 2027  F_LCI 0.102839
ai22 4 2027  F_UCI 0.16153
ai22 4 2027  F_Median 0.145505
ai22 4 2027  F_Mean 0.140545
ai22 4 2028 F0 0 
ai22 4 2028 Fabc 0.305473
ai22 4 2028 Fofl 0.37995
ai22 4 2028  F_LCI 0.0775745
ai22 4 2028  F_UCI 0.177712
ai22 4 2028  F_Median 0.14048
ai22 4 2028  F_Mean 0.135957
ai22 4 2029 F0 0 
ai22 4 2029 Fabc 0.305473
ai22 4 2029 Fofl 0.37995
ai22 4 2029  F_LCI 0.0610425
ai22 4 2029  F_UCI 0.200881
ai22 4 2029  F_Median 0.13155
ai22 4 2029  F_Mean 0.132263
ai22 4 2030 F0 0 
ai22 4 2030 Fabc 0.305473
ai22 4 2030 Fofl 0.37995
ai22 4 2030  F_LCI 0.053688
ai22 4 2030  F_UCI 0.229401
ai22 4 2030  F_Median 0.121881
ai22 4 2030  F_Mean 0.129069
ai22 4 2031 F0 0 
ai22 4 2031 Fabc 0.305473
ai22 4 2031 Fofl 0.37995
ai22 4 2031  F_LCI 0.0493744
ai22 4 2031  F_UCI 0.249031
ai22 4 2031  F_Median 0.113257
ai22 4 2031  F_Mean 0.125879
ai22 4 2032 F0 0 
ai22 4 2032 Fabc 0.305473
ai22 4 2032 Fofl 0.37995
ai22 4 2032  F_LCI 0.0453926
ai22 4 2032  F_UCI 0.256685
ai22 4 2032  F_Median 0.106174
ai22 4 2032  F_Mean 0.123333
ai22 4 2033 F0 0 
ai22 4 2033 Fabc 0.305473
ai22 4 2033 Fofl 0.37995
ai22 4 2033  F_LCI 0.0443127
ai22 4 2033  F_UCI 0.254408
ai22 4 2033  F_Median 0.101893
ai22 4 2033  F_Mean 0.121595
ai22 4 2034 F0 0 
ai22 4 2034 Fabc 0.305473
ai22 4 2034 Fofl 0.37995
ai22 4 2034  F_LCI 0.0432702
ai22 4 2034  F_UCI 0.266498
ai22 4 2034  F_Median 0.0976747
ai22 4 2034  F_Mean 0.120259
ai22 4 2035 F0 0 
ai22 4 2035 Fabc 0.305473
ai22 4 2035 Fofl 0.37995
ai22 4 2035  F_LCI 0.0418215
ai22 4 2035  F_UCI 0.267688
ai22 4 2035  F_Median 0.0939151
ai22 4 2035  F_Mean 0.118834
ai22 4 2036 F0 0 
ai22 4 2036 Fabc 0.305473
ai22 4 2036 Fofl 0.37995
ai22 4 2036  F_LCI 0.134629
ai22 4 2036  F_UCI 0.134629
ai22 4 2036  F_Median 0.134629
ai22 4 2036  F_Mean 0.130187
ai22 5 2022 Cabc 38.0719
ai22 5 2022 Cofl 40.258
ai22 5 2022 CLCI 3
ai22 5 2022 CUCI 3
ai22 5 2022 CMedian 3
ai22 5 2022 CMean 3
ai22 5 2022 CStdn 3.95239e-014
ai22 5 2023 Cabc 38.0719
ai22 5 2023 Cofl 40.258
ai22 5 2023 CLCI 19
ai22 5 2023 CUCI 19
ai22 5 2023 CMedian 19
ai22 5 2023 CMean 19
ai22 5 2023 CStdn 4.80919e-007
ai22 5 2024 Cabc 38.0719
ai22 5 2024 Cofl 40.258
ai22 5 2024 CLCI 19
ai22 5 2024 CUCI 19
ai22 5 2024 CMedian 19
ai22 5 2024 CMean 19
ai22 5 2024 CStdn 1.59386e-006
ai22 5 2025 Cabc 38.0719
ai22 5 2025 Cofl 40.258
ai22 5 2025 CLCI 19
ai22 5 2025 CUCI 19
ai22 5 2025 CMedian 19
ai22 5 2025 CMean 19
ai22 5 2025 CStdn 1.51823e-006
ai22 5 2026 Cabc 38.0719
ai22 5 2026 Cofl 40.258
ai22 5 2026 CLCI 19
ai22 5 2026 CUCI 19
ai22 5 2026 CMedian 19
ai22 5 2026 CMean 19
ai22 5 2026 CStdn 1.14009e-006
ai22 5 2027 Cabc 38.0719
ai22 5 2027 Cofl 40.258
ai22 5 2027 CLCI 19
ai22 5 2027 CUCI 19
ai22 5 2027 CMedian 19
ai22 5 2027 CMean 19
ai22 5 2027 CStdn 2.6494e-006
ai22 5 2028 Cabc 38.0719
ai22 5 2028 Cofl 40.258
ai22 5 2028 CLCI 19
ai22 5 2028 CUCI 19
ai22 5 2028 CMedian 19
ai22 5 2028 CMean 19
ai22 5 2028 CStdn 4.86403e-006
ai22 5 2029 Cabc 38.0719
ai22 5 2029 Cofl 40.258
ai22 5 2029 CLCI 19
ai22 5 2029 CUCI 19
ai22 5 2029 CMedian 19
ai22 5 2029 CMean 19
ai22 5 2029 CStdn 4.72695e-006
ai22 5 2030 Cabc 38.0719
ai22 5 2030 Cofl 40.258
ai22 5 2030 CLCI 19
ai22 5 2030 CUCI 19
ai22 5 2030 CMedian 19
ai22 5 2030 CMean 19
ai22 5 2030 CStdn 5.06065e-006
ai22 5 2031 Cabc 38.0719
ai22 5 2031 Cofl 40.258
ai22 5 2031 CLCI 19
ai22 5 2031 CUCI 19
ai22 5 2031 CMedian 19
ai22 5 2031 CMean 19
ai22 5 2031 CStdn 4.97581e-006
ai22 5 2032 Cabc 38.0719
ai22 5 2032 Cofl 40.258
ai22 5 2032 CLCI 19
ai22 5 2032 CUCI 19
ai22 5 2032 CMedian 19
ai22 5 2032 CMean 19
ai22 5 2032 CStdn 4.86337e-006
ai22 5 2033 Cabc 38.0719
ai22 5 2033 Cofl 40.258
ai22 5 2033 CLCI 19
ai22 5 2033 CUCI 19
ai22 5 2033 CMedian 19
ai22 5 2033 CMean 19
ai22 5 2033 CStdn 4.89313e-006
ai22 5 2034 Cabc 38.0719
ai22 5 2034 Cofl 40.258
ai22 5 2034 CLCI 19
ai22 5 2034 CUCI 19
ai22 5 2034 CMedian 19
ai22 5 2034 CMean 19
ai22 5 2034 CStdn 4.97565e-006
ai22 5 2035 Cabc 38.0719
ai22 5 2035 Cofl 40.258
ai22 5 2035 CLCI 19
ai22 5 2035 CUCI 19
ai22 5 2035 CMedian 19
ai22 5 2035 CMean 19
ai22 5 2035 CStdn 4.82517e-006
ai22 5 2036 Cabc 38.0719
ai22 5 2036 Cofl 40.258
ai22 5 2036 CLCI 0
ai22 5 2036 CUCI 0
ai22 5 2036 CMedian 0
ai22 5 2036 CMean 0
ai22 5 2036 CStdn 0
ai22 5 2022 SSBF100 174.218
ai22 5 2022 SSBFabc 69.6872
ai22 5 2022 SSBFofl 60.9763
ai22 5 2022 SSBLCI 79.8069
ai22 5 2022 SSBUCI 79.8069
ai22 5 2022 SSBMedian 79.8069
ai22 5 2022 SSBMean 79.8069
ai22 5 2023 SSBF100 174.218
ai22 5 2023 SSBFabc 69.6872
ai22 5 2023 SSBFofl 60.9763
ai22 5 2023 SSBLCI 77.3378
ai22 5 2023 SSBUCI 77.3466
ai22 5 2023 SSBMedian 77.3388
ai22 5 2023 SSBMean 77.34
ai22 5 2024 SSBF100 174.218
ai22 5 2024 SSBFabc 69.6872
ai22 5 2024 SSBFofl 60.9763
ai22 5 2024 SSBLCI 72.6221
ai22 5 2024 SSBUCI 72.7253
ai22 5 2024 SSBMedian 72.6354
ai22 5 2024 SSBMean 72.6496
ai22 5 2025 SSBF100 174.218
ai22 5 2025 SSBFabc 69.6872
ai22 5 2025 SSBFofl 60.9763
ai22 5 2025 SSBLCI 69.52
ai22 5 2025 SSBUCI 71.1663
ai22 5 2025 SSBMedian 69.7203
ai22 5 2025 SSBMean 69.9512
ai22 5 2026 SSBF100 174.218
ai22 5 2026 SSBFabc 69.6872
ai22 5 2026 SSBFofl 60.9763
ai22 5 2026 SSBLCI 65.0423
ai22 5 2026 SSBUCI 86.583
ai22 5 2026 SSBMedian 67.7555
ai22 5 2026 SSBMean 70.7207
ai22 5 2027 SSBF100 174.218
ai22 5 2027 SSBFabc 69.6872
ai22 5 2027 SSBFofl 60.9763
ai22 5 2027 SSBLCI 58.9154
ai22 5 2027 SSBUCI 111.602
ai22 5 2027 SSBMedian 68.1908
ai22 5 2027 SSBMean 74.6799
ai22 5 2028 SSBF100 174.218
ai22 5 2028 SSBFabc 69.6872
ai22 5 2028 SSBFofl 60.9763
ai22 5 2028 SSBLCI 52.6808
ai22 5 2028 SSBUCI 142.14
ai22 5 2028 SSBMedian 71.7558
ai22 5 2028 SSBMean 80.7442
ai22 5 2029 SSBF100 174.218
ai22 5 2029 SSBFabc 69.6872
ai22 5 2029 SSBFofl 60.9763
ai22 5 2029 SSBLCI 47.4993
ai22 5 2029 SSBUCI 162.466
ai22 5 2029 SSBMedian 77.2016
ai22 5 2029 SSBMean 87.2768
ai22 5 2030 SSBF100 174.218
ai22 5 2030 SSBFabc 69.6872
ai22 5 2030 SSBFofl 60.9763
ai22 5 2030 SSBLCI 43.6322
ai22 5 2030 SSBUCI 177.038
ai22 5 2030 SSBMedian 82.3818
ai22 5 2030 SSBMean 93.7667
ai22 5 2031 SSBF100 174.218
ai22 5 2031 SSBFabc 69.6872
ai22 5 2031 SSBFofl 60.9763
ai22 5 2031 SSBLCI 40.7609
ai22 5 2031 SSBUCI 198.105
ai22 5 2031 SSBMedian 88.878
ai22 5 2031 SSBMean 99.6326
ai22 5 2032 SSBF100 174.218
ai22 5 2032 SSBFabc 69.6872
ai22 5 2032 SSBFofl 60.9763
ai22 5 2032 SSBLCI 41.7514
ai22 5 2032 SSBUCI 203.774
ai22 5 2032 SSBMedian 92.821
ai22 5 2032 SSBMean 104.509
ai22 5 2033 SSBF100 174.218
ai22 5 2033 SSBFabc 69.6872
ai22 5 2033 SSBFofl 60.9763
ai22 5 2033 SSBLCI 40.4202
ai22 5 2033 SSBUCI 211.335
ai22 5 2033 SSBMedian 97.7146
ai22 5 2033 SSBMean 108.443
ai22 5 2034 SSBF100 174.218
ai22 5 2034 SSBFabc 69.6872
ai22 5 2034 SSBFofl 60.9763
ai22 5 2034 SSBLCI 38.8217
ai22 5 2034 SSBUCI 217.347
ai22 5 2034 SSBMedian 100.231
ai22 5 2034 SSBMean 111.639
ai22 5 2035 SSBF100 174.218
ai22 5 2035 SSBFabc 69.6872
ai22 5 2035 SSBFofl 60.9763
ai22 5 2035 SSBLCI 37.8519
ai22 5 2035 SSBUCI 221.643
ai22 5 2035 SSBMedian 103.895
ai22 5 2035 SSBMean 113.789
ai22 5 2036 SSBF100 174.218
ai22 5 2036 SSBFabc 69.6872
ai22 5 2036 SSBFofl 60.9763
ai22 5 2036 SSBLCI 38.7134
ai22 5 2036 SSBUCI 230.765
ai22 5 2036 SSBMedian 106.364
ai22 5 2036 SSBMean 116.591
ai22 5 2022 F0 0 
ai22 5 2022 Fabc 0.305473
ai22 5 2022 Fofl 0.37995
ai22 5 2022  F_LCI 0.018114
ai22 5 2022  F_UCI 0.018114
ai22 5 2022  F_Median 0.018114
ai22 5 2022  F_Mean 0.018114
ai22 5 2023 F0 0 
ai22 5 2023 Fabc 0.305473
ai22 5 2023 Fofl 0.37995
ai22 5 2023  F_LCI 0.123339
ai22 5 2023  F_UCI 0.124128
ai22 5 2023  F_Median 0.124039
ai22 5 2023  F_Mean 0.123927
ai22 5 2024 F0 0 
ai22 5 2024 Fabc 0.305473
ai22 5 2024 Fofl 0.37995
ai22 5 2024  F_LCI 0.135658
ai22 5 2024  F_UCI 0.138665
ai22 5 2024  F_Median 0.138173
ai22 5 2024  F_Mean 0.137786
ai22 5 2025 F0 0 
ai22 5 2025 Fabc 0.305473
ai22 5 2025 Fofl 0.37995
ai22 5 2025  F_LCI 0.138857
ai22 5 2025  F_UCI 0.148452
ai22 5 2025  F_Median 0.146611
ai22 5 2025  F_Mean 0.145505
ai22 5 2026 F0 0 
ai22 5 2026 Fabc 0.305473
ai22 5 2026 Fofl 0.37995
ai22 5 2026  F_LCI 0.126734
ai22 5 2026  F_UCI 0.153372
ai22 5 2026  F_Median 0.147774
ai22 5 2026  F_Mean 0.144848
ai22 5 2027 F0 0 
ai22 5 2027 Fabc 0.305473
ai22 5 2027 Fofl 0.37995
ai22 5 2027  F_LCI 0.102839
ai22 5 2027  F_UCI 0.16153
ai22 5 2027  F_Median 0.145505
ai22 5 2027  F_Mean 0.140545
ai22 5 2028 F0 0 
ai22 5 2028 Fabc 0.305473
ai22 5 2028 Fofl 0.37995
ai22 5 2028  F_LCI 0.0775745
ai22 5 2028  F_UCI 0.177712
ai22 5 2028  F_Median 0.14048
ai22 5 2028  F_Mean 0.135957
ai22 5 2029 F0 0 
ai22 5 2029 Fabc 0.305473
ai22 5 2029 Fofl 0.37995
ai22 5 2029  F_LCI 0.0610425
ai22 5 2029  F_UCI 0.200881
ai22 5 2029  F_Median 0.13155
ai22 5 2029  F_Mean 0.132263
ai22 5 2030 F0 0 
ai22 5 2030 Fabc 0.305473
ai22 5 2030 Fofl 0.37995
ai22 5 2030  F_LCI 0.053688
ai22 5 2030  F_UCI 0.229401
ai22 5 2030  F_Median 0.121881
ai22 5 2030  F_Mean 0.129069
ai22 5 2031 F0 0 
ai22 5 2031 Fabc 0.305473
ai22 5 2031 Fofl 0.37995
ai22 5 2031  F_LCI 0.0493744
ai22 5 2031  F_UCI 0.249031
ai22 5 2031  F_Median 0.113257
ai22 5 2031  F_Mean 0.125879
ai22 5 2032 F0 0 
ai22 5 2032 Fabc 0.305473
ai22 5 2032 Fofl 0.37995
ai22 5 2032  F_LCI 0.0453926
ai22 5 2032  F_UCI 0.256685
ai22 5 2032  F_Median 0.106174
ai22 5 2032  F_Mean 0.123333
ai22 5 2033 F0 0 
ai22 5 2033 Fabc 0.305473
ai22 5 2033 Fofl 0.37995
ai22 5 2033  F_LCI 0.0443127
ai22 5 2033  F_UCI 0.254408
ai22 5 2033  F_Median 0.101893
ai22 5 2033  F_Mean 0.121595
ai22 5 2034 F0 0 
ai22 5 2034 Fabc 0.305473
ai22 5 2034 Fofl 0.37995
ai22 5 2034  F_LCI 0.0432702
ai22 5 2034  F_UCI 0.266498
ai22 5 2034  F_Median 0.0976747
ai22 5 2034  F_Mean 0.120259
ai22 5 2035 F0 0 
ai22 5 2035 Fabc 0.305473
ai22 5 2035 Fofl 0.37995
ai22 5 2035  F_LCI 0.0418215
ai22 5 2035  F_UCI 0.267688
ai22 5 2035  F_Median 0.0939151
ai22 5 2035  F_Mean 0.118834
ai22 5 2036 F0 0 
ai22 5 2036 Fabc 0.305473
ai22 5 2036 Fofl 0.37995
ai22 5 2036  F_LCI 0
ai22 5 2036  F_UCI 0
ai22 5 2036  F_Median 0
ai22 5 2036  F_Mean 0
ai22 6 2022 Cabc 38.0719
ai22 6 2022 Cofl 40.258
ai22 6 2022 CLCI 3
ai22 6 2022 CUCI 3
ai22 6 2022 CMedian 3
ai22 6 2022 CMean 3
ai22 6 2022 CStdn 3.95239e-014
ai22 6 2023 Cabc 38.0719
ai22 6 2023 Cofl 40.258
ai22 6 2023 CLCI 52.2943
ai22 6 2023 CUCI 52.6451
ai22 6 2023 CMedian 52.3335
ai22 6 2023 CMean 52.3838
ai22 6 2023 CStdn 0.1434
ai22 6 2024 Cabc 38.0719
ai22 6 2024 Cofl 40.258
ai22 6 2024 CLCI 33.13
ai22 6 2024 CUCI 34.0175
ai22 6 2024 CMedian 33.2735
ai22 6 2024 CMean 33.3911
ai22 6 2024 CStdn 0.349648
ai22 6 2025 Cabc 38.0719
ai22 6 2025 Cofl 40.258
ai22 6 2025 CLCI 25.601
ai22 6 2025 CUCI 28.4742
ai22 6 2025 CMedian 26.0681
ai22 6 2025 CMean 26.4409
ai22 6 2025 CStdn 1.17147
ai22 6 2026 Cabc 38.0719
ai22 6 2026 Cofl 40.258
ai22 6 2026 CLCI 22.1472
ai22 6 2026 CUCI 38.4187
ai22 6 2026 CMedian 24.2776
ai22 6 2026 CMean 26.3068
ai22 6 2026 CStdn 5.51163
ai22 6 2027 Cabc 38.0719
ai22 6 2027 Cofl 40.258
ai22 6 2027 CLCI 18.8612
ai22 6 2027 CUCI 49.2881
ai22 6 2027 CMedian 24.902
ai22 6 2027 CMean 28.6871
ai22 6 2027 CStdn 10.854
ai22 6 2028 Cabc 38.0719
ai22 6 2028 Cofl 40.258
ai22 6 2028 CLCI 15.9949
ai22 6 2028 CUCI 62.7325
ai22 6 2028 CMedian 27.6406
ai22 6 2028 CMean 32.2611
ai22 6 2028 CStdn 16.449
ai22 6 2029 Cabc 38.0719
ai22 6 2029 Cofl 40.258
ai22 6 2029 CLCI 13.8165
ai22 6 2029 CUCI 73.6605
ai22 6 2029 CMedian 30.599
ai22 6 2029 CMean 35.6159
ai22 6 2029 CStdn 19.9048
ai22 6 2030 Cabc 38.0719
ai22 6 2030 Cofl 40.258
ai22 6 2030 CLCI 12.6461
ai22 6 2030 CUCI 76.7965
ai22 6 2030 CMedian 33.107
ai22 6 2030 CMean 37.8994
ai22 6 2030 CStdn 21.7071
ai22 6 2031 Cabc 38.0719
ai22 6 2031 Cofl 40.258
ai22 6 2031 CLCI 13.231
ai22 6 2031 CUCI 79.188
ai22 6 2031 CMedian 33.982
ai22 6 2031 CMean 39.0363
ai22 6 2031 CStdn 22.6087
ai22 6 2032 Cabc 38.0719
ai22 6 2032 Cofl 40.258
ai22 6 2032 CLCI 12.9552
ai22 6 2032 CUCI 80.022
ai22 6 2032 CMedian 34.4418
ai22 6 2032 CMean 39.5529
ai22 6 2032 CStdn 22.9145
ai22 6 2033 Cabc 38.0719
ai22 6 2033 Cofl 40.258
ai22 6 2033 CLCI 12.5015
ai22 6 2033 CUCI 81.0426
ai22 6 2033 CMedian 34.5071
ai22 6 2033 CMean 39.5007
ai22 6 2033 CStdn 22.7058
ai22 6 2034 Cabc 38.0719
ai22 6 2034 Cofl 40.258
ai22 6 2034 CLCI 12.3535
ai22 6 2034 CUCI 79.607
ai22 6 2034 CMedian 35.0304
ai22 6 2034 CMean 39.2673
ai22 6 2034 CStdn 22.0501
ai22 6 2035 Cabc 38.0719
ai22 6 2035 Cofl 40.258
ai22 6 2035 CLCI 12.7608
ai22 6 2035 CUCI 78.7391
ai22 6 2035 CMedian 33.687
ai22 6 2035 CMean 38.821
ai22 6 2035 CStdn 21.7923
ai22 6 2036 Cabc 38.0719
ai22 6 2036 Cofl 40.258
ai22 6 2036 CLCI 12.5959
ai22 6 2036 CUCI 80.101
ai22 6 2036 CMedian 33.2961
ai22 6 2036 CMean 38.4884
ai22 6 2036 CStdn 21.8108
ai22 6 2022 SSBF100 174.218
ai22 6 2022 SSBFabc 69.6872
ai22 6 2022 SSBFofl 60.9763
ai22 6 2022 SSBLCI 79.8069
ai22 6 2022 SSBUCI 79.8069
ai22 6 2022 SSBMedian 79.8069
ai22 6 2022 SSBMean 79.8069
ai22 6 2023 SSBF100 174.218
ai22 6 2023 SSBFabc 69.6872
ai22 6 2023 SSBFofl 60.9763
ai22 6 2023 SSBLCI 74.5184
ai22 6 2023 SSBUCI 74.5184
ai22 6 2023 SSBMedian 74.5184
ai22 6 2023 SSBMean 74.5184
ai22 6 2024 SSBF100 174.218
ai22 6 2024 SSBFabc 69.6872
ai22 6 2024 SSBFofl 60.9763
ai22 6 2024 SSBLCI 58.7206
ai22 6 2024 SSBUCI 58.7516
ai22 6 2024 SSBMedian 58.7241
ai22 6 2024 SSBMean 58.7286
ai22 6 2025 SSBF100 174.218
ai22 6 2025 SSBFabc 69.6872
ai22 6 2025 SSBFofl 60.9763
ai22 6 2025 SSBLCI 52.3941
ai22 6 2025 SSBUCI 53.7244
ai22 6 2025 SSBMedian 52.5463
ai22 6 2025 SSBMean 52.7364
ai22 6 2026 SSBF100 174.218
ai22 6 2026 SSBFabc 69.6872
ai22 6 2026 SSBFofl 60.9763
ai22 6 2026 SSBLCI 47.7463
ai22 6 2026 SSBUCI 67.0923
ai22 6 2026 SSBMedian 50.1166
ai22 6 2026 SSBMean 52.8382
ai22 6 2027 SSBF100 174.218
ai22 6 2027 SSBFabc 69.6872
ai22 6 2027 SSBFofl 60.9763
ai22 6 2027 SSBLCI 42.8118
ai22 6 2027 SSBUCI 87.1583
ai22 6 2027 SSBMedian 50.6995
ai22 6 2027 SSBMean 56.006
ai22 6 2028 SSBF100 174.218
ai22 6 2028 SSBFabc 69.6872
ai22 6 2028 SSBFofl 60.9763
ai22 6 2028 SSBLCI 38.9076
ai22 6 2028 SSBUCI 107.209
ai22 6 2028 SSBMedian 53.5065
ai22 6 2028 SSBMean 60.1906
ai22 6 2029 SSBF100 174.218
ai22 6 2029 SSBFabc 69.6872
ai22 6 2029 SSBFofl 60.9763
ai22 6 2029 SSBLCI 36.4515
ai22 6 2029 SSBUCI 115.76
ai22 6 2029 SSBMedian 56.7486
ai22 6 2029 SSBMean 63.62
ai22 6 2030 SSBF100 174.218
ai22 6 2030 SSBFabc 69.6872
ai22 6 2030 SSBFofl 60.9763
ai22 6 2030 SSBLCI 35.8726
ai22 6 2030 SSBUCI 120.029
ai22 6 2030 SSBMedian 58.0664
ai22 6 2030 SSBMean 65.9408
ai22 6 2031 SSBF100 174.218
ai22 6 2031 SSBFabc 69.6872
ai22 6 2031 SSBFofl 60.9763
ai22 6 2031 SSBLCI 36.2778
ai22 6 2031 SSBUCI 122.234
ai22 6 2031 SSBMedian 59.3622
ai22 6 2031 SSBMean 67.0976
ai22 6 2032 SSBF100 174.218
ai22 6 2032 SSBFabc 69.6872
ai22 6 2032 SSBFofl 60.9763
ai22 6 2032 SSBLCI 35.8999
ai22 6 2032 SSBUCI 122.995
ai22 6 2032 SSBMedian 59.8265
ai22 6 2032 SSBMean 67.4535
ai22 6 2033 SSBF100 174.218
ai22 6 2033 SSBFabc 69.6872
ai22 6 2033 SSBFofl 60.9763
ai22 6 2033 SSBLCI 35.6485
ai22 6 2033 SSBUCI 121.115
ai22 6 2033 SSBMedian 60.2408
ai22 6 2033 SSBMean 67.3192
ai22 6 2034 SSBF100 174.218
ai22 6 2034 SSBFabc 69.6872
ai22 6 2034 SSBFofl 60.9763
ai22 6 2034 SSBLCI 35.3805
ai22 6 2034 SSBUCI 121.995
ai22 6 2034 SSBMedian 59.8101
ai22 6 2034 SSBMean 67.0603
ai22 6 2035 SSBF100 174.218
ai22 6 2035 SSBFabc 69.6872
ai22 6 2035 SSBFofl 60.9763
ai22 6 2035 SSBLCI 35.813
ai22 6 2035 SSBUCI 121.142
ai22 6 2035 SSBMedian 59.2695
ai22 6 2035 SSBMean 66.5072
ai22 6 2036 SSBF100 174.218
ai22 6 2036 SSBFabc 69.6872
ai22 6 2036 SSBFofl 60.9763
ai22 6 2036 SSBLCI 35.5223
ai22 6 2036 SSBUCI 120.784
ai22 6 2036 SSBMedian 58.4946
ai22 6 2036 SSBMean 66.0136
ai22 6 2022 F0 0 
ai22 6 2022 Fabc 0.305473
ai22 6 2022 Fofl 0.37995
ai22 6 2022  F_LCI 0.018114
ai22 6 2022  F_UCI 0.018114
ai22 6 2022  F_Median 0.018114
ai22 6 2022  F_Mean 0.018114
ai22 6 2023 F0 0 
ai22 6 2023 Fabc 0.305473
ai22 6 2023 Fofl 0.37995
ai22 6 2023  F_LCI 0.379949
ai22 6 2023  F_UCI 0.379949
ai22 6 2023  F_Median 0.379949
ai22 6 2023  F_Mean 0.379949
ai22 6 2024 F0 0 
ai22 6 2024 Fabc 0.305473
ai22 6 2024 Fofl 0.37995
ai22 6 2024  F_LCI 0.31701
ai22 6 2024  F_UCI 0.317188
ai22 6 2024  F_Median 0.31703
ai22 6 2024  F_Mean 0.317056
ai22 6 2025 F0 0 
ai22 6 2025 Fabc 0.305473
ai22 6 2025 Fofl 0.37995
ai22 6 2025  F_LCI 0.280701
ai22 6 2025  F_UCI 0.288336
ai22 6 2025  F_Median 0.281575
ai22 6 2025  F_Mean 0.282665
ai22 6 2026 F0 0 
ai22 6 2026 Fabc 0.305473
ai22 6 2026 Fofl 0.37995
ai22 6 2026  F_LCI 0.254027
ai22 6 2026  F_UCI 0.365057
ai22 6 2026  F_Median 0.26763
ai22 6 2026  F_Mean 0.280362
ai22 6 2027 F0 0 
ai22 6 2027 Fabc 0.305473
ai22 6 2027 Fofl 0.37995
ai22 6 2027  F_LCI 0.225707
ai22 6 2027  F_UCI 0.37995
ai22 6 2027  F_Median 0.270976
ai22 6 2027  F_Mean 0.286113
ai22 6 2028 F0 0 
ai22 6 2028 Fabc 0.305473
ai22 6 2028 Fofl 0.37995
ai22 6 2028  F_LCI 0.2033
ai22 6 2028  F_UCI 0.37995
ai22 6 2028  F_Median 0.287086
ai22 6 2028  F_Mean 0.294283
ai22 6 2029 F0 0 
ai22 6 2029 Fabc 0.305473
ai22 6 2029 Fofl 0.37995
ai22 6 2029  F_LCI 0.189204
ai22 6 2029  F_UCI 0.37995
ai22 6 2029  F_Median 0.305693
ai22 6 2029  F_Mean 0.30266
ai22 6 2030 F0 0 
ai22 6 2030 Fabc 0.305473
ai22 6 2030 Fofl 0.37995
ai22 6 2030  F_LCI 0.185882
ai22 6 2030  F_UCI 0.37995
ai22 6 2030  F_Median 0.313256
ai22 6 2030  F_Mean 0.306883
ai22 6 2031 F0 0 
ai22 6 2031 Fabc 0.305473
ai22 6 2031 Fofl 0.37995
ai22 6 2031  F_LCI 0.188207
ai22 6 2031  F_UCI 0.37995
ai22 6 2031  F_Median 0.320693
ai22 6 2031  F_Mean 0.308554
ai22 6 2032 F0 0 
ai22 6 2032 Fabc 0.305473
ai22 6 2032 Fofl 0.37995
ai22 6 2032  F_LCI 0.186039
ai22 6 2032  F_UCI 0.37995
ai22 6 2032  F_Median 0.323357
ai22 6 2032  F_Mean 0.310358
ai22 6 2033 F0 0 
ai22 6 2033 Fabc 0.305473
ai22 6 2033 Fofl 0.37995
ai22 6 2033  F_LCI 0.184595
ai22 6 2033  F_UCI 0.37995
ai22 6 2033  F_Median 0.325735
ai22 6 2033  F_Mean 0.310321
ai22 6 2034 F0 0 
ai22 6 2034 Fabc 0.305473
ai22 6 2034 Fofl 0.37995
ai22 6 2034  F_LCI 0.183057
ai22 6 2034  F_UCI 0.37995
ai22 6 2034  F_Median 0.323263
ai22 6 2034  F_Mean 0.310159
ai22 6 2035 F0 0 
ai22 6 2035 Fabc 0.305473
ai22 6 2035 Fofl 0.37995
ai22 6 2035  F_LCI 0.18554
ai22 6 2035  F_UCI 0.37995
ai22 6 2035  F_Median 0.320161
ai22 6 2035  F_Mean 0.308478
ai22 6 2036 F0 0 
ai22 6 2036 Fabc 0.305473
ai22 6 2036 Fofl 0.37995
ai22 6 2036  F_LCI 0.183871
ai22 6 2036  F_UCI 0.37995
ai22 6 2036  F_Median 0.315713
ai22 6 2036  F_Mean 0.307972
ai22 7 2022 Cabc 38.0719
ai22 7 2022 Cofl 40.258
ai22 7 2022 CLCI 3
ai22 7 2022 CUCI 3
ai22 7 2022 CMedian 3
ai22 7 2022 CMean 3
ai22 7 2022 CStdn 3.95239e-014
ai22 7 2023 Cabc 38.0719
ai22 7 2023 Cofl 40.258
ai22 7 2023 CLCI 43.3412
ai22 7 2023 CUCI 43.6235
ai22 7 2023 CMedian 43.3728
ai22 7 2023 CMean 43.4133
ai22 7 2023 CStdn 0.115344
ai22 7 2024 Cabc 38.0719
ai22 7 2024 Cofl 40.258
ai22 7 2024 CLCI 30.5979
ai22 7 2024 CUCI 31.36
ai22 7 2024 CMedian 30.7211
ai22 7 2024 CMean 30.822
ai22 7 2024 CStdn 0.300204
ai22 7 2025 Cabc 38.0719
ai22 7 2025 Cofl 40.258
ai22 7 2025 CLCI 29.4735
ai22 7 2025 CUCI 32.5515
ai22 7 2025 CMedian 29.9747
ai22 7 2025 CMean 30.3739
ai22 7 2025 CStdn 1.25274
ai22 7 2026 Cabc 38.0719
ai22 7 2026 Cofl 40.258
ai22 7 2026 CLCI 24.0133
ai22 7 2026 CUCI 40.7738
ai22 7 2026 CMedian 26.2162
ai22 7 2026 CMean 28.2578
ai22 7 2026 CStdn 5.49503
ai22 7 2027 Cabc 38.0719
ai22 7 2027 Cofl 40.258
ai22 7 2027 CLCI 19.7382
ai22 7 2027 CUCI 49.933
ai22 7 2027 CMedian 25.867
ai22 7 2027 CMean 29.6175
ai22 7 2027 CStdn 10.8206
ai22 7 2028 Cabc 38.0719
ai22 7 2028 Cofl 40.258
ai22 7 2028 CLCI 16.3882
ai22 7 2028 CUCI 63.0735
ai22 7 2028 CMedian 28.0715
ai22 7 2028 CMean 32.6667
ai22 7 2028 CStdn 16.4379
ai22 7 2029 Cabc 38.0719
ai22 7 2029 Cofl 40.258
ai22 7 2029 CLCI 13.9826
ai22 7 2029 CUCI 73.963
ai22 7 2029 CMedian 30.7847
ai22 7 2029 CMean 35.7706
ai22 7 2029 CStdn 19.9044
ai22 7 2030 Cabc 38.0719
ai22 7 2030 Cofl 40.258
ai22 7 2030 CLCI 12.7126
ai22 7 2030 CUCI 76.8548
ai22 7 2030 CMedian 33.1242
ai22 7 2030 CMean 37.9453
ai22 7 2030 CStdn 21.7056
ai22 7 2031 Cabc 38.0719
ai22 7 2031 Cofl 40.258
ai22 7 2031 CLCI 13.2407
ai22 7 2031 CUCI 79.1618
ai22 7 2031 CMedian 33.9588
ai22 7 2031 CMean 39.0403
ai22 7 2031 CStdn 22.6047
ai22 7 2032 Cabc 38.0719
ai22 7 2032 Cofl 40.258
ai22 7 2032 CLCI 12.9534
ai22 7 2032 CUCI 80.0125
ai22 7 2032 CMedian 34.4266
ai22 7 2032 CMean 39.5446
ai22 7 2032 CStdn 22.9111
ai22 7 2033 Cabc 38.0719
ai22 7 2033 Cofl 40.258
ai22 7 2033 CLCI 12.4953
ai22 7 2033 CUCI 81.0381
ai22 7 2033 CMedian 34.497
ai22 7 2033 CMean 39.4923
ai22 7 2033 CStdn 22.704
ai22 7 2034 Cabc 38.0719
ai22 7 2034 Cofl 40.258
ai22 7 2034 CLCI 12.3491
ai22 7 2034 CUCI 79.6033
ai22 7 2034 CMedian 35.0226
ai22 7 2034 CMean 39.2617
ai22 7 2034 CStdn 22.0492
ai22 7 2035 Cabc 38.0719
ai22 7 2035 Cofl 40.258
ai22 7 2035 CLCI 12.7573
ai22 7 2035 CUCI 78.733
ai22 7 2035 CMedian 33.6835
ai22 7 2035 CMean 38.8177
ai22 7 2035 CStdn 21.7917
ai22 7 2036 Cabc 38.0719
ai22 7 2036 Cofl 40.258
ai22 7 2036 CLCI 12.5942
ai22 7 2036 CUCI 80.1059
ai22 7 2036 CMedian 33.2941
ai22 7 2036 CMean 38.4868
ai22 7 2036 CStdn 21.8106
ai22 7 2022 SSBF100 174.218
ai22 7 2022 SSBFabc 69.6872
ai22 7 2022 SSBFofl 60.9763
ai22 7 2022 SSBLCI 79.8069
ai22 7 2022 SSBUCI 79.8069
ai22 7 2022 SSBMedian 79.8069
ai22 7 2022 SSBMean 79.8069
ai22 7 2023 SSBF100 174.218
ai22 7 2023 SSBFabc 69.6872
ai22 7 2023 SSBFofl 60.9763
ai22 7 2023 SSBLCI 75.3276
ai22 7 2023 SSBUCI 75.3276
ai22 7 2023 SSBMedian 75.3276
ai22 7 2023 SSBMean 75.3276
ai22 7 2024 SSBF100 174.218
ai22 7 2024 SSBFabc 69.6872
ai22 7 2024 SSBFofl 60.9763
ai22 7 2024 SSBLCI 62.3517
ai22 7 2024 SSBUCI 62.3829
ai22 7 2024 SSBMedian 62.3552
ai22 7 2024 SSBMean 62.3596
ai22 7 2025 SSBF100 174.218
ai22 7 2025 SSBFabc 69.6872
ai22 7 2025 SSBFofl 60.9763
ai22 7 2025 SSBLCI 56.051
ai22 7 2025 SSBUCI 57.3805
ai22 7 2025 SSBMedian 56.2031
ai22 7 2025 SSBMean 56.393
ai22 7 2026 SSBF100 174.218
ai22 7 2026 SSBFabc 69.6872
ai22 7 2026 SSBFofl 60.9763
ai22 7 2026 SSBLCI 49.6331
ai22 7 2026 SSBUCI 68.9431
ai22 7 2026 SSBMedian 51.9988
ai22 7 2026 SSBMean 54.7195
ai22 7 2027 SSBF100 174.218
ai22 7 2027 SSBFabc 69.6872
ai22 7 2027 SSBFofl 60.9763
ai22 7 2027 SSBLCI 43.781
ai22 7 2027 SSBUCI 87.998
ai22 7 2027 SSBMedian 51.6375
ai22 7 2027 SSBMean 56.9449
ai22 7 2028 SSBF100 174.218
ai22 7 2028 SSBFabc 69.6872
ai22 7 2028 SSBFofl 60.9763
ai22 7 2028 SSBLCI 39.3904
ai22 7 2028 SSBUCI 107.919
ai22 7 2028 SSBMedian 53.9396
ai22 7 2028 SSBMean 60.6239
ai22 7 2029 SSBF100 174.218
ai22 7 2029 SSBFabc 69.6872
ai22 7 2029 SSBFofl 60.9763
ai22 7 2029 SSBLCI 36.6734
ai22 7 2029 SSBUCI 115.913
ai22 7 2029 SSBMedian 56.9352
ai22 7 2029 SSBMean 63.795
ai22 7 2030 SSBF100 174.218
ai22 7 2030 SSBFabc 69.6872
ai22 7 2030 SSBFofl 60.9763
ai22 7 2030 SSBLCI 35.9684
ai22 7 2030 SSBUCI 120.061
ai22 7 2030 SSBMedian 58.0869
ai22 7 2030 SSBMean 65.9975
ai22 7 2031 SSBF100 174.218
ai22 7 2031 SSBFabc 69.6872
ai22 7 2031 SSBFofl 60.9763
ai22 7 2031 SSBLCI 36.2938
ai22 7 2031 SSBUCI 122.279
ai22 7 2031 SSBMedian 59.3433
ai22 7 2031 SSBMean 67.1067
ai22 7 2032 SSBF100 174.218
ai22 7 2032 SSBFabc 69.6872
ai22 7 2032 SSBFofl 60.9763
ai22 7 2032 SSBLCI 35.917
ai22 7 2032 SSBUCI 122.976
ai22 7 2032 SSBMedian 59.8133
ai22 7 2032 SSBMean 67.4471
ai22 7 2033 SSBF100 174.218
ai22 7 2033 SSBFabc 69.6872
ai22 7 2033 SSBFofl 60.9763
ai22 7 2033 SSBLCI 35.6431
ai22 7 2033 SSBUCI 121.126
ai22 7 2033 SSBMedian 60.2426
ai22 7 2033 SSBMean 67.3109
ai22 7 2034 SSBF100 174.218
ai22 7 2034 SSBFabc 69.6872
ai22 7 2034 SSBFofl 60.9763
ai22 7 2034 SSBLCI 35.3736
ai22 7 2034 SSBUCI 121.977
ai22 7 2034 SSBMedian 59.802
ai22 7 2034 SSBMean 67.0543
ai22 7 2035 SSBF100 174.218
ai22 7 2035 SSBFabc 69.6872
ai22 7 2035 SSBFofl 60.9763
ai22 7 2035 SSBLCI 35.8087
ai22 7 2035 SSBUCI 121.135
ai22 7 2035 SSBMedian 59.2664
ai22 7 2035 SSBMean 66.5036
ai22 7 2036 SSBF100 174.218
ai22 7 2036 SSBFabc 69.6872
ai22 7 2036 SSBFofl 60.9763
ai22 7 2036 SSBLCI 35.5223
ai22 7 2036 SSBUCI 120.782
ai22 7 2036 SSBMedian 58.4937
ai22 7 2036 SSBMean 66.0118
ai22 7 2022 F0 0 
ai22 7 2022 Fabc 0.305473
ai22 7 2022 Fofl 0.37995
ai22 7 2022  F_LCI 0.018114
ai22 7 2022  F_UCI 0.018114
ai22 7 2022  F_Median 0.018114
ai22 7 2022  F_Mean 0.018114
ai22 7 2023 F0 0 
ai22 7 2023 Fabc 0.305473
ai22 7 2023 Fofl 0.37995
ai22 7 2023  F_LCI 0.305473
ai22 7 2023  F_UCI 0.305473
ai22 7 2023  F_Median 0.305473
ai22 7 2023  F_Mean 0.305473
ai22 7 2024 F0 0 
ai22 7 2024 Fabc 0.305473
ai22 7 2024 Fofl 0.37995
ai22 7 2024  F_LCI 0.271625
ai22 7 2024  F_UCI 0.271769
ai22 7 2024  F_Median 0.271641
ai22 7 2024  F_Mean 0.271662
ai22 7 2025 F0 0 
ai22 7 2025 Fabc 0.305473
ai22 7 2025 Fofl 0.37995
ai22 7 2025  F_LCI 0.301689
ai22 7 2025  F_UCI 0.309319
ai22 7 2025  F_Median 0.302562
ai22 7 2025  F_Mean 0.303652
ai22 7 2026 F0 0 
ai22 7 2026 Fabc 0.305473
ai22 7 2026 Fofl 0.37995
ai22 7 2026  F_LCI 0.264855
ai22 7 2026  F_UCI 0.375679
ai22 7 2026  F_Median 0.278433
ai22 7 2026  F_Mean 0.290688
ai22 7 2027 F0 0 
ai22 7 2027 Fabc 0.305473
ai22 7 2027 Fofl 0.37995
ai22 7 2027  F_LCI 0.231269
ai22 7 2027  F_UCI 0.37995
ai22 7 2027  F_Median 0.276359
ai22 7 2027  F_Mean 0.290766
ai22 7 2028 F0 0 
ai22 7 2028 Fabc 0.305473
ai22 7 2028 Fofl 0.37995
ai22 7 2028  F_LCI 0.206071
ai22 7 2028  F_UCI 0.37995
ai22 7 2028  F_Median 0.289571
ai22 7 2028  F_Mean 0.2962
ai22 7 2029 F0 0 
ai22 7 2029 Fabc 0.305473
ai22 7 2029 Fofl 0.37995
ai22 7 2029  F_LCI 0.190478
ai22 7 2029  F_UCI 0.37995
ai22 7 2029  F_Median 0.306763
ai22 7 2029  F_Mean 0.303362
ai22 7 2030 F0 0 
ai22 7 2030 Fabc 0.305473
ai22 7 2030 Fofl 0.37995
ai22 7 2030  F_LCI 0.186432
ai22 7 2030  F_UCI 0.37995
ai22 7 2030  F_Median 0.313373
ai22 7 2030  F_Mean 0.307102
ai22 7 2031 F0 0 
ai22 7 2031 Fabc 0.305473
ai22 7 2031 Fofl 0.37995
ai22 7 2031  F_LCI 0.188299
ai22 7 2031  F_UCI 0.37995
ai22 7 2031  F_Median 0.320584
ai22 7 2031  F_Mean 0.308596
ai22 7 2032 F0 0 
ai22 7 2032 Fabc 0.305473
ai22 7 2032 Fofl 0.37995
ai22 7 2032  F_LCI 0.186136
ai22 7 2032  F_UCI 0.37995
ai22 7 2032  F_Median 0.323281
ai22 7 2032  F_Mean 0.310342
ai22 7 2033 F0 0 
ai22 7 2033 Fabc 0.305473
ai22 7 2033 Fofl 0.37995
ai22 7 2033  F_LCI 0.184565
ai22 7 2033  F_UCI 0.37995
ai22 7 2033  F_Median 0.325745
ai22 7 2033  F_Mean 0.310296
ai22 7 2034 F0 0 
ai22 7 2034 Fabc 0.305473
ai22 7 2034 Fofl 0.37995
ai22 7 2034  F_LCI 0.183018
ai22 7 2034  F_UCI 0.37995
ai22 7 2034  F_Median 0.323216
ai22 7 2034  F_Mean 0.310141
ai22 7 2035 F0 0 
ai22 7 2035 Fabc 0.305473
ai22 7 2035 Fofl 0.37995
ai22 7 2035  F_LCI 0.185515
ai22 7 2035  F_UCI 0.37995
ai22 7 2035  F_Median 0.320143
ai22 7 2035  F_Mean 0.308467
ai22 7 2036 F0 0 
ai22 7 2036 Fabc 0.305473
ai22 7 2036 Fofl 0.37995
ai22 7 2036  F_LCI 0.183871
ai22 7 2036  F_UCI 0.37995
ai22 7 2036  F_Median 0.315708
ai22 7 2036  F_Mean 0.307967
