
SB0 SB40 SB35 MeanRec HarMeanRec Bnow
174.218 69.6872 60.9763 0.128356 0.0455739 82.8099 
CV Recruit
1.34775 
Alternative 1 Alternative  Stock: ai22
Catch ai22
Year C0 Cabc Cofl LowCI_Catch Median_Catch Mean_Catch UpperCI_Catch Stdev_Catch 
2022  0 38.0719 40.258 3 3 3 3 3.95239e-014 
2023  0 38.0719 40.258 19 19 19 19 4.80919e-007 
2024  0 38.0719 40.258 19 19 19 19 1.59386e-006 
2025  0 38.0719 40.258 19 19 19 19 1.51823e-006 
2026  0 38.0719 40.258 19 19 19 19 1.14009e-006 
2027  0 38.0719 40.258 19 19 19 19 2.6494e-006 
2028  0 38.0719 40.258 19 19 19 19 4.86403e-006 
2029  0 38.0719 40.258 19 19 19 19 4.72695e-006 
2030  0 38.0719 40.258 19 19 19 19 5.06065e-006 
2031  0 38.0719 40.258 19 19 19 19 4.97581e-006 
2032  0 38.0719 40.258 19 19 19 19 4.86337e-006 
2033  0 38.0719 40.258 19 19 19 19 4.89313e-006 
2034  0 38.0719 40.258 19 19 19 19 4.97565e-006 
2035  0 38.0719 40.258 19 19 19 19 4.82517e-006 
2036  0 38.0719 40.258 11.6339 57.2115 61.6846 124.844 35.3843 

Spawning_Biomass ai22
Year SSB100 SSBabc SSBofl LowCI_SSB Median_SSB Mean_SSB UpperCI_SSB Stdev_SSB 
2022 174.218 69.6872 60.9763 79.8069 79.8069 79.8069 79.8069 1.7053e-012 
2023 174.218 69.6872 60.9763 77.3378 77.3388 77.34 77.3466 0.00358137 
2024 174.218 69.6872 60.9763 72.6221 72.6354 72.6496 72.7253 0.0417634 
2025 174.218 69.6872 60.9763 69.52 69.7203 69.9512 71.1663 0.670579 
2026 174.218 69.6872 60.9763 65.0423 67.7555 70.7207 86.583 8.80682 
2027 174.218 69.6872 60.9763 58.9154 68.1908 74.6799 111.602 20.2056 
2028 174.218 69.6872 60.9763 52.6808 71.7558 80.7442 142.14 31.561 
2029 174.218 69.6872 60.9763 47.4993 77.2016 87.2768 162.466 39.0316 
2030 174.218 69.6872 60.9763 43.6322 82.3818 93.7667 177.038 45.8574 
2031 174.218 69.6872 60.9763 40.7609 88.878 99.6326 198.105 52.0637 
2032 174.218 69.6872 60.9763 41.7514 92.821 104.509 203.774 55.8744 
2033 174.218 69.6872 60.9763 40.4202 97.7146 108.443 211.335 58.0152 
2034 174.218 69.6872 60.9763 38.8217 100.231 111.639 217.347 58.8785 
2035 174.218 69.6872 60.9763 37.8519 103.895 113.789 221.643 59.7068 
2036 174.218 69.6872 60.9763 37.9782 102.876 112.029 220.399 57.5156 

Fishing_mortalityai22
Year F0 Fabc Fofl LowCI_F Median_F Mean_F UpperCI_F Stdev_F 
2022  0 0.305473 0.37995 0.018114 0.018114 0.018114 0.018114 1.04083e-017 
2023  0 0.305473 0.37995 0.123339 0.124039 0.123927 0.124128 0.000318492 
2024  0 0.305473 0.37995 0.135658 0.138173 0.137786 0.138665 0.0011455 
2025  0 0.305473 0.37995 0.138857 0.146611 0.145505 0.148452 0.00352272 
2026  0 0.305473 0.37995 0.126734 0.147774 0.144848 0.153372 0.00920443 
2027  0 0.305473 0.37995 0.102839 0.145505 0.140545 0.16153 0.0189175 
2028  0 0.305473 0.37995 0.0775745 0.14048 0.135957 0.177712 0.0307699 
2029  0 0.305473 0.37995 0.0610425 0.13155 0.132263 0.200881 0.0425831 
2030  0 0.305473 0.37995 0.053688 0.121881 0.129069 0.229401 0.0539844 
2031  0 0.305473 0.37995 0.0493744 0.113257 0.125879 0.249031 0.0622261 
2032  0 0.305473 0.37995 0.0453926 0.106174 0.123333 0.256685 0.0692049 
2033  0 0.305473 0.37995 0.0443127 0.101893 0.121595 0.254408 0.0767868 
2034  0 0.305473 0.37995 0.0432702 0.0976747 0.120259 0.266498 0.0844437 
2035  0 0.305473 0.37995 0.0418215 0.0939151 0.118834 0.267688 0.0882513 
2036  0 0.305473 0.37995 0.159162 0.305473 0.280932 0.305473 0.06219 

Total_Biomassai22
Year B100 Babc Bofl LowCI_Biom Median_Biom Mean_Biom UpperCI_Biom Stdev_Biom 
2022 1060.57 295.687 274.53 253.922 253.922 253.922 253.922 4.49063e-012 
2023 1060.57 295.687 274.53 251.941 257.294 264.173 299.847 19.5783 
2024 1060.57 295.687 274.53 235.947 253.995 265.892 338.258 37.2805 
2025 1060.57 295.687 274.53 219.848 257.663 275.1 391.24 61.4126 
2026 1060.57 295.687 274.53 205.606 267.312 289.147 451.771 83.9102 
2027 1060.57 295.687 274.53 192.686 280.235 305.904 502.925 106.529 
2028 1060.57 295.687 274.53 183.93 292.168 323.471 561.344 128.497 
2029 1060.57 295.687 274.53 176.676 311.994 340.182 608.188 144.517 
2030 1060.57 295.687 274.53 172.631 328.256 354.707 631.435 156.383 
2031 1060.57 295.687 274.53 169.1 336.8 367.255 658.82 163.8 
2032 1060.57 295.687 274.53 167.315 345.478 376.445 663.729 168.804 
2033 1060.57 295.687 274.53 162.532 356.103 383.906 699.313 171.766 
2034 1060.57 295.687 274.53 163.537 366.503 390.228 712.202 172.043 
2035 1060.57 295.687 274.53 170.581 370.223 395.185 718.493 172.033 
2036 1060.57 295.687 274.53 177.156 372.269 399.822 718.554 171.099 
Alternative 2 Alternative  Stock: ai22
Catch ai22
Year C0 Cabc Cofl LowCI_Catch Median_Catch Mean_Catch UpperCI_Catch Stdev_Catch 
2022  0 38.0719 40.258 3 3 3 3 3.95239e-014 
2023  0 38.0719 40.258 19 19 19 19 4.80919e-007 
2024  0 38.0719 40.258 19 19 19 19 1.59386e-006 
2025  0 38.0719 40.258 19 19 19 19 1.51823e-006 
2026  0 38.0719 40.258 19 19 19 19 1.14009e-006 
2027  0 38.0719 40.258 19 19 19 19 2.6494e-006 
2028  0 38.0719 40.258 19 19 19 19 4.86403e-006 
2029  0 38.0719 40.258 19 19 19 19 4.72695e-006 
2030  0 38.0719 40.258 19 19 19 19 5.06065e-006 
2031  0 38.0719 40.258 19 19 19 19 4.97581e-006 
2032  0 38.0719 40.258 19 19 19 19 4.86337e-006 
2033  0 38.0719 40.258 19 19 19 19 4.89313e-006 
2034  0 38.0719 40.258 19 19 19 19 4.97565e-006 
2035  0 38.0719 40.258 19 19 19 19 4.82517e-006 
2036  0 38.0719 40.258 11.6339 57.2115 61.6846 124.844 35.3843 

Spawning_Biomass ai22
Year SSB100 SSBabc SSBofl LowCI_SSB Median_SSB Mean_SSB UpperCI_SSB Stdev_SSB 
2022 174.218 69.6872 60.9763 79.8069 79.8069 79.8069 79.8069 1.7053e-012 
2023 174.218 69.6872 60.9763 77.3378 77.3388 77.34 77.3466 0.00358137 
2024 174.218 69.6872 60.9763 72.6221 72.6354 72.6496 72.7253 0.0417634 
2025 174.218 69.6872 60.9763 69.52 69.7203 69.9512 71.1663 0.670579 
2026 174.218 69.6872 60.9763 65.0423 67.7555 70.7207 86.583 8.80682 
2027 174.218 69.6872 60.9763 58.9154 68.1908 74.6799 111.602 20.2056 
2028 174.218 69.6872 60.9763 52.6808 71.7558 80.7442 142.14 31.561 
2029 174.218 69.6872 60.9763 47.4993 77.2016 87.2768 162.466 39.0316 
2030 174.218 69.6872 60.9763 43.6322 82.3818 93.7667 177.038 45.8574 
2031 174.218 69.6872 60.9763 40.7609 88.878 99.6326 198.105 52.0637 
2032 174.218 69.6872 60.9763 41.7514 92.821 104.509 203.774 55.8744 
2033 174.218 69.6872 60.9763 40.4202 97.7146 108.443 211.335 58.0152 
2034 174.218 69.6872 60.9763 38.8217 100.231 111.639 217.347 58.8785 
2035 174.218 69.6872 60.9763 37.8519 103.895 113.789 221.643 59.7068 
2036 174.218 69.6872 60.9763 37.9782 102.876 112.029 220.399 57.5156 

Fishing_mortalityai22
Year F0 Fabc Fofl LowCI_F Median_F Mean_F UpperCI_F Stdev_F 
2022  0 0.305473 0.37995 0.018114 0.018114 0.018114 0.018114 1.04083e-017 
2023  0 0.305473 0.37995 0.123339 0.124039 0.123927 0.124128 0.000318492 
2024  0 0.305473 0.37995 0.135658 0.138173 0.137786 0.138665 0.0011455 
2025  0 0.305473 0.37995 0.138857 0.146611 0.145505 0.148452 0.00352272 
2026  0 0.305473 0.37995 0.126734 0.147774 0.144848 0.153372 0.00920443 
2027  0 0.305473 0.37995 0.102839 0.145505 0.140545 0.16153 0.0189175 
2028  0 0.305473 0.37995 0.0775745 0.14048 0.135957 0.177712 0.0307699 
2029  0 0.305473 0.37995 0.0610425 0.13155 0.132263 0.200881 0.0425831 
2030  0 0.305473 0.37995 0.053688 0.121881 0.129069 0.229401 0.0539844 
2031  0 0.305473 0.37995 0.0493744 0.113257 0.125879 0.249031 0.0622261 
2032  0 0.305473 0.37995 0.0453926 0.106174 0.123333 0.256685 0.0692049 
2033  0 0.305473 0.37995 0.0443127 0.101893 0.121595 0.254408 0.0767868 
2034  0 0.305473 0.37995 0.0432702 0.0976747 0.120259 0.266498 0.0844437 
2035  0 0.305473 0.37995 0.0418215 0.0939151 0.118834 0.267688 0.0882513 
2036  0 0.305473 0.37995 0.159162 0.305473 0.280932 0.305473 0.06219 

Total_Biomassai22
Year B100 Babc Bofl LowCI_Biom Median_Biom Mean_Biom UpperCI_Biom Stdev_Biom 
2022 1060.57 295.687 274.53 253.922 253.922 253.922 253.922 4.49063e-012 
2023 1060.57 295.687 274.53 251.941 257.294 264.173 299.847 19.5783 
2024 1060.57 295.687 274.53 235.947 253.995 265.892 338.258 37.2805 
2025 1060.57 295.687 274.53 219.848 257.663 275.1 391.24 61.4126 
2026 1060.57 295.687 274.53 205.606 267.312 289.147 451.771 83.9102 
2027 1060.57 295.687 274.53 192.686 280.235 305.904 502.925 106.529 
2028 1060.57 295.687 274.53 183.93 292.168 323.471 561.344 128.497 
2029 1060.57 295.687 274.53 176.676 311.994 340.182 608.188 144.517 
2030 1060.57 295.687 274.53 172.631 328.256 354.707 631.435 156.383 
2031 1060.57 295.687 274.53 169.1 336.8 367.255 658.82 163.8 
2032 1060.57 295.687 274.53 167.315 345.478 376.445 663.729 168.804 
2033 1060.57 295.687 274.53 162.532 356.103 383.906 699.313 171.766 
2034 1060.57 295.687 274.53 163.537 366.503 390.228 712.202 172.043 
2035 1060.57 295.687 274.53 170.581 370.223 395.185 718.493 172.033 
2036 1060.57 295.687 274.53 177.156 372.269 399.822 718.554 171.099 
Alternative 3 Alternative  Stock: ai22
Catch ai22
Year C0 Cabc Cofl LowCI_Catch Median_Catch Mean_Catch UpperCI_Catch Stdev_Catch 
2022  0 38.0719 40.258 3 3 3 3 3.95239e-014 
2023  0 38.0719 40.258 19 19 19 19 4.80919e-007 
2024  0 38.0719 40.258 19 19 19 19 1.59386e-006 
2025  0 38.0719 40.258 19 19 19 19 1.51823e-006 
2026  0 38.0719 40.258 19 19 19 19 1.14009e-006 
2027  0 38.0719 40.258 19 19 19 19 2.6494e-006 
2028  0 38.0719 40.258 19 19 19 19 4.86403e-006 
2029  0 38.0719 40.258 19 19 19 19 4.72695e-006 
2030  0 38.0719 40.258 19 19 19 19 5.06065e-006 
2031  0 38.0719 40.258 19 19 19 19 4.97581e-006 
2032  0 38.0719 40.258 19 19 19 19 4.86337e-006 
2033  0 38.0719 40.258 19 19 19 19 4.89313e-006 
2034  0 38.0719 40.258 19 19 19 19 4.97565e-006 
2035  0 38.0719 40.258 19 19 19 19 4.82517e-006 
2036  0 38.0719 40.258 1.95279 5.50703 6.08247 12.061 3.21882 

Spawning_Biomass ai22
Year SSB100 SSBabc SSBofl LowCI_SSB Median_SSB Mean_SSB UpperCI_SSB Stdev_SSB 
2022 174.218 69.6872 60.9763 79.8069 79.8069 79.8069 79.8069 1.7053e-012 
2023 174.218 69.6872 60.9763 77.3378 77.3388 77.34 77.3466 0.00358137 
2024 174.218 69.6872 60.9763 72.6221 72.6354 72.6496 72.7253 0.0417634 
2025 174.218 69.6872 60.9763 69.52 69.7203 69.9512 71.1663 0.670579 
2026 174.218 69.6872 60.9763 65.0423 67.7555 70.7207 86.583 8.80682 
2027 174.218 69.6872 60.9763 58.9154 68.1908 74.6799 111.602 20.2056 
2028 174.218 69.6872 60.9763 52.6808 71.7558 80.7442 142.14 31.561 
2029 174.218 69.6872 60.9763 47.4993 77.2016 87.2768 162.466 39.0316 
2030 174.218 69.6872 60.9763 43.6322 82.3818 93.7667 177.038 45.8574 
2031 174.218 69.6872 60.9763 40.7609 88.878 99.6326 198.105 52.0637 
2032 174.218 69.6872 60.9763 41.7514 92.821 104.509 203.774 55.8744 
2033 174.218 69.6872 60.9763 40.4202 97.7146 108.443 211.335 58.0152 
2034 174.218 69.6872 60.9763 38.8217 100.231 111.639 217.347 58.8785 
2035 174.218 69.6872 60.9763 37.8519 103.895 113.789 221.643 59.7068 
2036 174.218 69.6872 60.9763 38.5909 106.05 116.18 229.907 59.9468 

Fishing_mortalityai22
Year F0 Fabc Fofl LowCI_F Median_F Mean_F UpperCI_F Stdev_F 
2022  0 0.305473 0.37995 0.018114 0.018114 0.018114 0.018114 1.04083e-017 
2023  0 0.305473 0.37995 0.123339 0.124039 0.123927 0.124128 0.000318492 
2024  0 0.305473 0.37995 0.135658 0.138173 0.137786 0.138665 0.0011455 
2025  0 0.305473 0.37995 0.138857 0.146611 0.145505 0.148452 0.00352272 
2026  0 0.305473 0.37995 0.126734 0.147774 0.144848 0.153372 0.00920443 
2027  0 0.305473 0.37995 0.102839 0.145505 0.140545 0.16153 0.0189175 
2028  0 0.305473 0.37995 0.0775745 0.14048 0.135957 0.177712 0.0307699 
2029  0 0.305473 0.37995 0.0610425 0.13155 0.132263 0.200881 0.0425831 
2030  0 0.305473 0.37995 0.053688 0.121881 0.129069 0.229401 0.0539844 
2031  0 0.305473 0.37995 0.0493744 0.113257 0.125879 0.249031 0.0622261 
2032  0 0.305473 0.37995 0.0453926 0.106174 0.123333 0.256685 0.0692049 
2033  0 0.305473 0.37995 0.0443127 0.101893 0.121595 0.254408 0.0767868 
2034  0 0.305473 0.37995 0.0432702 0.0976747 0.120259 0.266498 0.0844437 
2035  0 0.305473 0.37995 0.0418215 0.0939151 0.118834 0.267688 0.0882513 
2036  0 0.305473 0.37995 0.0262659 0.0262659 0.0262659 0.0262659 4.61436e-016 

Total_Biomassai22
Year B100 Babc Bofl LowCI_Biom Median_Biom Mean_Biom UpperCI_Biom Stdev_Biom 
2022 1060.57 295.687 274.53 253.922 253.922 253.922 253.922 4.49063e-012 
2023 1060.57 295.687 274.53 251.941 257.294 264.173 299.847 19.5783 
2024 1060.57 295.687 274.53 235.947 253.995 265.892 338.258 37.2805 
2025 1060.57 295.687 274.53 219.848 257.663 275.1 391.24 61.4126 
2026 1060.57 295.687 274.53 205.606 267.312 289.147 451.771 83.9102 
2027 1060.57 295.687 274.53 192.686 280.235 305.904 502.925 106.529 
2028 1060.57 295.687 274.53 183.93 292.168 323.471 561.344 128.497 
2029 1060.57 295.687 274.53 176.676 311.994 340.182 608.188 144.517 
2030 1060.57 295.687 274.53 172.631 328.256 354.707 631.435 156.383 
2031 1060.57 295.687 274.53 169.1 336.8 367.255 658.82 163.8 
2032 1060.57 295.687 274.53 167.315 345.478 376.445 663.729 168.804 
2033 1060.57 295.687 274.53 162.532 356.103 383.906 699.313 171.766 
2034 1060.57 295.687 274.53 163.537 366.503 390.228 712.202 172.043 
2035 1060.57 295.687 274.53 170.581 370.223 395.185 718.493 172.033 
2036 1060.57 295.687 274.53 177.156 372.269 399.822 718.554 171.099 
Alternative 4 Alternative  Stock: ai22
Catch ai22
Year C0 Cabc Cofl LowCI_Catch Median_Catch Mean_Catch UpperCI_Catch Stdev_Catch 
2022  0 38.0719 40.258 3 3 3 3 3.95239e-014 
2023  0 38.0719 40.258 19 19 19 19 4.80919e-007 
2024  0 38.0719 40.258 19 19 19 19 1.59386e-006 
2025  0 38.0719 40.258 19 19 19 19 1.51823e-006 
2026  0 38.0719 40.258 19 19 19 19 1.14009e-006 
2027  0 38.0719 40.258 19 19 19 19 2.6494e-006 
2028  0 38.0719 40.258 19 19 19 19 4.86403e-006 
2029  0 38.0719 40.258 19 19 19 19 4.72695e-006 
2030  0 38.0719 40.258 19 19 19 19 5.06065e-006 
2031  0 38.0719 40.258 19 19 19 19 4.97581e-006 
2032  0 38.0719 40.258 19 19 19 19 4.86337e-006 
2033  0 38.0719 40.258 19 19 19 19 4.89313e-006 
2034  0 38.0719 40.258 19 19 19 19 4.97565e-006 
2035  0 38.0719 40.258 19 19 19 19 4.82517e-006 
2036  0 38.0719 40.258 9.62715 27.0716 29.6186 58.9744 16.1311 

Spawning_Biomass ai22
Year SSB100 SSBabc SSBofl LowCI_SSB Median_SSB Mean_SSB UpperCI_SSB Stdev_SSB 
2022 174.218 69.6872 60.9763 79.8069 79.8069 79.8069 79.8069 1.7053e-012 
2023 174.218 69.6872 60.9763 77.3378 77.3388 77.34 77.3466 0.00358137 
2024 174.218 69.6872 60.9763 72.6221 72.6354 72.6496 72.7253 0.0417634 
2025 174.218 69.6872 60.9763 69.52 69.7203 69.9512 71.1663 0.670579 
2026 174.218 69.6872 60.9763 65.0423 67.7555 70.7207 86.583 8.80682 
2027 174.218 69.6872 60.9763 58.9154 68.1908 74.6799 111.602 20.2056 
2028 174.218 69.6872 60.9763 52.6808 71.7558 80.7442 142.14 31.561 
2029 174.218 69.6872 60.9763 47.4993 77.2016 87.2768 162.466 39.0316 
2030 174.218 69.6872 60.9763 43.6322 82.3818 93.7667 177.038 45.8574 
2031 174.218 69.6872 60.9763 40.7609 88.878 99.6326 198.105 52.0637 
2032 174.218 69.6872 60.9763 41.7514 92.821 104.509 203.774 55.8744 
2033 174.218 69.6872 60.9763 40.4202 97.7146 108.443 211.335 58.0152 
2034 174.218 69.6872 60.9763 38.8217 100.231 111.639 217.347 58.8785 
2035 174.218 69.6872 60.9763 37.8519 103.895 113.789 221.643 59.7068 
2036 174.218 69.6872 60.9763 38.0905 104.805 114.515 226.172 59.0251 

Fishing_mortalityai22
Year F0 Fabc Fofl LowCI_F Median_F Mean_F UpperCI_F Stdev_F 
2022  0 0.305473 0.37995 0.018114 0.018114 0.018114 0.018114 1.04083e-017 
2023  0 0.305473 0.37995 0.123339 0.124039 0.123927 0.124128 0.000318492 
2024  0 0.305473 0.37995 0.135658 0.138173 0.137786 0.138665 0.0011455 
2025  0 0.305473 0.37995 0.138857 0.146611 0.145505 0.148452 0.00352272 
2026  0 0.305473 0.37995 0.126734 0.147774 0.144848 0.153372 0.00920443 
2027  0 0.305473 0.37995 0.102839 0.145505 0.140545 0.16153 0.0189175 
2028  0 0.305473 0.37995 0.0775745 0.14048 0.135957 0.177712 0.0307699 
2029  0 0.305473 0.37995 0.0610425 0.13155 0.132263 0.200881 0.0425831 
2030  0 0.305473 0.37995 0.053688 0.121881 0.129069 0.229401 0.0539844 
2031  0 0.305473 0.37995 0.0493744 0.113257 0.125879 0.249031 0.0622261 
2032  0 0.305473 0.37995 0.0453926 0.106174 0.123333 0.256685 0.0692049 
2033  0 0.305473 0.37995 0.0443127 0.101893 0.121595 0.254408 0.0767868 
2034  0 0.305473 0.37995 0.0432702 0.0976747 0.120259 0.266498 0.0844437 
2035  0 0.305473 0.37995 0.0418215 0.0939151 0.118834 0.267688 0.0882513 
2036  0 0.305473 0.37995 0.134629 0.134629 0.130187 0.134629 0.0240497 

Total_Biomassai22
Year B100 Babc Bofl LowCI_Biom Median_Biom Mean_Biom UpperCI_Biom Stdev_Biom 
2022 1060.57 295.687 274.53 253.922 253.922 253.922 253.922 4.49063e-012 
2023 1060.57 295.687 274.53 251.941 257.294 264.173 299.847 19.5783 
2024 1060.57 295.687 274.53 235.947 253.995 265.892 338.258 37.2805 
2025 1060.57 295.687 274.53 219.848 257.663 275.1 391.24 61.4126 
2026 1060.57 295.687 274.53 205.606 267.312 289.147 451.771 83.9102 
2027 1060.57 295.687 274.53 192.686 280.235 305.904 502.925 106.529 
2028 1060.57 295.687 274.53 183.93 292.168 323.471 561.344 128.497 
2029 1060.57 295.687 274.53 176.676 311.994 340.182 608.188 144.517 
2030 1060.57 295.687 274.53 172.631 328.256 354.707 631.435 156.383 
2031 1060.57 295.687 274.53 169.1 336.8 367.255 658.82 163.8 
2032 1060.57 295.687 274.53 167.315 345.478 376.445 663.729 168.804 
2033 1060.57 295.687 274.53 162.532 356.103 383.906 699.313 171.766 
2034 1060.57 295.687 274.53 163.537 366.503 390.228 712.202 172.043 
2035 1060.57 295.687 274.53 170.581 370.223 395.185 718.493 172.033 
2036 1060.57 295.687 274.53 177.156 372.269 399.822 718.554 171.099 
Alternative 5 Alternative  Stock: ai22
Catch ai22
Year C0 Cabc Cofl LowCI_Catch Median_Catch Mean_Catch UpperCI_Catch Stdev_Catch 
2022  0 38.0719 40.258 3 3 3 3 3.95239e-014 
2023  0 38.0719 40.258 19 19 19 19 4.80919e-007 
2024  0 38.0719 40.258 19 19 19 19 1.59386e-006 
2025  0 38.0719 40.258 19 19 19 19 1.51823e-006 
2026  0 38.0719 40.258 19 19 19 19 1.14009e-006 
2027  0 38.0719 40.258 19 19 19 19 2.6494e-006 
2028  0 38.0719 40.258 19 19 19 19 4.86403e-006 
2029  0 38.0719 40.258 19 19 19 19 4.72695e-006 
2030  0 38.0719 40.258 19 19 19 19 5.06065e-006 
2031  0 38.0719 40.258 19 19 19 19 4.97581e-006 
2032  0 38.0719 40.258 19 19 19 19 4.86337e-006 
2033  0 38.0719 40.258 19 19 19 19 4.89313e-006 
2034  0 38.0719 40.258 19 19 19 19 4.97565e-006 
2035  0 38.0719 40.258 19 19 19 19 4.82517e-006 
2036  0 38.0719 40.258 0 0 0 0 0 

Spawning_Biomass ai22
Year SSB100 SSBabc SSBofl LowCI_SSB Median_SSB Mean_SSB UpperCI_SSB Stdev_SSB 
2022 174.218 69.6872 60.9763 79.8069 79.8069 79.8069 79.8069 1.7053e-012 
2023 174.218 69.6872 60.9763 77.3378 77.3388 77.34 77.3466 0.00358137 
2024 174.218 69.6872 60.9763 72.6221 72.6354 72.6496 72.7253 0.0417634 
2025 174.218 69.6872 60.9763 69.52 69.7203 69.9512 71.1663 0.670579 
2026 174.218 69.6872 60.9763 65.0423 67.7555 70.7207 86.583 8.80682 
2027 174.218 69.6872 60.9763 58.9154 68.1908 74.6799 111.602 20.2056 
2028 174.218 69.6872 60.9763 52.6808 71.7558 80.7442 142.14 31.561 
2029 174.218 69.6872 60.9763 47.4993 77.2016 87.2768 162.466 39.0316 
2030 174.218 69.6872 60.9763 43.6322 82.3818 93.7667 177.038 45.8574 
2031 174.218 69.6872 60.9763 40.7609 88.878 99.6326 198.105 52.0637 
2032 174.218 69.6872 60.9763 41.7514 92.821 104.509 203.774 55.8744 
2033 174.218 69.6872 60.9763 40.4202 97.7146 108.443 211.335 58.0152 
2034 174.218 69.6872 60.9763 38.8217 100.231 111.639 217.347 58.8785 
2035 174.218 69.6872 60.9763 37.8519 103.895 113.789 221.643 59.7068 
2036 174.218 69.6872 60.9763 38.7134 106.364 116.591 230.765 60.1675 

Fishing_mortalityai22
Year F0 Fabc Fofl LowCI_F Median_F Mean_F UpperCI_F Stdev_F 
2022  0 0.305473 0.37995 0.018114 0.018114 0.018114 0.018114 1.04083e-017 
2023  0 0.305473 0.37995 0.123339 0.124039 0.123927 0.124128 0.000318492 
2024  0 0.305473 0.37995 0.135658 0.138173 0.137786 0.138665 0.0011455 
2025  0 0.305473 0.37995 0.138857 0.146611 0.145505 0.148452 0.00352272 
2026  0 0.305473 0.37995 0.126734 0.147774 0.144848 0.153372 0.00920443 
2027  0 0.305473 0.37995 0.102839 0.145505 0.140545 0.16153 0.0189175 
2028  0 0.305473 0.37995 0.0775745 0.14048 0.135957 0.177712 0.0307699 
2029  0 0.305473 0.37995 0.0610425 0.13155 0.132263 0.200881 0.0425831 
2030  0 0.305473 0.37995 0.053688 0.121881 0.129069 0.229401 0.0539844 
2031  0 0.305473 0.37995 0.0493744 0.113257 0.125879 0.249031 0.0622261 
2032  0 0.305473 0.37995 0.0453926 0.106174 0.123333 0.256685 0.0692049 
2033  0 0.305473 0.37995 0.0443127 0.101893 0.121595 0.254408 0.0767868 
2034  0 0.305473 0.37995 0.0432702 0.0976747 0.120259 0.266498 0.0844437 
2035  0 0.305473 0.37995 0.0418215 0.0939151 0.118834 0.267688 0.0882513 
2036  0 0.305473 0.37995 0 0 0 0 0 

Total_Biomassai22
Year B100 Babc Bofl LowCI_Biom Median_Biom Mean_Biom UpperCI_Biom Stdev_Biom 
2022 1060.57 295.687 274.53 253.922 253.922 253.922 253.922 4.49063e-012 
2023 1060.57 295.687 274.53 251.941 257.294 264.173 299.847 19.5783 
2024 1060.57 295.687 274.53 235.947 253.995 265.892 338.258 37.2805 
2025 1060.57 295.687 274.53 219.848 257.663 275.1 391.24 61.4126 
2026 1060.57 295.687 274.53 205.606 267.312 289.147 451.771 83.9102 
2027 1060.57 295.687 274.53 192.686 280.235 305.904 502.925 106.529 
2028 1060.57 295.687 274.53 183.93 292.168 323.471 561.344 128.497 
2029 1060.57 295.687 274.53 176.676 311.994 340.182 608.188 144.517 
2030 1060.57 295.687 274.53 172.631 328.256 354.707 631.435 156.383 
2031 1060.57 295.687 274.53 169.1 336.8 367.255 658.82 163.8 
2032 1060.57 295.687 274.53 167.315 345.478 376.445 663.729 168.804 
2033 1060.57 295.687 274.53 162.532 356.103 383.906 699.313 171.766 
2034 1060.57 295.687 274.53 163.537 366.503 390.228 712.202 172.043 
2035 1060.57 295.687 274.53 170.581 370.223 395.185 718.493 172.033 
2036 1060.57 295.687 274.53 177.156 372.269 399.822 718.554 171.099 
Alternative 6 Alternative  Stock: ai22
Catch ai22
Year C0 Cabc Cofl LowCI_Catch Median_Catch Mean_Catch UpperCI_Catch Stdev_Catch 
2022  0 38.0719 40.258 3 3 3 3 3.95239e-014 
2023  0 38.0719 40.258 52.2943 52.3335 52.3838 52.6451 0.1434 
2024  0 38.0719 40.258 33.13 33.2735 33.3911 34.0175 0.349648 
2025  0 38.0719 40.258 25.601 26.0681 26.4409 28.4742 1.17147 
2026  0 38.0719 40.258 22.1472 24.2776 26.3068 38.4187 5.51163 
2027  0 38.0719 40.258 18.8612 24.902 28.6871 49.2881 10.854 
2028  0 38.0719 40.258 15.9949 27.6406 32.2611 62.7325 16.449 
2029  0 38.0719 40.258 13.8165 30.599 35.6159 73.6605 19.9048 
2030  0 38.0719 40.258 12.6461 33.107 37.8994 76.7965 21.7071 
2031  0 38.0719 40.258 13.231 33.982 39.0363 79.188 22.6087 
2032  0 38.0719 40.258 12.9552 34.4418 39.5529 80.022 22.9145 
2033  0 38.0719 40.258 12.5015 34.5071 39.5007 81.0426 22.7058 
2034  0 38.0719 40.258 12.3535 35.0304 39.2673 79.607 22.0501 
2035  0 38.0719 40.258 12.7608 33.687 38.821 78.7391 21.7923 
2036  0 38.0719 40.258 12.5959 33.2961 38.4884 80.101 21.8108 

Spawning_Biomass ai22
Year SSB100 SSBabc SSBofl LowCI_SSB Median_SSB Mean_SSB UpperCI_SSB Stdev_SSB 
2022 174.218 69.6872 60.9763 79.8069 79.8069 79.8069 79.8069 1.7053e-012 
2023 174.218 69.6872 60.9763 74.5184 74.5184 74.5184 74.5184 1.80487e-007 
2024 174.218 69.6872 60.9763 58.7206 58.7241 58.7286 58.7516 0.0126697 
2025 174.218 69.6872 60.9763 52.3941 52.5463 52.7364 53.7244 0.543792 
2026 174.218 69.6872 60.9763 47.7463 50.1166 52.8382 67.0923 8.01145 
2027 174.218 69.6872 60.9763 42.8118 50.6995 56.006 87.1583 16.9953 
2028 174.218 69.6872 60.9763 38.9076 53.5065 60.1906 107.209 23.8693 
2029 174.218 69.6872 60.9763 36.4515 56.7486 63.62 115.76 26.5121 
2030 174.218 69.6872 60.9763 35.8726 58.0664 65.9408 120.029 28.5492 
2031 174.218 69.6872 60.9763 36.2778 59.3622 67.0976 122.234 29.9862 
2032 174.218 69.6872 60.9763 35.8999 59.8265 67.4535 122.995 29.896 
2033 174.218 69.6872 60.9763 35.6485 60.2408 67.3192 121.115 29.085 
2034 174.218 69.6872 60.9763 35.3805 59.8101 67.0603 121.995 28.1221 
2035 174.218 69.6872 60.9763 35.813 59.2695 66.5072 121.142 28.2423 
2036 174.218 69.6872 60.9763 35.5223 58.4946 66.0136 120.784 28.3463 

Fishing_mortalityai22
Year F0 Fabc Fofl LowCI_F Median_F Mean_F UpperCI_F Stdev_F 
2022  0 0.305473 0.37995 0.018114 0.018114 0.018114 0.018114 1.04083e-017 
2023  0 0.305473 0.37995 0.379949 0.379949 0.379949 0.379949 1.67096e-008 
2024  0 0.305473 0.37995 0.31701 0.31703 0.317056 0.317188 7.27286e-005 
2025  0 0.305473 0.37995 0.280701 0.281575 0.282665 0.288336 0.00312092 
2026  0 0.305473 0.37995 0.254027 0.26763 0.280362 0.365057 0.0319146 
2027  0 0.305473 0.37995 0.225707 0.270976 0.286113 0.37995 0.0513312 
2028  0 0.305473 0.37995 0.2033 0.287086 0.294283 0.37995 0.0631898 
2029  0 0.305473 0.37995 0.189204 0.305693 0.30266 0.37995 0.0677886 
2030  0 0.305473 0.37995 0.185882 0.313256 0.306883 0.37995 0.0688569 
2031  0 0.305473 0.37995 0.188207 0.320693 0.308554 0.37995 0.069147 
2032  0 0.305473 0.37995 0.186039 0.323357 0.310358 0.37995 0.0692095 
2033  0 0.305473 0.37995 0.184595 0.325735 0.310321 0.37995 0.0695677 
2034  0 0.305473 0.37995 0.183057 0.323263 0.310159 0.37995 0.0699548 
2035  0 0.305473 0.37995 0.18554 0.320161 0.308478 0.37995 0.0696105 
2036  0 0.305473 0.37995 0.183871 0.315713 0.307972 0.37995 0.068918 

Total_Biomassai22
Year B100 Babc Bofl LowCI_Biom Median_Biom Mean_Biom UpperCI_Biom Stdev_Biom 
2022 1060.57 295.687 274.53 253.922 253.922 253.922 253.922 4.49063e-012 
2023 1060.57 295.687 274.53 251.941 257.294 264.173 299.847 19.5783 
2024 1060.57 295.687 274.53 205.758 223.715 235.611 307.795 37.1504 
2025 1060.57 295.687 274.53 180.492 218.159 235.327 349.804 60.8495 
2026 1060.57 295.687 274.53 165.181 225.893 247.357 406.908 82.1621 
2027 1060.57 295.687 274.53 154.522 237.539 262.136 447.825 100.421 
2028 1060.57 295.687 274.53 147.425 250.649 275.26 488.929 114.401 
2029 1060.57 295.687 274.53 148.299 256.13 284.388 507.604 120.592 
2030 1060.57 295.687 274.53 144.639 263.512 289.061 508.902 122.971 
2031 1060.57 295.687 274.53 145.959 263.582 290.976 512.189 122.015 
2032 1060.57 295.687 274.53 144.191 264.847 290.117 523.216 119.906 
2033 1060.57 295.687 274.53 145.087 263.079 288.602 517.361 118.413 
2034 1060.57 295.687 274.53 146.595 261.049 287.39 512.745 116.573 
2035 1060.57 295.687 274.53 147.527 261.745 286.39 508.002 116.478 
2036 1060.57 295.687 274.53 148.694 261.992 286.651 500.994 116.693 
Alternative 7 Alternative  Stock: ai22
Catch ai22
Year C0 Cabc Cofl LowCI_Catch Median_Catch Mean_Catch UpperCI_Catch Stdev_Catch 
2022  0 38.0719 40.258 3 3 3 3 3.95239e-014 
2023  0 38.0719 40.258 43.3412 43.3728 43.4133 43.6235 0.115344 
2024  0 38.0719 40.258 30.5979 30.7211 30.822 31.36 0.300204 
2025  0 38.0719 40.258 29.4735 29.9747 30.3739 32.5515 1.25274 
2026  0 38.0719 40.258 24.0133 26.2162 28.2578 40.7738 5.49503 
2027  0 38.0719 40.258 19.7382 25.867 29.6175 49.933 10.8206 
2028  0 38.0719 40.258 16.3882 28.0715 32.6667 63.0735 16.4379 
2029  0 38.0719 40.258 13.9826 30.7847 35.7706 73.963 19.9044 
2030  0 38.0719 40.258 12.7126 33.1242 37.9453 76.8548 21.7056 
2031  0 38.0719 40.258 13.2407 33.9588 39.0403 79.1618 22.6047 
2032  0 38.0719 40.258 12.9534 34.4266 39.5446 80.0125 22.9111 
2033  0 38.0719 40.258 12.4953 34.497 39.4923 81.0381 22.704 
2034  0 38.0719 40.258 12.3491 35.0226 39.2617 79.6033 22.0492 
2035  0 38.0719 40.258 12.7573 33.6835 38.8177 78.733 21.7917 
2036  0 38.0719 40.258 12.5942 33.2941 38.4868 80.1059 21.8106 

Spawning_Biomass ai22
Year SSB100 SSBabc SSBofl LowCI_SSB Median_SSB Mean_SSB UpperCI_SSB Stdev_SSB 
2022 174.218 69.6872 60.9763 79.8069 79.8069 79.8069 79.8069 1.7053e-012 
2023 174.218 69.6872 60.9763 75.3276 75.3276 75.3276 75.3276 9.97296e-008 
2024 174.218 69.6872 60.9763 62.3517 62.3552 62.3596 62.3829 0.0127617 
2025 174.218 69.6872 60.9763 56.051 56.2031 56.393 57.3805 0.543495 
2026 174.218 69.6872 60.9763 49.6331 51.9988 54.7195 68.9431 8.01385 
2027 174.218 69.6872 60.9763 43.781 51.6375 56.9449 87.998 17.0111 
2028 174.218 69.6872 60.9763 39.3904 53.9396 60.6239 107.919 23.8873 
2029 174.218 69.6872 60.9763 36.6734 56.9352 63.795 115.913 26.5175 
2030 174.218 69.6872 60.9763 35.9684 58.0869 65.9975 120.061 28.5463 
2031 174.218 69.6872 60.9763 36.2938 59.3433 67.1067 122.279 29.9824 
2032 174.218 69.6872 60.9763 35.917 59.8133 67.4471 122.976 29.8931 
2033 174.218 69.6872 60.9763 35.6431 60.2426 67.3109 121.126 29.0829 
2034 174.218 69.6872 60.9763 35.3736 59.802 67.0543 121.977 28.1207 
2035 174.218 69.6872 60.9763 35.8087 59.2664 66.5036 121.135 28.2415 
2036 174.218 69.6872 60.9763 35.5223 58.4937 66.0118 120.782 28.3459 

Fishing_mortalityai22
Year F0 Fabc Fofl LowCI_F Median_F Mean_F UpperCI_F Stdev_F 
2022  0 0.305473 0.37995 0.018114 0.018114 0.018114 0.018114 1.04083e-017 
2023  0 0.305473 0.37995 0.305473 0.305473 0.305473 0.305473 9.12594e-009 
2024  0 0.305473 0.37995 0.271625 0.271641 0.271662 0.271769 5.88446e-005 
2025  0 0.305473 0.37995 0.301689 0.302562 0.303652 0.309319 0.0031192 
2026  0 0.305473 0.37995 0.264855 0.278433 0.290688 0.375679 0.0304857 
2027  0 0.305473 0.37995 0.231269 0.276359 0.290766 0.37995 0.0499378 
2028  0 0.305473 0.37995 0.206071 0.289571 0.2962 0.37995 0.0623323 
2029  0 0.305473 0.37995 0.190478 0.306763 0.303362 0.37995 0.0673649 
2030  0 0.305473 0.37995 0.186432 0.313373 0.307102 0.37995 0.0686845 
2031  0 0.305473 0.37995 0.188299 0.320584 0.308596 0.37995 0.0690992 
2032  0 0.305473 0.37995 0.186136 0.323281 0.310342 0.37995 0.0692067 
2033  0 0.305473 0.37995 0.184565 0.325745 0.310296 0.37995 0.0695769 
2034  0 0.305473 0.37995 0.183018 0.323216 0.310141 0.37995 0.0699631 
2035  0 0.305473 0.37995 0.185515 0.320143 0.308467 0.37995 0.0696152 
2036  0 0.305473 0.37995 0.183871 0.315708 0.307967 0.37995 0.0689207 

Total_Biomassai22
Year B100 Babc Bofl LowCI_Biom Median_Biom Mean_Biom UpperCI_Biom Stdev_Biom 
2022 1060.57 295.687 274.53 253.922 253.922 253.922 253.922 4.49063e-012 
2023 1060.57 295.687 274.53 251.941 257.294 264.173 299.847 19.5783 
2024 1060.57 295.687 274.53 213.875 231.85 243.746 315.968 37.1775 
2025 1060.57 295.687 274.53 189.953 227.647 244.866 359.664 60.955 
2026 1060.57 295.687 274.53 169.835 230.568 252.025 411.674 82.1808 
2027 1060.57 295.687 274.53 156.743 239.703 264.296 449.757 100.425 
2028 1060.57 295.687 274.53 148.468 251.217 276.163 489.823 114.405 
2029 1060.57 295.687 274.53 148.731 256.312 284.707 508.59 120.583 
2030 1060.57 295.687 274.53 144.754 263.609 289.137 508.77 122.956 
2031 1060.57 295.687 274.53 145.966 263.583 290.967 512.107 122 
2032 1060.57 295.687 274.53 144.161 264.8 290.089 523.181 119.897 
2033 1060.57 295.687 274.53 145.063 263.061 288.578 517.302 118.408 
2034 1060.57 295.687 274.53 146.574 261.032 287.375 512.802 116.571 
2035 1060.57 295.687 274.53 147.519 261.728 286.382 507.998 116.477 
2036 1060.57 295.687 274.53 148.686 261.989 286.647 500.99 116.693 
