AMAK;Mar 2020
# styr
1978
# endyr
2022
# rec_age
1
# oldest_age
15
# nlength
41
# len_bins
 10 11 12 13 14 15 16 17 18 19 20 21 22 23 24 25 26 27 28 29 30 31 32 33 34 35 36 37 38 39 40 41 42 43 44 45 46 47 48 49 50
# datafile_name
ai22.dat
# model_name
ai22
# styr
1978
# endyr
2022
# rec_age
1
# oldest_age
15
# nfsh
1
# fshname
Aleutians
# catch_bio_in
 6.283 9.446 58.157 31.258 50.322 44.442 42.901 47.07 23.81 26.257 36.864 10.569 79.025 98.6045 52.3518 57.1318 58.6593 64.9254 29.0617 25.9403 23.7978 1.00968 1.24446 0.82466 1.17714 1.64885 1.158 1.62094 1.74499 2.51896 1.27781 1.6622 1.28865 1.20796 0.975295 2.9641 2.37494 0.915402 1.25657 1.50678 1.85999 1.66345 3.20217 1.83972 2.70919
# catch_bio_sd_in
 0.05 0.05 0.05 0.05 0.05 0.05 0.05 0.05 0.05 0.05 0.05 0.05 0.05 0.05 0.05 0.05 0.05 0.05 0.05 0.05 0.05 0.05 0.05 0.05 0.05 0.05 0.05 0.05 0.05 0.05 0.05 0.05 0.05 0.05 0.05 0.05 0.05 0.05 0.05 0.05 0.05 0.05 0.05 0.05 0.05
# nyrs_fsh_age
 18
# nyrs_fsh_length
 0
# yrs_fsh_age_in
 1978 1979 1980 1981 1982 1983 1984 1985 1986 1987 1994 1995 1996 1998 2006 2007 2008 2018
# yrs_fsh_length_in

# n_sample_fsh_length_in

# olc_fsh_in

# nind
1
# indname
NMFS_summer_bottom_trawl
# nyrs_ind
 13
# yrs_ind_in
 1991 1994 1997 2000 2002 2004 2006 2010 2012 2014 2016 2018 2022
# mo_ind
 13
# obs_ind_in
 137.892 78.741 93.42 105.6 175.953 130.408 95.025 140.932 44.281 85.316 83.07 165.747 110.11
# obs_se_ind_in
 26.822 14.896 20.621 29.825 67.262 101.179 45.456 46.021 24.274 20.733 27.625 67.925 52.216
# nyrs_ind_age
 12
# nyrs_ind_length
 0
# yrs_ind_age_in
 1991 1994 1997 2000 2002 2004 2006 2010 2012 2014 2016 2018
# yrs_ind_length_in

# yrs_ind_age_in
 1991 1994 1997 2000 2002 2004 2006 2010 2012 2014 2016 2018
# n_sample_ind_length_in

# olc_ind_in

# oac_ind_in
 0.058 0.044 0.101 0.262 0.124 0.03 0.035 0.023 0.069 0.036 0.066 0.027 0.054 0.039 0.032
 0.411 0.025 0.044 0.086 0.123 0.062 0.034 0.038 0.022 0.046 0.046 0.029 0.008 0.006 0.02
 0.033 0.035 0.041 0.115 0.127 0.08 0.06 0.111 0.083 0.041 0.075 0.049 0.056 0.039 0.054
 0.192 0.012 0.034 0.097 0.122 0.1 0.091 0.072 0.03 0.033 0.065 0.042 0.037 0.059 0.017
 0.022 0.021 0.045 0.058 0.059 0.075 0.101 0.071 0.077 0.093 0.073 0.079 0.065 0.061 0.101
 0.058 0.004 0.03 0.091 0.103 0.094 0.071 0.062 0.074 0.039 0.079 0.073 0.083 0.064 0.074
 0.024 0.001 0.043 0.057 0.079 0.193 0.133 0.092 0.036 0.045 0.047 0.045 0.044 0.074 0.086
 0.289 0.001 0.023 0.081 0.086 0.028 0.028 0.049 0.071 0.075 0.117 0.051 0.04 0.005 0.057
 0.26 0.014 0.036 0.01 0.043 0.159 0.075 0.024 0.013 0.037 0.048 0.13 0.079 0.051 0.02
 0.089 0.077 0.182 0.027 0.069 0.015 0.159 0.156 0.057 0.017 0.002 0.007 0.024 0.04 0.08
 0.237 0.056 0.081 0.114 0.091 0.064 0.082 0.044 0.07 0.072 0.044 0.017 0.006 0.004 0.018
 0.021 0.057 0.009 0.028 0.083 0.257 0.125 0.092 0.085 0.035 0.051 0.087 0.033 0.009 0.027
# wt_ind
 64 168 420 671 703 786 926 903 944 1125 1058 996 1510 2149 1593
 64 168 420 671 703 786 926 903 944 1125 1058 996 1510 2149 1593
 64 168 420 671 703 786 926 903 944 1125 1058 996 1510 2149 1593
 64 168 420 671 703 786 926 903 944 1125 1058 996 1510 2149 1593
 64 168 420 671 703 786 926 903 944 1125 1058 996 1510 2149 1593
 64 163 448 649 709 803 857 988 923 1034 1225 937 1284 2744 1444
 64 168 420 671 703 786 926 903 944 1125 1058 996 1510 2149 1593
 64 168 420 671 703 786 926 903 944 1125 1058 996 1510 2149 1593
 55 197 458 587 705 771 836 911 981 1042 1032 927 1100 1186 1273
 65 180 390 599 726 797 854 915 976 1009 1006 1011 1071 1171 1275
 65 180 390 599 726 797 854 915 976 1009 1006 1011 1071 1171 1275
 65 180 390 599 726 797 854 915 976 1009 1006 1011 1071 1171 1275
 65 180 390 599 726 797 854 915 976 1009 1006 1011 1071 1171 1275
 112 200 527 756 833 963 1049 1145 1169 1129 1163 981 1238 1085 1008
 79 205 446 736 945 1061 1155 1243 1285 1278 1282 1338 1393 1349 1210
 79 205 446 736 945 1061 1155 1243 1285 1278 1282 1338 1393 1349 1210
 49 204 462 821 954 1116 1267 1277 1560 1445 1367 1384 2463 1378 1457
 79 205 446 736 945 1061 1155 1243 1285 1278 1282 1338 1393 1349 1210
 44 161 417 704 906 1045 1161 1261 1321 1351 1383 1398 1372 1372 1450
 51 211 382 709 897 999 1144 1252 1251 1314 1335 1299 1312 1265 1399
 44 161 417 704 906 1045 1161 1261 1321 1351 1383 1398 1372 1372 1450
 44 161 417 704 906 1045 1161 1261 1321 1351 1383 1398 1372 1372 1450
 30 166 451 725 925 961 1201 1341 1363 1312 1541 1470 1479 1382 1562
 41 189 481 716 913 1107 1232 1354 1511 1608 1643 1665 1636 1578 1554
 37 225 464 701 1036 1180 1343 1299 1623 1762 1658 1793 1576 1570 1578
 41 189 481 716 913 1107 1232 1354 1511 1608 1643 1665 1636 1578 1554
 31 214 487 801 940 1014 1329 1322 1735 1586 1688 1582 1445 1567 1479
 41 189 481 716 913 1107 1232 1354 1511 1608 1643 1665 1636 1578 1554
 47 198 474 628 966 1224 1249 1332 1479 1743 1551 1527 1628 1606 1471
 41 189 481 716 913 1107 1232 1354 1511 1608 1643 1665 1636 1578 1554
 41 189 481 716 913 1107 1232 1354 1511 1608 1643 1665 1636 1578 1554
 41 189 481 716 913 1107 1232 1354 1511 1608 1643 1665 1636 1578 1554
 46 225 451 728 961 1025 1490 1550 1518 1690 1862 1911 1726 1718 1723
 41 189 481 716 913 1107 1232 1354 1511 1608 1643 1665 1636 1578 1554
 35 167 459 788 1043 1166 1379 1967 1742 1600 1771 1943 1731 1676 1673
 41 189 481 716 913 1107 1232 1354 1511 1608 1643 1665 1636 1578 1554
 40 207 447 590 878 1097 1354 1457 1535 1795 1954 1531 1440 1645 1686
 41 189 481 716 913 1107 1232 1354 1511 1608 1643 1665 1636 1578 1554
 41 191 477 645 923 874 961 1074 1354 1485 1529 1644 1920 1486 1465
 41 189 481 716 913 1107 1232 1354 1511 1608 1643 1665 1636 1578 1554
 40 241 423 803 926 867 1084 1058 1138 1170 1428 1470 1375 1689 1298
 41 189 481 716 913 1107 1232 1354 1511 1608 1643 1665 1636 1578 1554
 41 189 481 716 913 1107 1232 1354 1511 1608 1643 1665 1636 1578 1554
 41 189 481 716 913 1107 1232 1354 1511 1608 1643 1665 1636 1578 1554
 41 189 481 716 913 1107 1232 1354 1511 1608 1643 1665 1636 1578 1554
# wt_pop
 38.678 188.375 477.01 687.766 860.503 1017.51 1111.36 1247.21 1428.88 1532.43 1609.36 1690.61 1647.78 1562.09 1581.96
# maturity
 0 0.0005 0.0105 0.1345 0.2825 0.4065 0.4495 0.4795 0.492 0.495 0.5 0.5 0.5 0.5 0.5
# spawnmo
3
# age_err
 0.9744 0.0256 0 0 0 0 0 0 0 0 0 0 0 0 0
 0.0256 0.9488 0.0256 0 0 0 0 0 0 0 0 0 0 0 0
 0 0.0389 0.9222 0.0389 0 0 0 0 0 0 0 0 0 0 0
 0 0 0.0537 0.8927 0.0537 0 0 0 0 0 0 0 0 0 0
 0 0 0 0.0692 0.8615 0.0692 0 0 0 0 0 0 0 0 0
 0 0 0 0 0.0851 0.8299 0.0851 0 0 0 0 0 0 0 0
 0 0 0 0 0.0001 0.1007 0.7985 0.1007 0.0001 0 0 0 0 0 0
 0 0 0 0 0 0.0002 0.1159 0.7678 0.1159 0.0002 0 0 0 0 0
 0 0 0 0 0 0 0.0004 0.1305 0.7383 0.1305 0.0004 0 0 0 0
 0 0 0 0 0 0 0 0.0007 0.1442 0.71 0.1442 0.0007 0 0 0
 0 0 0 0 0 0 0 0 0.0013 0.1571 0.6832 0.1571 0.0013 0 0
 0 0 0 0 0 0 0 0 0 0.0022 0.1689 0.6577 0.1689 0.0022 0
 0 0 0 0 0 0 0 0 0 0 0.0034 0.1798 0.6337 0.1798 0.0034
 0 0 0 0 0 0 0 0 0 0 0 0.0049 0.1896 0.611 0.1945
 0 0 0 0 0 0 0 0 0 0 0 0 0.0068 0.1985 0.7948
# cntrlfile_name
AI22.ctr
# Map shared selectivity: 
# sel_map
 1 2
 1 1
# datafile_name
ai22.dat
# model_name
ai22
# SrType
2
# use_age_err
1
# retro
3
# surv_dwnwt
0
# cv_inc
100
# n_comp
0.01
# sigmarprior
0.6
# cvsigmarprior
0.05
# phase_sigmar
-4
# styr_rec_est
1978
# endyr_rec_est
2020
# Linfprior
74.4
# cvLinfprior
0.1
# kprior
0.16
# cvkprior
0.1
# Loprior
18
# cvLoprior
0.1
# sdageprior
0.09
# cvsdageprior
0.1
# natmortprior
0.2
# cvnatmortprior
0.2
# phase_M
4
# npars_Mage
0
# ages_M_changes

# Mage_in

# Mage_offset_in

# phase_Mage
-5
# phase_rw_M
0
# npars_rw_M
-4
# yrs_rw_M

# sigma_rw_M

# qprior
 1
# cvqprior
 0.1
# phase_q
 -4
# q_power_prior
 1
# cvq_power_prior
 0.1
# phase_q_power
 -4
# phase_rw_q
 -1
# npars_rw_q
 0
# yrs_rw_q

# sigma_rw_q

# q_age_min
 5
# q_age_max
 12
# q_age_min
 5
# q_age_max
 12
# fsh_sel_opt(k)
1
# nselages_in_fsh(k)
8
# phase_sel_fsh(k)
3
# curv_pen_fsh(k)
0.2
# seldec_pen_fsh(k)
0.04
# n_sel_ch_fsh(k)
4
# yrs_sel_ch_fsh(k)
 1978 1990 1999 2008 0 0 0 0 0 0 0 0 0 0 0 0 0 0 0 0 0 0 0 0 0 0 0 0 0 0 0 0 0 0 0 0 0 0 0 0 0 0 0 0
# sel_sigma_fsh(k)
 0 0.2 0.2 0.2 0 0 0 0 0 0 0 0 0 0 0 0 0 0 0 0 0 0 0 0 0 0 0 0 0 0 0 0 0 0 0 0 0 0 0 0 0 0 0 0
Sel_in_fsh  1.48148e-007 0.148148 0.740741 1.18519 1.48148 1.48148 1.48148 1.48148 1 1 1 1 1 1 1
Sel_in_fsh  1.48148e-007 0.148148 0.740741 1.18519 1.48148 1.48148 1.48148 1.48148 1 1 1 1 1 1 1
Sel_in_fsh  1.48148e-007 0.148148 0.740741 1.18519 1.48148 1.48148 1.48148 1.48148 1 1 1 1 1 1 1

Survey NMFS_summer_bottom_trawl
# ind_sel_opt(k)
1
# indname(k)
NMFS_summer_bottom_trawl
# nselages_in_ind(k)
8
# phase_sel_ind(k)
3
# seldec_pen_ind(k)
0.01
# n_sel_ch_ind(k)
1
# sel_change_in_ind(k)
 1 0 0 0 0 0 0 0 0 0 0 0 0 0 0 0 0 0 0 0 0 0 0 0 0 0 0 0 0 0 0 0 0 0 0 0 0 0 0 0 0 0 0 0 0
# n_sel_ch_ind(k)
1
# yrs_sel_ch_ind(k)
 1978 0 0 0 0 0 0 0 0 0 0 0 0 0 0 0 0 0 0 0 0 0 0 0 0 0 0 0 0 0 0 0 0 0 0 0 0 0 0 0 0 0 0 0
# sel_ind_tmp
 0 0.1 0.5 0.8 1 1 1 1 1 1 1 1 1 1 1
NMFS_summer_bottom_trawl ind sel opt 1  1 0 0 0 0 0 0 0 0 0 0 0 0 0 0 0 0 0 0 0 0 0 0 0 0 0 0 0 0 0 0 0 0 0 0 0 0 0 0 0 0 0 0 0 0
Phase indices Sel_Coffs:  3
 Test: 1.23457e+008
# Fshry Selages:  8
# Srvy  Selages:  8
# Phase for age-spec fishery  3
# Phase for logistic fishery  -1
# Phase for dble logistic fishery  -1
# Phase for age-spec indices   3
# Phase for logistic indices   -2
# Phase for dble logistic ind  -1
# Curv_pen_fsh: 
 12.5
# Curv_pen_ind: 
 50
# styr_fut
2020
# endyr_fut
2024
# nyrs_fsh_age
 18
# nyrs_fsh_age
 18
# yrs_fsh_age
 1978 1979 1980 1981 1982 1983 1984 1985 1986 1987 1994 1995 1996 1998 2006 2007 2008 2018
# n_sample_fsh_age
 100 33 100 100 101 101 104 102 101 101 104 104 102 101 100 100 100 100
# oac_fsh
 0.014 0 0.02 0.091 0.052 0.326 0.082 0.099 0.115 0.098 0.072 0.018 0.008 0.001 0.004
 0.01 0.004 0.117 0.137 0.133 0.177 0.149 0.078 0.079 0.047 0.032 0.027 0.002 0.001 0.006
 0 0.127 0.06 0.049 0.09 0.194 0.146 0.144 0.079 0.07 0.024 0.007 0.004 0.004 0.001
 0.031 0 0.113 0.091 0.064 0.093 0.156 0.152 0.113 0.092 0.036 0.027 0.015 0.013 0.003
 0.001 0 0.001 0.686 0.095 0.019 0.028 0.051 0.054 0.034 0.014 0.007 0.005 0.003 0.002
 0.06 0 0 0 0.534 0.112 0.069 0.053 0.074 0.059 0.034 0 0 0.005 0
 0.071 0.002 0.087 0 0.038 0.506 0.12 0.1 0.058 0.016 0.001 0 0.001 0 0
 0.002 0.005 0.016 0.225 0.051 0.128 0.426 0.082 0.038 0.021 0.003 0.003 0 0.001 0
 0.002 0 0.087 0.006 0.131 0.018 0.095 0.332 0.134 0.056 0.094 0.018 0.026 0 0
 0.011 0 0 0.245 0.068 0.068 0.01 0.033 0.424 0.04 0.042 0.002 0.022 0.015 0.018
 0.006 0 0 0.018 0.282 0.057 0.102 0.106 0.067 0.054 0.032 0.08 0.034 0.02 0.142
 0.006 0 0.018 0.049 0 0.267 0.014 0.11 0.111 0.022 0.065 0.046 0.086 0.02 0.187
 0.03 0 0 0.013 0.055 0.072 0.273 0.126 0.099 0.085 0.037 0.033 0.013 0.057 0.106
 0.004 0 0.015 0.003 0.265 0.085 0.055 0.038 0.074 0.063 0.052 0.144 0.062 0.07 0.07
 0.021 0 0.013 0 0.021 0.346 0.154 0.026 0.01 0.049 0.047 0.039 0.031 0.089 0.154
 0.002 0 0.003 0.011 0.007 0.046 0.274 0.249 0.073 0.041 0.04 0.065 0.022 0.04 0.129
 0.003 0 0.001 0.004 0.008 0.018 0.034 0.206 0.205 0.107 0.02 0.075 0.076 0.065 0.177
 0.013 0 0 0.119 0.164 0.255 0.057 0.112 0.143 0.004 0.043 0.059 0.018 0 0.013
# olc_fsh

# wt_fsh
 160 122 358 568 675 753 856 986 1106 1187 1249 1341 1467 1497 1243
 160 146 383 555 620 663 731 825 912 963 991 1045 1145 1196 1025
 160 197 510 762 878 937 999 1088 1183 1244 1262 1285 1348 1374 1196
 160 126 335 546 681 744 773 812 873 924 929 905 894 879 787
 160 125 316 535 717 817 845 871 934 997 989 917 867 866 864
 160 149 318 508 698 829 879 911 981 1048 1016 899 851 933 1133
 160 215 380 534 698 845 932 993 1080 1146 1092 961 939 1157 1752
 160 319 512 616 735 877 996 1098 1209 1278 1211 1075 1082 1403 2453
 160 248 493 579 636 720 807 895 994 1066 1033 927 907 1158 1734
 160 96 430 697 817 870 886 912 991 1111 1194 1180 1126 1105 1060
 160 253 395 564 704 791 855 926 1000 1049 1065 1060 1045 1011 950
 160 253 395 564 704 791 855 926 1000 1049 1065 1060 1045 1011 950
 160 253 395 564 704 791 855 926 1000 1049 1065 1060 1045 1011 950
 416 494 588 706 855 1029 1202 1340 1423 1457 1465 1463 1453 1431 1396
 416 494 588 706 855 1029 1202 1340 1423 1457 1465 1463 1453 1431 1396
 416 494 588 706 855 1029 1202 1340 1423 1457 1465 1463 1453 1431 1396
 416 508 583 683 813 962 1107 1221 1290 1317 1319 1309 1295 1275 1247
 416 602 691 813 976 1165 1351 1495 1578 1607 1606 1594 1579 1557 1525
 179 177 248 405 649 954 1219 1372 1441 1471 1467 1420 1346 1293 1299
 179 256 371 558 859 1238 1540 1652 1650 1670 1748 1827 1840 1791 1740
 179 277 383 552 774 995 1157 1253 1312 1362 1400 1413 1400 1385 1397
 179 256 371 558 859 1238 1540 1652 1650 1670 1748 1827 1840 1791 1740
 179 256 371 558 859 1238 1540 1652 1650 1670 1748 1827 1840 1791 1740
 179 256 371 558 859 1238 1540 1652 1650 1670 1748 1827 1840 1791 1740
 179 256 371 558 859 1238 1540 1652 1650 1670 1748 1827 1840 1791 1740
 179 256 371 558 859 1238 1540 1652 1650 1670 1748 1827 1840 1791 1740
 179 256 371 558 859 1238 1540 1652 1650 1670 1748 1827 1840 1791 1740
 179 256 371 558 859 1238 1540 1652 1650 1670 1748 1827 1840 1791 1740
 179 319 459 705 1048 1392 1621 1722 1772 1844 1951 2052 2085 2021 1893
 179 251 375 610 963 1327 1561 1643 1665 1710 1801 1898 1939 1892 1784
 179 223 345 575 930 1316 1589 1706 1744 1789 1869 1958 2003 1974 1890
 179 256 371 558 859 1238 1540 1652 1650 1670 1748 1827 1840 1791 1740
 179 256 371 558 859 1238 1540 1652 1650 1670 1748 1827 1840 1791 1740
 179 256 371 558 859 1238 1540 1652 1650 1670 1748 1827 1840 1791 1740
 179 256 371 558 859 1238 1540 1652 1650 1670 1748 1827 1840 1791 1740
 179 256 371 558 859 1238 1540 1652 1650 1670 1748 1827 1840 1791 1740
 179 256 371 558 859 1238 1540 1652 1650 1670 1748 1827 1840 1791 1740
 179 256 371 558 859 1238 1540 1652 1650 1670 1748 1827 1840 1791 1740
 179 256 371 558 859 1238 1540 1652 1650 1670 1748 1827 1840 1791 1740
 179 256 371 558 859 1238 1540 1652 1650 1670 1748 1827 1840 1791 1740
 179 256 371 558 859 1238 1540 1652 1650 1670 1748 1827 1840 1791 1740
 179 256 371 558 859 1238 1540 1652 1650 1670 1748 1827 1840 1791 1740
 179 256 371 558 859 1238 1540 1652 1650 1670 1748 1827 1840 1791 1740
 179 256 371 558 859 1238 1540 1652 1650 1670 1748 1827 1840 1791 1740
 179 256 371 558 859 1238 1540 1652 1650 1670 1748 1827 1840 1791 1740
# nyrs_ind_age
 12
# yrs_ind_age
 1991 1994 1997 2000 2002 2004 2006 2010 2012 2014 2016 2018
# n_sample_ind_age
 1 100 100 100 100 100 100 100 100 100 100 100
# oac_ind
 0.058 0.044 0.101 0.262 0.124 0.03 0.035 0.023 0.069 0.036 0.066 0.027 0.054 0.039 0.032
 0.411 0.025 0.044 0.086 0.123 0.062 0.034 0.038 0.022 0.046 0.046 0.029 0.008 0.006 0.02
 0.033 0.035 0.041 0.115 0.127 0.08 0.06 0.111 0.083 0.041 0.075 0.049 0.056 0.039 0.054
 0.192 0.012 0.034 0.097 0.122 0.1 0.091 0.072 0.03 0.033 0.065 0.042 0.037 0.059 0.017
 0.022 0.021 0.045 0.058 0.059 0.075 0.101 0.071 0.077 0.093 0.073 0.079 0.065 0.061 0.101
 0.058 0.004 0.03 0.091 0.103 0.094 0.071 0.062 0.074 0.039 0.079 0.073 0.083 0.064 0.074
 0.024 0.001 0.043 0.057 0.079 0.193 0.133 0.092 0.036 0.045 0.047 0.045 0.044 0.074 0.086
 0.289 0.001 0.023 0.081 0.086 0.028 0.028 0.049 0.071 0.075 0.117 0.051 0.04 0.005 0.057
 0.26 0.014 0.036 0.01 0.043 0.159 0.075 0.024 0.013 0.037 0.048 0.13 0.079 0.051 0.02
 0.089 0.077 0.182 0.027 0.069 0.015 0.159 0.156 0.057 0.017 0.002 0.007 0.024 0.04 0.08
 0.237 0.056 0.081 0.114 0.091 0.064 0.082 0.044 0.07 0.072 0.044 0.017 0.006 0.004 0.018
 0.021 0.057 0.009 0.028 0.083 0.257 0.125 0.092 0.085 0.035 0.051 0.087 0.033 0.009 0.027
# olc_ind

# obs_lse_ind
 0.192711 0.187517 0.218114 0.277032 0.369314 0.686463 0.453938 0.318312 0.512592 0.239537 0.32387 0.394013
# xages_fsh
 0 0 0 0 0 0 0 0 0 0 0 0 0 0 0
# xages_fsh
 0 0.0714286 0.142857 0.214286 0.285714 0.357143 0.428571 0.5 0.571429 0.642857 0.714286 0.785714 0.857143 0.928571 1
# xnodes_fsh

Yrs fsh_sel change:  1978 1990 1999 2008 0 0 0 0 0 0 0 0 0 0 0 0 0 0 0 0 0 0 0 0 0 0 0 0 0 0 0 0 0 0 0 0 0 0 0 0 0 0 0 0
Yrs ind_sel change:  1978 0 0 0 0 0 0 0 0 0 0 0 0 0 0 0 0 0 0 0 0 0 0 0 0 0 0 0 0 0 0 0 0 0 0 0 0 0 0 0 0 0 0 0
# steepnessprior
0.7
# sigmarprior
0.6
#  SSB estimated in styr endyr: 1961 2017 
#  Rec estimated in styr endyr: 1963 2019 
#  SR Curve fit  in styr endyr: 1978 2017 
#             Model styr endyr: 1978 2019 
# qprior
 1
# q_power_prior 
 1 
# cv_catchbiomass 
0.05 
# CatchbiomassPen 
200 
# Number of projection years 
5 
# offset_fsh
 3577.11
# offset_ind
 2703.26
Mean Catch
21.6376
R_guess 
-0.898812
# nfsh
1
# n_sel_ch_fsh
 4
# nselages_fsh
 8
# phase_selcoff_fsh
 3
logRzero -0.898812
logmeanrec -0.898812
exp(log_sigmarprior 0.6
Fish sel phase: 3 Aleutians
Srvy sel phase: 3
Fixing index sel to
1
# logsel_slp_in_indv
 0
Leaving parameter init secton
# M
 0.2 0.2 0.2 0.2 0.2 0.2 0.2 0.2 0.2 0.2 0.2 0.2 0.2 0.2 0.2
 0.2 0.2 0.2 0.2 0.2 0.2 0.2 0.2 0.2 0.2 0.2 0.2 0.2 0.2 0.2
 0.2 0.2 0.2 0.2 0.2 0.2 0.2 0.2 0.2 0.2 0.2 0.2 0.2 0.2 0.2
 0.2 0.2 0.2 0.2 0.2 0.2 0.2 0.2 0.2 0.2 0.2 0.2 0.2 0.2 0.2
 0.2 0.2 0.2 0.2 0.2 0.2 0.2 0.2 0.2 0.2 0.2 0.2 0.2 0.2 0.2
 0.2 0.2 0.2 0.2 0.2 0.2 0.2 0.2 0.2 0.2 0.2 0.2 0.2 0.2 0.2
 0.2 0.2 0.2 0.2 0.2 0.2 0.2 0.2 0.2 0.2 0.2 0.2 0.2 0.2 0.2
 0.2 0.2 0.2 0.2 0.2 0.2 0.2 0.2 0.2 0.2 0.2 0.2 0.2 0.2 0.2
 0.2 0.2 0.2 0.2 0.2 0.2 0.2 0.2 0.2 0.2 0.2 0.2 0.2 0.2 0.2
 0.2 0.2 0.2 0.2 0.2 0.2 0.2 0.2 0.2 0.2 0.2 0.2 0.2 0.2 0.2
 0.2 0.2 0.2 0.2 0.2 0.2 0.2 0.2 0.2 0.2 0.2 0.2 0.2 0.2 0.2
 0.2 0.2 0.2 0.2 0.2 0.2 0.2 0.2 0.2 0.2 0.2 0.2 0.2 0.2 0.2
 0.2 0.2 0.2 0.2 0.2 0.2 0.2 0.2 0.2 0.2 0.2 0.2 0.2 0.2 0.2
 0.2 0.2 0.2 0.2 0.2 0.2 0.2 0.2 0.2 0.2 0.2 0.2 0.2 0.2 0.2
 0.2 0.2 0.2 0.2 0.2 0.2 0.2 0.2 0.2 0.2 0.2 0.2 0.2 0.2 0.2
 0.2 0.2 0.2 0.2 0.2 0.2 0.2 0.2 0.2 0.2 0.2 0.2 0.2 0.2 0.2
 0.2 0.2 0.2 0.2 0.2 0.2 0.2 0.2 0.2 0.2 0.2 0.2 0.2 0.2 0.2
 0.2 0.2 0.2 0.2 0.2 0.2 0.2 0.2 0.2 0.2 0.2 0.2 0.2 0.2 0.2
 0.2 0.2 0.2 0.2 0.2 0.2 0.2 0.2 0.2 0.2 0.2 0.2 0.2 0.2 0.2
 0.2 0.2 0.2 0.2 0.2 0.2 0.2 0.2 0.2 0.2 0.2 0.2 0.2 0.2 0.2
 0.2 0.2 0.2 0.2 0.2 0.2 0.2 0.2 0.2 0.2 0.2 0.2 0.2 0.2 0.2
 0.2 0.2 0.2 0.2 0.2 0.2 0.2 0.2 0.2 0.2 0.2 0.2 0.2 0.2 0.2
 0.2 0.2 0.2 0.2 0.2 0.2 0.2 0.2 0.2 0.2 0.2 0.2 0.2 0.2 0.2
 0.2 0.2 0.2 0.2 0.2 0.2 0.2 0.2 0.2 0.2 0.2 0.2 0.2 0.2 0.2
 0.2 0.2 0.2 0.2 0.2 0.2 0.2 0.2 0.2 0.2 0.2 0.2 0.2 0.2 0.2
 0.2 0.2 0.2 0.2 0.2 0.2 0.2 0.2 0.2 0.2 0.2 0.2 0.2 0.2 0.2
 0.2 0.2 0.2 0.2 0.2 0.2 0.2 0.2 0.2 0.2 0.2 0.2 0.2 0.2 0.2
 0.2 0.2 0.2 0.2 0.2 0.2 0.2 0.2 0.2 0.2 0.2 0.2 0.2 0.2 0.2
 0.2 0.2 0.2 0.2 0.2 0.2 0.2 0.2 0.2 0.2 0.2 0.2 0.2 0.2 0.2
 0.2 0.2 0.2 0.2 0.2 0.2 0.2 0.2 0.2 0.2 0.2 0.2 0.2 0.2 0.2
 0.2 0.2 0.2 0.2 0.2 0.2 0.2 0.2 0.2 0.2 0.2 0.2 0.2 0.2 0.2
 0.2 0.2 0.2 0.2 0.2 0.2 0.2 0.2 0.2 0.2 0.2 0.2 0.2 0.2 0.2
 0.2 0.2 0.2 0.2 0.2 0.2 0.2 0.2 0.2 0.2 0.2 0.2 0.2 0.2 0.2
 0.2 0.2 0.2 0.2 0.2 0.2 0.2 0.2 0.2 0.2 0.2 0.2 0.2 0.2 0.2
 0.2 0.2 0.2 0.2 0.2 0.2 0.2 0.2 0.2 0.2 0.2 0.2 0.2 0.2 0.2
 0.2 0.2 0.2 0.2 0.2 0.2 0.2 0.2 0.2 0.2 0.2 0.2 0.2 0.2 0.2
 0.2 0.2 0.2 0.2 0.2 0.2 0.2 0.2 0.2 0.2 0.2 0.2 0.2 0.2 0.2
 0.2 0.2 0.2 0.2 0.2 0.2 0.2 0.2 0.2 0.2 0.2 0.2 0.2 0.2 0.2
 0.2 0.2 0.2 0.2 0.2 0.2 0.2 0.2 0.2 0.2 0.2 0.2 0.2 0.2 0.2
 0.2 0.2 0.2 0.2 0.2 0.2 0.2 0.2 0.2 0.2 0.2 0.2 0.2 0.2 0.2
 0.2 0.2 0.2 0.2 0.2 0.2 0.2 0.2 0.2 0.2 0.2 0.2 0.2 0.2 0.2
 0.2 0.2 0.2 0.2 0.2 0.2 0.2 0.2 0.2 0.2 0.2 0.2 0.2 0.2 0.2
# Mest
0.204854
# mean_log_rec
-2.31862
# log_Rzero
-2.60867
# rec_dev
 -0.672809 -0.758198 -0.829815 -0.836793 -0.756493 -0.237011 -0.0401478 0.0690185 0.129051 -0.0938385 1.06075 0.45505 0.852387 0.465495 0.516083 0.454467 2.99593 -0.347222 -0.188235 1.57794 0.640223 1.98751 0.426786 0.385403 1.18072 0.535916 -0.116717 1.17256 -0.500341 -0.134313 -0.23217 0.558489 -0.856211 -0.194325 -0.633333 -0.867301 -0.672038 0.211327 0.392102 -1.09106 -1.24653 -1.17825 -1.4109 -0.707858 0.316777 -0.225611 -1.24759 0.28186 -0.489618 0.468086 0.777045 0.21679 0.143109 0.281961 -0.126902 -0.595613 2.27305e-009
# fmort
 0.0210332 0.033621 0.157641 0.111265 0.134754 0.0988314 0.0806672 0.076267 0.0446074 0.0464491 0.0706209 0.0207518 0.169108 0.186695 0.120308 0.152575 0.202593 0.223469 0.145726 0.118494 0.152451 0.00535359 0.00625047 0.00410582 0.00603195 0.00869889 0.00611106 0.00811021 0.00751029 0.0117674 0.00624812 0.00957528 0.00794 0.00743816 0.00570107 0.0164523 0.012656 0.00469204 0.00596479 0.00627702 0.00691413 0.00564173
# rec_dev_future
 0 0 0 0 0
