Alternative 1 Catch
     ai22 
Equil_Fabc 38.0719 
Year 
2022 3 
2023 43.4133 
2024 30.822 
2025 25.1318 
2026 24.9029 
2027 26.7568 
2028 29.7463 
2029 32.769 
2030 35.0369 
2031 36.3665 
2032 37.1261 
2033 37.274 
2034 37.1724 
2035 36.9293 
2036 36.675 

Alternative 1 ABCs
     ai22 

Year 
2022 44.7938 
2023 43.4133 
2024 30.822 
2025 25.1318 
2026 24.9029 
2027 26.7568 
2028 29.7463 
2029 32.769 
2030 35.0369 
2031 36.3665 
2032 37.1261 
2033 37.274 
2034 37.1724 
2035 36.9293 
2036 36.675 

Alternative 1 TACs
     ai22 

Year 
2022  NA 
2023 43.4133 
2024 30.822 
2025 25.1318 
2026 24.9029 
2027 26.7568 
2028 29.7463 
2029 32.769 
2030 35.0369 
2031 36.3665 
2032 37.1261 
2033 37.274 
2034 37.1724 
2035 36.9293 
2036 36.675 

Alternative 1 Sp_Biomass
     ai22 
Equil_Fabc 69.6872 
Year 
2022 79.8069 
2023 75.3276 
2024 62.3596 
2025 56.8031 
2026 56.908 
2027 60.1746 
2028 64.7073 
2029 68.6837 
2030 71.6495 
2031 73.4119 
2032 74.2208 
2033 74.3828 
2034 74.2988 
2035 73.8193 
2036 73.3083 

Alternative 1 Fishing Mortality
     ai22 
Equil_Fabc 0.305473 
Year 
2022 0.018114 
2023 0.305473 
2024 0.271662 
2025 0.246023 
2026 0.243173 
2027 0.245749 
2028 0.250289 
2029 0.255523 
2030 0.257827 
2031 0.259276 
2032 0.261506 
2033 0.26153 
2034 0.261448 
2035 0.26122 
2036 0.261251 

Alternative 1 Biomass
     ai22 

Year 
2022 253.922 
2023 264.173 
2024 243.746 
2025 244.866 
2026 257.01 
2027 272.079 
2028 286.08 
2029 296.62 
2030 302.902 
2031 306.264 
2032 306.462 
2033 305.615 
2034 304.775 
2035 303.951 
2036 304.15 

Alternative 1 Implied SPR rate 
     ai22 
Equil_Fabc 0.4 
Year 
2022 0.91759 
2023 0.4 
2024 0.427966 
2025 0.452047 
2026 0.456034 
2027 0.455336 
2028 0.452623 
2029 0.448643 
2030 0.448593 
2031 0.44808 
2032 0.445052 
2033 0.446224 
2034 0.446579 
2035 0.445643 
2036 0.444929 

  ai22 
EquilAvgAgeF0  5.13481 
EquilAvgAgeFabc  3.52025 
AvgAgeYr2036 3.82781 
Alternative 2 Catch
     ai22 
Equil_Fabc 38.0719 
Year 
2022 3 
2023 43.4133 
2024 30.822 
2025 25.1318 
2026 24.9029 
2027 26.7568 
2028 29.7463 
2029 32.769 
2030 35.0369 
2031 36.3665 
2032 37.1261 
2033 37.274 
2034 37.1724 
2035 36.9293 
2036 36.675 

Alternative 2 ABCs
     ai22 

Year 
2022 0.0447938 
2023 0.0433753 
2024 0.0306592 
2025 0.0246306 
2026 0.0227012 
2027 0.0205857 
2028 0.0197958 
2029 0.0249236 
2030 0.0347247 
2031 0.0409704 
2032 0.0461319 
2033 0.0496222 
2034 0.0511555 
2035 0.0498289 
2036 0.0470344 

Alternative 2 TACs
     ai22 

Year 
2022  NA 
2023 43.4133 
2024 30.822 
2025 25.1318 
2026 24.9029 
2027 26.7568 
2028 29.7463 
2029 32.769 
2030 35.0369 
2031 36.3665 
2032 37.1261 
2033 37.274 
2034 37.1724 
2035 36.9293 
2036 36.675 

Alternative 2 Sp_Biomass
     ai22 
Equil_Fabc 69.6872 
Year 
2022 79.8069 
2023 75.3276 
2024 62.3596 
2025 56.8031 
2026 56.908 
2027 60.1746 
2028 64.7073 
2029 68.6837 
2030 71.6495 
2031 73.4119 
2032 74.2208 
2033 74.3828 
2034 74.2988 
2035 73.8193 
2036 73.3083 

Alternative 2 Fishing Mortality
     ai22 
Equil_Fabc 0.305473 
Year 
2022 0.018114 
2023 0.305473 
2024 0.271662 
2025 0.246023 
2026 0.243173 
2027 0.245749 
2028 0.250289 
2029 0.255523 
2030 0.257827 
2031 0.259276 
2032 0.261506 
2033 0.26153 
2034 0.261448 
2035 0.26122 
2036 0.261251 

Alternative 2 Biomass
     ai22 

Year 
2022 253.922 
2023 264.173 
2024 243.746 
2025 244.866 
2026 257.01 
2027 272.079 
2028 286.08 
2029 296.62 
2030 302.902 
2031 306.264 
2032 306.462 
2033 305.615 
2034 304.775 
2035 303.951 
2036 304.15 

Alternative 2 Implied SPR rate 
     ai22 
Equil_Fabc 0.4 
Year 
2022 0.91759 
2023 0.4 
2024 0.427966 
2025 0.452047 
2026 0.456034 
2027 0.455336 
2028 0.452623 
2029 0.448643 
2030 0.448593 
2031 0.44808 
2032 0.445052 
2033 0.446224 
2034 0.446579 
2035 0.445643 
2036 0.444929 

  ai22 
EquilAvgAgeF0  5.13481 
EquilAvgAgeFabc  3.52025 
AvgAgeYr2036 3.82781 
Alternative 3 Catch
     ai22 
Equil_Fabc 38.0719 
Year 
2022 3 
2023 4.19937 
2024 4.10116 
2025 4.1734 
2026 4.43797 
2027 4.81583 
2028 5.28695 
2029 5.79405 
2030 6.30575 
2031 6.72987 
2032 7.06373 
2033 7.31402 
2034 7.49687 
2035 7.62826 
2036 7.71897 

Alternative 3 ABCs
     ai22 

Year 
2022 44.7938 
2023 43.4133 
2024 42.5502 
2025 43.4747 
2026 46.3161 
2027 50.3165 
2028 55.244 
2029 60.4545 
2030 65.6343 
2031 69.9305 
2032 73.3122 
2033 75.8334 
2034 77.6934 
2035 79.022 
2036 79.9468 

Alternative 3 TACs
     ai22 

Year 
2022  NA 
2023 4.19937 
2024 4.10116 
2025 4.1734 
2026 4.43797 
2027 4.81583 
2028 5.28695 
2029 5.79405 
2030 6.30575 
2031 6.72987 
2032 7.06373 
2033 7.31402 
2034 7.49687 
2035 7.62826 
2036 7.71897 

Alternative 3 Sp_Biomass
     ai22 
Equil_Fabc 69.6872 
Year 
2022 79.8069 
2023 78.4465 
2024 79.4592 
2025 81.7248 
2026 86.7008 
2027 94.2705 
2028 103.342 
2029 112.343 
2030 120.856 
2031 128.216 
2032 134.082 
2033 138.644 
2034 142.203 
2035 144.513 
2036 146.033 

Alternative 3 Fishing Mortality
     ai22 
Equil_Fabc 0.305473 
Year 
2022 0.018114 
2023 0.0262659 
2024 0.0262659 
2025 0.0262659 
2026 0.0262659 
2027 0.0262659 
2028 0.0262659 
2029 0.0262659 
2030 0.0262659 
2031 0.0262659 
2032 0.0262659 
2033 0.0262659 
2034 0.0262659 
2035 0.0262659 
2036 0.0262659 

Alternative 3 Biomass
     ai22 

Year 
2022 253.922 
2023 264.173 
2024 279.323 
2025 300.401 
2026 324.724 
2027 350.18 
2028 374.809 
2029 397.093 
2030 415.991 
2031 431.72 
2032 442.979 
2033 451.664 
2034 458.64 
2035 463.86 
2036 468.482 

Alternative 3 Implied SPR rate 
     ai22 
Equil_Fabc 0.4 
Year 
2022 0.91759 
2023 0.884766 
2024 0.884766 
2025 0.884766 
2026 0.884766 
2027 0.884766 
2028 0.884766 
2029 0.884766 
2030 0.884766 
2031 0.884766 
2032 0.884766 
2033 0.884766 
2034 0.884766 
2035 0.884766 
2036 0.884766 

  ai22 
EquilAvgAgeF0  5.13481 
EquilAvgAgeFabc  3.52025 
AvgAgeYr2036 5.00597 
Alternative 4 Catch
     ai22 
Equil_Fabc 38.0719 
Year 
2022 3 
2023 20.5473 
2024 18.4331 
2025 17.5847 
2026 17.8859 
2027 18.8622 
2028 20.3443 
2029 21.9947 
2030 23.6051 
2031 24.7995 
2032 25.6172 
2033 26.1036 
2034 26.4029 
2035 26.5627 
2036 26.6016 

Alternative 4 ABCs
     ai22 

Year 
2022 44.7938 
2023 43.4133 
2024 39.0566 
2025 36.6609 
2026 36.8388 
2027 38.5041 
2028 41.4709 
2029 45.0944 
2030 48.6137 
2031 51.2147 
2032 53.0405 
2033 54.1561 
2034 54.8225 
2035 55.1374 
2036 55.2562 

Alternative 4 TACs
     ai22 

Year 
2022  NA 
2023 20.5473 
2024 18.4331 
2025 17.5847 
2026 17.8859 
2027 18.8622 
2028 20.3443 
2029 21.9947 
2030 23.6051 
2031 24.7995 
2032 25.6172 
2033 26.1036 
2034 26.4029 
2035 26.5627 
2036 26.6016 

Alternative 4 Sp_Biomass
     ai22 
Equil_Fabc 69.6872 
Year 
2022 79.8069 
2023 77.2198 
2024 72.0991 
2025 69.7527 
2026 71.0801 
2027 75.3787 
2028 81.3156 
2029 87.1597 
2030 92.3856 
2031 96.4583 
2032 99.2956 
2033 101.147 
2034 102.358 
2035 102.752 
2036 102.766 

Alternative 4 Fishing Mortality
     ai22 
Equil_Fabc 0.305473 
Year 
2022 0.018114 
2023 0.134629 
2024 0.134629 
2025 0.134629 
2026 0.134629 
2027 0.134629 
2028 0.134629 
2029 0.134629 
2030 0.134629 
2031 0.134495 
2032 0.13436 
2033 0.133956 
2034 0.134091 
2035 0.13436 
2036 0.13436 

Alternative 4 Biomass
     ai22 

Year 
2022 253.922 
2023 264.173 
2024 264.488 
2025 274.407 
2026 289.877 
2027 307.58 
2028 324.964 
2029 340.058 
2030 351.678 
2031 360.263 
2032 364.97 
2033 367.851 
2034 369.834 
2035 370.935 
2036 372.28 

Alternative 4 Implied SPR rate 
     ai22 
Equil_Fabc 0.4 
Year 
2022 0.91759 
2023 0.6 
2024 0.6 
2025 0.6 
2026 0.6 
2027 0.6 
2028 0.6 
2029 0.6 
2030 0.6 
2031 0.6004 
2032 0.6008 
2033 0.602 
2034 0.6016 
2035 0.6008 
2036 0.6008 

  ai22 
EquilAvgAgeF0  5.13481 
EquilAvgAgeFabc  3.52025 
AvgAgeYr2036 4.31717 
Alternative 5 Catch
     ai22 
Equil_Fabc 38.0719 
Year 
2022 3 
2023  NA 
2024  NA 
2025  NA 
2026  NA 
2027  NA 
2028  NA 
2029  NA 
2030  NA 
2031  NA 
2032  NA 
2033  NA 
2034  NA 
2035  NA 
2036  NA 

Alternative 5 ABCs
     ai22 

Year 
2022 44.7938 
2023 43.4133 
2024 43.4506 
2025 45.1351 
2026 48.6668 
2027 53.3209 
2028 58.8982 
2029 64.8175 
2030 70.73 
2031 75.7313 
2032 79.7645 
2033 82.9043 
2034 85.3103 
2035 87.136 
2036 88.483 

Alternative 5 TACs
     ai22 

Year 
2022  NA 
2023  NA 
2024  NA 
2025  NA 
2026  NA 
2027  NA 
2028  NA 
2029  NA 
2030  NA 
2031  NA 
2032  NA 
2033  NA 
2034  NA 
2035  NA 
2036  NA 

Alternative 5 Sp_Biomass
     ai22 
Equil_Fabc 69.6872 
Year 
2022 79.8069 
2023 78.747 
2024 81.3741 
2025 85.0148 
2026 91.2029 
2027 99.9397 
2028 110.172 
2029 120.362 
2030 130.129 
2031 138.769 
2032 145.857 
2033 151.565 
2034 156.172 
2035 159.396 
2036 161.689 

Alternative 5 Fishing Mortality
     ai22 
Equil_Fabc 0.305473 
Year 
2022 0.018114 
2023  NA 
2024  NA 
2025  NA 
2026  NA 
2027  NA 
2028  NA 
2029  NA 
2030  NA 
2031  NA 
2032  NA 
2033  NA 
2034  NA 
2035  NA 
2036  NA 

Alternative 5 Biomass
     ai22 

Year 
2022 253.922 
2023 264.173 
2024 283.134 
2025 307.44 
2026 334.601 
2027 362.733 
2028 389.972 
2029 414.901 
2030 436.526 
2031 455.002 
2032 468.883 
2033 480.007 
2034 489.207 
2035 496.382 
2036 502.672 

Alternative 5 Implied SPR rate 
     ai22 
Equil_Fabc 0.4 
Year 
2022 0.91759 
2023 1 
2024 1 
2025 1 
2026 1 
2027 1 
2028 1 
2029 1 
2030 1 
2031 1 
2032 1 
2033 1 
2034 1 
2035 1 
2036 1 

  ai22 
EquilAvgAgeF0  5.13481 
EquilAvgAgeFabc  3.52025 
AvgAgeYr2036 5.2379 
Alternative 6 Catch
     ai22 
Equil_Fabc 38.0719 
Year 
2022 3 
2023 52.3839 
2024 33.3911 
2025 26.4409 
2026 26.3068 
2027 28.6871 
2028 32.2611 
2029 35.6159 
2030 37.8994 
2031 39.0364 
2032 39.5529 
2033 39.5007 
2034 39.2673 
2035 38.821 
2036 38.4884 

Alternative 6 ABCs
     ai22 

Year 
2022 44.7938 
2023 43.4133 
2024 27.7107 
2025 21.8292 
2026 21.6816 
2027 23.6224 
2028 26.5662 
2029 29.1976 
2030 30.9713 
2031 31.9392 
2032 32.3864 
2033 32.2974 
2034 32.0822 
2035 31.8167 
2036 31.4714 

Alternative 6 TACs
     ai22 

Year 
2022  NA 
2023 52.3839 
2024 33.3911 
2025 26.4409 
2026 26.3068 
2027 28.6871 
2028 32.2611 
2029 35.6159 
2030 37.8994 
2031 39.0364 
2032 39.5529 
2033 39.5007 
2034 39.2673 
2035 38.821 
2036 38.4884 

Alternative 6 Sp_Biomass
     ai22 
Equil_Fabc 69.6872 
Year 
2022 79.8069 
2023 74.5184 
2024 58.7285 
2025 52.7363 
2026 52.8382 
2027 56.006 
2028 60.1906 
2029 63.62 
2030 65.9407 
2031 67.0976 
2032 67.4535 
2033 67.3192 
2034 67.0603 
2035 66.5071 
2036 66.0136 

Alternative 6 Fishing Mortality
     ai22 
Equil_Fabc 0.305473 
Year 
2022 0.018114 
2023 0.37995 
2024 0.317056 
2025 0.282666 
2026 0.280362 
2027 0.286113 
2028 0.294283 
2029 0.30266 
2030 0.306883 
2031 0.308555 
2032 0.310359 
2033 0.310321 
2034 0.310159 
2035 0.308478 
2036 0.307972 

Alternative 6 Biomass
     ai22 

Year 
2022 253.922 
2023 264.173 
2024 235.611 
2025 235.326 
2026 247.357 
2027 262.136 
2028 275.26 
2029 284.388 
2030 289.061 
2031 290.976 
2032 290.117 
2033 288.602 
2034 287.39 
2035 286.39 
2036 286.651 

Alternative 6 Implied SPR rate 
     ai22 
Equil_Fabc 0.4 
Year 
2022 0.91759 
2023 0.35 
2024 0.391269 
2025 0.418447 
2026 0.42204 
2027 0.419872 
2028 0.415539 
2029 0.40991 
2030 0.406878 
2031 0.405674 
2032 0.404336 
2033 0.404492 
2034 0.404711 
2035 0.405886 
2036 0.406092 

  ai22 
EquilAvgAgeF0  5.13481 
EquilAvgAgeFabc  3.52025 
AvgAgeYr2036 3.70201 
Alternative 7 Catch
     ai22 
Equil_Fabc 38.0719 
Year 
2022 3 
2023 43.4133 
2024 30.822 
2025 30.3739 
2026 28.2578 
2027 29.6176 
2028 32.6668 
2029 35.7706 
2030 37.9453 
2031 39.0403 
2032 39.5446 
2033 39.4923 
2034 39.2617 
2035 38.8177 
2036 38.4868 

Alternative 7 ABCs
     ai22 

Year 
2022 44.7938 
2023 43.4133 
2024 30.822 
2025 25.1318 
2026 23.3146 
2027 24.4002 
2028 26.905 
2029 29.364 
2030 31.0274 
2031 31.9418 
2032 32.3794 
2033 32.2905 
2034 32.0776 
2035 31.814 
2036 31.47 

Alternative 7 TACs
     ai22 

Year 
2022  NA 
2023 52.3839 
2024 37.0714 
2025 30.3739 
2026 28.2578 
2027 29.6176 
2028 32.6668 
2029 35.7706 
2030 37.9453 
2031 39.0403 
2032 39.5446 
2033 39.4923 
2034 39.2617 
2035 38.8177 
2036 38.4868 

Alternative 7 Sp_Biomass
     ai22 
Equil_Fabc 69.6872 
Year 
2022 79.8069 
2023 75.3276 
2024 62.3596 
2025 56.393 
2026 54.7195 
2027 56.9449 
2028 60.6238 
2029 63.795 
2030 65.9975 
2031 67.1067 
2032 67.447 
2033 67.3109 
2034 67.0543 
2035 66.5036 
2036 66.0118 

Alternative 7 Fishing Mortality
     ai22 
Equil_Fabc 0.305473 
Year 
2022 0.018114 
2023 0.305473 
2024 0.271662 
2025 0.303652 
2026 0.290688 
2027 0.290766 
2028 0.2962 
2029 0.303363 
2030 0.307103 
2031 0.308596 
2032 0.310342 
2033 0.310297 
2034 0.310141 
2035 0.308467 
2036 0.307966 

Alternative 7 Biomass
     ai22 

Year 
2022 253.922 
2023 264.173 
2024 243.746 
2025 244.866 
2026 252.025 
2027 264.296 
2028 276.163 
2029 284.707 
2030 289.137 
2031 290.967 
2032 290.089 
2033 288.578 
2034 287.375 
2035 286.381 
2036 286.647 

Alternative 7 Implied SPR rate 
     ai22 
Equil_Fabc 0.4 
Year 
2022 0.91759 
2023 0.4 
2024 0.427966 
2025 0.401424 
2026 0.413179 
2027 0.415698 
2028 0.413747 
2029 0.409231 
2030 0.406657 
2031 0.405627 
2032 0.404348 
2033 0.404514 
2034 0.404727 
2035 0.405897 
2036 0.406098 

  ai22 
EquilAvgAgeF0  5.13481 
EquilAvgAgeFabc  3.52025 
AvgAgeYr2036 3.702 
