
SB0 SB40 SB35 MeanRec HarMeanRec Bnow
174.218 69.6872 60.9763 0.128356 0.0455739 82.8099 
CV Recruit
1.34775 
Alternative 1 Alternative  Stock: ai22
Catch ai22
Year C0 Cabc Cofl LowCI_Catch Median_Catch Mean_Catch UpperCI_Catch Stdev_Catch 
2022  0 38.0719 40.258 3 3 3 3 3.95239e-014 
2023  0 38.0719 40.258 43.3413 43.3728 43.4133 43.6235 0.115343 
2024  0 38.0719 40.258 30.5979 30.7211 30.822 31.3601 0.30021 
2025  0 38.0719 40.258 24.3952 24.8056 25.1318 26.9187 1.02654 
2026  0 38.0719 40.258 21.3194 23.2283 24.9029 35.1704 4.49786 
2027  0 38.0719 40.258 18.2864 23.7405 26.7568 42.7746 8.95502 
2028  0 38.0719 40.258 15.5443 26.2125 29.7463 54.9571 13.9467 
2029  0 38.0719 40.258 13.4155 29.013 32.769 65.7116 17.3628 
2030  0 38.0719 40.258 12.2261 31.8525 35.0369 70.0277 19.404 
2031  0 38.0719 40.258 12.6625 32.8802 36.3665 72.6505 20.3837 
2032  0 38.0719 40.258 12.6363 33.4307 37.1261 74.1524 20.7436 
2033  0 38.0719 40.258 12.1421 34.0713 37.274 74.073 20.7265 
2034  0 38.0719 40.258 12.2743 34.7989 37.1724 73.4564 20.1869 
2035  0 38.0719 40.258 12.5162 33.8391 36.9293 73.3536 19.8516 
2036  0 38.0719 40.258 12.4222 33.316 36.675 73.4714 19.7813 

Spawning_Biomass ai22
Year SSB100 SSBabc SSBofl LowCI_SSB Median_SSB Mean_SSB UpperCI_SSB Stdev_SSB 
2022 174.218 69.6872 60.9763 79.8069 79.8069 79.8069 79.8069 1.7053e-012 
2023 174.218 69.6872 60.9763 75.3276 75.3276 75.3276 75.3276 1.60583e-012 
2024 174.218 69.6872 60.9763 62.3517 62.3551 62.3596 62.3829 0.0127618 
2025 174.218 69.6872 60.9763 56.4583 56.6116 56.8031 57.7987 0.547936 
2026 174.218 69.6872 60.9763 51.7533 54.1472 56.908 71.3798 8.12052 
2027 174.218 69.6872 60.9763 46.6303 54.6996 60.1746 92.2277 17.5574 
2028 174.218 69.6872 60.9763 42.4725 57.7544 64.7073 116.401 25.2328 
2029 174.218 69.6872 60.9763 39.7001 61.114 68.6837 124.247 28.5556 
2030 174.218 69.6872 60.9763 38.9166 63.4096 71.6495 130.879 31.1027 
2031 174.218 69.6872 60.9763 39.5663 64.2603 73.4119 133.404 32.9579 
2032 174.218 69.6872 60.9763 39.4873 65.4585 74.2208 135.034 33.115 
2033 174.218 69.6872 60.9763 38.7817 66.0005 74.3828 133.472 32.4226 
2034 174.218 69.6872 60.9763 39.4752 66.7512 74.2988 135.832 31.3959 
2035 174.218 69.6872 60.9763 39.6083 65.7441 73.8193 135.893 31.39 
2036 174.218 69.6872 60.9763 39.1437 65.0134 73.3083 133.574 31.4825 

Fishing_mortalityai22
Year F0 Fabc Fofl LowCI_F Median_F Mean_F UpperCI_F Stdev_F 
2022  0 0.305473 0.37995 0.018114 0.018114 0.018114 0.018114 1.04083e-017 
2023  0 0.305473 0.37995 0.305473 0.305473 0.305473 0.305473 4.88498e-015 
2024  0 0.305473 0.37995 0.271625 0.271641 0.271662 0.271769 5.88855e-005 
2025  0 0.305473 0.37995 0.244432 0.24514 0.246023 0.250617 0.00252828 
2026  0 0.305473 0.37995 0.222722 0.233769 0.243173 0.305473 0.0231873 
2027  0 0.305473 0.37995 0.199084 0.236317 0.245749 0.305473 0.0371477 
2028  0 0.305473 0.37995 0.179899 0.250413 0.250289 0.305473 0.0460359 
2029  0 0.305473 0.37995 0.167107 0.265915 0.255523 0.305473 0.0499695 
2030  0 0.305473 0.37995 0.163491 0.276507 0.257827 0.305473 0.0542804 
2031  0 0.305473 0.37995 0.166489 0.280432 0.259276 0.305473 0.0558734 
2032  0 0.305473 0.37995 0.166125 0.285961 0.261506 0.305473 0.0540514 
2033  0 0.305473 0.37995 0.162869 0.288462 0.26153 0.305473 0.0562279 
2034  0 0.305473 0.37995 0.166069 0.291926 0.261448 0.305473 0.0567499 
2035  0 0.305473 0.37995 0.166683 0.287279 0.26122 0.305473 0.0547823 
2036  0 0.305473 0.37995 0.164539 0.283907 0.261251 0.305473 0.0532426 

Total_Biomassai22
Year B100 Babc Bofl LowCI_Biom Median_Biom Mean_Biom UpperCI_Biom Stdev_Biom 
2022 1060.57 295.687 274.53 253.922 253.922 253.922 253.922 4.49063e-012 
2023 1060.57 295.687 274.53 251.941 257.294 264.173 299.847 19.5783 
2024 1060.57 295.687 274.53 213.875 231.85 243.746 315.968 37.1775 
2025 1060.57 295.687 274.53 189.953 227.647 244.866 359.664 60.955 
2026 1060.57 295.687 274.53 174.595 235.536 257.01 417.549 82.4521 
2027 1060.57 295.687 274.53 163.662 247.206 272.079 459.895 101.562 
2028 1060.57 295.687 274.53 155.83 260.161 286.08 499.116 116.971 
2029 1060.57 295.687 274.53 156.178 268.409 296.62 531.714 124.61 
2030 1060.57 295.687 274.53 154.821 276.938 302.902 530.758 128.103 
2031 1060.57 295.687 274.53 153.778 278.634 306.264 532.127 127.845 
2032 1060.57 295.687 274.53 153.055 281.249 306.462 547.743 126.112 
2033 1060.57 295.687 274.53 154.347 280.426 305.615 550.277 124.616 
2034 1060.57 295.687 274.53 156.123 279.176 304.775 542.794 122.476 
2035 1060.57 295.687 274.53 157.473 279.983 303.951 538.245 122.089 
2036 1060.57 295.687 274.53 159.97 281.52 304.15 529.169 122.036 
Alternative 2 Alternative  Stock: ai22
Catch ai22
Year C0 Cabc Cofl LowCI_Catch Median_Catch Mean_Catch UpperCI_Catch Stdev_Catch 
2022  0 38.0719 40.258 3 3 3 3 3.95239e-014 
2023  0 38.0719 40.258 43.3413 43.3728 43.4133 43.6235 0.115343 
2024  0 38.0719 40.258 30.5979 30.7211 30.822 31.3601 0.30021 
2025  0 38.0719 40.258 24.3952 24.8056 25.1318 26.9187 1.02654 
2026  0 38.0719 40.258 21.3194 23.2283 24.9029 35.1704 4.49786 
2027  0 38.0719 40.258 18.2864 23.7405 26.7568 42.7746 8.95502 
2028  0 38.0719 40.258 15.5443 26.2125 29.7463 54.9571 13.9467 
2029  0 38.0719 40.258 13.4155 29.013 32.769 65.7116 17.3628 
2030  0 38.0719 40.258 12.2261 31.8525 35.0369 70.0277 19.404 
2031  0 38.0719 40.258 12.6625 32.8802 36.3665 72.6505 20.3837 
2032  0 38.0719 40.258 12.6363 33.4307 37.1261 74.1524 20.7436 
2033  0 38.0719 40.258 12.1421 34.0713 37.274 74.073 20.7265 
2034  0 38.0719 40.258 12.2743 34.7989 37.1724 73.4564 20.1869 
2035  0 38.0719 40.258 12.5162 33.8391 36.9293 73.3536 19.8516 
2036  0 38.0719 40.258 12.4222 33.316 36.675 73.4714 19.7813 

Spawning_Biomass ai22
Year SSB100 SSBabc SSBofl LowCI_SSB Median_SSB Mean_SSB UpperCI_SSB Stdev_SSB 
2022 174.218 69.6872 60.9763 79.8069 79.8069 79.8069 79.8069 1.7053e-012 
2023 174.218 69.6872 60.9763 75.3276 75.3276 75.3276 75.3276 1.60583e-012 
2024 174.218 69.6872 60.9763 62.3517 62.3551 62.3596 62.3829 0.0127618 
2025 174.218 69.6872 60.9763 56.4583 56.6116 56.8031 57.7987 0.547936 
2026 174.218 69.6872 60.9763 51.7533 54.1472 56.908 71.3798 8.12052 
2027 174.218 69.6872 60.9763 46.6303 54.6996 60.1746 92.2277 17.5574 
2028 174.218 69.6872 60.9763 42.4725 57.7544 64.7073 116.401 25.2328 
2029 174.218 69.6872 60.9763 39.7001 61.114 68.6837 124.247 28.5556 
2030 174.218 69.6872 60.9763 38.9166 63.4096 71.6495 130.879 31.1027 
2031 174.218 69.6872 60.9763 39.5663 64.2603 73.4119 133.404 32.9579 
2032 174.218 69.6872 60.9763 39.4873 65.4585 74.2208 135.034 33.115 
2033 174.218 69.6872 60.9763 38.7817 66.0005 74.3828 133.472 32.4226 
2034 174.218 69.6872 60.9763 39.4752 66.7512 74.2988 135.832 31.3959 
2035 174.218 69.6872 60.9763 39.6083 65.7441 73.8193 135.893 31.39 
2036 174.218 69.6872 60.9763 39.1437 65.0134 73.3083 133.574 31.4825 

Fishing_mortalityai22
Year F0 Fabc Fofl LowCI_F Median_F Mean_F UpperCI_F Stdev_F 
2022  0 0.305473 0.37995 0.018114 0.018114 0.018114 0.018114 1.04083e-017 
2023  0 0.305473 0.37995 0.305473 0.305473 0.305473 0.305473 4.88498e-015 
2024  0 0.305473 0.37995 0.271625 0.271641 0.271662 0.271769 5.88855e-005 
2025  0 0.305473 0.37995 0.244432 0.24514 0.246023 0.250617 0.00252828 
2026  0 0.305473 0.37995 0.222722 0.233769 0.243173 0.305473 0.0231873 
2027  0 0.305473 0.37995 0.199084 0.236317 0.245749 0.305473 0.0371477 
2028  0 0.305473 0.37995 0.179899 0.250413 0.250289 0.305473 0.0460359 
2029  0 0.305473 0.37995 0.167107 0.265915 0.255523 0.305473 0.0499695 
2030  0 0.305473 0.37995 0.163491 0.276507 0.257827 0.305473 0.0542804 
2031  0 0.305473 0.37995 0.166489 0.280432 0.259276 0.305473 0.0558734 
2032  0 0.305473 0.37995 0.166125 0.285961 0.261506 0.305473 0.0540514 
2033  0 0.305473 0.37995 0.162869 0.288462 0.26153 0.305473 0.0562279 
2034  0 0.305473 0.37995 0.166069 0.291926 0.261448 0.305473 0.0567499 
2035  0 0.305473 0.37995 0.166683 0.287279 0.26122 0.305473 0.0547823 
2036  0 0.305473 0.37995 0.164539 0.283907 0.261251 0.305473 0.0532426 

Total_Biomassai22
Year B100 Babc Bofl LowCI_Biom Median_Biom Mean_Biom UpperCI_Biom Stdev_Biom 
2022 1060.57 295.687 274.53 253.922 253.922 253.922 253.922 4.49063e-012 
2023 1060.57 295.687 274.53 251.941 257.294 264.173 299.847 19.5783 
2024 1060.57 295.687 274.53 213.875 231.85 243.746 315.968 37.1775 
2025 1060.57 295.687 274.53 189.953 227.647 244.866 359.664 60.955 
2026 1060.57 295.687 274.53 174.595 235.536 257.01 417.549 82.4521 
2027 1060.57 295.687 274.53 163.662 247.206 272.079 459.895 101.562 
2028 1060.57 295.687 274.53 155.83 260.161 286.08 499.116 116.971 
2029 1060.57 295.687 274.53 156.178 268.409 296.62 531.714 124.61 
2030 1060.57 295.687 274.53 154.821 276.938 302.902 530.758 128.103 
2031 1060.57 295.687 274.53 153.778 278.634 306.264 532.127 127.845 
2032 1060.57 295.687 274.53 153.055 281.249 306.462 547.743 126.112 
2033 1060.57 295.687 274.53 154.347 280.426 305.615 550.277 124.616 
2034 1060.57 295.687 274.53 156.123 279.176 304.775 542.794 122.476 
2035 1060.57 295.687 274.53 157.473 279.983 303.951 538.245 122.089 
2036 1060.57 295.687 274.53 159.97 281.52 304.15 529.169 122.036 
Alternative 3 Alternative  Stock: ai22
Catch ai22
Year C0 Cabc Cofl LowCI_Catch Median_Catch Mean_Catch UpperCI_Catch Stdev_Catch 
2022  0 38.0719 40.258 3 3 3 3 3.95239e-014 
2023  0 38.0719 40.258 4.19316 4.19588 4.19937 4.21747 0.0099351 
2024  0 38.0719 40.258 4.07972 4.09148 4.10116 4.15239 0.0286446 
2025  0 38.0719 40.258 4.1091 4.14765 4.1734 4.31987 0.0833928 
2026  0 38.0719 40.258 4.24592 4.3583 4.43797 4.87955 0.251672 
2027  0 38.0719 40.258 4.29967 4.61633 4.81583 5.95239 0.65462 
2028  0 38.0719 40.258 4.20187 4.9033 5.28695 7.66724 1.28568 
2029  0 38.0719 40.258 4.01719 5.29245 5.79405 9.59317 1.90469 
2030  0 38.0719 40.258 3.81061 5.68694 6.30575 10.7964 2.4206 
2031  0 38.0719 40.258 3.72404 6.09136 6.72987 11.6891 2.70886 
2032  0 38.0719 40.258 3.75888 6.43732 7.06373 12.4824 2.917 
2033  0 38.0719 40.258 3.83227 6.64729 7.31402 12.7329 3.05231 
2034  0 38.0719 40.258 3.75807 6.87453 7.49687 13.0105 3.0753 
2035  0 38.0719 40.258 3.83855 7.08332 7.62826 13.3227 3.06703 
2036  0 38.0719 40.258 3.87182 7.18696 7.71897 13.3281 3.04826 

Spawning_Biomass ai22
Year SSB100 SSBabc SSBofl LowCI_SSB Median_SSB Mean_SSB UpperCI_SSB Stdev_SSB 
2022 174.218 69.6872 60.9763 79.8069 79.8069 79.8069 79.8069 1.7053e-012 
2023 174.218 69.6872 60.9763 78.4465 78.4465 78.4465 78.4465 9.52127e-013 
2024 174.218 69.6872 60.9763 79.4509 79.4545 79.4592 79.4835 0.0133232 
2025 174.218 69.6872 60.9763 81.3622 81.5236 81.7248 82.7716 0.576196 
2026 174.218 69.6872 60.9763 81.17 83.7351 86.7008 102.308 8.65292 
2027 174.218 69.6872 60.9763 78.6044 87.8162 94.2705 130.847 20.0484 
2028 174.218 69.6872 60.9763 75.4521 94.4703 103.342 164.49 31.4376 
2029 174.218 69.6872 60.9763 72.8573 102.352 112.343 187.271 38.661 
2030 174.218 69.6872 60.9763 71.4701 109.897 120.856 203.146 45.0868 
2031 174.218 69.6872 60.9763 70.5504 117.391 128.216 223.973 50.8341 
2032 174.218 69.6872 60.9763 73.0903 122.442 134.082 231.667 54.1316 
2033 174.218 69.6872 60.9763 72.6092 128.309 138.644 235.73 55.7782 
2034 174.218 69.6872 60.9763 72.4213 131.738 142.203 242.889 56.1935 
2035 174.218 69.6872 60.9763 72.4435 135.095 144.513 247.309 56.6581 
2036 174.218 69.6872 60.9763 73.339 136.542 146.033 251.534 56.833 

Fishing_mortalityai22
Year F0 Fabc Fofl LowCI_F Median_F Mean_F UpperCI_F Stdev_F 
2022  0 0.305473 0.37995 0.018114 0.018114 0.018114 0.018114 1.04083e-017 
2023  0 0.305473 0.37995 0.0262659 0.0262659 0.0262659 0.0262659 4.61436e-016 
2024  0 0.305473 0.37995 0.0262659 0.0262659 0.0262659 0.0262659 4.61436e-016 
2025  0 0.305473 0.37995 0.0262659 0.0262659 0.0262659 0.0262659 4.61436e-016 
2026  0 0.305473 0.37995 0.0262659 0.0262659 0.0262659 0.0262659 4.61436e-016 
2027  0 0.305473 0.37995 0.0262659 0.0262659 0.0262659 0.0262659 4.61436e-016 
2028  0 0.305473 0.37995 0.0262659 0.0262659 0.0262659 0.0262659 4.61436e-016 
2029  0 0.305473 0.37995 0.0262659 0.0262659 0.0262659 0.0262659 4.61436e-016 
2030  0 0.305473 0.37995 0.0262659 0.0262659 0.0262659 0.0262659 4.61436e-016 
2031  0 0.305473 0.37995 0.0262659 0.0262659 0.0262659 0.0262659 4.61436e-016 
2032  0 0.305473 0.37995 0.0262659 0.0262659 0.0262659 0.0262659 4.61436e-016 
2033  0 0.305473 0.37995 0.0262659 0.0262659 0.0262659 0.0262659 4.61436e-016 
2034  0 0.305473 0.37995 0.0262659 0.0262659 0.0262659 0.0262659 4.61436e-016 
2035  0 0.305473 0.37995 0.0262659 0.0262659 0.0262659 0.0262659 4.61436e-016 
2036  0 0.305473 0.37995 0.0262659 0.0262659 0.0262659 0.0262659 4.61436e-016 

Total_Biomassai22
Year B100 Babc Bofl LowCI_Biom Median_Biom Mean_Biom UpperCI_Biom Stdev_Biom 
2022 1060.57 295.687 274.53 253.922 253.922 253.922 253.922 4.49063e-012 
2023 1060.57 295.687 274.53 251.941 257.294 264.173 299.847 19.5783 
2024 1060.57 295.687 274.53 249.379 267.425 279.323 351.687 37.2793 
2025 1060.57 295.687 274.53 245.111 282.961 300.401 416.724 61.4646 
2026 1060.57 295.687 274.53 241.047 302.894 324.724 487.597 84.1152 
2027 1060.57 295.687 274.53 236.423 324.352 350.18 547.994 107 
2028 1060.57 295.687 274.53 234.06 343.123 374.809 613.775 129.173 
2029 1060.57 295.687 274.53 232.56 368.799 397.093 664.958 144.973 
2030 1060.57 295.687 274.53 233.588 388.755 415.991 690.104 156.144 
2031 1060.57 295.687 274.53 234.073 401.725 431.72 708.19 162.551 
2032 1060.57 295.687 274.53 235.258 412.318 442.979 731.945 166.378 
2033 1060.57 295.687 274.53 233.96 423.831 451.664 765.034 168.22 
2034 1060.57 295.687 274.53 237.632 434.933 458.64 780.74 167.552 
2035 1060.57 295.687 274.53 247.907 437.838 463.86 780.232 166.888 
2036 1060.57 295.687 274.53 254.091 439.32 468.482 778.56 165.549 
Alternative 4 Alternative  Stock: ai22
Catch ai22
Year C0 Cabc Cofl LowCI_Catch Median_Catch Mean_Catch UpperCI_Catch Stdev_Catch 
2022  0 38.0719 40.258 3 3 3 3 3.95239e-014 
2023  0 38.0719 40.258 20.5155 20.5294 20.5473 20.64 0.0508891 
2024  0 38.0719 40.258 18.3235 18.3836 18.4331 18.6949 0.146417 
2025  0 38.0719 40.258 17.2575 17.4539 17.5847 18.3295 0.424016 
2026  0 38.0719 40.258 16.9199 17.4877 17.8859 20.095 1.26287 
2027  0 38.0719 40.258 16.3264 17.8859 18.8622 24.4531 3.19545 
2028  0 38.0719 40.258 15.2087 18.584 20.3443 31.5301 6.00828 
2029  0 38.0719 40.258 13.9273 19.7194 21.9947 38.8679 8.46581 
2030  0 38.0719 40.258 12.7597 21.0942 23.6051 42.4707 10.2406 
2031  0 38.0719 40.258 12.3899 22.1766 24.7995 45.4465 11.1522 
2032  0 38.0719 40.258 12.3108 22.9547 25.6172 46.7183 11.745 
2033  0 38.0719 40.258 12.3115 23.479 26.1036 47.577 12.038 
2034  0 38.0719 40.258 12.2927 24.0298 26.4029 48.2615 11.8394 
2035  0 38.0719 40.258 12.4198 24.1944 26.5627 49.0023 11.6203 
2036  0 38.0719 40.258 12.4194 24.2124 26.6016 48.5002 11.5208 

Spawning_Biomass ai22
Year SSB100 SSBabc SSBofl LowCI_SSB Median_SSB Mean_SSB UpperCI_SSB Stdev_SSB 
2022 174.218 69.6872 60.9763 79.8069 79.8069 79.8069 79.8069 1.7053e-012 
2023 174.218 69.6872 60.9763 77.2198 77.2198 77.2198 77.2198 1.3074e-012 
2024 174.218 69.6872 60.9763 72.0908 72.0944 72.0991 72.1233 0.0132972 
2025 174.218 69.6872 60.9763 69.3923 69.5526 69.7527 70.7932 0.572703 
2026 174.218 69.6872 60.9763 65.6359 68.1621 71.0801 86.4334 8.51348 
2027 174.218 69.6872 60.9763 60.2052 69.2057 75.3787 110.806 19.337 
2028 174.218 69.6872 60.9763 55.0366 72.814 81.3156 139.826 29.3923 
2029 174.218 69.6872 60.9763 51.0463 78.2117 87.1597 154.18 35.012 
2030 174.218 69.6872 60.9763 48.9823 82.7703 92.3856 164.529 39.5965 
2031 174.218 69.6872 60.9763 48.2787 86.8268 96.4583 177.109 43.2866 
2032 174.218 69.6872 60.9763 48.8056 89.5967 99.2956 182.648 44.7784 
2033 174.218 69.6872 60.9763 48.0029 91.6892 101.147 181.447 44.9393 
2034 174.218 69.6872 60.9763 47.7454 93.2856 102.358 187.335 44.2645 
2035 174.218 69.6872 60.9763 47.6131 94.2823 102.752 188.07 44.1706 
2036 174.218 69.6872 60.9763 48.7763 94.4247 102.766 184.633 44.1064 

Fishing_mortalityai22
Year F0 Fabc Fofl LowCI_F Median_F Mean_F UpperCI_F Stdev_F 
2022  0 0.305473 0.37995 0.018114 0.018114 0.018114 0.018114 1.04083e-017 
2023  0 0.305473 0.37995 0.134629 0.134629 0.134629 0.134629 9.15934e-016 
2024  0 0.305473 0.37995 0.134629 0.134629 0.134629 0.134629 9.15934e-016 
2025  0 0.305473 0.37995 0.134629 0.134629 0.134629 0.134629 9.15934e-016 
2026  0 0.305473 0.37995 0.134629 0.134629 0.134629 0.134629 9.15934e-016 
2027  0 0.305473 0.37995 0.134629 0.134629 0.134629 0.134629 9.15934e-016 
2028  0 0.305473 0.37995 0.134629 0.134629 0.134629 0.134629 9.15934e-016 
2029  0 0.305473 0.37995 0.134629 0.134629 0.134629 0.134629 9.15934e-016 
2030  0 0.305473 0.37995 0.134629 0.134629 0.134629 0.134629 9.15934e-016 
2031  0 0.305473 0.37995 0.134629 0.134629 0.134495 0.134629 0.00425523 
2032  0 0.305473 0.37995 0.134629 0.134629 0.13436 0.134629 0.00601479 
2033  0 0.305473 0.37995 0.134629 0.134629 0.133956 0.134629 0.00949591 
2034  0 0.305473 0.37995 0.134629 0.134629 0.134091 0.134629 0.00849767 
2035  0 0.305473 0.37995 0.134629 0.134629 0.13436 0.134629 0.00601479 
2036  0 0.305473 0.37995 0.134629 0.134629 0.13436 0.134629 0.00601479 

Total_Biomassai22
Year B100 Babc Bofl LowCI_Biom Median_Biom Mean_Biom UpperCI_Biom Stdev_Biom 
2022 1060.57 295.687 274.53 253.922 253.922 253.922 253.922 4.49063e-012 
2023 1060.57 295.687 274.53 251.941 257.294 264.173 299.847 19.5783 
2024 1060.57 295.687 274.53 234.572 252.591 264.488 336.797 37.2398 
2025 1060.57 295.687 274.53 219.277 257.048 274.407 390.089 61.2489 
2026 1060.57 295.687 274.53 206.672 268.069 289.877 452.049 83.4263 
2027 1060.57 295.687 274.53 195.604 282.778 307.58 502.62 105.116 
2028 1060.57 295.687 274.53 188.433 294.626 324.964 553.753 124.86 
2029 1060.57 295.687 274.53 182.972 312.646 340.058 593.033 137.301 
2030 1060.57 295.687 274.53 183.118 325.087 351.678 613.483 144.894 
2031 1060.57 295.687 274.53 180.195 331.674 360.263 621.179 147.823 
2032 1060.57 295.687 274.53 177.884 338.232 364.97 636 148.49 
2033 1060.57 295.687 274.53 179.509 342.22 367.851 646.398 147.962 
2034 1060.57 295.687 274.53 182.365 346.635 369.834 648.764 145.74 
2035 1060.57 295.687 274.53 186.761 345.985 370.935 650.539 144.581 
2036 1060.57 295.687 274.53 185.502 348.986 372.28 638.299 143.426 
Alternative 5 Alternative  Stock: ai22
Catch ai22
Year C0 Cabc Cofl LowCI_Catch Median_Catch Mean_Catch UpperCI_Catch Stdev_Catch 
2022  0 38.0719 40.258 3 3 3 3 3.95239e-014 
2023  0 38.0719 40.258 0 0 0 0 0 
2024  0 38.0719 40.258 0 0 0 0 0 
2025  0 38.0719 40.258 0 0 0 0 0 
2026  0 38.0719 40.258 0 0 0 0 0 
2027  0 38.0719 40.258 0 0 0 0 0 
2028  0 38.0719 40.258 0 0 0 0 0 
2029  0 38.0719 40.258 0 0 0 0 0 
2030  0 38.0719 40.258 0 0 0 0 0 
2031  0 38.0719 40.258 0 0 0 0 0 
2032  0 38.0719 40.258 0 0 0 0 0 
2033  0 38.0719 40.258 0 0 0 0 0 
2034  0 38.0719 40.258 0 0 0 0 0 
2035  0 38.0719 40.258 0 0 0 0 0 
2036  0 38.0719 40.258 0 0 0 0 0 

Spawning_Biomass ai22
Year SSB100 SSBabc SSBofl LowCI_SSB Median_SSB Mean_SSB UpperCI_SSB Stdev_SSB 
2022 174.218 69.6872 60.9763 79.8069 79.8069 79.8069 79.8069 1.7053e-012 
2023 174.218 69.6872 60.9763 78.747 78.747 78.747 78.747 2.84217e-013 
2024 174.218 69.6872 60.9763 81.3658 81.3695 81.3741 81.3984 0.0133296 
2025 174.218 69.6872 60.9763 84.6517 84.8133 85.0148 86.0632 0.577046 
2026 174.218 69.6872 60.9763 85.6509 88.2221 91.2029 106.872 8.68706 
2027 174.218 69.6872 60.9763 84.1563 93.4188 99.9397 136.765 20.2252 
2028 174.218 69.6872 60.9763 81.866 101.154 110.172 172.602 31.9602 
2029 174.218 69.6872 60.9763 79.9837 110.079 120.362 196.713 39.629 
2030 174.218 69.6872 60.9763 79.4042 118.656 130.129 214.928 46.6124 
2031 174.218 69.6872 60.9763 78.8106 127.846 138.769 238.214 53.0357 
2032 174.218 69.6872 60.9763 81.7148 133.94 145.857 248.056 56.9748 
2033 174.218 69.6872 60.9763 81.8035 141.061 151.565 256.032 59.196 
2034 174.218 69.6872 60.9763 81.473 144.704 156.172 264.229 60.0942 
2035 174.218 69.6872 60.9763 81.5218 149.436 159.396 269.371 60.8763 
2036 174.218 69.6872 60.9763 82.5115 151.39 161.689 277.636 61.2389 

Fishing_mortalityai22
Year F0 Fabc Fofl LowCI_F Median_F Mean_F UpperCI_F Stdev_F 
2022  0 0.305473 0.37995 0.018114 0.018114 0.018114 0.018114 1.04083e-017 
2023  0 0.305473 0.37995 0 0 0 0 0 
2024  0 0.305473 0.37995 0 0 0 0 0 
2025  0 0.305473 0.37995 0 0 0 0 0 
2026  0 0.305473 0.37995 0 0 0 0 0 
2027  0 0.305473 0.37995 0 0 0 0 0 
2028  0 0.305473 0.37995 0 0 0 0 0 
2029  0 0.305473 0.37995 0 0 0 0 0 
2030  0 0.305473 0.37995 0 0 0 0 0 
2031  0 0.305473 0.37995 0 0 0 0 0 
2032  0 0.305473 0.37995 0 0 0 0 0 
2033  0 0.305473 0.37995 0 0 0 0 0 
2034  0 0.305473 0.37995 0 0 0 0 0 
2035  0 0.305473 0.37995 0 0 0 0 0 
2036  0 0.305473 0.37995 0 0 0 0 0 

Total_Biomassai22
Year B100 Babc Bofl LowCI_Biom Median_Biom Mean_Biom UpperCI_Biom Stdev_Biom 
2022 1060.57 295.687 274.53 253.922 253.922 253.922 253.922 4.49063e-012 
2023 1060.57 295.687 274.53 251.941 257.294 264.173 299.847 19.5783 
2024 1060.57 295.687 274.53 253.183 271.237 283.134 355.512 37.2889 
2025 1060.57 295.687 274.53 252.117 290 307.44 423.919 61.5171 
2026 1060.57 295.687 274.53 250.814 312.766 334.601 497.996 84.2836 
2027 1060.57 295.687 274.53 248.574 336.947 362.733 561.042 107.467 
2028 1060.57 295.687 274.53 248.133 357.956 389.972 629.455 130.272 
2029 1060.57 295.687 274.53 248.454 385.695 414.901 687.731 147.007 
2030 1060.57 295.687 274.53 250.94 409.079 436.526 719.406 159.259 
2031 1060.57 295.687 274.53 251.931 424.653 455.002 751.82 166.818 
2032 1060.57 295.687 274.53 254.444 437.781 468.883 761.316 171.77 
2033 1060.57 295.687 274.53 254.023 451.806 480.007 800.746 174.579 
2034 1060.57 295.687 274.53 257.626 465.229 489.207 817.874 174.681 
2035 1060.57 295.687 274.53 269.511 471.576 496.382 821.625 174.456 
2036 1060.57 295.687 274.53 275.904 474.705 502.672 828.156 173.294 
Alternative 6 Alternative  Stock: ai22
Catch ai22
Year C0 Cabc Cofl LowCI_Catch Median_Catch Mean_Catch UpperCI_Catch Stdev_Catch 
2022  0 38.0719 40.258 3 3 3 3 3.95239e-014 
2023  0 38.0719 40.258 52.2943 52.3335 52.3839 52.6452 0.143398 
2024  0 38.0719 40.258 33.13 33.2735 33.3911 34.0175 0.349647 
2025  0 38.0719 40.258 25.601 26.0681 26.4409 28.4742 1.17147 
2026  0 38.0719 40.258 22.1472 24.2776 26.3068 38.4188 5.51164 
2027  0 38.0719 40.258 18.8612 24.902 28.6871 49.2881 10.854 
2028  0 38.0719 40.258 15.9949 27.6406 32.2611 62.7325 16.449 
2029  0 38.0719 40.258 13.8165 30.599 35.6159 73.6605 19.9048 
2030  0 38.0719 40.258 12.6461 33.107 37.8994 76.7965 21.7071 
2031  0 38.0719 40.258 13.231 33.982 39.0364 79.188 22.6087 
2032  0 38.0719 40.258 12.9552 34.4418 39.5529 80.0221 22.9145 
2033  0 38.0719 40.258 12.5015 34.5071 39.5007 81.0426 22.7058 
2034  0 38.0719 40.258 12.3535 35.0304 39.2673 79.6071 22.0502 
2035  0 38.0719 40.258 12.7608 33.6869 38.821 78.7391 21.7923 
2036  0 38.0719 40.258 12.5959 33.2961 38.4884 80.1009 21.8108 

Spawning_Biomass ai22
Year SSB100 SSBabc SSBofl LowCI_SSB Median_SSB Mean_SSB UpperCI_SSB Stdev_SSB 
2022 174.218 69.6872 60.9763 79.8069 79.8069 79.8069 79.8069 1.7053e-012 
2023 174.218 69.6872 60.9763 74.5184 74.5184 74.5184 74.5184 4.54747e-013 
2024 174.218 69.6872 60.9763 58.7206 58.7241 58.7285 58.7516 0.0126705 
2025 174.218 69.6872 60.9763 52.3941 52.5463 52.7363 53.7244 0.543792 
2026 174.218 69.6872 60.9763 47.7463 50.1166 52.8382 67.0923 8.01145 
2027 174.218 69.6872 60.9763 42.8118 50.6995 56.006 87.1583 16.9953 
2028 174.218 69.6872 60.9763 38.9076 53.5065 60.1906 107.209 23.8693 
2029 174.218 69.6872 60.9763 36.4515 56.7486 63.62 115.76 26.5121 
2030 174.218 69.6872 60.9763 35.8726 58.0664 65.9407 120.029 28.5492 
2031 174.218 69.6872 60.9763 36.2778 59.3622 67.0976 122.234 29.9862 
2032 174.218 69.6872 60.9763 35.8999 59.8265 67.4535 122.995 29.896 
2033 174.218 69.6872 60.9763 35.6485 60.2408 67.3192 121.115 29.085 
2034 174.218 69.6872 60.9763 35.3805 59.8101 67.0603 121.995 28.1221 
2035 174.218 69.6872 60.9763 35.813 59.2695 66.5071 121.142 28.2423 
2036 174.218 69.6872 60.9763 35.5223 58.4946 66.0136 120.784 28.3463 

Fishing_mortalityai22
Year F0 Fabc Fofl LowCI_F Median_F Mean_F UpperCI_F Stdev_F 
2022  0 0.305473 0.37995 0.018114 0.018114 0.018114 0.018114 1.04083e-017 
2023  0 0.305473 0.37995 0.37995 0.37995 0.37995 0.37995 5.77316e-015 
2024  0 0.305473 0.37995 0.31701 0.31703 0.317056 0.317188 7.27182e-005 
2025  0 0.305473 0.37995 0.280702 0.281575 0.282666 0.288336 0.00312092 
2026  0 0.305473 0.37995 0.254027 0.26763 0.280362 0.365057 0.0319147 
2027  0 0.305473 0.37995 0.225707 0.270976 0.286113 0.37995 0.0513312 
2028  0 0.305473 0.37995 0.2033 0.287086 0.294283 0.37995 0.0631898 
2029  0 0.305473 0.37995 0.189204 0.305693 0.30266 0.37995 0.0677886 
2030  0 0.305473 0.37995 0.185882 0.313256 0.306883 0.37995 0.068857 
2031  0 0.305473 0.37995 0.188207 0.320693 0.308555 0.37995 0.069147 
2032  0 0.305473 0.37995 0.186039 0.323357 0.310359 0.37995 0.0692096 
2033  0 0.305473 0.37995 0.184595 0.325735 0.310321 0.37995 0.0695678 
2034  0 0.305473 0.37995 0.183057 0.323263 0.310159 0.37995 0.0699548 
2035  0 0.305473 0.37995 0.18554 0.320161 0.308478 0.37995 0.0696106 
2036  0 0.305473 0.37995 0.183871 0.315713 0.307972 0.37995 0.068918 

Total_Biomassai22
Year B100 Babc Bofl LowCI_Biom Median_Biom Mean_Biom UpperCI_Biom Stdev_Biom 
2022 1060.57 295.687 274.53 253.922 253.922 253.922 253.922 4.49063e-012 
2023 1060.57 295.687 274.53 251.941 257.294 264.173 299.847 19.5783 
2024 1060.57 295.687 274.53 205.758 223.715 235.611 307.795 37.1504 
2025 1060.57 295.687 274.53 180.492 218.159 235.326 349.804 60.8495 
2026 1060.57 295.687 274.53 165.18 225.893 247.357 406.908 82.1621 
2027 1060.57 295.687 274.53 154.522 237.539 262.136 447.825 100.421 
2028 1060.57 295.687 274.53 147.425 250.649 275.26 488.929 114.401 
2029 1060.57 295.687 274.53 148.299 256.13 284.388 507.604 120.592 
2030 1060.57 295.687 274.53 144.639 263.512 289.061 508.902 122.971 
2031 1060.57 295.687 274.53 145.959 263.582 290.976 512.189 122.015 
2032 1060.57 295.687 274.53 144.191 264.847 290.117 523.216 119.906 
2033 1060.57 295.687 274.53 145.087 263.079 288.602 517.361 118.413 
2034 1060.57 295.687 274.53 146.595 261.049 287.39 512.745 116.573 
2035 1060.57 295.687 274.53 147.527 261.745 286.39 508.002 116.478 
2036 1060.57 295.687 274.53 148.694 261.992 286.651 500.994 116.693 
Alternative 7 Alternative  Stock: ai22
Catch ai22
Year C0 Cabc Cofl LowCI_Catch Median_Catch Mean_Catch UpperCI_Catch Stdev_Catch 
2022  0 38.0719 40.258 3 3 3 3 3.95239e-014 
2023  0 38.0719 40.258 43.3413 43.3728 43.4133 43.6235 0.115343 
2024  0 38.0719 40.258 30.5979 30.7211 30.822 31.3601 0.30021 
2025  0 38.0719 40.258 29.4735 29.9747 30.3739 32.5515 1.25274 
2026  0 38.0719 40.258 24.0133 26.2162 28.2578 40.7738 5.49503 
2027  0 38.0719 40.258 19.7382 25.867 29.6176 49.933 10.8207 
2028  0 38.0719 40.258 16.3882 28.0715 32.6668 63.0735 16.4379 
2029  0 38.0719 40.258 13.9826 30.7848 35.7706 73.963 19.9044 
2030  0 38.0719 40.258 12.7126 33.1242 37.9453 76.8548 21.7056 
2031  0 38.0719 40.258 13.2407 33.9588 39.0403 79.1618 22.6047 
2032  0 38.0719 40.258 12.9534 34.4266 39.5446 80.0125 22.9111 
2033  0 38.0719 40.258 12.4953 34.497 39.4923 81.0381 22.704 
2034  0 38.0719 40.258 12.3491 35.0226 39.2617 79.6034 22.0492 
2035  0 38.0719 40.258 12.7573 33.6835 38.8177 78.733 21.7917 
2036  0 38.0719 40.258 12.5942 33.294 38.4868 80.1059 21.8106 

Spawning_Biomass ai22
Year SSB100 SSBabc SSBofl LowCI_SSB Median_SSB Mean_SSB UpperCI_SSB Stdev_SSB 
2022 174.218 69.6872 60.9763 79.8069 79.8069 79.8069 79.8069 1.7053e-012 
2023 174.218 69.6872 60.9763 75.3276 75.3276 75.3276 75.3276 1.60583e-012 
2024 174.218 69.6872 60.9763 62.3517 62.3551 62.3596 62.3829 0.0127618 
2025 174.218 69.6872 60.9763 56.051 56.2031 56.393 57.3805 0.543493 
2026 174.218 69.6872 60.9763 49.6331 51.9988 54.7195 68.9431 8.01385 
2027 174.218 69.6872 60.9763 43.781 51.6375 56.9449 87.998 17.0111 
2028 174.218 69.6872 60.9763 39.3904 53.9396 60.6238 107.919 23.8873 
2029 174.218 69.6872 60.9763 36.6734 56.9352 63.795 115.913 26.5175 
2030 174.218 69.6872 60.9763 35.9684 58.0868 65.9975 120.061 28.5463 
2031 174.218 69.6872 60.9763 36.2938 59.3433 67.1067 122.279 29.9824 
2032 174.218 69.6872 60.9763 35.9169 59.8133 67.447 122.976 29.893 
2033 174.218 69.6872 60.9763 35.6431 60.2426 67.3109 121.126 29.0829 
2034 174.218 69.6872 60.9763 35.3736 59.802 67.0543 121.977 28.1207 
2035 174.218 69.6872 60.9763 35.8087 59.2664 66.5036 121.135 28.2415 
2036 174.218 69.6872 60.9763 35.5223 58.4936 66.0118 120.782 28.3459 

Fishing_mortalityai22
Year F0 Fabc Fofl LowCI_F Median_F Mean_F UpperCI_F Stdev_F 
2022  0 0.305473 0.37995 0.018114 0.018114 0.018114 0.018114 1.04083e-017 
2023  0 0.305473 0.37995 0.305473 0.305473 0.305473 0.305473 4.88498e-015 
2024  0 0.305473 0.37995 0.271625 0.271641 0.271662 0.271769 5.88855e-005 
2025  0 0.305473 0.37995 0.301689 0.302562 0.303652 0.309319 0.0031192 
2026  0 0.305473 0.37995 0.264855 0.278433 0.290688 0.375679 0.0304857 
2027  0 0.305473 0.37995 0.231269 0.276359 0.290766 0.37995 0.0499379 
2028  0 0.305473 0.37995 0.206071 0.289571 0.2962 0.37995 0.0623323 
2029  0 0.305473 0.37995 0.190478 0.306764 0.303363 0.37995 0.0673649 
2030  0 0.305473 0.37995 0.186432 0.313373 0.307103 0.37995 0.0686846 
2031  0 0.305473 0.37995 0.188299 0.320584 0.308596 0.37995 0.0690993 
2032  0 0.305473 0.37995 0.186136 0.323281 0.310342 0.37995 0.0692068 
2033  0 0.305473 0.37995 0.184565 0.325745 0.310297 0.37995 0.069577 
2034  0 0.305473 0.37995 0.183018 0.323216 0.310141 0.37995 0.0699632 
2035  0 0.305473 0.37995 0.185515 0.320143 0.308467 0.37995 0.0696153 
2036  0 0.305473 0.37995 0.183871 0.315708 0.307966 0.37995 0.0689207 

Total_Biomassai22
Year B100 Babc Bofl LowCI_Biom Median_Biom Mean_Biom UpperCI_Biom Stdev_Biom 
2022 1060.57 295.687 274.53 253.922 253.922 253.922 253.922 4.49063e-012 
2023 1060.57 295.687 274.53 251.941 257.294 264.173 299.847 19.5783 
2024 1060.57 295.687 274.53 213.875 231.85 243.746 315.968 37.1775 
2025 1060.57 295.687 274.53 189.953 227.647 244.866 359.664 60.955 
2026 1060.57 295.687 274.53 169.835 230.568 252.025 411.674 82.1808 
2027 1060.57 295.687 274.53 156.743 239.703 264.296 449.757 100.425 
2028 1060.57 295.687 274.53 148.468 251.217 276.163 489.823 114.405 
2029 1060.57 295.687 274.53 148.731 256.312 284.707 508.59 120.583 
2030 1060.57 295.687 274.53 144.754 263.609 289.137 508.769 122.956 
2031 1060.57 295.687 274.53 145.966 263.583 290.967 512.107 122 
2032 1060.57 295.687 274.53 144.161 264.8 290.089 523.181 119.897 
2033 1060.57 295.687 274.53 145.063 263.061 288.578 517.302 118.408 
2034 1060.57 295.687 274.53 146.574 261.032 287.375 512.802 116.571 
2035 1060.57 295.687 274.53 147.519 261.728 286.381 507.998 116.477 
2036 1060.57 295.687 274.53 148.686 261.989 286.647 500.99 116.693 
