Alternative 1 Catch
     ai22_2 
Equil_Fabc 45.8016 
Year 
2022 3 
2023 51.9923 
2024 33.1411 
2025 30.0364 
2026 32.4896 
2027 35.6187 
2028 39.1147 
2029 42.1002 
2030 43.9745 
2031 45.0356 
2032 45.3466 
2033 45.2168 
2034 44.7565 
2035 44.2444 
2036 43.5058 

Alternative 1 ABCs
     ai22_2 

Year 
2022 53.9125 
2023 51.9923 
2024 33.1411 
2025 30.0364 
2026 32.4896 
2027 35.6187 
2028 39.1147 
2029 42.1002 
2030 43.9745 
2031 45.0356 
2032 45.3466 
2033 45.2168 
2034 44.7565 
2035 44.2444 
2036 43.5058 

Alternative 1 TACs
     ai22_2 

Year 
2022  NA 
2023 51.9923 
2024 33.1411 
2025 30.0364 
2026 32.4896 
2027 35.6187 
2028 39.1147 
2029 42.1002 
2030 43.9745 
2031 45.0356 
2032 45.3466 
2033 45.2168 
2034 44.7565 
2035 44.2444 
2036 43.5058 

Alternative 1 Sp_Biomass
     ai22_2 
Equil_Fabc 73.0198 
Year 
2022 78.2401 
2023 73.3914 
2024 60.9769 
2025 59.5851 
2026 62.8545 
2027 67.4562 
2028 72.1487 
2029 75.7863 
2030 78.0542 
2031 79.0063 
2032 79.1434 
2033 78.7569 
2034 78.2666 
2035 77.1657 
2036 76.0839 

Alternative 1 Fishing Mortality
     ai22_2 
Equil_Fabc 0.411432 
Year 
2022 0.019542 
2023 0.411432 
2024 0.340004 
2025 0.331749 
2026 0.341452 
2027 0.342215 
2028 0.342654 
2029 0.344862 
2030 0.344259 
2031 0.345248 
2032 0.344956 
2033 0.345398 
2034 0.344168 
2035 0.344145 
2036 0.341435 

Alternative 1 Biomass
     ai22_2 

Year 
2022 295.203 
2023 317.399 
2024 302.272 
2025 315.699 
2026 336.081 
2027 354.267 
2028 368.235 
2029 377.143 
2030 380.638 
2031 381.929 
2032 378.413 
2033 375.022 
2034 372.343 
2035 370.241 
2036 370.6 

Alternative 1 Implied SPR rate 
     ai22_2 
Equil_Fabc 0.4 
Year 
2022 0.917922 
2023 0.4 
2024 0.440566 
2025 0.445908 
2026 0.440735 
2027 0.441852 
2028 0.443476 
2029 0.445253 
2030 0.449262 
2031 0.448512 
2032 0.451236 
2033 0.449731 
2034 0.451499 
2035 0.448106 
2036 0.452265 

  ai22_2 
EquilAvgAgeF0  4.35474 
EquilAvgAgeFabc  3.06296 
AvgAgeYr2036 3.35107 
Alternative 2 Catch
     ai22_2 
Equil_Fabc 45.8016 
Year 
2022 3 
2023 51.9923 
2024 33.1411 
2025 30.0364 
2026 32.4896 
2027 35.6187 
2028 39.1147 
2029 42.1002 
2030 43.9745 
2031 45.0356 
2032 45.3466 
2033 45.2168 
2034 44.7565 
2035 44.2444 
2036 43.5058 

Alternative 2 ABCs
     ai22_2 

Year 
2022 0.0539125 
2023 0.0519342 
2024 0.0329169 
2025 0.0292908 
2026 0.0293934 
2027 0.0270256 
2028 0.0258398 
2029 0.0334912 
2030 0.0435229 
2031 0.0520615 
2032 0.0587958 
2033 0.0625953 
2034 0.0637486 
2035 0.0613342 
2036 0.0566866 

Alternative 2 TACs
     ai22_2 

Year 
2022  NA 
2023 51.9923 
2024 33.1411 
2025 30.0364 
2026 32.4896 
2027 35.6187 
2028 39.1147 
2029 42.1002 
2030 43.9745 
2031 45.0356 
2032 45.3466 
2033 45.2168 
2034 44.7565 
2035 44.2444 
2036 43.5058 

Alternative 2 Sp_Biomass
     ai22_2 
Equil_Fabc 73.0198 
Year 
2022 78.2401 
2023 73.3914 
2024 60.9769 
2025 59.5851 
2026 62.8545 
2027 67.4562 
2028 72.1487 
2029 75.7863 
2030 78.0542 
2031 79.0063 
2032 79.1434 
2033 78.7569 
2034 78.2666 
2035 77.1657 
2036 76.0839 

Alternative 2 Fishing Mortality
     ai22_2 
Equil_Fabc 0.411432 
Year 
2022 0.019542 
2023 0.411432 
2024 0.340004 
2025 0.331749 
2026 0.341452 
2027 0.342215 
2028 0.342654 
2029 0.344862 
2030 0.344259 
2031 0.345248 
2032 0.344956 
2033 0.345398 
2034 0.344168 
2035 0.344145 
2036 0.341435 

Alternative 2 Biomass
     ai22_2 

Year 
2022 295.203 
2023 317.399 
2024 302.272 
2025 315.699 
2026 336.081 
2027 354.267 
2028 368.235 
2029 377.143 
2030 380.638 
2031 381.929 
2032 378.413 
2033 375.022 
2034 372.343 
2035 370.241 
2036 370.6 

Alternative 2 Implied SPR rate 
     ai22_2 
Equil_Fabc 0.4 
Year 
2022 0.917922 
2023 0.4 
2024 0.440566 
2025 0.445908 
2026 0.440735 
2027 0.441852 
2028 0.443476 
2029 0.445253 
2030 0.449262 
2031 0.448512 
2032 0.451236 
2033 0.449731 
2034 0.451499 
2035 0.448106 
2036 0.452265 

  ai22_2 
EquilAvgAgeF0  4.35474 
EquilAvgAgeFabc  3.06296 
AvgAgeYr2036 3.35107 
Alternative 3 Catch
     ai22_2 
Equil_Fabc 45.8016 
Year 
2022 3 
2023 3.97425 
2024 3.89968 
2025 4.06974 
2026 4.50376 
2027 5.05574 
2028 5.64236 
2029 6.18243 
2030 6.67905 
2031 7.0732 
2032 7.36284 
2033 7.55532 
2034 7.67427 
2035 7.74625 
2036 7.7812 

Alternative 3 ABCs
     ai22_2 

Year 
2022 53.9125 
2023 51.9923 
2024 51.3943 
2025 54.0736 
2026 59.9911 
2027 67.3156 
2028 74.9833 
2029 81.9567 
2030 88.2591 
2031 93.2622 
2032 96.9042 
2033 99.2941 
2034 100.773 
2035 101.645 
2036 102.065 

Alternative 3 TACs
     ai22_2 

Year 
2022  NA 
2023 3.97425 
2024 3.89968 
2025 4.06974 
2026 4.50376 
2027 5.05574 
2028 5.64236 
2029 6.18243 
2030 6.67905 
2031 7.0732 
2032 7.36284 
2033 7.55532 
2034 7.67427 
2035 7.74625 
2036 7.7812 

Alternative 3 Sp_Biomass
     ai22_2 
Equil_Fabc 73.0198 
Year 
2022 78.2401 
2023 77.3086 
2024 80.8879 
2025 87.2258 
2026 96.1318 
2027 106.518 
2028 117.425 
2029 127.499 
2030 136.176 
2031 142.974 
2032 147.893 
2033 151.179 
2034 153.429 
2035 154.212 
2036 154.374 

Alternative 3 Fishing Mortality
     ai22_2 
Equil_Fabc 0.411432 
Year 
2022 0.019542 
2023 0.0269599 
2024 0.0269599 
2025 0.0269599 
2026 0.0269599 
2027 0.0269599 
2028 0.0269599 
2029 0.0269599 
2030 0.0269599 
2031 0.0269599 
2032 0.0269599 
2033 0.0269599 
2034 0.0269599 
2035 0.0269599 
2036 0.0269599 

Alternative 3 Biomass
     ai22_2 

Year 
2022 295.203 
2023 317.399 
2024 345.075 
2025 378.497 
2026 413.136 
2027 445.643 
2028 474.314 
2029 498.115 
2030 516.099 
2031 530.347 
2032 537.429 
2033 542.034 
2034 545.221 
2035 547.117 
2036 550.087 

Alternative 3 Implied SPR rate 
     ai22_2 
Equil_Fabc 0.4 
Year 
2022 0.917922 
2023 0.891034 
2024 0.891034 
2025 0.891034 
2026 0.891034 
2027 0.891034 
2028 0.891034 
2029 0.891034 
2030 0.891034 
2031 0.891034 
2032 0.891034 
2033 0.891034 
2034 0.891034 
2035 0.891034 
2036 0.891034 

  ai22_2 
EquilAvgAgeF0  4.35474 
EquilAvgAgeFabc  3.06296 
AvgAgeYr2036 4.34266 
Alternative 4 Catch
     ai22_2 
Equil_Fabc 45.8016 
Year 
2022 3 
2023 22.9272 
2024 20.3797 
2025 19.9106 
2026 21.1713 
2027 23.1327 
2028 25.2776 
2029 27.1889 
2030 28.8445 
2031 29.9736 
2032 30.6354 
2033 30.952 
2034 31.0109 
2035 30.9266 
2036 30.7557 

Alternative 4 ABCs
     ai22_2 

Year 
2022 53.9125 
2023 51.9923 
2024 45.1195 
2025 45.1589 
2026 48.145 
2027 51.9425 
2028 56.2204 
2029 60.5359 
2030 64.3461 
2031 66.8939 
2032 68.4603 
2033 69.1911 
2034 69.3103 
2035 69.0358 
2036 68.6044 

Alternative 4 TACs
     ai22_2 

Year 
2022  NA 
2023 22.9272 
2024 20.3797 
2025 19.9106 
2026 21.1713 
2027 23.1327 
2028 25.2776 
2029 27.1889 
2030 28.8445 
2031 29.9736 
2032 30.6354 
2033 30.952 
2034 31.0109 
2035 30.9266 
2036 30.7557 

Alternative 4 Sp_Biomass
     ai22_2 
Equil_Fabc 73.0198 
Year 
2022 78.2401 
2023 75.8799 
2024 72.6471 
2025 74.0459 
2026 78.9717 
2027 85.5555 
2028 92.6103 
2029 98.808 
2030 103.649 
2031 106.846 
2032 108.691 
2033 109.479 
2034 109.724 
2035 108.959 
2036 107.941 

Alternative 4 Fishing Mortality
     ai22_2 
Equil_Fabc 0.411432 
Year 
2022 0.019542 
2023 0.164574 
2024 0.164574 
2025 0.164574 
2026 0.164574 
2027 0.164574 
2028 0.164574 
2029 0.164574 
2030 0.164574 
2031 0.164245 
2032 0.163751 
2033 0.163751 
2034 0.163751 
2035 0.163751 
2036 0.16408 

Alternative 4 Biomass
     ai22_2 

Year 
2022 295.203 
2023 317.399 
2024 328.176 
2025 349.373 
2026 374.22 
2027 397.666 
2028 417.468 
2029 432.571 
2030 442.146 
2031 448.538 
2032 448.887 
2033 448.094 
2034 446.994 
2035 445.586 
2036 446.035 

Alternative 4 Implied SPR rate 
     ai22_2 
Equil_Fabc 0.4 
Year 
2022 0.917922 
2023 0.6 
2024 0.6 
2025 0.6 
2026 0.6 
2027 0.6 
2028 0.6 
2029 0.6 
2030 0.6 
2031 0.6008 
2032 0.602 
2033 0.602 
2034 0.602 
2035 0.602 
2036 0.6012 

  ai22_2 
EquilAvgAgeF0  4.35474 
EquilAvgAgeFabc  3.06296 
AvgAgeYr2036 3.74878 
Alternative 5 Catch
     ai22_2 
Equil_Fabc 45.8016 
Year 
2022 3 
2023  NA 
2024  NA 
2025  NA 
2026  NA 
2027  NA 
2028  NA 
2029  NA 
2030  NA 
2031  NA 
2032  NA 
2033  NA 
2034  NA 
2035  NA 
2036  NA 

Alternative 5 ABCs
     ai22_2 

Year 
2022 53.9125 
2023 51.9923 
2024 52.4252 
2025 55.9459 
2026 62.6473 
2027 70.7727 
2028 79.2772 
2029 87.1544 
2030 94.3693 
2031 100.219 
2032 104.624 
2033 107.699 
2034 109.77 
2035 111.165 
2036 112.028 

Alternative 5 TACs
     ai22_2 

Year 
2022  NA 
2023  NA 
2024  NA 
2025  NA 
2026  NA 
2027  NA 
2028  NA 
2029  NA 
2030  NA 
2031  NA 
2032  NA 
2033  NA 
2034  NA 
2035  NA 
2036  NA 

Alternative 5 Sp_Biomass
     ai22_2 
Equil_Fabc 73.0198 
Year 
2022 78.2401 
2023 77.5921 
2024 82.6435 
2025 90.2131 
2026 100.223 
2027 111.727 
2028 123.804 
2029 135.095 
2030 145.021 
2031 153.049 
2032 159.087 
2033 163.354 
2034 166.46 
2035 167.981 
2036 168.777 

Alternative 5 Fishing Mortality
     ai22_2 
Equil_Fabc 0.411432 
Year 
2022 0.019542 
2023  NA 
2024  NA 
2025  NA 
2026  NA 
2027  NA 
2028  NA 
2029  NA 
2030  NA 
2031  NA 
2032  NA 
2033  NA 
2034  NA 
2035  NA 
2036  NA 

Alternative 5 Biomass
     ai22_2 

Year 
2022 295.203 
2023 317.399 
2024 348.619 
2025 384.977 
2026 422.223 
2027 457.296 
2028 488.588 
2029 515.059 
2030 535.732 
2031 552.621 
2032 562.12 
2033 568.829 
2034 573.841 
2035 577.304 
2036 581.627 

Alternative 5 Implied SPR rate 
     ai22_2 
Equil_Fabc 0.4 
Year 
2022 0.917922 
2023 1 
2024 1 
2025 1 
2026 1 
2027 1 
2028 1 
2029 1 
2030 1 
2031 1 
2032 1 
2033 1 
2034 1 
2035 1 
2036 1 

  ai22_2 
EquilAvgAgeF0  4.35474 
EquilAvgAgeFabc  3.06296 
AvgAgeYr2036 4.52232 
Alternative 6 Catch
     ai22_2 
Equil_Fabc 45.8016 
Year 
2022 3 
2023 63.1253 
2024 35.6415 
2025 31.8441 
2026 34.912 
2027 38.7924 
2028 42.8045 
2029 45.9983 
2030 47.7268 
2031 48.3923 
2032 48.4915 
2033 48.0907 
2034 47.5639 
2035 46.7161 
2036 46.0078 

Alternative 6 ABCs
     ai22_2 

Year 
2022 53.9125 
2023 51.9923 
2024 29.0011 
2025 25.7694 
2026 28.217 
2027 31.3228 
2028 34.5138 
2029 36.7807 
2030 38.0683 
2031 38.6552 
2032 38.7113 
2033 38.3815 
2034 37.9548 
2035 37.2179 
2036 36.7322 

Alternative 6 TACs
     ai22_2 

Year 
2022  NA 
2023 63.1253 
2024 35.6415 
2025 31.8441 
2026 34.912 
2027 38.7924 
2028 42.8045 
2029 45.9983 
2030 47.7268 
2031 48.3923 
2032 48.4915 
2033 48.0907 
2034 47.5639 
2035 46.7161 
2036 46.0078 

Alternative 6 Sp_Biomass
     ai22_2 
Equil_Fabc 73.0198 
Year 
2022 78.2401 
2023 72.3191 
2024 56.7295 
2025 55.1117 
2026 58.3248 
2027 62.5885 
2028 66.6359 
2029 69.52 
2030 71.0606 
2031 71.4511 
2032 71.2701 
2033 70.7221 
2034 70.2009 
2035 69.1422 
2036 68.1956 

Alternative 6 Fishing Mortality
     ai22_2 
Equil_Fabc 0.411432 
Year 
2022 0.019542 
2023 0.520761 
2024 0.402533 
2025 0.390265 
2026 0.405388 
2027 0.410467 
2028 0.414001 
2029 0.420125 
2030 0.421808 
2031 0.421331 
2032 0.421812 
2033 0.420687 
2034 0.419927 
2035 0.416142 
2036 0.414288 

Alternative 6 Biomass
     ai22_2 

Year 
2022 295.203 
2023 317.399 
2024 292.35 
2025 304.859 
2026 324.97 
2027 342.186 
2028 354.476 
2029 361.439 
2030 363.099 
2031 362.989 
2032 358.728 
2033 354.966 
2034 352.266 
2035 350.233 
2036 350.981 

Alternative 6 Implied SPR rate 
     ai22_2 
Equil_Fabc 0.4 
Year 
2022 0.917922 
2023 0.352005 
2024 0.404582 
2025 0.411132 
2026 0.40473 
2027 0.404508 
2028 0.405215 
2029 0.403379 
2030 0.402999 
2031 0.403578 
2032 0.40352 
2033 0.404281 
2034 0.404772 
2035 0.406521 
2036 0.407347 

  ai22_2 
EquilAvgAgeF0  4.35474 
EquilAvgAgeFabc  3.06296 
AvgAgeYr2036 3.25091 
Alternative 7 Catch
     ai22_2 
Equil_Fabc 45.8016 
Year 
2022 3 
2023 51.9923 
2024 33.1411 
2025 36.9927 
2026 37.1791 
2027 39.689 
2028 43.1147 
2029 46.0875 
2030 47.7428 
2031 48.388 
2032 48.4856 
2033 48.0882 
2034 47.5636 
2035 46.7167 
2036 46.0084 

Alternative 7 ABCs
     ai22_2 

Year 
2022 53.9125 
2023 51.9923 
2024 33.1411 
2025 30.0364 
2026 30.0922 
2027 32.0628 
2028 34.8108 
2029 36.8783 
2030 38.0802 
2031 38.6514 
2032 38.7064 
2033 38.3793 
2034 37.9545 
2035 37.2183 
2036 36.7327 

Alternative 7 TACs
     ai22_2 

Year 
2022  NA 
2023 63.1253 
2024 40.6052 
2025 36.9927 
2026 37.1791 
2027 39.689 
2028 43.1147 
2029 46.0875 
2030 47.7428 
2031 48.388 
2032 48.4856 
2033 48.0882 
2034 47.5636 
2035 46.7167 
2036 46.0084 

Alternative 7 Sp_Biomass
     ai22_2 
Equil_Fabc 73.0198 
Year 
2022 78.2401 
2023 73.3914 
2024 60.9769 
2025 59.0433 
2026 60.0546 
2027 63.2971 
2028 66.8965 
2029 69.5969 
2030 71.0736 
2031 71.4478 
2032 71.2656 
2033 70.72 
2034 70.2007 
2035 69.1427 
2036 68.1961 

Alternative 7 Fishing Mortality
     ai22_2 
Equil_Fabc 0.411432 
Year 
2022 0.019542 
2023 0.411432 
2024 0.340004 
2025 0.420081 
2026 0.417509 
2027 0.414775 
2028 0.415378 
2029 0.420506 
2030 0.421889 
2031 0.421335 
2032 0.421801 
2033 0.420683 
2034 0.419929 
2035 0.416146 
2036 0.414292 

Alternative 7 Biomass
     ai22_2 

Year 
2022 295.203 
2023 317.399 
2024 302.272 
2025 315.699 
2026 329.445 
2027 343.827 
2028 354.98 
2029 361.54 
2030 363.085 
2031 362.959 
2032 358.708 
2033 354.957 
2034 352.264 
2035 350.234 
2036 350.982 

Alternative 7 Implied SPR rate 
     ai22_2 
Equil_Fabc 0.4 
Year 
2022 0.917922 
2023 0.4 
2024 0.440566 
2025 0.395685 
2026 0.398344 
2027 0.402083 
2028 0.404372 
2029 0.40313 
2030 0.402939 
2031 0.403571 
2032 0.403523 
2033 0.404282 
2034 0.40477 
2035 0.406517 
2036 0.407344 

  ai22_2 
EquilAvgAgeF0  4.35474 
EquilAvgAgeFabc  3.06296 
AvgAgeYr2036 3.25093 
