ai22_2 1 2022 Cabc 45.8016
ai22_2 1 2022 Cofl 48.8559
ai22_2 1 2022 CLCI 3
ai22_2 1 2022 CUCI 3
ai22_2 1 2022 CMedian 3
ai22_2 1 2022 CMean 3
ai22_2 1 2022 CStdn 5.01821e-014
ai22_2 1 2023 Cabc 45.8016
ai22_2 1 2023 Cofl 48.8559
ai22_2 1 2023 CLCI 51.8837
ai22_2 1 2023 CUCI 52.3156
ai22_2 1 2023 CMedian 51.9302
ai22_2 1 2023 CMean 51.9923
ai22_2 1 2023 CStdn 0.177621
ai22_2 1 2024 Cabc 45.8016
ai22_2 1 2024 Cofl 48.8559
ai22_2 1 2024 CLCI 32.8357
ai22_2 1 2024 CUCI 33.8753
ai22_2 1 2024 CMedian 33.0008
ai22_2 1 2024 CMean 33.1411
ai22_2 1 2024 CStdn 0.414831
ai22_2 1 2025 Cabc 45.8016
ai22_2 1 2025 Cofl 48.8559
ai22_2 1 2025 CLCI 28.9416
ai22_2 1 2025 CUCI 32.7003
ai22_2 1 2025 CMedian 29.5434
ai22_2 1 2025 CMean 30.0364
ai22_2 1 2025 CStdn 1.57189
ai22_2 1 2026 Cabc 45.8016
ai22_2 1 2026 Cofl 48.8559
ai22_2 1 2026 CLCI 27.2801
ai22_2 1 2026 CUCI 44.9044
ai22_2 1 2026 CMedian 30.1513
ai22_2 1 2026 CMean 32.4896
ai22_2 1 2026 CStdn 6.12521
ai22_2 1 2027 Cabc 45.8016
ai22_2 1 2027 Cofl 48.8559
ai22_2 1 2027 CLCI 23.7088
ai22_2 1 2027 CUCI 56.8831
ai22_2 1 2027 CMedian 31.8364
ai22_2 1 2027 CMean 35.6187
ai22_2 1 2027 CStdn 12.1575
ai22_2 1 2028 Cabc 45.8016
ai22_2 1 2028 Cofl 48.8559
ai22_2 1 2028 CLCI 19.5592
ai22_2 1 2028 CUCI 74.0759
ai22_2 1 2028 CMedian 34.7246
ai22_2 1 2028 CMean 39.1147
ai22_2 1 2028 CStdn 19.1055
ai22_2 1 2029 Cabc 45.8016
ai22_2 1 2029 Cofl 48.8559
ai22_2 1 2029 CLCI 16.1718
ai22_2 1 2029 CUCI 87.1629
ai22_2 1 2029 CMedian 37.1795
ai22_2 1 2029 CMean 42.1002
ai22_2 1 2029 CStdn 23.7319
ai22_2 1 2030 Cabc 45.8016
ai22_2 1 2030 Cofl 48.8559
ai22_2 1 2030 CLCI 14.3007
ai22_2 1 2030 CUCI 91.6331
ai22_2 1 2030 CMedian 39.022
ai22_2 1 2030 CMean 43.9745
ai22_2 1 2030 CStdn 26.1398
ai22_2 1 2031 Cabc 45.8016
ai22_2 1 2031 Cofl 48.8559
ai22_2 1 2031 CLCI 14.9208
ai22_2 1 2031 CUCI 93.6349
ai22_2 1 2031 CMedian 39.8522
ai22_2 1 2031 CMean 45.0356
ai22_2 1 2031 CStdn 27.0925
ai22_2 1 2032 Cabc 45.8016
ai22_2 1 2032 Cofl 48.8559
ai22_2 1 2032 CLCI 14.2872
ai22_2 1 2032 CUCI 94.179
ai22_2 1 2032 CMedian 40.1571
ai22_2 1 2032 CMean 45.3466
ai22_2 1 2032 CStdn 27.5678
ai22_2 1 2033 Cabc 45.8016
ai22_2 1 2033 Cofl 48.8559
ai22_2 1 2033 CLCI 13.927
ai22_2 1 2033 CUCI 93.8441
ai22_2 1 2033 CMedian 40.2555
ai22_2 1 2033 CMean 45.2168
ai22_2 1 2033 CStdn 27.1847
ai22_2 1 2034 Cabc 45.8016
ai22_2 1 2034 Cofl 48.8559
ai22_2 1 2034 CLCI 13.5173
ai22_2 1 2034 CUCI 92.8359
ai22_2 1 2034 CMedian 40.5156
ai22_2 1 2034 CMean 44.7565
ai22_2 1 2034 CStdn 26.3653
ai22_2 1 2035 Cabc 45.8016
ai22_2 1 2035 Cofl 48.8559
ai22_2 1 2035 CLCI 14.2195
ai22_2 1 2035 CUCI 92.0792
ai22_2 1 2035 CMedian 39.0876
ai22_2 1 2035 CMean 44.2444
ai22_2 1 2035 CStdn 25.7631
ai22_2 1 2036 Cabc 45.8016
ai22_2 1 2036 Cofl 48.8559
ai22_2 1 2036 CLCI 13.9221
ai22_2 1 2036 CUCI 91.7011
ai22_2 1 2036 CMedian 38.684
ai22_2 1 2036 CMean 43.5058
ai22_2 1 2036 CStdn 25.8091
ai22_2 1 2022 SSBF100 182.55
ai22_2 1 2022 SSBFabc 73.0198
ai22_2 1 2022 SSBFofl 63.8923
ai22_2 1 2022 SSBLCI 78.2401
ai22_2 1 2022 SSBUCI 78.2401
ai22_2 1 2022 SSBMedian 78.2401
ai22_2 1 2022 SSBMean 78.2401
ai22_2 1 2023 SSBF100 182.55
ai22_2 1 2023 SSBFabc 73.0198
ai22_2 1 2023 SSBFofl 63.8923
ai22_2 1 2023 SSBLCI 73.3914
ai22_2 1 2023 SSBUCI 73.3914
ai22_2 1 2023 SSBMedian 73.3914
ai22_2 1 2023 SSBMean 73.3914
ai22_2 1 2024 SSBF100 182.55
ai22_2 1 2024 SSBFabc 73.0198
ai22_2 1 2024 SSBFofl 63.8923
ai22_2 1 2024 SSBLCI 60.9645
ai22_2 1 2024 SSBUCI 61.0136
ai22_2 1 2024 SSBMedian 60.9698
ai22_2 1 2024 SSBMean 60.9769
ai22_2 1 2025 SSBF100 182.55
ai22_2 1 2025 SSBFabc 73.0198
ai22_2 1 2025 SSBFofl 63.8923
ai22_2 1 2025 SSBLCI 59.0813
ai22_2 1 2025 SSBUCI 61.0617
ai22_2 1 2025 SSBMedian 59.3007
ai22_2 1 2025 SSBMean 59.5851
ai22_2 1 2026 SSBF100 182.55
ai22_2 1 2026 SSBFabc 73.0198
ai22_2 1 2026 SSBFofl 63.8923
ai22_2 1 2026 SSBLCI 55.7191
ai22_2 1 2026 SSBUCI 83.4141
ai22_2 1 2026 SSBMedian 58.9854
ai22_2 1 2026 SSBMean 62.8545
ai22_2 1 2027 SSBF100 182.55
ai22_2 1 2027 SSBFabc 73.0198
ai22_2 1 2027 SSBFofl 63.8923
ai22_2 1 2027 SSBLCI 49.4973
ai22_2 1 2027 SSBUCI 111.537
ai22_2 1 2027 SSBMedian 59.9079
ai22_2 1 2027 SSBMean 67.4562
ai22_2 1 2028 SSBF100 182.55
ai22_2 1 2028 SSBFabc 73.0198
ai22_2 1 2028 SSBFofl 63.8923
ai22_2 1 2028 SSBLCI 43.8369
ai22_2 1 2028 SSBUCI 136.556
ai22_2 1 2028 SSBMedian 62.1734
ai22_2 1 2028 SSBMean 72.1487
ai22_2 1 2029 SSBF100 182.55
ai22_2 1 2029 SSBFabc 73.0198
ai22_2 1 2029 SSBFofl 63.8923
ai22_2 1 2029 SSBLCI 40.2445
ai22_2 1 2029 SSBUCI 146.317
ai22_2 1 2029 SSBMedian 65.4774
ai22_2 1 2029 SSBMean 75.7863
ai22_2 1 2030 SSBF100 182.55
ai22_2 1 2030 SSBFabc 73.0198
ai22_2 1 2030 SSBFofl 63.8923
ai22_2 1 2030 SSBLCI 39.1952
ai22_2 1 2030 SSBUCI 151.171
ai22_2 1 2030 SSBMedian 66.5143
ai22_2 1 2030 SSBMean 78.0542
ai22_2 1 2031 SSBF100 182.55
ai22_2 1 2031 SSBFabc 73.0198
ai22_2 1 2031 SSBFofl 63.8923
ai22_2 1 2031 SSBLCI 39.168
ai22_2 1 2031 SSBUCI 152.664
ai22_2 1 2031 SSBMedian 68.2804
ai22_2 1 2031 SSBMean 79.0063
ai22_2 1 2032 SSBF100 182.55
ai22_2 1 2032 SSBFabc 73.0198
ai22_2 1 2032 SSBFofl 63.8923
ai22_2 1 2032 SSBLCI 38.6657
ai22_2 1 2032 SSBUCI 152.083
ai22_2 1 2032 SSBMedian 68.3206
ai22_2 1 2032 SSBMean 79.1434
ai22_2 1 2033 SSBF100 182.55
ai22_2 1 2033 SSBFabc 73.0198
ai22_2 1 2033 SSBFofl 63.8923
ai22_2 1 2033 SSBLCI 38.6925
ai22_2 1 2033 SSBUCI 148.67
ai22_2 1 2033 SSBMedian 68.9194
ai22_2 1 2033 SSBMean 78.7569
ai22_2 1 2034 SSBF100 182.55
ai22_2 1 2034 SSBFabc 73.0198
ai22_2 1 2034 SSBFofl 63.8923
ai22_2 1 2034 SSBLCI 38.5599
ai22_2 1 2034 SSBUCI 152.268
ai22_2 1 2034 SSBMedian 68.2782
ai22_2 1 2034 SSBMean 78.2666
ai22_2 1 2035 SSBF100 182.55
ai22_2 1 2035 SSBFabc 73.0198
ai22_2 1 2035 SSBFofl 63.8923
ai22_2 1 2035 SSBLCI 38.8517
ai22_2 1 2035 SSBUCI 145.255
ai22_2 1 2035 SSBMedian 66.7644
ai22_2 1 2035 SSBMean 77.1657
ai22_2 1 2036 SSBF100 182.55
ai22_2 1 2036 SSBFabc 73.0198
ai22_2 1 2036 SSBFofl 63.8923
ai22_2 1 2036 SSBLCI 38.9632
ai22_2 1 2036 SSBUCI 148.508
ai22_2 1 2036 SSBMedian 65.9491
ai22_2 1 2036 SSBMean 76.0839
ai22_2 1 2022 F0 0 
ai22_2 1 2022 Fabc 0.411432
ai22_2 1 2022 Fofl 0.526075
ai22_2 1 2022  F_LCI 0.019542
ai22_2 1 2022  F_UCI 0.019542
ai22_2 1 2022  F_Median 0.019542
ai22_2 1 2022  F_Mean 0.019542
ai22_2 1 2023 F0 0 
ai22_2 1 2023 Fabc 0.411432
ai22_2 1 2023 Fofl 0.526075
ai22_2 1 2023  F_LCI 0.411432
ai22_2 1 2023  F_UCI 0.411432
ai22_2 1 2023  F_Median 0.411432
ai22_2 1 2023  F_Mean 0.411432
ai22_2 1 2024 F0 0 
ai22_2 1 2024 Fabc 0.411432
ai22_2 1 2024 Fofl 0.526075
ai22_2 1 2024  F_LCI 0.339931
ai22_2 1 2024  F_UCI 0.340222
ai22_2 1 2024  F_Median 0.339962
ai22_2 1 2024  F_Mean 0.340004
ai22_2 1 2025 F0 0 
ai22_2 1 2025 Fabc 0.411432
ai22_2 1 2025 Fofl 0.526075
ai22_2 1 2025  F_LCI 0.328761
ai22_2 1 2025  F_UCI 0.340507
ai22_2 1 2025  F_Median 0.330063
ai22_2 1 2025  F_Mean 0.331749
ai22_2 1 2026 F0 0 
ai22_2 1 2026 Fabc 0.411432
ai22_2 1 2026 Fofl 0.526075
ai22_2 1 2026  F_LCI 0.30882
ai22_2 1 2026  F_UCI 0.411432
ai22_2 1 2026  F_Median 0.328192
ai22_2 1 2026  F_Mean 0.341452
ai22_2 1 2027 F0 0 
ai22_2 1 2027 Fabc 0.411432
ai22_2 1 2027 Fofl 0.526075
ai22_2 1 2027  F_LCI 0.271918
ai22_2 1 2027  F_UCI 0.411432
ai22_2 1 2027  F_Median 0.333664
ai22_2 1 2027  F_Mean 0.342215
ai22_2 1 2028 F0 0 
ai22_2 1 2028 Fabc 0.411432
ai22_2 1 2028 Fofl 0.526075
ai22_2 1 2028  F_LCI 0.238346
ai22_2 1 2028  F_UCI 0.411432
ai22_2 1 2028  F_Median 0.347101
ai22_2 1 2028  F_Mean 0.342654
ai22_2 1 2029 F0 0 
ai22_2 1 2029 Fabc 0.411432
ai22_2 1 2029 Fofl 0.526075
ai22_2 1 2029  F_LCI 0.217039
ai22_2 1 2029  F_UCI 0.411432
ai22_2 1 2029  F_Median 0.366697
ai22_2 1 2029  F_Mean 0.344862
ai22_2 1 2030 F0 0 
ai22_2 1 2030 Fabc 0.411432
ai22_2 1 2030 Fofl 0.526075
ai22_2 1 2030  F_LCI 0.210816
ai22_2 1 2030  F_UCI 0.411432
ai22_2 1 2030  F_Median 0.372847
ai22_2 1 2030  F_Mean 0.344259
ai22_2 1 2031 F0 0 
ai22_2 1 2031 Fabc 0.411432
ai22_2 1 2031 Fofl 0.526075
ai22_2 1 2031  F_LCI 0.210654
ai22_2 1 2031  F_UCI 0.411432
ai22_2 1 2031  F_Median 0.383322
ai22_2 1 2031  F_Mean 0.345248
ai22_2 1 2032 F0 0 
ai22_2 1 2032 Fabc 0.411432
ai22_2 1 2032 Fofl 0.526075
ai22_2 1 2032  F_LCI 0.207675
ai22_2 1 2032  F_UCI 0.411432
ai22_2 1 2032  F_Median 0.38356
ai22_2 1 2032  F_Mean 0.344956
ai22_2 1 2033 F0 0 
ai22_2 1 2033 Fabc 0.411432
ai22_2 1 2033 Fofl 0.526075
ai22_2 1 2033  F_LCI 0.207834
ai22_2 1 2033  F_UCI 0.411432
ai22_2 1 2033  F_Median 0.387112
ai22_2 1 2033  F_Mean 0.345398
ai22_2 1 2034 F0 0 
ai22_2 1 2034 Fabc 0.411432
ai22_2 1 2034 Fofl 0.526075
ai22_2 1 2034  F_LCI 0.207047
ai22_2 1 2034  F_UCI 0.411432
ai22_2 1 2034  F_Median 0.383309
ai22_2 1 2034  F_Mean 0.344168
ai22_2 1 2035 F0 0 
ai22_2 1 2035 Fabc 0.411432
ai22_2 1 2035 Fofl 0.526075
ai22_2 1 2035  F_LCI 0.208778
ai22_2 1 2035  F_UCI 0.411432
ai22_2 1 2035  F_Median 0.37433
ai22_2 1 2035  F_Mean 0.344145
ai22_2 1 2036 F0 0 
ai22_2 1 2036 Fabc 0.411432
ai22_2 1 2036 Fofl 0.526075
ai22_2 1 2036  F_LCI 0.209439
ai22_2 1 2036  F_UCI 0.411432
ai22_2 1 2036  F_Median 0.369495
ai22_2 1 2036  F_Mean 0.341435
ai22_2 2 2022 Cabc 45.8016
ai22_2 2 2022 Cofl 48.8559
ai22_2 2 2022 CLCI 3
ai22_2 2 2022 CUCI 3
ai22_2 2 2022 CMedian 3
ai22_2 2 2022 CMean 3
ai22_2 2 2022 CStdn 5.01821e-014
ai22_2 2 2023 Cabc 45.8016
ai22_2 2 2023 Cofl 48.8559
ai22_2 2 2023 CLCI 51.8837
ai22_2 2 2023 CUCI 52.3156
ai22_2 2 2023 CMedian 51.9302
ai22_2 2 2023 CMean 51.9923
ai22_2 2 2023 CStdn 0.177621
ai22_2 2 2024 Cabc 45.8016
ai22_2 2 2024 Cofl 48.8559
ai22_2 2 2024 CLCI 32.8357
ai22_2 2 2024 CUCI 33.8753
ai22_2 2 2024 CMedian 33.0008
ai22_2 2 2024 CMean 33.1411
ai22_2 2 2024 CStdn 0.414831
ai22_2 2 2025 Cabc 45.8016
ai22_2 2 2025 Cofl 48.8559
ai22_2 2 2025 CLCI 28.9416
ai22_2 2 2025 CUCI 32.7003
ai22_2 2 2025 CMedian 29.5434
ai22_2 2 2025 CMean 30.0364
ai22_2 2 2025 CStdn 1.57189
ai22_2 2 2026 Cabc 45.8016
ai22_2 2 2026 Cofl 48.8559
ai22_2 2 2026 CLCI 27.2801
ai22_2 2 2026 CUCI 44.9044
ai22_2 2 2026 CMedian 30.1513
ai22_2 2 2026 CMean 32.4896
ai22_2 2 2026 CStdn 6.12521
ai22_2 2 2027 Cabc 45.8016
ai22_2 2 2027 Cofl 48.8559
ai22_2 2 2027 CLCI 23.7088
ai22_2 2 2027 CUCI 56.8831
ai22_2 2 2027 CMedian 31.8364
ai22_2 2 2027 CMean 35.6187
ai22_2 2 2027 CStdn 12.1575
ai22_2 2 2028 Cabc 45.8016
ai22_2 2 2028 Cofl 48.8559
ai22_2 2 2028 CLCI 19.5592
ai22_2 2 2028 CUCI 74.0759
ai22_2 2 2028 CMedian 34.7246
ai22_2 2 2028 CMean 39.1147
ai22_2 2 2028 CStdn 19.1055
ai22_2 2 2029 Cabc 45.8016
ai22_2 2 2029 Cofl 48.8559
ai22_2 2 2029 CLCI 16.1718
ai22_2 2 2029 CUCI 87.1629
ai22_2 2 2029 CMedian 37.1795
ai22_2 2 2029 CMean 42.1002
ai22_2 2 2029 CStdn 23.7319
ai22_2 2 2030 Cabc 45.8016
ai22_2 2 2030 Cofl 48.8559
ai22_2 2 2030 CLCI 14.3007
ai22_2 2 2030 CUCI 91.6331
ai22_2 2 2030 CMedian 39.022
ai22_2 2 2030 CMean 43.9745
ai22_2 2 2030 CStdn 26.1398
ai22_2 2 2031 Cabc 45.8016
ai22_2 2 2031 Cofl 48.8559
ai22_2 2 2031 CLCI 14.9208
ai22_2 2 2031 CUCI 93.6349
ai22_2 2 2031 CMedian 39.8522
ai22_2 2 2031 CMean 45.0356
ai22_2 2 2031 CStdn 27.0925
ai22_2 2 2032 Cabc 45.8016
ai22_2 2 2032 Cofl 48.8559
ai22_2 2 2032 CLCI 14.2872
ai22_2 2 2032 CUCI 94.179
ai22_2 2 2032 CMedian 40.1571
ai22_2 2 2032 CMean 45.3466
ai22_2 2 2032 CStdn 27.5678
ai22_2 2 2033 Cabc 45.8016
ai22_2 2 2033 Cofl 48.8559
ai22_2 2 2033 CLCI 13.927
ai22_2 2 2033 CUCI 93.8441
ai22_2 2 2033 CMedian 40.2555
ai22_2 2 2033 CMean 45.2168
ai22_2 2 2033 CStdn 27.1847
ai22_2 2 2034 Cabc 45.8016
ai22_2 2 2034 Cofl 48.8559
ai22_2 2 2034 CLCI 13.5173
ai22_2 2 2034 CUCI 92.8359
ai22_2 2 2034 CMedian 40.5156
ai22_2 2 2034 CMean 44.7565
ai22_2 2 2034 CStdn 26.3653
ai22_2 2 2035 Cabc 45.8016
ai22_2 2 2035 Cofl 48.8559
ai22_2 2 2035 CLCI 14.2195
ai22_2 2 2035 CUCI 92.0792
ai22_2 2 2035 CMedian 39.0876
ai22_2 2 2035 CMean 44.2444
ai22_2 2 2035 CStdn 25.7631
ai22_2 2 2036 Cabc 45.8016
ai22_2 2 2036 Cofl 48.8559
ai22_2 2 2036 CLCI 13.9221
ai22_2 2 2036 CUCI 91.7011
ai22_2 2 2036 CMedian 38.684
ai22_2 2 2036 CMean 43.5058
ai22_2 2 2036 CStdn 25.8091
ai22_2 2 2022 SSBF100 182.55
ai22_2 2 2022 SSBFabc 73.0198
ai22_2 2 2022 SSBFofl 63.8923
ai22_2 2 2022 SSBLCI 78.2401
ai22_2 2 2022 SSBUCI 78.2401
ai22_2 2 2022 SSBMedian 78.2401
ai22_2 2 2022 SSBMean 78.2401
ai22_2 2 2023 SSBF100 182.55
ai22_2 2 2023 SSBFabc 73.0198
ai22_2 2 2023 SSBFofl 63.8923
ai22_2 2 2023 SSBLCI 73.3914
ai22_2 2 2023 SSBUCI 73.3914
ai22_2 2 2023 SSBMedian 73.3914
ai22_2 2 2023 SSBMean 73.3914
ai22_2 2 2024 SSBF100 182.55
ai22_2 2 2024 SSBFabc 73.0198
ai22_2 2 2024 SSBFofl 63.8923
ai22_2 2 2024 SSBLCI 60.9645
ai22_2 2 2024 SSBUCI 61.0136
ai22_2 2 2024 SSBMedian 60.9698
ai22_2 2 2024 SSBMean 60.9769
ai22_2 2 2025 SSBF100 182.55
ai22_2 2 2025 SSBFabc 73.0198
ai22_2 2 2025 SSBFofl 63.8923
ai22_2 2 2025 SSBLCI 59.0813
ai22_2 2 2025 SSBUCI 61.0617
ai22_2 2 2025 SSBMedian 59.3007
ai22_2 2 2025 SSBMean 59.5851
ai22_2 2 2026 SSBF100 182.55
ai22_2 2 2026 SSBFabc 73.0198
ai22_2 2 2026 SSBFofl 63.8923
ai22_2 2 2026 SSBLCI 55.7191
ai22_2 2 2026 SSBUCI 83.4141
ai22_2 2 2026 SSBMedian 58.9854
ai22_2 2 2026 SSBMean 62.8545
ai22_2 2 2027 SSBF100 182.55
ai22_2 2 2027 SSBFabc 73.0198
ai22_2 2 2027 SSBFofl 63.8923
ai22_2 2 2027 SSBLCI 49.4973
ai22_2 2 2027 SSBUCI 111.537
ai22_2 2 2027 SSBMedian 59.9079
ai22_2 2 2027 SSBMean 67.4562
ai22_2 2 2028 SSBF100 182.55
ai22_2 2 2028 SSBFabc 73.0198
ai22_2 2 2028 SSBFofl 63.8923
ai22_2 2 2028 SSBLCI 43.8369
ai22_2 2 2028 SSBUCI 136.556
ai22_2 2 2028 SSBMedian 62.1734
ai22_2 2 2028 SSBMean 72.1487
ai22_2 2 2029 SSBF100 182.55
ai22_2 2 2029 SSBFabc 73.0198
ai22_2 2 2029 SSBFofl 63.8923
ai22_2 2 2029 SSBLCI 40.2445
ai22_2 2 2029 SSBUCI 146.317
ai22_2 2 2029 SSBMedian 65.4774
ai22_2 2 2029 SSBMean 75.7863
ai22_2 2 2030 SSBF100 182.55
ai22_2 2 2030 SSBFabc 73.0198
ai22_2 2 2030 SSBFofl 63.8923
ai22_2 2 2030 SSBLCI 39.1952
ai22_2 2 2030 SSBUCI 151.171
ai22_2 2 2030 SSBMedian 66.5143
ai22_2 2 2030 SSBMean 78.0542
ai22_2 2 2031 SSBF100 182.55
ai22_2 2 2031 SSBFabc 73.0198
ai22_2 2 2031 SSBFofl 63.8923
ai22_2 2 2031 SSBLCI 39.168
ai22_2 2 2031 SSBUCI 152.664
ai22_2 2 2031 SSBMedian 68.2804
ai22_2 2 2031 SSBMean 79.0063
ai22_2 2 2032 SSBF100 182.55
ai22_2 2 2032 SSBFabc 73.0198
ai22_2 2 2032 SSBFofl 63.8923
ai22_2 2 2032 SSBLCI 38.6657
ai22_2 2 2032 SSBUCI 152.083
ai22_2 2 2032 SSBMedian 68.3206
ai22_2 2 2032 SSBMean 79.1434
ai22_2 2 2033 SSBF100 182.55
ai22_2 2 2033 SSBFabc 73.0198
ai22_2 2 2033 SSBFofl 63.8923
ai22_2 2 2033 SSBLCI 38.6925
ai22_2 2 2033 SSBUCI 148.67
ai22_2 2 2033 SSBMedian 68.9194
ai22_2 2 2033 SSBMean 78.7569
ai22_2 2 2034 SSBF100 182.55
ai22_2 2 2034 SSBFabc 73.0198
ai22_2 2 2034 SSBFofl 63.8923
ai22_2 2 2034 SSBLCI 38.5599
ai22_2 2 2034 SSBUCI 152.268
ai22_2 2 2034 SSBMedian 68.2782
ai22_2 2 2034 SSBMean 78.2666
ai22_2 2 2035 SSBF100 182.55
ai22_2 2 2035 SSBFabc 73.0198
ai22_2 2 2035 SSBFofl 63.8923
ai22_2 2 2035 SSBLCI 38.8517
ai22_2 2 2035 SSBUCI 145.255
ai22_2 2 2035 SSBMedian 66.7644
ai22_2 2 2035 SSBMean 77.1657
ai22_2 2 2036 SSBF100 182.55
ai22_2 2 2036 SSBFabc 73.0198
ai22_2 2 2036 SSBFofl 63.8923
ai22_2 2 2036 SSBLCI 38.9632
ai22_2 2 2036 SSBUCI 148.508
ai22_2 2 2036 SSBMedian 65.9491
ai22_2 2 2036 SSBMean 76.0839
ai22_2 2 2022 F0 0 
ai22_2 2 2022 Fabc 0.411432
ai22_2 2 2022 Fofl 0.526075
ai22_2 2 2022  F_LCI 0.019542
ai22_2 2 2022  F_UCI 0.019542
ai22_2 2 2022  F_Median 0.019542
ai22_2 2 2022  F_Mean 0.019542
ai22_2 2 2023 F0 0 
ai22_2 2 2023 Fabc 0.411432
ai22_2 2 2023 Fofl 0.526075
ai22_2 2 2023  F_LCI 0.411432
ai22_2 2 2023  F_UCI 0.411432
ai22_2 2 2023  F_Median 0.411432
ai22_2 2 2023  F_Mean 0.411432
ai22_2 2 2024 F0 0 
ai22_2 2 2024 Fabc 0.411432
ai22_2 2 2024 Fofl 0.526075
ai22_2 2 2024  F_LCI 0.339931
ai22_2 2 2024  F_UCI 0.340222
ai22_2 2 2024  F_Median 0.339962
ai22_2 2 2024  F_Mean 0.340004
ai22_2 2 2025 F0 0 
ai22_2 2 2025 Fabc 0.411432
ai22_2 2 2025 Fofl 0.526075
ai22_2 2 2025  F_LCI 0.328761
ai22_2 2 2025  F_UCI 0.340507
ai22_2 2 2025  F_Median 0.330063
ai22_2 2 2025  F_Mean 0.331749
ai22_2 2 2026 F0 0 
ai22_2 2 2026 Fabc 0.411432
ai22_2 2 2026 Fofl 0.526075
ai22_2 2 2026  F_LCI 0.30882
ai22_2 2 2026  F_UCI 0.411432
ai22_2 2 2026  F_Median 0.328192
ai22_2 2 2026  F_Mean 0.341452
ai22_2 2 2027 F0 0 
ai22_2 2 2027 Fabc 0.411432
ai22_2 2 2027 Fofl 0.526075
ai22_2 2 2027  F_LCI 0.271918
ai22_2 2 2027  F_UCI 0.411432
ai22_2 2 2027  F_Median 0.333664
ai22_2 2 2027  F_Mean 0.342215
ai22_2 2 2028 F0 0 
ai22_2 2 2028 Fabc 0.411432
ai22_2 2 2028 Fofl 0.526075
ai22_2 2 2028  F_LCI 0.238346
ai22_2 2 2028  F_UCI 0.411432
ai22_2 2 2028  F_Median 0.347101
ai22_2 2 2028  F_Mean 0.342654
ai22_2 2 2029 F0 0 
ai22_2 2 2029 Fabc 0.411432
ai22_2 2 2029 Fofl 0.526075
ai22_2 2 2029  F_LCI 0.217039
ai22_2 2 2029  F_UCI 0.411432
ai22_2 2 2029  F_Median 0.366697
ai22_2 2 2029  F_Mean 0.344862
ai22_2 2 2030 F0 0 
ai22_2 2 2030 Fabc 0.411432
ai22_2 2 2030 Fofl 0.526075
ai22_2 2 2030  F_LCI 0.210816
ai22_2 2 2030  F_UCI 0.411432
ai22_2 2 2030  F_Median 0.372847
ai22_2 2 2030  F_Mean 0.344259
ai22_2 2 2031 F0 0 
ai22_2 2 2031 Fabc 0.411432
ai22_2 2 2031 Fofl 0.526075
ai22_2 2 2031  F_LCI 0.210654
ai22_2 2 2031  F_UCI 0.411432
ai22_2 2 2031  F_Median 0.383322
ai22_2 2 2031  F_Mean 0.345248
ai22_2 2 2032 F0 0 
ai22_2 2 2032 Fabc 0.411432
ai22_2 2 2032 Fofl 0.526075
ai22_2 2 2032  F_LCI 0.207675
ai22_2 2 2032  F_UCI 0.411432
ai22_2 2 2032  F_Median 0.38356
ai22_2 2 2032  F_Mean 0.344956
ai22_2 2 2033 F0 0 
ai22_2 2 2033 Fabc 0.411432
ai22_2 2 2033 Fofl 0.526075
ai22_2 2 2033  F_LCI 0.207834
ai22_2 2 2033  F_UCI 0.411432
ai22_2 2 2033  F_Median 0.387112
ai22_2 2 2033  F_Mean 0.345398
ai22_2 2 2034 F0 0 
ai22_2 2 2034 Fabc 0.411432
ai22_2 2 2034 Fofl 0.526075
ai22_2 2 2034  F_LCI 0.207047
ai22_2 2 2034  F_UCI 0.411432
ai22_2 2 2034  F_Median 0.383309
ai22_2 2 2034  F_Mean 0.344168
ai22_2 2 2035 F0 0 
ai22_2 2 2035 Fabc 0.411432
ai22_2 2 2035 Fofl 0.526075
ai22_2 2 2035  F_LCI 0.208778
ai22_2 2 2035  F_UCI 0.411432
ai22_2 2 2035  F_Median 0.37433
ai22_2 2 2035  F_Mean 0.344145
ai22_2 2 2036 F0 0 
ai22_2 2 2036 Fabc 0.411432
ai22_2 2 2036 Fofl 0.526075
ai22_2 2 2036  F_LCI 0.209439
ai22_2 2 2036  F_UCI 0.411432
ai22_2 2 2036  F_Median 0.369495
ai22_2 2 2036  F_Mean 0.341435
ai22_2 3 2022 Cabc 45.8016
ai22_2 3 2022 Cofl 48.8559
ai22_2 3 2022 CLCI 3
ai22_2 3 2022 CUCI 3
ai22_2 3 2022 CMedian 3
ai22_2 3 2022 CMean 3
ai22_2 3 2022 CStdn 5.01821e-014
ai22_2 3 2023 Cabc 45.8016
ai22_2 3 2023 Cofl 48.8559
ai22_2 3 2023 CLCI 3.96712
ai22_2 3 2023 CUCI 3.99546
ai22_2 3 2023 CMedian 3.97017
ai22_2 3 2023 CMean 3.97425
ai22_2 3 2023 CStdn 0.0116573
ai22_2 3 2024 Cabc 45.8016
ai22_2 3 2024 Cofl 48.8559
ai22_2 3 2024 CLCI 3.87581
ai22_2 3 2024 CUCI 3.95665
ai22_2 3 2024 CMedian 3.88886
ai22_2 3 2024 CMean 3.89968
ai22_2 3 2024 CStdn 0.03227
ai22_2 3 2025 Cabc 45.8016
ai22_2 3 2025 Cofl 48.8559
ai22_2 3 2025 CLCI 3.99901
ai22_2 3 2025 CUCI 4.23093
ai22_2 3 2025 CMedian 4.0412
ai22_2 3 2025 CMean 4.06974
ai22_2 3 2025 CStdn 0.0928328
ai22_2 3 2026 Cabc 45.8016
ai22_2 3 2026 Cofl 48.8559
ai22_2 3 2026 CLCI 4.2955
ai22_2 3 2026 CUCI 4.99081
ai22_2 3 2026 CMedian 4.41619
ai22_2 3 2026 CMean 4.50376
ai22_2 3 2026 CStdn 0.277687
ai22_2 3 2027 Cabc 45.8016
ai22_2 3 2027 Cofl 48.8559
ai22_2 3 2027 CLCI 4.49844
ai22_2 3 2027 CUCI 6.31829
ai22_2 3 2027 CMedian 4.8354
ai22_2 3 2027 CMean 5.05574
ai22_2 3 2027 CStdn 0.718768
ai22_2 3 2028 Cabc 45.8016
ai22_2 3 2028 Cofl 48.8559
ai22_2 3 2028 CLCI 4.46626
ai22_2 3 2028 CUCI 8.26795
ai22_2 3 2028 CMedian 5.21927
ai22_2 3 2028 CMean 5.64236
ai22_2 3 2028 CStdn 1.41696
ai22_2 3 2029 Cabc 45.8016
ai22_2 3 2029 Cofl 48.8559
ai22_2 3 2029 CLCI 4.24359
ai22_2 3 2029 CUCI 10.4187
ai22_2 3 2029 CMedian 5.60916
ai22_2 3 2029 CMean 6.18243
ai22_2 3 2029 CStdn 2.12237
ai22_2 3 2030 Cabc 45.8016
ai22_2 3 2030 Cofl 48.8559
ai22_2 3 2030 CLCI 3.94241
ai22_2 3 2030 CUCI 11.7281
ai22_2 3 2030 CMedian 5.97653
ai22_2 3 2030 CMean 6.67905
ai22_2 3 2030 CStdn 2.7137
ai22_2 3 2031 Cabc 45.8016
ai22_2 3 2031 Cofl 48.8559
ai22_2 3 2031 CLCI 3.7892
ai22_2 3 2031 CUCI 12.6249
ai22_2 3 2031 CMedian 6.36655
ai22_2 3 2031 CMean 7.0732
ai22_2 3 2031 CStdn 3.00114
ai22_2 3 2032 Cabc 45.8016
ai22_2 3 2032 Cofl 48.8559
ai22_2 3 2032 CLCI 3.7781
ai22_2 3 2032 CUCI 13.1905
ai22_2 3 2032 CMedian 6.61455
ai22_2 3 2032 CMean 7.36284
ai22_2 3 2032 CStdn 3.19859
ai22_2 3 2033 Cabc 45.8016
ai22_2 3 2033 Cofl 48.8559
ai22_2 3 2033 CLCI 3.83808
ai22_2 3 2033 CUCI 13.5505
ai22_2 3 2033 CMedian 6.83915
ai22_2 3 2033 CMean 7.55532
ai22_2 3 2033 CStdn 3.31921
ai22_2 3 2034 Cabc 45.8016
ai22_2 3 2034 Cofl 48.8559
ai22_2 3 2034 CLCI 3.70805
ai22_2 3 2034 CUCI 13.6451
ai22_2 3 2034 CMedian 6.99623
ai22_2 3 2034 CMean 7.67427
ai22_2 3 2034 CStdn 3.30752
ai22_2 3 2035 Cabc 45.8016
ai22_2 3 2035 Cofl 48.8559
ai22_2 3 2035 CLCI 3.79404
ai22_2 3 2035 CUCI 13.8704
ai22_2 3 2035 CMedian 7.08271
ai22_2 3 2035 CMean 7.74625
ai22_2 3 2035 CStdn 3.26738
ai22_2 3 2036 Cabc 45.8016
ai22_2 3 2036 Cofl 48.8559
ai22_2 3 2036 CLCI 3.83378
ai22_2 3 2036 CUCI 13.718
ai22_2 3 2036 CMedian 7.16613
ai22_2 3 2036 CMean 7.7812
ai22_2 3 2036 CStdn 3.21284
ai22_2 3 2022 SSBF100 182.55
ai22_2 3 2022 SSBFabc 73.0198
ai22_2 3 2022 SSBFofl 63.8923
ai22_2 3 2022 SSBLCI 78.2401
ai22_2 3 2022 SSBUCI 78.2401
ai22_2 3 2022 SSBMedian 78.2401
ai22_2 3 2022 SSBMean 78.2401
ai22_2 3 2023 SSBF100 182.55
ai22_2 3 2023 SSBFabc 73.0198
ai22_2 3 2023 SSBFofl 63.8923
ai22_2 3 2023 SSBLCI 77.3086
ai22_2 3 2023 SSBUCI 77.3086
ai22_2 3 2023 SSBMedian 77.3086
ai22_2 3 2023 SSBMean 77.3086
ai22_2 3 2024 SSBF100 182.55
ai22_2 3 2024 SSBFabc 73.0198
ai22_2 3 2024 SSBFofl 63.8923
ai22_2 3 2024 SSBLCI 80.8749
ai22_2 3 2024 SSBUCI 80.9263
ai22_2 3 2024 SSBMedian 80.8805
ai22_2 3 2024 SSBMean 80.8879
ai22_2 3 2025 SSBF100 182.55
ai22_2 3 2025 SSBFabc 73.0198
ai22_2 3 2025 SSBFofl 63.8923
ai22_2 3 2025 SSBLCI 86.6944
ai22_2 3 2025 SSBUCI 88.783
ai22_2 3 2025 SSBMedian 86.926
ai22_2 3 2025 SSBMean 87.2258
ai22_2 3 2026 SSBF100 182.55
ai22_2 3 2026 SSBFabc 73.0198
ai22_2 3 2026 SSBFofl 63.8923
ai22_2 3 2026 SSBLCI 88.4567
ai22_2 3 2026 SSBUCI 118.163
ai22_2 3 2026 SSBMedian 91.9618
ai22_2 3 2026 SSBMean 96.1318
ai22_2 3 2027 SSBF100 182.55
ai22_2 3 2027 SSBFabc 73.0198
ai22_2 3 2027 SSBFofl 63.8923
ai22_2 3 2027 SSBLCI 85.6382
ai22_2 3 2027 SSBUCI 156.381
ai22_2 3 2027 SSBMedian 97.8259
ai22_2 3 2027 SSBMean 106.518
ai22_2 3 2028 SSBF100 182.55
ai22_2 3 2028 SSBFabc 73.0198
ai22_2 3 2028 SSBFofl 63.8923
ai22_2 3 2028 SSBLCI 81.5324
ai22_2 3 2028 SSBUCI 198.748
ai22_2 3 2028 SSBMedian 105.652
ai22_2 3 2028 SSBMean 117.425
ai22_2 3 2029 SSBF100 182.55
ai22_2 3 2029 SSBFabc 73.0198
ai22_2 3 2029 SSBFofl 63.8923
ai22_2 3 2029 SSBLCI 78.1441
ai22_2 3 2029 SSBUCI 222.116
ai22_2 3 2029 SSBMedian 114.836
ai22_2 3 2029 SSBMean 127.499
ai22_2 3 2030 SSBF100 182.55
ai22_2 3 2030 SSBFabc 73.0198
ai22_2 3 2030 SSBFofl 63.8923
ai22_2 3 2030 SSBLCI 76.5958
ai22_2 3 2030 SSBUCI 238.643
ai22_2 3 2030 SSBMedian 122.591
ai22_2 3 2030 SSBMean 136.176
ai22_2 3 2031 SSBF100 182.55
ai22_2 3 2031 SSBFabc 73.0198
ai22_2 3 2031 SSBFofl 63.8923
ai22_2 3 2031 SSBLCI 75.3827
ai22_2 3 2031 SSBUCI 258.011
ai22_2 3 2031 SSBMedian 129.435
ai22_2 3 2031 SSBMean 142.974
ai22_2 3 2032 SSBF100 182.55
ai22_2 3 2032 SSBFabc 73.0198
ai22_2 3 2032 SSBFofl 63.8923
ai22_2 3 2032 SSBLCI 76.785
ai22_2 3 2032 SSBUCI 261.919
ai22_2 3 2032 SSBMedian 134.296
ai22_2 3 2032 SSBMean 147.893
ai22_2 3 2033 SSBF100 182.55
ai22_2 3 2033 SSBFabc 73.0198
ai22_2 3 2033 SSBFofl 63.8923
ai22_2 3 2033 SSBLCI 75.8622
ai22_2 3 2033 SSBUCI 267.834
ai22_2 3 2033 SSBMedian 138.091
ai22_2 3 2033 SSBMean 151.179
ai22_2 3 2034 SSBF100 182.55
ai22_2 3 2034 SSBFabc 73.0198
ai22_2 3 2034 SSBFofl 63.8923
ai22_2 3 2034 SSBLCI 74.8498
ai22_2 3 2034 SSBUCI 276.647
ai22_2 3 2034 SSBMedian 140.726
ai22_2 3 2034 SSBMean 153.429
ai22_2 3 2035 SSBF100 182.55
ai22_2 3 2035 SSBFabc 73.0198
ai22_2 3 2035 SSBFofl 63.8923
ai22_2 3 2035 SSBLCI 74.6595
ai22_2 3 2035 SSBUCI 273.661
ai22_2 3 2035 SSBMedian 141.831
ai22_2 3 2035 SSBMean 154.212
ai22_2 3 2036 SSBF100 182.55
ai22_2 3 2036 SSBFabc 73.0198
ai22_2 3 2036 SSBFofl 63.8923
ai22_2 3 2036 SSBLCI 76.3012
ai22_2 3 2036 SSBUCI 269.606
ai22_2 3 2036 SSBMedian 141.832
ai22_2 3 2036 SSBMean 154.374
ai22_2 3 2022 F0 0 
ai22_2 3 2022 Fabc 0.411432
ai22_2 3 2022 Fofl 0.526075
ai22_2 3 2022  F_LCI 0.019542
ai22_2 3 2022  F_UCI 0.019542
ai22_2 3 2022  F_Median 0.019542
ai22_2 3 2022  F_Mean 0.019542
ai22_2 3 2023 F0 0 
ai22_2 3 2023 Fabc 0.411432
ai22_2 3 2023 Fofl 0.526075
ai22_2 3 2023  F_LCI 0.0269599
ai22_2 3 2023  F_UCI 0.0269599
ai22_2 3 2023  F_Median 0.0269599
ai22_2 3 2023  F_Mean 0.0269599
ai22_2 3 2024 F0 0 
ai22_2 3 2024 Fabc 0.411432
ai22_2 3 2024 Fofl 0.526075
ai22_2 3 2024  F_LCI 0.0269599
ai22_2 3 2024  F_UCI 0.0269599
ai22_2 3 2024  F_Median 0.0269599
ai22_2 3 2024  F_Mean 0.0269599
ai22_2 3 2025 F0 0 
ai22_2 3 2025 Fabc 0.411432
ai22_2 3 2025 Fofl 0.526075
ai22_2 3 2025  F_LCI 0.0269599
ai22_2 3 2025  F_UCI 0.0269599
ai22_2 3 2025  F_Median 0.0269599
ai22_2 3 2025  F_Mean 0.0269599
ai22_2 3 2026 F0 0 
ai22_2 3 2026 Fabc 0.411432
ai22_2 3 2026 Fofl 0.526075
ai22_2 3 2026  F_LCI 0.0269599
ai22_2 3 2026  F_UCI 0.0269599
ai22_2 3 2026  F_Median 0.0269599
ai22_2 3 2026  F_Mean 0.0269599
ai22_2 3 2027 F0 0 
ai22_2 3 2027 Fabc 0.411432
ai22_2 3 2027 Fofl 0.526075
ai22_2 3 2027  F_LCI 0.0269599
ai22_2 3 2027  F_UCI 0.0269599
ai22_2 3 2027  F_Median 0.0269599
ai22_2 3 2027  F_Mean 0.0269599
ai22_2 3 2028 F0 0 
ai22_2 3 2028 Fabc 0.411432
ai22_2 3 2028 Fofl 0.526075
ai22_2 3 2028  F_LCI 0.0269599
ai22_2 3 2028  F_UCI 0.0269599
ai22_2 3 2028  F_Median 0.0269599
ai22_2 3 2028  F_Mean 0.0269599
ai22_2 3 2029 F0 0 
ai22_2 3 2029 Fabc 0.411432
ai22_2 3 2029 Fofl 0.526075
ai22_2 3 2029  F_LCI 0.0269599
ai22_2 3 2029  F_UCI 0.0269599
ai22_2 3 2029  F_Median 0.0269599
ai22_2 3 2029  F_Mean 0.0269599
ai22_2 3 2030 F0 0 
ai22_2 3 2030 Fabc 0.411432
ai22_2 3 2030 Fofl 0.526075
ai22_2 3 2030  F_LCI 0.0269599
ai22_2 3 2030  F_UCI 0.0269599
ai22_2 3 2030  F_Median 0.0269599
ai22_2 3 2030  F_Mean 0.0269599
ai22_2 3 2031 F0 0 
ai22_2 3 2031 Fabc 0.411432
ai22_2 3 2031 Fofl 0.526075
ai22_2 3 2031  F_LCI 0.0269599
ai22_2 3 2031  F_UCI 0.0269599
ai22_2 3 2031  F_Median 0.0269599
ai22_2 3 2031  F_Mean 0.0269599
ai22_2 3 2032 F0 0 
ai22_2 3 2032 Fabc 0.411432
ai22_2 3 2032 Fofl 0.526075
ai22_2 3 2032  F_LCI 0.0269599
ai22_2 3 2032  F_UCI 0.0269599
ai22_2 3 2032  F_Median 0.0269599
ai22_2 3 2032  F_Mean 0.0269599
ai22_2 3 2033 F0 0 
ai22_2 3 2033 Fabc 0.411432
ai22_2 3 2033 Fofl 0.526075
ai22_2 3 2033  F_LCI 0.0269599
ai22_2 3 2033  F_UCI 0.0269599
ai22_2 3 2033  F_Median 0.0269599
ai22_2 3 2033  F_Mean 0.0269599
ai22_2 3 2034 F0 0 
ai22_2 3 2034 Fabc 0.411432
ai22_2 3 2034 Fofl 0.526075
ai22_2 3 2034  F_LCI 0.0269599
ai22_2 3 2034  F_UCI 0.0269599
ai22_2 3 2034  F_Median 0.0269599
ai22_2 3 2034  F_Mean 0.0269599
ai22_2 3 2035 F0 0 
ai22_2 3 2035 Fabc 0.411432
ai22_2 3 2035 Fofl 0.526075
ai22_2 3 2035  F_LCI 0.0269599
ai22_2 3 2035  F_UCI 0.0269599
ai22_2 3 2035  F_Median 0.0269599
ai22_2 3 2035  F_Mean 0.0269599
ai22_2 3 2036 F0 0 
ai22_2 3 2036 Fabc 0.411432
ai22_2 3 2036 Fofl 0.526075
ai22_2 3 2036  F_LCI 0.0269599
ai22_2 3 2036  F_UCI 0.0269599
ai22_2 3 2036  F_Median 0.0269599
ai22_2 3 2036  F_Mean 0.0269599
ai22_2 4 2022 Cabc 45.8016
ai22_2 4 2022 Cofl 48.8559
ai22_2 4 2022 CLCI 3
ai22_2 4 2022 CUCI 3
ai22_2 4 2022 CMedian 3
ai22_2 4 2022 CMean 3
ai22_2 4 2022 CStdn 5.01821e-014
ai22_2 4 2023 Cabc 45.8016
ai22_2 4 2023 Cofl 48.8559
ai22_2 4 2023 CLCI 22.8837
ai22_2 4 2023 CUCI 23.0566
ai22_2 4 2023 CMedian 22.9023
ai22_2 4 2023 CMean 22.9272
ai22_2 4 2023 CStdn 0.0711206
ai22_2 4 2024 Cabc 45.8016
ai22_2 4 2024 Cofl 48.8559
ai22_2 4 2024 CLCI 20.2343
ai22_2 4 2024 CUCI 20.7266
ai22_2 4 2024 CMedian 20.3139
ai22_2 4 2024 CMean 20.3797
ai22_2 4 2024 CStdn 0.196524
ai22_2 4 2025 Cabc 45.8016
ai22_2 4 2025 Cofl 48.8559
ai22_2 4 2025 CLCI 19.4814
ai22_2 4 2025 CUCI 20.8863
ai22_2 4 2025 CMedian 19.7378
ai22_2 4 2025 CMean 19.9106
ai22_2 4 2025 CStdn 0.562622
ai22_2 4 2026 Cabc 45.8016
ai22_2 4 2026 Cofl 48.8559
ai22_2 4 2026 CLCI 19.9213
ai22_2 4 2026 CUCI 24.0841
ai22_2 4 2026 CMedian 20.6495
ai22_2 4 2026 CMean 21.1713
ai22_2 4 2026 CStdn 1.66175
ai22_2 4 2027 Cabc 45.8016
ai22_2 4 2027 Cofl 48.8559
ai22_2 4 2027 CLCI 19.8674
ai22_2 4 2027 CUCI 30.4777
ai22_2 4 2027 CMedian 21.8517
ai22_2 4 2027 CMean 23.1327
ai22_2 4 2027 CStdn 4.18307
ai22_2 4 2028 Cabc 45.8016
ai22_2 4 2028 Cofl 48.8559
ai22_2 4 2028 CLCI 18.6696
ai22_2 4 2028 CUCI 39.9904
ai22_2 4 2028 CMedian 22.9523
ai22_2 4 2028 CMean 25.2776
ai22_2 4 2028 CStdn 7.87066
ai22_2 4 2029 Cabc 45.8016
ai22_2 4 2029 Cofl 48.8559
ai22_2 4 2029 CLCI 16.7138
ai22_2 4 2029 CUCI 49.4959
ai22_2 4 2029 CMedian 24.1405
ai22_2 4 2029 CMean 27.1889
ai22_2 4 2029 CStdn 11.13
ai22_2 4 2030 Cabc 45.8016
ai22_2 4 2030 Cofl 48.8559
ai22_2 4 2030 CLCI 14.8799
ai22_2 4 2030 CUCI 53.4971
ai22_2 4 2030 CMedian 25.4486
ai22_2 4 2030 CMean 28.8445
ai22_2 4 2030 CStdn 13.4069
ai22_2 4 2031 Cabc 45.8016
ai22_2 4 2031 Cofl 48.8559
ai22_2 4 2031 CLCI 14.2544
ai22_2 4 2031 CUCI 56.9088
ai22_2 4 2031 CMedian 26.4821
ai22_2 4 2031 CMean 29.9736
ai22_2 4 2031 CStdn 14.4097
ai22_2 4 2032 Cabc 45.8016
ai22_2 4 2032 Cofl 48.8559
ai22_2 4 2032 CLCI 14.0324
ai22_2 4 2032 CUCI 57.5245
ai22_2 4 2032 CMedian 26.9809
ai22_2 4 2032 CMean 30.6354
ai22_2 4 2032 CStdn 15.0564
ai22_2 4 2033 Cabc 45.8016
ai22_2 4 2033 Cofl 48.8559
ai22_2 4 2033 CLCI 13.6594
ai22_2 4 2033 CUCI 58.6776
ai22_2 4 2033 CMedian 27.5513
ai22_2 4 2033 CMean 30.952
ai22_2 4 2033 CStdn 15.2409
ai22_2 4 2034 Cabc 45.8016
ai22_2 4 2034 Cofl 48.8559
ai22_2 4 2034 CLCI 13.6857
ai22_2 4 2034 CUCI 58.9187
ai22_2 4 2034 CMedian 27.8082
ai22_2 4 2034 CMean 31.0109
ai22_2 4 2034 CStdn 14.8685
ai22_2 4 2035 Cabc 45.8016
ai22_2 4 2035 Cofl 48.8559
ai22_2 4 2035 CLCI 13.5994
ai22_2 4 2035 CUCI 59.4686
ai22_2 4 2035 CMedian 27.8824
ai22_2 4 2035 CMean 30.9266
ai22_2 4 2035 CStdn 14.5373
ai22_2 4 2036 Cabc 45.8016
ai22_2 4 2036 Cofl 48.8559
ai22_2 4 2036 CLCI 13.8182
ai22_2 4 2036 CUCI 57.8183
ai22_2 4 2036 CMedian 27.6878
ai22_2 4 2036 CMean 30.7557
ai22_2 4 2036 CStdn 14.2807
ai22_2 4 2022 SSBF100 182.55
ai22_2 4 2022 SSBFabc 73.0198
ai22_2 4 2022 SSBFofl 63.8923
ai22_2 4 2022 SSBLCI 78.2401
ai22_2 4 2022 SSBUCI 78.2401
ai22_2 4 2022 SSBMedian 78.2401
ai22_2 4 2022 SSBMean 78.2401
ai22_2 4 2023 SSBF100 182.55
ai22_2 4 2023 SSBFabc 73.0198
ai22_2 4 2023 SSBFofl 63.8923
ai22_2 4 2023 SSBLCI 75.8799
ai22_2 4 2023 SSBUCI 75.8799
ai22_2 4 2023 SSBMedian 75.8799
ai22_2 4 2023 SSBMean 75.8799
ai22_2 4 2024 SSBF100 182.55
ai22_2 4 2024 SSBFabc 73.0198
ai22_2 4 2024 SSBFofl 63.8923
ai22_2 4 2024 SSBLCI 72.6342
ai22_2 4 2024 SSBUCI 72.6855
ai22_2 4 2024 SSBMedian 72.6397
ai22_2 4 2024 SSBMean 72.6471
ai22_2 4 2025 SSBF100 182.55
ai22_2 4 2025 SSBFabc 73.0198
ai22_2 4 2025 SSBFofl 63.8923
ai22_2 4 2025 SSBLCI 73.5174
ai22_2 4 2025 SSBUCI 75.5946
ai22_2 4 2025 SSBMedian 73.7477
ai22_2 4 2025 SSBMean 74.0459
ai22_2 4 2026 SSBF100 182.55
ai22_2 4 2026 SSBFabc 73.0198
ai22_2 4 2026 SSBFofl 63.8923
ai22_2 4 2026 SSBLCI 71.4082
ai22_2 4 2026 SSBUCI 100.667
ai22_2 4 2026 SSBMedian 74.8668
ai22_2 4 2026 SSBMean 78.9717
ai22_2 4 2027 SSBF100 182.55
ai22_2 4 2027 SSBFabc 73.0198
ai22_2 4 2027 SSBFofl 63.8923
ai22_2 4 2027 SSBLCI 65.3208
ai22_2 4 2027 SSBUCI 133.982
ai22_2 4 2027 SSBMedian 77.0948
ai22_2 4 2027 SSBMean 85.5555
ai22_2 4 2028 SSBF100 182.55
ai22_2 4 2028 SSBFabc 73.0198
ai22_2 4 2028 SSBFofl 63.8923
ai22_2 4 2028 SSBLCI 58.7417
ai22_2 4 2028 SSBUCI 170.519
ai22_2 4 2028 SSBMedian 81.7268
ai22_2 4 2028 SSBMean 92.6103
ai22_2 4 2029 SSBF100 182.55
ai22_2 4 2029 SSBFabc 73.0198
ai22_2 4 2029 SSBFofl 63.8923
ai22_2 4 2029 SSBLCI 53.4138
ai22_2 4 2029 SSBUCI 182.5
ai22_2 4 2029 SSBMedian 87.8206
ai22_2 4 2029 SSBMean 98.808
ai22_2 4 2030 SSBF100 182.55
ai22_2 4 2030 SSBFabc 73.0198
ai22_2 4 2030 SSBFofl 63.8923
ai22_2 4 2030 SSBLCI 50.8807
ai22_2 4 2030 SSBUCI 195.705
ai22_2 4 2030 SSBMedian 91.9368
ai22_2 4 2030 SSBMean 103.649
ai22_2 4 2031 SSBF100 182.55
ai22_2 4 2031 SSBFabc 73.0198
ai22_2 4 2031 SSBFofl 63.8923
ai22_2 4 2031 SSBLCI 49.3329
ai22_2 4 2031 SSBUCI 203.3
ai22_2 4 2031 SSBMedian 94.0323
ai22_2 4 2031 SSBMean 106.846
ai22_2 4 2032 SSBF100 182.55
ai22_2 4 2032 SSBFabc 73.0198
ai22_2 4 2032 SSBFofl 63.8923
ai22_2 4 2032 SSBLCI 49.8118
ai22_2 4 2032 SSBUCI 205.421
ai22_2 4 2032 SSBMedian 96.925
ai22_2 4 2032 SSBMean 108.691
ai22_2 4 2033 SSBF100 182.55
ai22_2 4 2033 SSBFabc 73.0198
ai22_2 4 2033 SSBFofl 63.8923
ai22_2 4 2033 SSBLCI 47.8639
ai22_2 4 2033 SSBUCI 206.211
ai22_2 4 2033 SSBMedian 97.2028
ai22_2 4 2033 SSBMean 109.479
ai22_2 4 2034 SSBF100 182.55
ai22_2 4 2034 SSBFabc 73.0198
ai22_2 4 2034 SSBFofl 63.8923
ai22_2 4 2034 SSBLCI 47.5754
ai22_2 4 2034 SSBUCI 208.098
ai22_2 4 2034 SSBMedian 98.2953
ai22_2 4 2034 SSBMean 109.724
ai22_2 4 2035 SSBF100 182.55
ai22_2 4 2035 SSBFabc 73.0198
ai22_2 4 2035 SSBFofl 63.8923
ai22_2 4 2035 SSBLCI 47.5496
ai22_2 4 2035 SSBUCI 202.078
ai22_2 4 2035 SSBMedian 98.1331
ai22_2 4 2035 SSBMean 108.959
ai22_2 4 2036 SSBF100 182.55
ai22_2 4 2036 SSBFabc 73.0198
ai22_2 4 2036 SSBFofl 63.8923
ai22_2 4 2036 SSBLCI 48.1033
ai22_2 4 2036 SSBUCI 200.371
ai22_2 4 2036 SSBMedian 97.3317
ai22_2 4 2036 SSBMean 107.941
ai22_2 4 2022 F0 0 
ai22_2 4 2022 Fabc 0.411432
ai22_2 4 2022 Fofl 0.526075
ai22_2 4 2022  F_LCI 0.019542
ai22_2 4 2022  F_UCI 0.019542
ai22_2 4 2022  F_Median 0.019542
ai22_2 4 2022  F_Mean 0.019542
ai22_2 4 2023 F0 0 
ai22_2 4 2023 Fabc 0.411432
ai22_2 4 2023 Fofl 0.526075
ai22_2 4 2023  F_LCI 0.164574
ai22_2 4 2023  F_UCI 0.164574
ai22_2 4 2023  F_Median 0.164574
ai22_2 4 2023  F_Mean 0.164574
ai22_2 4 2024 F0 0 
ai22_2 4 2024 Fabc 0.411432
ai22_2 4 2024 Fofl 0.526075
ai22_2 4 2024  F_LCI 0.164574
ai22_2 4 2024  F_UCI 0.164574
ai22_2 4 2024  F_Median 0.164574
ai22_2 4 2024  F_Mean 0.164574
ai22_2 4 2025 F0 0 
ai22_2 4 2025 Fabc 0.411432
ai22_2 4 2025 Fofl 0.526075
ai22_2 4 2025  F_LCI 0.164574
ai22_2 4 2025  F_UCI 0.164574
ai22_2 4 2025  F_Median 0.164574
ai22_2 4 2025  F_Mean 0.164574
ai22_2 4 2026 F0 0 
ai22_2 4 2026 Fabc 0.411432
ai22_2 4 2026 Fofl 0.526075
ai22_2 4 2026  F_LCI 0.164574
ai22_2 4 2026  F_UCI 0.164574
ai22_2 4 2026  F_Median 0.164574
ai22_2 4 2026  F_Mean 0.164574
ai22_2 4 2027 F0 0 
ai22_2 4 2027 Fabc 0.411432
ai22_2 4 2027 Fofl 0.526075
ai22_2 4 2027  F_LCI 0.164574
ai22_2 4 2027  F_UCI 0.164574
ai22_2 4 2027  F_Median 0.164574
ai22_2 4 2027  F_Mean 0.164574
ai22_2 4 2028 F0 0 
ai22_2 4 2028 Fabc 0.411432
ai22_2 4 2028 Fofl 0.526075
ai22_2 4 2028  F_LCI 0.164574
ai22_2 4 2028  F_UCI 0.164574
ai22_2 4 2028  F_Median 0.164574
ai22_2 4 2028  F_Mean 0.164574
ai22_2 4 2029 F0 0 
ai22_2 4 2029 Fabc 0.411432
ai22_2 4 2029 Fofl 0.526075
ai22_2 4 2029  F_LCI 0.164574
ai22_2 4 2029  F_UCI 0.164574
ai22_2 4 2029  F_Median 0.164574
ai22_2 4 2029  F_Mean 0.164574
ai22_2 4 2030 F0 0 
ai22_2 4 2030 Fabc 0.411432
ai22_2 4 2030 Fofl 0.526075
ai22_2 4 2030  F_LCI 0.164574
ai22_2 4 2030  F_UCI 0.164574
ai22_2 4 2030  F_Median 0.164574
ai22_2 4 2030  F_Mean 0.164574
ai22_2 4 2031 F0 0 
ai22_2 4 2031 Fabc 0.411432
ai22_2 4 2031 Fofl 0.526075
ai22_2 4 2031  F_LCI 0.164574
ai22_2 4 2031  F_UCI 0.164574
ai22_2 4 2031  F_Median 0.164574
ai22_2 4 2031  F_Mean 0.164245
ai22_2 4 2032 F0 0 
ai22_2 4 2032 Fabc 0.411432
ai22_2 4 2032 Fofl 0.526075
ai22_2 4 2032  F_LCI 0.164574
ai22_2 4 2032  F_UCI 0.164574
ai22_2 4 2032  F_Median 0.164574
ai22_2 4 2032  F_Mean 0.163751
ai22_2 4 2033 F0 0 
ai22_2 4 2033 Fabc 0.411432
ai22_2 4 2033 Fofl 0.526075
ai22_2 4 2033  F_LCI 0.164574
ai22_2 4 2033  F_UCI 0.164574
ai22_2 4 2033  F_Median 0.164574
ai22_2 4 2033  F_Mean 0.163751
ai22_2 4 2034 F0 0 
ai22_2 4 2034 Fabc 0.411432
ai22_2 4 2034 Fofl 0.526075
ai22_2 4 2034  F_LCI 0.164574
ai22_2 4 2034  F_UCI 0.164574
ai22_2 4 2034  F_Median 0.164574
ai22_2 4 2034  F_Mean 0.163751
ai22_2 4 2035 F0 0 
ai22_2 4 2035 Fabc 0.411432
ai22_2 4 2035 Fofl 0.526075
ai22_2 4 2035  F_LCI 0.164574
ai22_2 4 2035  F_UCI 0.164574
ai22_2 4 2035  F_Median 0.164574
ai22_2 4 2035  F_Mean 0.163751
ai22_2 4 2036 F0 0 
ai22_2 4 2036 Fabc 0.411432
ai22_2 4 2036 Fofl 0.526075
ai22_2 4 2036  F_LCI 0.164574
ai22_2 4 2036  F_UCI 0.164574
ai22_2 4 2036  F_Median 0.164574
ai22_2 4 2036  F_Mean 0.16408
ai22_2 5 2022 Cabc 45.8016
ai22_2 5 2022 Cofl 48.8559
ai22_2 5 2022 CLCI 3
ai22_2 5 2022 CUCI 3
ai22_2 5 2022 CMedian 3
ai22_2 5 2022 CMean 3
ai22_2 5 2022 CStdn 5.01821e-014
ai22_2 5 2023 Cabc 45.8016
ai22_2 5 2023 Cofl 48.8559
ai22_2 5 2023 CLCI 0
ai22_2 5 2023 CUCI 0
ai22_2 5 2023 CMedian 0
ai22_2 5 2023 CMean 0
ai22_2 5 2023 CStdn 0
ai22_2 5 2024 Cabc 45.8016
ai22_2 5 2024 Cofl 48.8559
ai22_2 5 2024 CLCI 0
ai22_2 5 2024 CUCI 0
ai22_2 5 2024 CMedian 0
ai22_2 5 2024 CMean 0
ai22_2 5 2024 CStdn 0
ai22_2 5 2025 Cabc 45.8016
ai22_2 5 2025 Cofl 48.8559
ai22_2 5 2025 CLCI 0
ai22_2 5 2025 CUCI 0
ai22_2 5 2025 CMedian 0
ai22_2 5 2025 CMean 0
ai22_2 5 2025 CStdn 0
ai22_2 5 2026 Cabc 45.8016
ai22_2 5 2026 Cofl 48.8559
ai22_2 5 2026 CLCI 0
ai22_2 5 2026 CUCI 0
ai22_2 5 2026 CMedian 0
ai22_2 5 2026 CMean 0
ai22_2 5 2026 CStdn 0
ai22_2 5 2027 Cabc 45.8016
ai22_2 5 2027 Cofl 48.8559
ai22_2 5 2027 CLCI 0
ai22_2 5 2027 CUCI 0
ai22_2 5 2027 CMedian 0
ai22_2 5 2027 CMean 0
ai22_2 5 2027 CStdn 0
ai22_2 5 2028 Cabc 45.8016
ai22_2 5 2028 Cofl 48.8559
ai22_2 5 2028 CLCI 0
ai22_2 5 2028 CUCI 0
ai22_2 5 2028 CMedian 0
ai22_2 5 2028 CMean 0
ai22_2 5 2028 CStdn 0
ai22_2 5 2029 Cabc 45.8016
ai22_2 5 2029 Cofl 48.8559
ai22_2 5 2029 CLCI 0
ai22_2 5 2029 CUCI 0
ai22_2 5 2029 CMedian 0
ai22_2 5 2029 CMean 0
ai22_2 5 2029 CStdn 0
ai22_2 5 2030 Cabc 45.8016
ai22_2 5 2030 Cofl 48.8559
ai22_2 5 2030 CLCI 0
ai22_2 5 2030 CUCI 0
ai22_2 5 2030 CMedian 0
ai22_2 5 2030 CMean 0
ai22_2 5 2030 CStdn 0
ai22_2 5 2031 Cabc 45.8016
ai22_2 5 2031 Cofl 48.8559
ai22_2 5 2031 CLCI 0
ai22_2 5 2031 CUCI 0
ai22_2 5 2031 CMedian 0
ai22_2 5 2031 CMean 0
ai22_2 5 2031 CStdn 0
ai22_2 5 2032 Cabc 45.8016
ai22_2 5 2032 Cofl 48.8559
ai22_2 5 2032 CLCI 0
ai22_2 5 2032 CUCI 0
ai22_2 5 2032 CMedian 0
ai22_2 5 2032 CMean 0
ai22_2 5 2032 CStdn 0
ai22_2 5 2033 Cabc 45.8016
ai22_2 5 2033 Cofl 48.8559
ai22_2 5 2033 CLCI 0
ai22_2 5 2033 CUCI 0
ai22_2 5 2033 CMedian 0
ai22_2 5 2033 CMean 0
ai22_2 5 2033 CStdn 0
ai22_2 5 2034 Cabc 45.8016
ai22_2 5 2034 Cofl 48.8559
ai22_2 5 2034 CLCI 0
ai22_2 5 2034 CUCI 0
ai22_2 5 2034 CMedian 0
ai22_2 5 2034 CMean 0
ai22_2 5 2034 CStdn 0
ai22_2 5 2035 Cabc 45.8016
ai22_2 5 2035 Cofl 48.8559
ai22_2 5 2035 CLCI 0
ai22_2 5 2035 CUCI 0
ai22_2 5 2035 CMedian 0
ai22_2 5 2035 CMean 0
ai22_2 5 2035 CStdn 0
ai22_2 5 2036 Cabc 45.8016
ai22_2 5 2036 Cofl 48.8559
ai22_2 5 2036 CLCI 0
ai22_2 5 2036 CUCI 0
ai22_2 5 2036 CMedian 0
ai22_2 5 2036 CMean 0
ai22_2 5 2036 CStdn 0
ai22_2 5 2022 SSBF100 182.55
ai22_2 5 2022 SSBFabc 73.0198
ai22_2 5 2022 SSBFofl 63.8923
ai22_2 5 2022 SSBLCI 78.2401
ai22_2 5 2022 SSBUCI 78.2401
ai22_2 5 2022 SSBMedian 78.2401
ai22_2 5 2022 SSBMean 78.2401
ai22_2 5 2023 SSBF100 182.55
ai22_2 5 2023 SSBFabc 73.0198
ai22_2 5 2023 SSBFofl 63.8923
ai22_2 5 2023 SSBLCI 77.5921
ai22_2 5 2023 SSBUCI 77.5921
ai22_2 5 2023 SSBMedian 77.5921
ai22_2 5 2023 SSBMean 77.5921
ai22_2 5 2024 SSBF100 182.55
ai22_2 5 2024 SSBFabc 73.0198
ai22_2 5 2024 SSBFofl 63.8923
ai22_2 5 2024 SSBLCI 82.6306
ai22_2 5 2024 SSBUCI 82.682
ai22_2 5 2024 SSBMedian 82.6361
ai22_2 5 2024 SSBMean 82.6435
ai22_2 5 2025 SSBF100 182.55
ai22_2 5 2025 SSBFabc 73.0198
ai22_2 5 2025 SSBFofl 63.8923
ai22_2 5 2025 SSBLCI 89.6811
ai22_2 5 2025 SSBUCI 91.7719
ai22_2 5 2025 SSBMedian 89.9129
ai22_2 5 2025 SSBMean 90.2131
ai22_2 5 2026 SSBF100 182.55
ai22_2 5 2026 SSBFabc 73.0198
ai22_2 5 2026 SSBFofl 63.8923
ai22_2 5 2026 SSBLCI 92.5259
ai22_2 5 2026 SSBUCI 122.321
ai22_2 5 2026 SSBMedian 96.0402
ai22_2 5 2026 SSBMean 100.223
ai22_2 5 2027 SSBF100 182.55
ai22_2 5 2027 SSBFabc 73.0198
ai22_2 5 2027 SSBFofl 63.8923
ai22_2 5 2027 SSBLCI 90.7188
ai22_2 5 2027 SSBUCI 161.877
ai22_2 5 2027 SSBMedian 102.993
ai22_2 5 2027 SSBMean 111.727
ai22_2 5 2028 SSBF100 182.55
ai22_2 5 2028 SSBFabc 73.0198
ai22_2 5 2028 SSBFofl 63.8923
ai22_2 5 2028 SSBLCI 87.5051
ai22_2 5 2028 SSBUCI 205.814
ai22_2 5 2028 SSBMedian 111.806
ai22_2 5 2028 SSBMean 123.804
ai22_2 5 2029 SSBF100 182.55
ai22_2 5 2029 SSBFabc 73.0198
ai22_2 5 2029 SSBFofl 63.8923
ai22_2 5 2029 SSBLCI 84.967
ai22_2 5 2029 SSBUCI 229.749
ai22_2 5 2029 SSBMedian 122.091
ai22_2 5 2029 SSBMean 135.095
ai22_2 5 2030 SSBF100 182.55
ai22_2 5 2030 SSBFabc 73.0198
ai22_2 5 2030 SSBFofl 63.8923
ai22_2 5 2030 SSBLCI 83.6764
ai22_2 5 2030 SSBUCI 249.994
ai22_2 5 2030 SSBMedian 131.036
ai22_2 5 2030 SSBMean 145.021
ai22_2 5 2031 SSBF100 182.55
ai22_2 5 2031 SSBFabc 73.0198
ai22_2 5 2031 SSBFofl 63.8923
ai22_2 5 2031 SSBLCI 82.8761
ai22_2 5 2031 SSBUCI 271.027
ai22_2 5 2031 SSBMedian 139.482
ai22_2 5 2031 SSBMean 153.049
ai22_2 5 2032 SSBF100 182.55
ai22_2 5 2032 SSBFabc 73.0198
ai22_2 5 2032 SSBFofl 63.8923
ai22_2 5 2032 SSBLCI 84.7514
ai22_2 5 2032 SSBUCI 277.352
ai22_2 5 2032 SSBMedian 144.262
ai22_2 5 2032 SSBMean 159.087
ai22_2 5 2033 SSBF100 182.55
ai22_2 5 2033 SSBFabc 73.0198
ai22_2 5 2033 SSBFofl 63.8923
ai22_2 5 2033 SSBLCI 84.2644
ai22_2 5 2033 SSBUCI 282.668
ai22_2 5 2033 SSBMedian 149.501
ai22_2 5 2033 SSBMean 163.354
ai22_2 5 2034 SSBF100 182.55
ai22_2 5 2034 SSBFabc 73.0198
ai22_2 5 2034 SSBFofl 63.8923
ai22_2 5 2034 SSBLCI 83.8783
ai22_2 5 2034 SSBUCI 293.163
ai22_2 5 2034 SSBMedian 153.101
ai22_2 5 2034 SSBMean 166.46
ai22_2 5 2035 SSBF100 182.55
ai22_2 5 2035 SSBFabc 73.0198
ai22_2 5 2035 SSBFofl 63.8923
ai22_2 5 2035 SSBLCI 83.3102
ai22_2 5 2035 SSBUCI 292.681
ai22_2 5 2035 SSBMedian 155.761
ai22_2 5 2035 SSBMean 167.981
ai22_2 5 2036 SSBF100 182.55
ai22_2 5 2036 SSBFabc 73.0198
ai22_2 5 2036 SSBFofl 63.8923
ai22_2 5 2036 SSBLCI 84.2615
ai22_2 5 2036 SSBUCI 290.577
ai22_2 5 2036 SSBMedian 155.636
ai22_2 5 2036 SSBMean 168.777
ai22_2 5 2022 F0 0 
ai22_2 5 2022 Fabc 0.411432
ai22_2 5 2022 Fofl 0.526075
ai22_2 5 2022  F_LCI 0.019542
ai22_2 5 2022  F_UCI 0.019542
ai22_2 5 2022  F_Median 0.019542
ai22_2 5 2022  F_Mean 0.019542
ai22_2 5 2023 F0 0 
ai22_2 5 2023 Fabc 0.411432
ai22_2 5 2023 Fofl 0.526075
ai22_2 5 2023  F_LCI 0
ai22_2 5 2023  F_UCI 0
ai22_2 5 2023  F_Median 0
ai22_2 5 2023  F_Mean 0
ai22_2 5 2024 F0 0 
ai22_2 5 2024 Fabc 0.411432
ai22_2 5 2024 Fofl 0.526075
ai22_2 5 2024  F_LCI 0
ai22_2 5 2024  F_UCI 0
ai22_2 5 2024  F_Median 0
ai22_2 5 2024  F_Mean 0
ai22_2 5 2025 F0 0 
ai22_2 5 2025 Fabc 0.411432
ai22_2 5 2025 Fofl 0.526075
ai22_2 5 2025  F_LCI 0
ai22_2 5 2025  F_UCI 0
ai22_2 5 2025  F_Median 0
ai22_2 5 2025  F_Mean 0
ai22_2 5 2026 F0 0 
ai22_2 5 2026 Fabc 0.411432
ai22_2 5 2026 Fofl 0.526075
ai22_2 5 2026  F_LCI 0
ai22_2 5 2026  F_UCI 0
ai22_2 5 2026  F_Median 0
ai22_2 5 2026  F_Mean 0
ai22_2 5 2027 F0 0 
ai22_2 5 2027 Fabc 0.411432
ai22_2 5 2027 Fofl 0.526075
ai22_2 5 2027  F_LCI 0
ai22_2 5 2027  F_UCI 0
ai22_2 5 2027  F_Median 0
ai22_2 5 2027  F_Mean 0
ai22_2 5 2028 F0 0 
ai22_2 5 2028 Fabc 0.411432
ai22_2 5 2028 Fofl 0.526075
ai22_2 5 2028  F_LCI 0
ai22_2 5 2028  F_UCI 0
ai22_2 5 2028  F_Median 0
ai22_2 5 2028  F_Mean 0
ai22_2 5 2029 F0 0 
ai22_2 5 2029 Fabc 0.411432
ai22_2 5 2029 Fofl 0.526075
ai22_2 5 2029  F_LCI 0
ai22_2 5 2029  F_UCI 0
ai22_2 5 2029  F_Median 0
ai22_2 5 2029  F_Mean 0
ai22_2 5 2030 F0 0 
ai22_2 5 2030 Fabc 0.411432
ai22_2 5 2030 Fofl 0.526075
ai22_2 5 2030  F_LCI 0
ai22_2 5 2030  F_UCI 0
ai22_2 5 2030  F_Median 0
ai22_2 5 2030  F_Mean 0
ai22_2 5 2031 F0 0 
ai22_2 5 2031 Fabc 0.411432
ai22_2 5 2031 Fofl 0.526075
ai22_2 5 2031  F_LCI 0
ai22_2 5 2031  F_UCI 0
ai22_2 5 2031  F_Median 0
ai22_2 5 2031  F_Mean 0
ai22_2 5 2032 F0 0 
ai22_2 5 2032 Fabc 0.411432
ai22_2 5 2032 Fofl 0.526075
ai22_2 5 2032  F_LCI 0
ai22_2 5 2032  F_UCI 0
ai22_2 5 2032  F_Median 0
ai22_2 5 2032  F_Mean 0
ai22_2 5 2033 F0 0 
ai22_2 5 2033 Fabc 0.411432
ai22_2 5 2033 Fofl 0.526075
ai22_2 5 2033  F_LCI 0
ai22_2 5 2033  F_UCI 0
ai22_2 5 2033  F_Median 0
ai22_2 5 2033  F_Mean 0
ai22_2 5 2034 F0 0 
ai22_2 5 2034 Fabc 0.411432
ai22_2 5 2034 Fofl 0.526075
ai22_2 5 2034  F_LCI 0
ai22_2 5 2034  F_UCI 0
ai22_2 5 2034  F_Median 0
ai22_2 5 2034  F_Mean 0
ai22_2 5 2035 F0 0 
ai22_2 5 2035 Fabc 0.411432
ai22_2 5 2035 Fofl 0.526075
ai22_2 5 2035  F_LCI 0
ai22_2 5 2035  F_UCI 0
ai22_2 5 2035  F_Median 0
ai22_2 5 2035  F_Mean 0
ai22_2 5 2036 F0 0 
ai22_2 5 2036 Fabc 0.411432
ai22_2 5 2036 Fofl 0.526075
ai22_2 5 2036  F_LCI 0
ai22_2 5 2036  F_UCI 0
ai22_2 5 2036  F_Median 0
ai22_2 5 2036  F_Mean 0
ai22_2 6 2022 Cabc 45.8016
ai22_2 6 2022 Cofl 48.8559
ai22_2 6 2022 CLCI 3
ai22_2 6 2022 CUCI 3
ai22_2 6 2022 CMedian 3
ai22_2 6 2022 CMean 3
ai22_2 6 2022 CStdn 5.01821e-014
ai22_2 6 2023 Cabc 45.8016
ai22_2 6 2023 Cofl 48.8559
ai22_2 6 2023 CLCI 62.9878
ai22_2 6 2023 CUCI 63.5343
ai22_2 6 2023 CMedian 63.0467
ai22_2 6 2023 CMean 63.1253
ai22_2 6 2023 CStdn 0.224719
ai22_2 6 2024 Cabc 45.8016
ai22_2 6 2024 Cofl 48.8559
ai22_2 6 2024 CLCI 35.2806
ai22_2 6 2024 CUCI 36.5082
ai22_2 6 2024 CMedian 35.4756
ai22_2 6 2024 CMean 35.6415
ai22_2 6 2024 CStdn 0.489953
ai22_2 6 2025 Cabc 45.8016
ai22_2 6 2025 Cofl 48.8559
ai22_2 6 2025 CLCI 30.5709
ai22_2 6 2025 CUCI 34.9381
ai22_2 6 2025 CMedian 31.2726
ai22_2 6 2025 CMean 31.8441
ai22_2 6 2025 CStdn 1.83057
ai22_2 6 2026 Cabc 45.8016
ai22_2 6 2026 Cofl 48.8559
ai22_2 6 2026 CLCI 28.6748
ai22_2 6 2026 CUCI 51.9701
ai22_2 6 2026 CMedian 31.9736
ai22_2 6 2026 CMean 34.912
ai22_2 6 2026 CStdn 7.8005
ai22_2 6 2027 Cabc 45.8016
ai22_2 6 2027 Cofl 48.8559
ai22_2 6 2027 CLCI 24.6418
ai22_2 6 2027 CUCI 66.226
ai22_2 6 2027 CMedian 33.73
ai22_2 6 2027 CMean 38.7924
ai22_2 6 2027 CStdn 15.1188
ai22_2 6 2028 Cabc 45.8016
ai22_2 6 2028 Cofl 48.8559
ai22_2 6 2028 CLCI 20.1488
ai22_2 6 2028 CUCI 85.7436
ai22_2 6 2028 CMedian 36.5176
ai22_2 6 2028 CMean 42.8045
ai22_2 6 2028 CStdn 22.7949
ai22_2 6 2029 Cabc 45.8016
ai22_2 6 2029 Cofl 48.8559
ai22_2 6 2029 CLCI 16.5861
ai22_2 6 2029 CUCI 97.516
ai22_2 6 2029 CMedian 39.1033
ai22_2 6 2029 CMean 45.9983
ai22_2 6 2029 CStdn 27.157
ai22_2 6 2030 Cabc 45.8016
ai22_2 6 2030 Cofl 48.8559
ai22_2 6 2030 CLCI 14.8046
ai22_2 6 2030 CUCI 100.117
ai22_2 6 2030 CMedian 40.7169
ai22_2 6 2030 CMean 47.7268
ai22_2 6 2030 CStdn 29.0982
ai22_2 6 2031 Cabc 45.8016
ai22_2 6 2031 Cofl 48.8559
ai22_2 6 2031 CLCI 14.9949
ai22_2 6 2031 CUCI 101.906
ai22_2 6 2031 CMedian 41.1468
ai22_2 6 2031 CMean 48.3923
ai22_2 6 2031 CStdn 30.0702
ai22_2 6 2032 Cabc 45.8016
ai22_2 6 2032 Cofl 48.8559
ai22_2 6 2032 CLCI 14.2041
ai22_2 6 2032 CUCI 104.427
ai22_2 6 2032 CMedian 41.0847
ai22_2 6 2032 CMean 48.4915
ai22_2 6 2032 CStdn 30.235
ai22_2 6 2033 Cabc 45.8016
ai22_2 6 2033 Cofl 48.8559
ai22_2 6 2033 CLCI 13.9513
ai22_2 6 2033 CUCI 103.283
ai22_2 6 2033 CMedian 41.0053
ai22_2 6 2033 CMean 48.0907
ai22_2 6 2033 CStdn 29.7694
ai22_2 6 2034 Cabc 45.8016
ai22_2 6 2034 Cofl 48.8559
ai22_2 6 2034 CLCI 13.6837
ai22_2 6 2034 CUCI 100.683
ai22_2 6 2034 CMedian 40.5126
ai22_2 6 2034 CMean 47.5639
ai22_2 6 2034 CStdn 28.7631
ai22_2 6 2035 Cabc 45.8016
ai22_2 6 2035 Cofl 48.8559
ai22_2 6 2035 CLCI 14.242
ai22_2 6 2035 CUCI 99.8521
ai22_2 6 2035 CMedian 39.9846
ai22_2 6 2035 CMean 46.7161
ai22_2 6 2035 CStdn 28.419
ai22_2 6 2036 Cabc 45.8016
ai22_2 6 2036 Cofl 48.8559
ai22_2 6 2036 CLCI 13.9697
ai22_2 6 2036 CUCI 100.304
ai22_2 6 2036 CMedian 38.3204
ai22_2 6 2036 CMean 46.0078
ai22_2 6 2036 CStdn 28.3706
ai22_2 6 2022 SSBF100 182.55
ai22_2 6 2022 SSBFabc 73.0198
ai22_2 6 2022 SSBFofl 63.8923
ai22_2 6 2022 SSBLCI 78.2401
ai22_2 6 2022 SSBUCI 78.2401
ai22_2 6 2022 SSBMedian 78.2401
ai22_2 6 2022 SSBMean 78.2401
ai22_2 6 2023 SSBF100 182.55
ai22_2 6 2023 SSBFabc 73.0198
ai22_2 6 2023 SSBFofl 63.8923
ai22_2 6 2023 SSBLCI 72.3191
ai22_2 6 2023 SSBUCI 72.3191
ai22_2 6 2023 SSBMedian 72.3191
ai22_2 6 2023 SSBMean 72.3191
ai22_2 6 2024 SSBF100 182.55
ai22_2 6 2024 SSBFabc 73.0198
ai22_2 6 2024 SSBFofl 63.8923
ai22_2 6 2024 SSBLCI 56.7173
ai22_2 6 2024 SSBUCI 56.766
ai22_2 6 2024 SSBMedian 56.7225
ai22_2 6 2024 SSBMean 56.7295
ai22_2 6 2025 SSBF100 182.55
ai22_2 6 2025 SSBFabc 73.0198
ai22_2 6 2025 SSBFofl 63.8923
ai22_2 6 2025 SSBLCI 54.6122
ai22_2 6 2025 SSBUCI 56.5761
ai22_2 6 2025 SSBMedian 54.8298
ai22_2 6 2025 SSBMean 55.1117
ai22_2 6 2026 SSBF100 182.55
ai22_2 6 2026 SSBFabc 73.0198
ai22_2 6 2026 SSBFofl 63.8923
ai22_2 6 2026 SSBLCI 51.2933
ai22_2 6 2026 SSBUCI 78.452
ai22_2 6 2026 SSBMedian 54.5249
ai22_2 6 2026 SSBMean 58.3248
ai22_2 6 2027 SSBF100 182.55
ai22_2 6 2027 SSBFabc 73.0198
ai22_2 6 2027 SSBFofl 63.8923
ai22_2 6 2027 SSBLCI 45.1772
ai22_2 6 2027 SSBUCI 105.098
ai22_2 6 2027 SSBMedian 55.3869
ai22_2 6 2027 SSBMean 62.5885
ai22_2 6 2028 SSBF100 182.55
ai22_2 6 2028 SSBFabc 73.0198
ai22_2 6 2028 SSBFofl 63.8923
ai22_2 6 2028 SSBLCI 39.8122
ai22_2 6 2028 SSBUCI 125.374
ai22_2 6 2028 SSBMedian 57.5863
ai22_2 6 2028 SSBMean 66.6359
ai22_2 6 2029 SSBF100 182.55
ai22_2 6 2029 SSBFabc 73.0198
ai22_2 6 2029 SSBFofl 63.8923
ai22_2 6 2029 SSBLCI 36.6502
ai22_2 6 2029 SSBUCI 133.655
ai22_2 6 2029 SSBMedian 60.3847
ai22_2 6 2029 SSBMean 69.52
ai22_2 6 2030 SSBF100 182.55
ai22_2 6 2030 SSBFabc 73.0198
ai22_2 6 2030 SSBFofl 63.8923
ai22_2 6 2030 SSBLCI 35.4305
ai22_2 6 2030 SSBUCI 136.747
ai22_2 6 2030 SSBMedian 60.4393
ai22_2 6 2030 SSBMean 71.0606
ai22_2 6 2031 SSBF100 182.55
ai22_2 6 2031 SSBFabc 73.0198
ai22_2 6 2031 SSBFofl 63.8923
ai22_2 6 2031 SSBLCI 35.7223
ai22_2 6 2031 SSBUCI 137.954
ai22_2 6 2031 SSBMedian 61.7063
ai22_2 6 2031 SSBMean 71.4511
ai22_2 6 2032 SSBF100 182.55
ai22_2 6 2032 SSBFabc 73.0198
ai22_2 6 2032 SSBFofl 63.8923
ai22_2 6 2032 SSBLCI 35.2141
ai22_2 6 2032 SSBUCI 138.124
ai22_2 6 2032 SSBMedian 61.9803
ai22_2 6 2032 SSBMean 71.2701
ai22_2 6 2033 SSBF100 182.55
ai22_2 6 2033 SSBFabc 73.0198
ai22_2 6 2033 SSBFofl 63.8923
ai22_2 6 2033 SSBLCI 34.9025
ai22_2 6 2033 SSBUCI 136.382
ai22_2 6 2033 SSBMedian 61.616
ai22_2 6 2033 SSBMean 70.7221
ai22_2 6 2034 SSBF100 182.55
ai22_2 6 2034 SSBFabc 73.0198
ai22_2 6 2034 SSBFofl 63.8923
ai22_2 6 2034 SSBLCI 34.5807
ai22_2 6 2034 SSBUCI 135.136
ai22_2 6 2034 SSBMedian 61.6287
ai22_2 6 2034 SSBMean 70.2009
ai22_2 6 2035 SSBF100 182.55
ai22_2 6 2035 SSBFabc 73.0198
ai22_2 6 2035 SSBFofl 63.8923
ai22_2 6 2035 SSBLCI 34.922
ai22_2 6 2035 SSBUCI 134.777
ai22_2 6 2035 SSBMedian 60.4501
ai22_2 6 2035 SSBMean 69.1422
ai22_2 6 2036 SSBF100 182.55
ai22_2 6 2036 SSBFabc 73.0198
ai22_2 6 2036 SSBFofl 63.8923
ai22_2 6 2036 SSBLCI 35.0763
ai22_2 6 2036 SSBUCI 131.139
ai22_2 6 2036 SSBMedian 59.7494
ai22_2 6 2036 SSBMean 68.1956
ai22_2 6 2022 F0 0 
ai22_2 6 2022 Fabc 0.411432
ai22_2 6 2022 Fofl 0.526075
ai22_2 6 2022  F_LCI 0.019542
ai22_2 6 2022  F_UCI 0.019542
ai22_2 6 2022  F_Median 0.019542
ai22_2 6 2022  F_Mean 0.019542
ai22_2 6 2023 F0 0 
ai22_2 6 2023 Fabc 0.411432
ai22_2 6 2023 Fofl 0.526075
ai22_2 6 2023  F_LCI 0.520761
ai22_2 6 2023  F_UCI 0.520761
ai22_2 6 2023  F_Median 0.520761
ai22_2 6 2023  F_Mean 0.520761
ai22_2 6 2024 F0 0 
ai22_2 6 2024 Fabc 0.411432
ai22_2 6 2024 Fofl 0.526075
ai22_2 6 2024  F_LCI 0.402441
ai22_2 6 2024  F_UCI 0.40281
ai22_2 6 2024  F_Median 0.40248
ai22_2 6 2024  F_Mean 0.402533
ai22_2 6 2025 F0 0 
ai22_2 6 2025 Fabc 0.411432
ai22_2 6 2025 Fofl 0.526075
ai22_2 6 2025  F_LCI 0.386476
ai22_2 6 2025  F_UCI 0.40137
ai22_2 6 2025  F_Median 0.388126
ai22_2 6 2025  F_Mean 0.390265
ai22_2 6 2026 F0 0 
ai22_2 6 2026 Fabc 0.411432
ai22_2 6 2026 Fofl 0.526075
ai22_2 6 2026  F_LCI 0.361307
ai22_2 6 2026  F_UCI 0.526075
ai22_2 6 2026  F_Median 0.385814
ai22_2 6 2026  F_Mean 0.405388
ai22_2 6 2027 F0 0 
ai22_2 6 2027 Fabc 0.411432
ai22_2 6 2027 Fofl 0.526075
ai22_2 6 2027  F_LCI 0.314924
ai22_2 6 2027  F_UCI 0.526075
ai22_2 6 2027  F_Median 0.392352
ai22_2 6 2027  F_Mean 0.410467
ai22_2 6 2028 F0 0 
ai22_2 6 2028 Fabc 0.411432
ai22_2 6 2028 Fofl 0.526075
ai22_2 6 2028  F_LCI 0.274237
ai22_2 6 2028  F_UCI 0.526075
ai22_2 6 2028  F_Median 0.409031
ai22_2 6 2028  F_Mean 0.414001
ai22_2 6 2029 F0 0 
ai22_2 6 2029 Fabc 0.411432
ai22_2 6 2029 Fofl 0.526075
ai22_2 6 2029  F_LCI 0.250257
ai22_2 6 2029  F_UCI 0.526075
ai22_2 6 2029  F_Median 0.430254
ai22_2 6 2029  F_Mean 0.420125
ai22_2 6 2030 F0 0 
ai22_2 6 2030 Fabc 0.411432
ai22_2 6 2030 Fofl 0.526075
ai22_2 6 2030  F_LCI 0.241007
ai22_2 6 2030  F_UCI 0.526075
ai22_2 6 2030  F_Median 0.430668
ai22_2 6 2030  F_Mean 0.421808
ai22_2 6 2031 F0 0 
ai22_2 6 2031 Fabc 0.411432
ai22_2 6 2031 Fofl 0.526075
ai22_2 6 2031  F_LCI 0.24322
ai22_2 6 2031  F_UCI 0.526075
ai22_2 6 2031  F_Median 0.440276
ai22_2 6 2031  F_Mean 0.421331
ai22_2 6 2032 F0 0 
ai22_2 6 2032 Fabc 0.411432
ai22_2 6 2032 Fofl 0.526075
ai22_2 6 2032  F_LCI 0.239367
ai22_2 6 2032  F_UCI 0.526075
ai22_2 6 2032  F_Median 0.442354
ai22_2 6 2032  F_Mean 0.421812
ai22_2 6 2033 F0 0 
ai22_2 6 2033 Fabc 0.411432
ai22_2 6 2033 Fofl 0.526075
ai22_2 6 2033  F_LCI 0.237003
ai22_2 6 2033  F_UCI 0.526075
ai22_2 6 2033  F_Median 0.439591
ai22_2 6 2033  F_Mean 0.420687
ai22_2 6 2034 F0 0 
ai22_2 6 2034 Fabc 0.411432
ai22_2 6 2034 Fofl 0.526075
ai22_2 6 2034  F_LCI 0.234563
ai22_2 6 2034  F_UCI 0.526075
ai22_2 6 2034  F_Median 0.439688
ai22_2 6 2034  F_Mean 0.419927
ai22_2 6 2035 F0 0 
ai22_2 6 2035 Fabc 0.411432
ai22_2 6 2035 Fofl 0.526075
ai22_2 6 2035  F_LCI 0.237151
ai22_2 6 2035  F_UCI 0.526075
ai22_2 6 2035  F_Median 0.430749
ai22_2 6 2035  F_Mean 0.416142
ai22_2 6 2036 F0 0 
ai22_2 6 2036 Fabc 0.411432
ai22_2 6 2036 Fofl 0.526075
ai22_2 6 2036  F_LCI 0.238322
ai22_2 6 2036  F_UCI 0.526075
ai22_2 6 2036  F_Median 0.425435
ai22_2 6 2036  F_Mean 0.414288
ai22_2 7 2022 Cabc 45.8016
ai22_2 7 2022 Cofl 48.8559
ai22_2 7 2022 CLCI 3
ai22_2 7 2022 CUCI 3
ai22_2 7 2022 CMedian 3
ai22_2 7 2022 CMean 3
ai22_2 7 2022 CStdn 5.01821e-014
ai22_2 7 2023 Cabc 45.8016
ai22_2 7 2023 Cofl 48.8559
ai22_2 7 2023 CLCI 51.8837
ai22_2 7 2023 CUCI 52.3156
ai22_2 7 2023 CMedian 51.9302
ai22_2 7 2023 CMean 51.9923
ai22_2 7 2023 CStdn 0.177621
ai22_2 7 2024 Cabc 45.8016
ai22_2 7 2024 Cofl 48.8559
ai22_2 7 2024 CLCI 32.8357
ai22_2 7 2024 CUCI 33.8753
ai22_2 7 2024 CMedian 33.0008
ai22_2 7 2024 CMean 33.1411
ai22_2 7 2024 CStdn 0.414831
ai22_2 7 2025 Cabc 45.8016
ai22_2 7 2025 Cofl 48.8559
ai22_2 7 2025 CLCI 35.6252
ai22_2 7 2025 CUCI 40.3138
ai22_2 7 2025 CMedian 36.3796
ai22_2 7 2025 CMean 36.9927
ai22_2 7 2025 CStdn 1.95939
ai22_2 7 2026 Cabc 45.8016
ai22_2 7 2026 Cofl 48.8559
ai22_2 7 2026 CLCI 30.8623
ai22_2 7 2026 CUCI 53.6185
ai22_2 7 2026 CMedian 34.2651
ai22_2 7 2026 CMean 37.1791
ai22_2 7 2026 CStdn 7.73144
ai22_2 7 2027 Cabc 45.8016
ai22_2 7 2027 Cofl 48.8559
ai22_2 7 2027 CLCI 25.5117
ai22_2 7 2027 CUCI 66.8637
ai22_2 7 2027 CMedian 34.6654
ai22_2 7 2027 CMean 39.689
ai22_2 7 2027 CStdn 15.0856
ai22_2 7 2028 Cabc 45.8016
ai22_2 7 2028 Cofl 48.8559
ai22_2 7 2028 CLCI 20.4543
ai22_2 7 2028 CUCI 86.1987
ai22_2 7 2028 CMedian 36.8463
ai22_2 7 2028 CMean 43.1147
ai22_2 7 2028 CStdn 22.8037
ai22_2 7 2029 Cabc 45.8016
ai22_2 7 2029 Cofl 48.8559
ai22_2 7 2029 CLCI 16.6903
ai22_2 7 2029 CUCI 97.5881
ai22_2 7 2029 CMedian 39.1962
ai22_2 7 2029 CMean 46.0875
ai22_2 7 2029 CStdn 27.1677
ai22_2 7 2030 Cabc 45.8016
ai22_2 7 2030 Cofl 48.8559
ai22_2 7 2030 CLCI 14.8363
ai22_2 7 2030 CUCI 100.113
ai22_2 7 2030 CMedian 40.7287
ai22_2 7 2030 CMean 47.7428
ai22_2 7 2030 CStdn 29.097
ai22_2 7 2031 Cabc 45.8016
ai22_2 7 2031 Cofl 48.8559
ai22_2 7 2031 CLCI 14.9956
ai22_2 7 2031 CUCI 101.855
ai22_2 7 2031 CMedian 41.1241
ai22_2 7 2031 CMean 48.388
ai22_2 7 2031 CStdn 30.0634
ai22_2 7 2032 Cabc 45.8016
ai22_2 7 2032 Cofl 48.8559
ai22_2 7 2032 CLCI 14.2051
ai22_2 7 2032 CUCI 104.41
ai22_2 7 2032 CMedian 41.0735
ai22_2 7 2032 CMean 48.4856
ai22_2 7 2032 CStdn 30.2298
ai22_2 7 2033 Cabc 45.8016
ai22_2 7 2033 Cofl 48.8559
ai22_2 7 2033 CLCI 13.9535
ai22_2 7 2033 CUCI 103.263
ai22_2 7 2033 CMedian 41.0028
ai22_2 7 2033 CMean 48.0882
ai22_2 7 2033 CStdn 29.7667
ai22_2 7 2034 Cabc 45.8016
ai22_2 7 2034 Cofl 48.8559
ai22_2 7 2034 CLCI 13.6838
ai22_2 7 2034 CUCI 100.68
ai22_2 7 2034 CMedian 40.5129
ai22_2 7 2034 CMean 47.5636
ai22_2 7 2034 CStdn 28.7618
ai22_2 7 2035 Cabc 45.8016
ai22_2 7 2035 Cofl 48.8559
ai22_2 7 2035 CLCI 14.2417
ai22_2 7 2035 CUCI 99.8511
ai22_2 7 2035 CMedian 39.9862
ai22_2 7 2035 CMean 46.7167
ai22_2 7 2035 CStdn 28.4184
ai22_2 7 2036 Cabc 45.8016
ai22_2 7 2036 Cofl 48.8559
ai22_2 7 2036 CLCI 13.9712
ai22_2 7 2036 CUCI 100.305
ai22_2 7 2036 CMedian 38.3221
ai22_2 7 2036 CMean 46.0084
ai22_2 7 2036 CStdn 28.3703
ai22_2 7 2022 SSBF100 182.55
ai22_2 7 2022 SSBFabc 73.0198
ai22_2 7 2022 SSBFofl 63.8923
ai22_2 7 2022 SSBLCI 78.2401
ai22_2 7 2022 SSBUCI 78.2401
ai22_2 7 2022 SSBMedian 78.2401
ai22_2 7 2022 SSBMean 78.2401
ai22_2 7 2023 SSBF100 182.55
ai22_2 7 2023 SSBFabc 73.0198
ai22_2 7 2023 SSBFofl 63.8923
ai22_2 7 2023 SSBLCI 73.3914
ai22_2 7 2023 SSBUCI 73.3914
ai22_2 7 2023 SSBMedian 73.3914
ai22_2 7 2023 SSBMean 73.3914
ai22_2 7 2024 SSBF100 182.55
ai22_2 7 2024 SSBFabc 73.0198
ai22_2 7 2024 SSBFofl 63.8923
ai22_2 7 2024 SSBLCI 60.9645
ai22_2 7 2024 SSBUCI 61.0136
ai22_2 7 2024 SSBMedian 60.9698
ai22_2 7 2024 SSBMean 60.9769
ai22_2 7 2025 SSBF100 182.55
ai22_2 7 2025 SSBFabc 73.0198
ai22_2 7 2025 SSBFofl 63.8923
ai22_2 7 2025 SSBLCI 58.5446
ai22_2 7 2025 SSBUCI 60.5052
ai22_2 7 2025 SSBMedian 58.7618
ai22_2 7 2025 SSBMean 59.0433
ai22_2 7 2026 SSBF100 182.55
ai22_2 7 2026 SSBFabc 73.0198
ai22_2 7 2026 SSBFofl 63.8923
ai22_2 7 2026 SSBLCI 53.0317
ai22_2 7 2026 SSBUCI 80.2144
ai22_2 7 2026 SSBMedian 56.2553
ai22_2 7 2026 SSBMean 60.0546
ai22_2 7 2027 SSBF100 182.55
ai22_2 7 2027 SSBFabc 73.0198
ai22_2 7 2027 SSBFofl 63.8923
ai22_2 7 2027 SSBLCI 45.9094
ai22_2 7 2027 SSBUCI 105.67
ai22_2 7 2027 SSBMedian 56.071
ai22_2 7 2027 SSBMean 63.2971
ai22_2 7 2028 SSBF100 182.55
ai22_2 7 2028 SSBFabc 73.0198
ai22_2 7 2028 SSBFofl 63.8923
ai22_2 7 2028 SSBLCI 40.1056
ai22_2 7 2028 SSBUCI 125.858
ai22_2 7 2028 SSBMedian 57.8064
ai22_2 7 2028 SSBMean 66.8965
ai22_2 7 2029 SSBF100 182.55
ai22_2 7 2029 SSBFabc 73.0198
ai22_2 7 2029 SSBFofl 63.8923
ai22_2 7 2029 SSBLCI 36.7798
ai22_2 7 2029 SSBUCI 133.889
ai22_2 7 2029 SSBMedian 60.4388
ai22_2 7 2029 SSBMean 69.5969
ai22_2 7 2030 SSBF100 182.55
ai22_2 7 2030 SSBFabc 73.0198
ai22_2 7 2030 SSBFofl 63.8923
ai22_2 7 2030 SSBLCI 35.4813
ai22_2 7 2030 SSBUCI 136.869
ai22_2 7 2030 SSBMedian 60.4296
ai22_2 7 2030 SSBMean 71.0736
ai22_2 7 2031 SSBF100 182.55
ai22_2 7 2031 SSBFabc 73.0198
ai22_2 7 2031 SSBFofl 63.8923
ai22_2 7 2031 SSBLCI 35.7128
ai22_2 7 2031 SSBUCI 137.92
ai22_2 7 2031 SSBMedian 61.6948
ai22_2 7 2031 SSBMean 71.4478
ai22_2 7 2032 SSBF100 182.55
ai22_2 7 2032 SSBFabc 73.0198
ai22_2 7 2032 SSBFofl 63.8923
ai22_2 7 2032 SSBLCI 35.214
ai22_2 7 2032 SSBUCI 138.121
ai22_2 7 2032 SSBMedian 61.9745
ai22_2 7 2032 SSBMean 71.2656
ai22_2 7 2033 SSBF100 182.55
ai22_2 7 2033 SSBFabc 73.0198
ai22_2 7 2033 SSBFofl 63.8923
ai22_2 7 2033 SSBLCI 34.9072
ai22_2 7 2033 SSBUCI 136.377
ai22_2 7 2033 SSBMedian 61.6191
ai22_2 7 2033 SSBMean 70.72
ai22_2 7 2034 SSBF100 182.55
ai22_2 7 2034 SSBFabc 73.0198
ai22_2 7 2034 SSBFofl 63.8923
ai22_2 7 2034 SSBLCI 34.5867
ai22_2 7 2034 SSBUCI 135.132
ai22_2 7 2034 SSBMedian 61.6302
ai22_2 7 2034 SSBMean 70.2007
ai22_2 7 2035 SSBF100 182.55
ai22_2 7 2035 SSBFabc 73.0198
ai22_2 7 2035 SSBFofl 63.8923
ai22_2 7 2035 SSBLCI 34.9221
ai22_2 7 2035 SSBUCI 134.777
ai22_2 7 2035 SSBMedian 60.4505
ai22_2 7 2035 SSBMean 69.1427
ai22_2 7 2036 SSBF100 182.55
ai22_2 7 2036 SSBFabc 73.0198
ai22_2 7 2036 SSBFofl 63.8923
ai22_2 7 2036 SSBLCI 35.0784
ai22_2 7 2036 SSBUCI 131.138
ai22_2 7 2036 SSBMedian 59.7497
ai22_2 7 2036 SSBMean 68.1961
ai22_2 7 2022 F0 0 
ai22_2 7 2022 Fabc 0.411432
ai22_2 7 2022 Fofl 0.526075
ai22_2 7 2022  F_LCI 0.019542
ai22_2 7 2022  F_UCI 0.019542
ai22_2 7 2022  F_Median 0.019542
ai22_2 7 2022  F_Mean 0.019542
ai22_2 7 2023 F0 0 
ai22_2 7 2023 Fabc 0.411432
ai22_2 7 2023 Fofl 0.526075
ai22_2 7 2023  F_LCI 0.411432
ai22_2 7 2023  F_UCI 0.411432
ai22_2 7 2023  F_Median 0.411432
ai22_2 7 2023  F_Mean 0.411432
ai22_2 7 2024 F0 0 
ai22_2 7 2024 Fabc 0.411432
ai22_2 7 2024 Fofl 0.526075
ai22_2 7 2024  F_LCI 0.339931
ai22_2 7 2024  F_UCI 0.340222
ai22_2 7 2024  F_Median 0.339962
ai22_2 7 2024  F_Mean 0.340004
ai22_2 7 2025 F0 0 
ai22_2 7 2025 Fabc 0.411432
ai22_2 7 2025 Fofl 0.526075
ai22_2 7 2025  F_LCI 0.416298
ai22_2 7 2025  F_UCI 0.431167
ai22_2 7 2025  F_Median 0.417946
ai22_2 7 2025  F_Mean 0.420081
ai22_2 7 2026 F0 0 
ai22_2 7 2026 Fabc 0.411432
ai22_2 7 2026 Fofl 0.526075
ai22_2 7 2026  F_LCI 0.37449
ai22_2 7 2026  F_UCI 0.526075
ai22_2 7 2026  F_Median 0.398937
ai22_2 7 2026  F_Mean 0.417509
ai22_2 7 2027 F0 0 
ai22_2 7 2027 Fabc 0.411432
ai22_2 7 2027 Fofl 0.526075
ai22_2 7 2027  F_LCI 0.320476
ai22_2 7 2027  F_UCI 0.526075
ai22_2 7 2027  F_Median 0.39754
ai22_2 7 2027  F_Mean 0.414775
ai22_2 7 2028 F0 0 
ai22_2 7 2028 Fabc 0.411432
ai22_2 7 2028 Fofl 0.526075
ai22_2 7 2028  F_LCI 0.276462
ai22_2 7 2028  F_UCI 0.526075
ai22_2 7 2028  F_Median 0.4107
ai22_2 7 2028  F_Mean 0.415378
ai22_2 7 2029 F0 0 
ai22_2 7 2029 Fabc 0.411432
ai22_2 7 2029 Fofl 0.526075
ai22_2 7 2029  F_LCI 0.25124
ai22_2 7 2029  F_UCI 0.526075
ai22_2 7 2029  F_Median 0.430664
ai22_2 7 2029  F_Mean 0.420506
ai22_2 7 2030 F0 0 
ai22_2 7 2030 Fabc 0.411432
ai22_2 7 2030 Fofl 0.526075
ai22_2 7 2030  F_LCI 0.241393
ai22_2 7 2030  F_UCI 0.526075
ai22_2 7 2030  F_Median 0.430594
ai22_2 7 2030  F_Mean 0.421889
ai22_2 7 2031 F0 0 
ai22_2 7 2031 Fabc 0.411432
ai22_2 7 2031 Fofl 0.526075
ai22_2 7 2031  F_LCI 0.243148
ai22_2 7 2031  F_UCI 0.526075
ai22_2 7 2031  F_Median 0.440189
ai22_2 7 2031  F_Mean 0.421335
ai22_2 7 2032 F0 0 
ai22_2 7 2032 Fabc 0.411432
ai22_2 7 2032 Fofl 0.526075
ai22_2 7 2032  F_LCI 0.239365
ai22_2 7 2032  F_UCI 0.526075
ai22_2 7 2032  F_Median 0.44231
ai22_2 7 2032  F_Mean 0.421801
ai22_2 7 2033 F0 0 
ai22_2 7 2033 Fabc 0.411432
ai22_2 7 2033 Fofl 0.526075
ai22_2 7 2033  F_LCI 0.237039
ai22_2 7 2033  F_UCI 0.526075
ai22_2 7 2033  F_Median 0.439615
ai22_2 7 2033  F_Mean 0.420683
ai22_2 7 2034 F0 0 
ai22_2 7 2034 Fabc 0.411432
ai22_2 7 2034 Fofl 0.526075
ai22_2 7 2034  F_LCI 0.234608
ai22_2 7 2034  F_UCI 0.526075
ai22_2 7 2034  F_Median 0.439699
ai22_2 7 2034  F_Mean 0.419929
ai22_2 7 2035 F0 0 
ai22_2 7 2035 Fabc 0.411432
ai22_2 7 2035 Fofl 0.526075
ai22_2 7 2035  F_LCI 0.237152
ai22_2 7 2035  F_UCI 0.526075
ai22_2 7 2035  F_Median 0.430752
ai22_2 7 2035  F_Mean 0.416146
ai22_2 7 2036 F0 0 
ai22_2 7 2036 Fabc 0.411432
ai22_2 7 2036 Fofl 0.526075
ai22_2 7 2036  F_LCI 0.238337
ai22_2 7 2036  F_UCI 0.526075
ai22_2 7 2036  F_Median 0.425438
ai22_2 7 2036  F_Mean 0.414292
