Alternative 1 Catch
     ai22_2 
Equil_Fabc 45.8016 
Year 
2022 3 
2023 1.67 
2024 51.9918 
2025 39.6046 
2026 36.4965 
2027 37.1972 
2028 39.6844 
2029 42.3011 
2030 44.0317 
2031 45.0525 
2032 45.3544 
2033 45.222 
2034 44.7741 
2035 44.2361 
2036 43.5102 

Alternative 1 ABCs
     ai22_2 

Year 
2022 53.9125 
2023 51.9923 
2024 51.9918 
2025 39.6046 
2026 36.4965 
2027 37.1972 
2028 39.6844 
2029 42.3011 
2030 44.0317 
2031 45.0525 
2032 45.3544 
2033 45.222 
2034 44.7741 
2035 44.2361 
2036 43.5102 

Alternative 1 TACs
     ai22_2 

Year 
2022  NA 
2023  NA 
2024 51.9918 
2025 39.6046 
2026 36.4965 
2027 37.1972 
2028 39.6844 
2029 42.3011 
2030 44.0317 
2031 45.0525 
2032 45.3544 
2033 45.222 
2034 44.7741 
2035 44.2361 
2036 43.5102 

Alternative 1 Sp_Biomass
     ai22_2 
Equil_Fabc 73.0198 
Year 
2022 78.2401 
2023 77.4736 
2024 77.8813 
2025 67.6355 
2026 66.3923 
2027 68.9507 
2028 72.7344 
2029 75.9877 
2030 78.1133 
2031 79.0229 
2032 79.1493 
2033 78.7621 
2034 78.2719 
2035 77.1681 
2036 76.0892 

Alternative 1 Fishing Mortality
     ai22_2 
Equil_Fabc 0.411432 
Year 
2022 0.019542 
2023 0.0112548 
2024 0.411432 
2025 0.379461 
2026 0.359984 
2027 0.348825 
2028 0.344848 
2029 0.345729 
2030 0.344467 
2031 0.345339 
2032 0.345003 
2033 0.345418 
2034 0.344385 
2035 0.343956 
2036 0.341452 

Alternative 1 Biomass
     ai22_2 

Year 
2022 295.203 
2023 317.399 
2024 347.13 
2025 336.442 
2026 344.518 
2027 357.44 
2028 369.296 
2029 377.431 
2030 380.677 
2031 381.919 
2032 378.406 
2033 375.024 
2034 372.353 
2035 370.241 
2036 370.612 

Alternative 1 Implied SPR rate 
     ai22_2 
Equil_Fabc 0.4 
Year 
2022 0.917922 
2023 0.950547 
2024 0.4 
2025 0.417065 
2026 0.429016 
2027 0.437356 
2028 0.441857 
2029 0.444299 
2030 0.449107 
2031 0.448436 
2032 0.451196 
2033 0.449718 
2034 0.451046 
2035 0.448543 
2036 0.452252 

  ai22_2 
EquilAvgAgeF0  4.35474 
EquilAvgAgeFabc  3.06296 
AvgAgeYr2036 3.3512 
Alternative 2 Catch
     ai22_2 
Equil_Fabc 45.8016 
Year 
2022 3 
2023 1.67 
2024 51.9918 
2025 39.6046 
2026 36.4965 
2027 37.1972 
2028 39.6844 
2029 42.3011 
2030 44.0317 
2031 45.0525 
2032 45.3544 
2033 45.222 
2034 44.7741 
2035 44.2361 
2036 43.5102 

Alternative 2 ABCs
     ai22_2 

Year 
2022 0.0539125 
2023 0.0519342 
2024 0.0517238 
2025 0.0387594 
2026 0.0334933 
2027 0.0286488 
2028 0.0264491 
2029 0.0337274 
2030 0.0435678 
2031 0.0520728 
2032 0.0587929 
2033 0.0625927 
2034 0.0637495 
2035 0.0613361 
2036 0.0566883 

Alternative 2 TACs
     ai22_2 

Year 
2022  NA 
2023  NA 
2024 51.9918 
2025 39.6046 
2026 36.4965 
2027 37.1972 
2028 39.6844 
2029 42.3011 
2030 44.0317 
2031 45.0525 
2032 45.3544 
2033 45.222 
2034 44.7741 
2035 44.2361 
2036 43.5102 

Alternative 2 Sp_Biomass
     ai22_2 
Equil_Fabc 73.0198 
Year 
2022 78.2401 
2023 77.4736 
2024 77.8813 
2025 67.6355 
2026 66.3923 
2027 68.9507 
2028 72.7344 
2029 75.9877 
2030 78.1133 
2031 79.0229 
2032 79.1493 
2033 78.7621 
2034 78.2719 
2035 77.1681 
2036 76.0892 

Alternative 2 Fishing Mortality
     ai22_2 
Equil_Fabc 0.411432 
Year 
2022 0.019542 
2023 0.0112548 
2024 0.411432 
2025 0.379461 
2026 0.359984 
2027 0.348825 
2028 0.344848 
2029 0.345729 
2030 0.344467 
2031 0.345339 
2032 0.345003 
2033 0.345418 
2034 0.344385 
2035 0.343956 
2036 0.341452 

Alternative 2 Biomass
     ai22_2 

Year 
2022 295.203 
2023 317.399 
2024 347.13 
2025 336.442 
2026 344.518 
2027 357.44 
2028 369.296 
2029 377.431 
2030 380.677 
2031 381.919 
2032 378.406 
2033 375.024 
2034 372.353 
2035 370.241 
2036 370.612 

Alternative 2 Implied SPR rate 
     ai22_2 
Equil_Fabc 0.4 
Year 
2022 0.917922 
2023 0.950547 
2024 0.4 
2025 0.417065 
2026 0.429016 
2027 0.437356 
2028 0.441857 
2029 0.444299 
2030 0.449107 
2031 0.448436 
2032 0.451196 
2033 0.449718 
2034 0.451046 
2035 0.448543 
2036 0.452252 

  ai22_2 
EquilAvgAgeF0  4.35474 
EquilAvgAgeFabc  3.06296 
AvgAgeYr2036 3.3512 
Alternative 3 Catch
     ai22_2 
Equil_Fabc 45.8016 
Year 
2022 3 
2023 1.67 
2024 3.94606 
2025 4.10827 
2026 4.53561 
2027 5.08168 
2028 5.66325 
2029 6.19919 
2030 6.69261 
2031 7.08429 
2032 7.37197 
2033 7.56287 
2034 7.68057 
2035 7.75153 
2036 7.78564 

Alternative 3 ABCs
     ai22_2 

Year 
2022 53.9125 
2023 51.9923 
2024 51.9918 
2025 54.5695 
2026 60.3998 
2027 67.6477 
2028 75.2523 
2029 82.1777 
2030 88.4383 
2031 93.4088 
2032 97.0243 
2033 99.3936 
2034 100.856 
2035 101.715 
2036 102.123 

Alternative 3 TACs
     ai22_2 

Year 
2022  NA 
2023  NA 
2024 3.94606 
2025 4.10827 
2026 4.53561 
2027 5.08168 
2028 5.66325 
2029 6.19919 
2030 6.69261 
2031 7.08429 
2032 7.37197 
2033 7.56287 
2034 7.68057 
2035 7.75153 
2036 7.78564 

Alternative 3 Sp_Biomass
     ai22_2 
Equil_Fabc 73.0198 
Year 
2022 78.2401 
2023 77.4736 
2024 81.7422 
2025 87.9348 
2026 96.7087 
2027 106.985 
2028 117.8 
2029 127.8 
2030 136.419 
2031 143.173 
2032 148.057 
2033 151.314 
2034 153.541 
2035 154.306 
2036 154.453 

Alternative 3 Fishing Mortality
     ai22_2 
Equil_Fabc 0.411432 
Year 
2022 0.019542 
2023 0.0112548 
2024 0.0269599 
2025 0.0269599 
2026 0.0269599 
2027 0.0269599 
2028 0.0269599 
2029 0.0269599 
2030 0.0269599 
2031 0.0269599 
2032 0.0269599 
2033 0.0269599 
2034 0.0269599 
2035 0.0269599 
2036 0.0269599 

Alternative 3 Biomass
     ai22_2 

Year 
2022 295.203 
2023 317.399 
2024 347.13 
2025 380.158 
2026 414.461 
2027 446.693 
2028 475.146 
2029 498.776 
2030 516.63 
2031 530.779 
2032 537.783 
2033 542.327 
2034 545.465 
2035 547.32 
2036 550.258 

Alternative 3 Implied SPR rate 
     ai22_2 
Equil_Fabc 0.4 
Year 
2022 0.917922 
2023 0.950547 
2024 0.891034 
2025 0.891034 
2026 0.891034 
2027 0.891034 
2028 0.891034 
2029 0.891034 
2030 0.891034 
2031 0.891034 
2032 0.891034 
2033 0.891034 
2034 0.891034 
2035 0.891034 
2036 0.891034 

  ai22_2 
EquilAvgAgeF0  4.35474 
EquilAvgAgeFabc  3.06296 
AvgAgeYr2036 4.34388 
Alternative 4 Catch
     ai22_2 
Equil_Fabc 45.8016 
Year 
2022 3 
2023 1.67 
2024 22.8229 
2025 21.7042 
2026 22.4856 
2027 24.0793 
2028 25.9488 
2029 27.6602 
2030 29.1766 
2031 30.2087 
2032 30.8241 
2033 31.0502 
2034 31.0985 
2035 31.0011 
2036 30.8015 

Alternative 4 ABCs
     ai22_2 

Year 
2022 53.9125 
2023 51.9923 
2024 51.9918 
2025 49.7763 
2026 51.7225 
2027 54.6581 
2028 58.0728 
2029 61.7815 
2030 65.2056 
2031 67.4962 
2032 68.9116 
2033 69.4657 
2034 69.5293 
2035 69.21 
2036 68.7209 

Alternative 4 TACs
     ai22_2 

Year 
2022  NA 
2023  NA 
2024 22.8229 
2025 21.7042 
2026 22.4856 
2027 24.0793 
2028 25.9488 
2029 27.6602 
2030 29.1766 
2031 30.2087 
2032 30.8241 
2033 31.0502 
2034 31.0985 
2035 31.0011 
2036 30.8015 

Alternative 4 Sp_Biomass
     ai22_2 
Equil_Fabc 73.0198 
Year 
2022 78.2401 
2023 77.4736 
2024 80.3348 
2025 79.6931 
2026 83.0408 
2027 88.4618 
2028 94.6633 
2029 100.249 
2030 104.668 
2031 107.571 
2032 109.206 
2033 109.842 
2034 109.992 
2035 109.155 
2036 108.081 

Alternative 4 Fishing Mortality
     ai22_2 
Equil_Fabc 0.411432 
Year 
2022 0.019542 
2023 0.0112548 
2024 0.164574 
2025 0.164574 
2026 0.164574 
2027 0.164574 
2028 0.164574 
2029 0.164574 
2030 0.164574 
2031 0.164245 
2032 0.16408 
2033 0.163422 
2034 0.163751 
2035 0.163916 
2036 0.16408 

Alternative 4 Biomass
     ai22_2 

Year 
2022 295.203 
2023 317.399 
2024 347.13 
2025 362.997 
2026 383.855 
2027 404.413 
2028 422.164 
2029 435.83 
2030 444.425 
2031 450.15 
2032 450.034 
2033 448.896 
2034 447.592 
2035 446.021 
2036 446.344 

Alternative 4 Implied SPR rate 
     ai22_2 
Equil_Fabc 0.4 
Year 
2022 0.917922 
2023 0.950547 
2024 0.6 
2025 0.6 
2026 0.6 
2027 0.6 
2028 0.6 
2029 0.6 
2030 0.6 
2031 0.6008 
2032 0.6012 
2033 0.6028 
2034 0.602 
2035 0.6016 
2036 0.6012 

  ai22_2 
EquilAvgAgeF0  4.35474 
EquilAvgAgeFabc  3.06296 
AvgAgeYr2036 3.75106 
Alternative 5 Catch
     ai22_2 
Equil_Fabc 45.8016 
Year 
2022 3 
2023 1.67 
2024  NA 
2025  NA 
2026  NA 
2027  NA 
2028  NA 
2029  NA 
2030  NA 
2031  NA 
2032  NA 
2033  NA 
2034  NA 
2035  NA 
2036  NA 

Alternative 5 ABCs
     ai22_2 

Year 
2022 53.9125 
2023 51.9923 
2024 51.9918 
2025 55.5773 
2026 62.3362 
2027 70.5137 
2028 79.0635 
2029 86.9777 
2030 94.2212 
2031 100.095 
2032 104.518 
2033 107.609 
2034 109.693 
2035 111.099 
2036 111.97 

Alternative 5 TACs
     ai22_2 

Year 
2022  NA 
2023  NA 
2024  NA 
2025  NA 
2026  NA 
2027  NA 
2028  NA 
2029  NA 
2030  NA 
2031  NA 
2032  NA 
2033  NA 
2034  NA 
2035  NA 
2036  NA 

Alternative 5 Sp_Biomass
     ai22_2 
Equil_Fabc 73.0198 
Year 
2022 78.2401 
2023 77.4736 
2024 82.0213 
2025 89.684 
2026 99.7821 
2027 111.361 
2028 123.503 
2029 134.847 
2030 144.815 
2031 152.875 
2032 158.941 
2033 163.229 
2034 166.354 
2035 167.889 
2036 168.698 

Alternative 5 Fishing Mortality
     ai22_2 
Equil_Fabc 0.411432 
Year 
2022 0.019542 
2023 0.0112548 
2024  NA 
2025  NA 
2026  NA 
2027  NA 
2028  NA 
2029  NA 
2030  NA 
2031  NA 
2032  NA 
2033  NA 
2034  NA 
2035  NA 
2036  NA 

Alternative 5 Biomass
     ai22_2 

Year 
2022 295.203 
2023 317.399 
2024 347.13 
2025 383.744 
2026 421.216 
2027 456.477 
2028 487.923 
2029 514.516 
2030 535.284 
2031 552.246 
2032 561.804 
2033 568.56 
2034 573.612 
2035 577.106 
2036 581.456 

Alternative 5 Implied SPR rate 
     ai22_2 
Equil_Fabc 0.4 
Year 
2022 0.917922 
2023 0.950547 
2024 1 
2025 1 
2026 1 
2027 1 
2028 1 
2029 1 
2030 1 
2031 1 
2032 1 
2033 1 
2034 1 
2035 1 
2036 1 

  ai22_2 
EquilAvgAgeF0  4.35474 
EquilAvgAgeFabc  3.06296 
AvgAgeYr2036 4.52112 
Alternative 6 Catch
     ai22_2 
Equil_Fabc 45.8016 
Year 
2022 3 
2023 63.1253 
2024 35.6415 
2025 31.8441 
2026 34.912 
2027 38.7924 
2028 42.8045 
2029 45.9983 
2030 47.7268 
2031 48.3923 
2032 48.4915 
2033 48.0907 
2034 47.5639 
2035 46.7161 
2036 46.0078 

Alternative 6 ABCs
     ai22_2 

Year 
2022 53.9125 
2023 51.9923 
2024 29.0011 
2025 25.7694 
2026 28.217 
2027 31.3228 
2028 34.5138 
2029 36.7807 
2030 38.0683 
2031 38.6552 
2032 38.7113 
2033 38.3815 
2034 37.9548 
2035 37.2179 
2036 36.7322 

Alternative 6 TACs
     ai22_2 

Year 
2022  NA 
2023 63.1253 
2024 35.6415 
2025 31.8441 
2026 34.912 
2027 38.7924 
2028 42.8045 
2029 45.9983 
2030 47.7268 
2031 48.3923 
2032 48.4915 
2033 48.0907 
2034 47.5639 
2035 46.7161 
2036 46.0078 

Alternative 6 Sp_Biomass
     ai22_2 
Equil_Fabc 73.0198 
Year 
2022 78.2401 
2023 72.3191 
2024 56.7295 
2025 55.1117 
2026 58.3249 
2027 62.5885 
2028 66.6359 
2029 69.52 
2030 71.0606 
2031 71.4511 
2032 71.2701 
2033 70.7221 
2034 70.2009 
2035 69.1422 
2036 68.1956 

Alternative 6 Fishing Mortality
     ai22_2 
Equil_Fabc 0.411432 
Year 
2022 0.019542 
2023 0.52076 
2024 0.402534 
2025 0.390265 
2026 0.405388 
2027 0.410467 
2028 0.414001 
2029 0.420125 
2030 0.421808 
2031 0.421331 
2032 0.421812 
2033 0.420687 
2034 0.419927 
2035 0.416142 
2036 0.414288 

Alternative 6 Biomass
     ai22_2 

Year 
2022 295.203 
2023 317.399 
2024 292.35 
2025 304.859 
2026 324.97 
2027 342.186 
2028 354.476 
2029 361.439 
2030 363.099 
2031 362.989 
2032 358.728 
2033 354.966 
2034 352.266 
2035 350.233 
2036 350.981 

Alternative 6 Implied SPR rate 
     ai22_2 
Equil_Fabc 0.4 
Year 
2022 0.917922 
2023 0.352005 
2024 0.404582 
2025 0.411132 
2026 0.40473 
2027 0.404508 
2028 0.405215 
2029 0.403379 
2030 0.402999 
2031 0.403578 
2032 0.40352 
2033 0.404281 
2034 0.404772 
2035 0.406521 
2036 0.407347 

  ai22_2 
EquilAvgAgeF0  4.35474 
EquilAvgAgeFabc  3.06296 
AvgAgeYr2036 3.25091 
Alternative 7 Catch
     ai22_2 
Equil_Fabc 45.8016 
Year 
2022 3 
2023 51.9923 
2024 33.1412 
2025 36.9927 
2026 37.1791 
2027 39.689 
2028 43.1147 
2029 46.0875 
2030 47.7428 
2031 48.388 
2032 48.4856 
2033 48.0882 
2034 47.5636 
2035 46.7167 
2036 46.0084 

Alternative 7 ABCs
     ai22_2 

Year 
2022 53.9125 
2023 51.9923 
2024 33.1412 
2025 30.0365 
2026 30.0922 
2027 32.0628 
2028 34.8108 
2029 36.8783 
2030 38.0802 
2031 38.6514 
2032 38.7064 
2033 38.3793 
2034 37.9545 
2035 37.2183 
2036 36.7327 

Alternative 7 TACs
     ai22_2 

Year 
2022  NA 
2023 63.1253 
2024 40.6052 
2025 36.9927 
2026 37.1791 
2027 39.689 
2028 43.1147 
2029 46.0875 
2030 47.7428 
2031 48.388 
2032 48.4856 
2033 48.0882 
2034 47.5636 
2035 46.7167 
2036 46.0084 

Alternative 7 Sp_Biomass
     ai22_2 
Equil_Fabc 73.0198 
Year 
2022 78.2401 
2023 73.3914 
2024 60.9769 
2025 59.0433 
2026 60.0546 
2027 63.2971 
2028 66.8965 
2029 69.5969 
2030 71.0736 
2031 71.4478 
2032 71.2656 
2033 70.72 
2034 70.2007 
2035 69.1427 
2036 68.1961 

Alternative 7 Fishing Mortality
     ai22_2 
Equil_Fabc 0.411432 
Year 
2022 0.019542 
2023 0.411431 
2024 0.340004 
2025 0.420081 
2026 0.417509 
2027 0.414775 
2028 0.415378 
2029 0.420506 
2030 0.421889 
2031 0.421335 
2032 0.421801 
2033 0.420683 
2034 0.419929 
2035 0.416146 
2036 0.414292 

Alternative 7 Biomass
     ai22_2 

Year 
2022 295.203 
2023 317.399 
2024 302.272 
2025 315.699 
2026 329.445 
2027 343.827 
2028 354.98 
2029 361.54 
2030 363.085 
2031 362.959 
2032 358.708 
2033 354.957 
2034 352.264 
2035 350.234 
2036 350.982 

Alternative 7 Implied SPR rate 
     ai22_2 
Equil_Fabc 0.4 
Year 
2022 0.917922 
2023 0.4 
2024 0.440566 
2025 0.395684 
2026 0.398344 
2027 0.402083 
2028 0.404372 
2029 0.40313 
2030 0.402939 
2031 0.403571 
2032 0.403523 
2033 0.404282 
2034 0.40477 
2035 0.406517 
2036 0.407344 

  ai22_2 
EquilAvgAgeF0  4.35474 
EquilAvgAgeFabc  3.06296 
AvgAgeYr2036 3.25093 
