ai22_2 1 2022 Cabc 45.8016
ai22_2 1 2022 Cofl 48.8559
ai22_2 1 2022 CLCI 3
ai22_2 1 2022 CUCI 3
ai22_2 1 2022 CMedian 3
ai22_2 1 2022 CMean 3
ai22_2 1 2022 CStdn 5.01821e-014
ai22_2 1 2023 Cabc 45.8016
ai22_2 1 2023 Cofl 48.8559
ai22_2 1 2023 CLCI 1.67
ai22_2 1 2023 CUCI 1.67
ai22_2 1 2023 CMedian 1.67
ai22_2 1 2023 CMean 1.67
ai22_2 1 2023 CStdn 3.58997e-007
ai22_2 1 2024 Cabc 45.8016
ai22_2 1 2024 Cofl 48.8559
ai22_2 1 2024 CLCI 51.628
ai22_2 1 2024 CUCI 52.8604
ai22_2 1 2024 CMedian 51.8268
ai22_2 1 2024 CMean 51.9918
ai22_2 1 2024 CStdn 0.4919
ai22_2 1 2025 Cabc 45.8016
ai22_2 1 2025 Cofl 48.8559
ai22_2 1 2025 CLCI 38.3601
ai22_2 1 2025 CUCI 42.6465
ai22_2 1 2025 CMedian 39.0484
ai22_2 1 2025 CMean 39.6046
ai22_2 1 2025 CStdn 1.72111
ai22_2 1 2026 Cabc 45.8016
ai22_2 1 2026 Cofl 48.8559
ai22_2 1 2026 CLCI 31.2583
ai22_2 1 2026 CUCI 47.656
ai22_2 1 2026 CMedian 34.2985
ai22_2 1 2026 CMean 36.4965
ai22_2 1 2026 CStdn 5.8643
ai22_2 1 2027 Cabc 45.8016
ai22_2 1 2027 Cofl 48.8559
ai22_2 1 2027 CLCI 25.2794
ai22_2 1 2027 CUCI 57.9492
ai22_2 1 2027 CMedian 33.5096
ai22_2 1 2027 CMean 37.1972
ai22_2 1 2027 CStdn 12.0631
ai22_2 1 2028 Cabc 45.8016
ai22_2 1 2028 Cofl 48.8559
ai22_2 1 2028 CLCI 20.1448
ai22_2 1 2028 CUCI 74.5209
ai22_2 1 2028 CMedian 35.311
ai22_2 1 2028 CMean 39.6844
ai22_2 1 2028 CStdn 19.1095
ai22_2 1 2029 Cabc 45.8016
ai22_2 1 2029 Cofl 48.8559
ai22_2 1 2029 CLCI 16.3846
ai22_2 1 2029 CUCI 87.4369
ai22_2 1 2029 CMedian 37.3284
ai22_2 1 2029 CMean 42.3011
ai22_2 1 2029 CStdn 23.7253
ai22_2 1 2030 Cabc 45.8016
ai22_2 1 2030 Cofl 48.8559
ai22_2 1 2030 CLCI 14.3856
ai22_2 1 2030 CUCI 91.6465
ai22_2 1 2030 CMedian 39.1495
ai22_2 1 2030 CMean 44.0317
ai22_2 1 2030 CStdn 26.1391
ai22_2 1 2031 Cabc 45.8016
ai22_2 1 2031 Cofl 48.8559
ai22_2 1 2031 CLCI 14.9607
ai22_2 1 2031 CUCI 93.6045
ai22_2 1 2031 CMedian 39.8661
ai22_2 1 2031 CMean 45.0525
ai22_2 1 2031 CStdn 27.0796
ai22_2 1 2032 Cabc 45.8016
ai22_2 1 2032 Cofl 48.8559
ai22_2 1 2032 CLCI 14.3008
ai22_2 1 2032 CUCI 94.1379
ai22_2 1 2032 CMedian 40.1468
ai22_2 1 2032 CMean 45.3544
ai22_2 1 2032 CStdn 27.5588
ai22_2 1 2033 Cabc 45.8016
ai22_2 1 2033 Cofl 48.8559
ai22_2 1 2033 CLCI 13.9238
ai22_2 1 2033 CUCI 93.8535
ai22_2 1 2033 CMedian 40.2566
ai22_2 1 2033 CMean 45.222
ai22_2 1 2033 CStdn 27.1822
ai22_2 1 2034 Cabc 45.8016
ai22_2 1 2034 Cofl 48.8559
ai22_2 1 2034 CLCI 13.5181
ai22_2 1 2034 CUCI 92.8404
ai22_2 1 2034 CMedian 40.5194
ai22_2 1 2034 CMean 44.7741
ai22_2 1 2034 CStdn 26.3464
ai22_2 1 2035 Cabc 45.8016
ai22_2 1 2035 Cofl 48.8559
ai22_2 1 2035 CLCI 14.2461
ai22_2 1 2035 CUCI 92.0824
ai22_2 1 2035 CMedian 39.0887
ai22_2 1 2035 CMean 44.2361
ai22_2 1 2035 CStdn 25.7816
ai22_2 1 2036 Cabc 45.8016
ai22_2 1 2036 Cofl 48.8559
ai22_2 1 2036 CLCI 13.9191
ai22_2 1 2036 CUCI 91.7062
ai22_2 1 2036 CMedian 38.6883
ai22_2 1 2036 CMean 43.5102
ai22_2 1 2036 CStdn 25.8077
ai22_2 1 2022 SSBF100 182.55
ai22_2 1 2022 SSBFabc 73.0198
ai22_2 1 2022 SSBFofl 63.8923
ai22_2 1 2022 SSBLCI 78.2401
ai22_2 1 2022 SSBUCI 78.2401
ai22_2 1 2022 SSBMedian 78.2401
ai22_2 1 2022 SSBMean 78.2401
ai22_2 1 2023 SSBF100 182.55
ai22_2 1 2023 SSBFabc 73.0198
ai22_2 1 2023 SSBFofl 63.8923
ai22_2 1 2023 SSBLCI 77.4734
ai22_2 1 2023 SSBUCI 77.4742
ai22_2 1 2023 SSBMedian 77.4735
ai22_2 1 2023 SSBMean 77.4736
ai22_2 1 2024 SSBF100 182.55
ai22_2 1 2024 SSBFabc 73.0198
ai22_2 1 2024 SSBFofl 63.8923
ai22_2 1 2024 SSBLCI 77.8673
ai22_2 1 2024 SSBUCI 77.9228
ai22_2 1 2024 SSBMedian 77.8733
ai22_2 1 2024 SSBMean 77.8813
ai22_2 1 2025 SSBF100 182.55
ai22_2 1 2025 SSBFabc 73.0198
ai22_2 1 2025 SSBFofl 63.8923
ai22_2 1 2025 SSBLCI 67.1315
ai22_2 1 2025 SSBUCI 69.1114
ai22_2 1 2025 SSBMedian 67.351
ai22_2 1 2025 SSBMean 67.6355
ai22_2 1 2026 SSBF100 182.55
ai22_2 1 2026 SSBFabc 73.0198
ai22_2 1 2026 SSBFofl 63.8923
ai22_2 1 2026 SSBLCI 59.2744
ai22_2 1 2026 SSBUCI 86.9909
ai22_2 1 2026 SSBMedian 62.5217
ai22_2 1 2026 SSBMean 66.3923
ai22_2 1 2027 SSBF100 182.55
ai22_2 1 2027 SSBFabc 73.0198
ai22_2 1 2027 SSBFofl 63.8923
ai22_2 1 2027 SSBLCI 51.0268
ai22_2 1 2027 SSBUCI 113.401
ai22_2 1 2027 SSBMedian 61.3409
ai22_2 1 2027 SSBMean 68.9507
ai22_2 1 2028 SSBF100 182.55
ai22_2 1 2028 SSBFabc 73.0198
ai22_2 1 2028 SSBFofl 63.8923
ai22_2 1 2028 SSBLCI 44.47
ai22_2 1 2028 SSBUCI 137.505
ai22_2 1 2028 SSBMedian 62.6353
ai22_2 1 2028 SSBMean 72.7344
ai22_2 1 2029 SSBF100 182.55
ai22_2 1 2029 SSBFabc 73.0198
ai22_2 1 2029 SSBFofl 63.8923
ai22_2 1 2029 SSBLCI 40.5402
ai22_2 1 2029 SSBUCI 146.337
ai22_2 1 2029 SSBMedian 65.555
ai22_2 1 2029 SSBMean 75.9877
ai22_2 1 2030 SSBF100 182.55
ai22_2 1 2030 SSBFabc 73.0198
ai22_2 1 2030 SSBFofl 63.8923
ai22_2 1 2030 SSBLCI 39.3126
ai22_2 1 2030 SSBUCI 151.412
ai22_2 1 2030 SSBMedian 66.5166
ai22_2 1 2030 SSBMean 78.1133
ai22_2 1 2031 SSBF100 182.55
ai22_2 1 2031 SSBFabc 73.0198
ai22_2 1 2031 SSBFofl 63.8923
ai22_2 1 2031 SSBLCI 39.2556
ai22_2 1 2031 SSBUCI 152.657
ai22_2 1 2031 SSBMedian 68.3395
ai22_2 1 2031 SSBMean 79.0229
ai22_2 1 2032 SSBF100 182.55
ai22_2 1 2032 SSBFabc 73.0198
ai22_2 1 2032 SSBFofl 63.8923
ai22_2 1 2032 SSBLCI 38.6703
ai22_2 1 2032 SSBUCI 152.076
ai22_2 1 2032 SSBMedian 68.4025
ai22_2 1 2032 SSBMean 79.1493
ai22_2 1 2033 SSBF100 182.55
ai22_2 1 2033 SSBFabc 73.0198
ai22_2 1 2033 SSBFofl 63.8923
ai22_2 1 2033 SSBLCI 38.7395
ai22_2 1 2033 SSBUCI 148.672
ai22_2 1 2033 SSBMedian 68.9238
ai22_2 1 2033 SSBMean 78.7621
ai22_2 1 2034 SSBF100 182.55
ai22_2 1 2034 SSBFabc 73.0198
ai22_2 1 2034 SSBFofl 63.8923
ai22_2 1 2034 SSBLCI 38.5803
ai22_2 1 2034 SSBUCI 152.266
ai22_2 1 2034 SSBMedian 68.2748
ai22_2 1 2034 SSBMean 78.2719
ai22_2 1 2035 SSBF100 182.55
ai22_2 1 2035 SSBFabc 73.0198
ai22_2 1 2035 SSBFofl 63.8923
ai22_2 1 2035 SSBLCI 38.8323
ai22_2 1 2035 SSBUCI 145.259
ai22_2 1 2035 SSBMedian 66.7693
ai22_2 1 2035 SSBMean 77.1681
ai22_2 1 2036 SSBF100 182.55
ai22_2 1 2036 SSBFabc 73.0198
ai22_2 1 2036 SSBFofl 63.8923
ai22_2 1 2036 SSBLCI 38.9708
ai22_2 1 2036 SSBUCI 148.51
ai22_2 1 2036 SSBMedian 65.9471
ai22_2 1 2036 SSBMean 76.0892
ai22_2 1 2022 F0 0 
ai22_2 1 2022 Fabc 0.411432
ai22_2 1 2022 Fofl 0.526075
ai22_2 1 2022  F_LCI 0.019542
ai22_2 1 2022  F_UCI 0.019542
ai22_2 1 2022  F_Median 0.019542
ai22_2 1 2022  F_Mean 0.019542
ai22_2 1 2023 F0 0 
ai22_2 1 2023 Fabc 0.411432
ai22_2 1 2023 Fofl 0.526075
ai22_2 1 2023  F_LCI 0.0111949
ai22_2 1 2023  F_UCI 0.0112749
ai22_2 1 2023  F_Median 0.0112662
ai22_2 1 2023  F_Mean 0.0112548
ai22_2 1 2024 F0 0 
ai22_2 1 2024 Fabc 0.411432
ai22_2 1 2024 Fofl 0.526075
ai22_2 1 2024  F_LCI 0.411432
ai22_2 1 2024  F_UCI 0.411432
ai22_2 1 2024  F_Median 0.411432
ai22_2 1 2024  F_Mean 0.411432
ai22_2 1 2025 F0 0 
ai22_2 1 2025 Fabc 0.411432
ai22_2 1 2025 Fofl 0.526075
ai22_2 1 2025  F_LCI 0.376508
ai22_2 1 2025  F_UCI 0.388251
ai22_2 1 2025  F_Median 0.37781
ai22_2 1 2025  F_Mean 0.379461
ai22_2 1 2026 F0 0 
ai22_2 1 2026 Fabc 0.411432
ai22_2 1 2026 Fofl 0.526075
ai22_2 1 2026  F_LCI 0.329907
ai22_2 1 2026  F_UCI 0.411432
ai22_2 1 2026  F_Median 0.349167
ai22_2 1 2026  F_Mean 0.359984
ai22_2 1 2027 F0 0 
ai22_2 1 2027 Fabc 0.411432
ai22_2 1 2027 Fofl 0.526075
ai22_2 1 2027  F_LCI 0.280989
ai22_2 1 2027  F_UCI 0.411432
ai22_2 1 2027  F_Median 0.342163
ai22_2 1 2027  F_Mean 0.348825
ai22_2 1 2028 F0 0 
ai22_2 1 2028 Fabc 0.411432
ai22_2 1 2028 Fofl 0.526075
ai22_2 1 2028  F_LCI 0.242101
ai22_2 1 2028  F_UCI 0.411432
ai22_2 1 2028  F_Median 0.349841
ai22_2 1 2028  F_Mean 0.344848
ai22_2 1 2029 F0 0 
ai22_2 1 2029 Fabc 0.411432
ai22_2 1 2029 Fofl 0.526075
ai22_2 1 2029  F_LCI 0.218793
ai22_2 1 2029  F_UCI 0.411432
ai22_2 1 2029  F_Median 0.367157
ai22_2 1 2029  F_Mean 0.345729
ai22_2 1 2030 F0 0 
ai22_2 1 2030 Fabc 0.411432
ai22_2 1 2030 Fofl 0.526075
ai22_2 1 2030  F_LCI 0.211512
ai22_2 1 2030  F_UCI 0.411432
ai22_2 1 2030  F_Median 0.372861
ai22_2 1 2030  F_Mean 0.344467
ai22_2 1 2031 F0 0 
ai22_2 1 2031 Fabc 0.411432
ai22_2 1 2031 Fofl 0.526075
ai22_2 1 2031  F_LCI 0.211174
ai22_2 1 2031  F_UCI 0.411432
ai22_2 1 2031  F_Median 0.383673
ai22_2 1 2031  F_Mean 0.345339
ai22_2 1 2032 F0 0 
ai22_2 1 2032 Fabc 0.411432
ai22_2 1 2032 Fofl 0.526075
ai22_2 1 2032  F_LCI 0.207702
ai22_2 1 2032  F_UCI 0.411432
ai22_2 1 2032  F_Median 0.384046
ai22_2 1 2032  F_Mean 0.345003
ai22_2 1 2033 F0 0 
ai22_2 1 2033 Fabc 0.411432
ai22_2 1 2033 Fofl 0.526075
ai22_2 1 2033  F_LCI 0.208113
ai22_2 1 2033  F_UCI 0.411432
ai22_2 1 2033  F_Median 0.387138
ai22_2 1 2033  F_Mean 0.345418
ai22_2 1 2034 F0 0 
ai22_2 1 2034 Fabc 0.411432
ai22_2 1 2034 Fofl 0.526075
ai22_2 1 2034  F_LCI 0.207168
ai22_2 1 2034  F_UCI 0.411432
ai22_2 1 2034  F_Median 0.383289
ai22_2 1 2034  F_Mean 0.344385
ai22_2 1 2035 F0 0 
ai22_2 1 2035 Fabc 0.411432
ai22_2 1 2035 Fofl 0.526075
ai22_2 1 2035  F_LCI 0.208663
ai22_2 1 2035  F_UCI 0.411432
ai22_2 1 2035  F_Median 0.37436
ai22_2 1 2035  F_Mean 0.343956
ai22_2 1 2036 F0 0 
ai22_2 1 2036 Fabc 0.411432
ai22_2 1 2036 Fofl 0.526075
ai22_2 1 2036  F_LCI 0.209485
ai22_2 1 2036  F_UCI 0.411432
ai22_2 1 2036  F_Median 0.369483
ai22_2 1 2036  F_Mean 0.341452
ai22_2 2 2022 Cabc 45.8016
ai22_2 2 2022 Cofl 48.8559
ai22_2 2 2022 CLCI 3
ai22_2 2 2022 CUCI 3
ai22_2 2 2022 CMedian 3
ai22_2 2 2022 CMean 3
ai22_2 2 2022 CStdn 5.01821e-014
ai22_2 2 2023 Cabc 45.8016
ai22_2 2 2023 Cofl 48.8559
ai22_2 2 2023 CLCI 1.67
ai22_2 2 2023 CUCI 1.67
ai22_2 2 2023 CMedian 1.67
ai22_2 2 2023 CMean 1.67
ai22_2 2 2023 CStdn 3.58997e-007
ai22_2 2 2024 Cabc 45.8016
ai22_2 2 2024 Cofl 48.8559
ai22_2 2 2024 CLCI 51.628
ai22_2 2 2024 CUCI 52.8604
ai22_2 2 2024 CMedian 51.8268
ai22_2 2 2024 CMean 51.9918
ai22_2 2 2024 CStdn 0.4919
ai22_2 2 2025 Cabc 45.8016
ai22_2 2 2025 Cofl 48.8559
ai22_2 2 2025 CLCI 38.3601
ai22_2 2 2025 CUCI 42.6465
ai22_2 2 2025 CMedian 39.0484
ai22_2 2 2025 CMean 39.6046
ai22_2 2 2025 CStdn 1.72111
ai22_2 2 2026 Cabc 45.8016
ai22_2 2 2026 Cofl 48.8559
ai22_2 2 2026 CLCI 31.2583
ai22_2 2 2026 CUCI 47.656
ai22_2 2 2026 CMedian 34.2985
ai22_2 2 2026 CMean 36.4965
ai22_2 2 2026 CStdn 5.8643
ai22_2 2 2027 Cabc 45.8016
ai22_2 2 2027 Cofl 48.8559
ai22_2 2 2027 CLCI 25.2794
ai22_2 2 2027 CUCI 57.9492
ai22_2 2 2027 CMedian 33.5096
ai22_2 2 2027 CMean 37.1972
ai22_2 2 2027 CStdn 12.0631
ai22_2 2 2028 Cabc 45.8016
ai22_2 2 2028 Cofl 48.8559
ai22_2 2 2028 CLCI 20.1448
ai22_2 2 2028 CUCI 74.5209
ai22_2 2 2028 CMedian 35.311
ai22_2 2 2028 CMean 39.6844
ai22_2 2 2028 CStdn 19.1095
ai22_2 2 2029 Cabc 45.8016
ai22_2 2 2029 Cofl 48.8559
ai22_2 2 2029 CLCI 16.3846
ai22_2 2 2029 CUCI 87.4369
ai22_2 2 2029 CMedian 37.3284
ai22_2 2 2029 CMean 42.3011
ai22_2 2 2029 CStdn 23.7253
ai22_2 2 2030 Cabc 45.8016
ai22_2 2 2030 Cofl 48.8559
ai22_2 2 2030 CLCI 14.3856
ai22_2 2 2030 CUCI 91.6465
ai22_2 2 2030 CMedian 39.1495
ai22_2 2 2030 CMean 44.0317
ai22_2 2 2030 CStdn 26.1391
ai22_2 2 2031 Cabc 45.8016
ai22_2 2 2031 Cofl 48.8559
ai22_2 2 2031 CLCI 14.9607
ai22_2 2 2031 CUCI 93.6045
ai22_2 2 2031 CMedian 39.8661
ai22_2 2 2031 CMean 45.0525
ai22_2 2 2031 CStdn 27.0796
ai22_2 2 2032 Cabc 45.8016
ai22_2 2 2032 Cofl 48.8559
ai22_2 2 2032 CLCI 14.3008
ai22_2 2 2032 CUCI 94.1379
ai22_2 2 2032 CMedian 40.1468
ai22_2 2 2032 CMean 45.3544
ai22_2 2 2032 CStdn 27.5588
ai22_2 2 2033 Cabc 45.8016
ai22_2 2 2033 Cofl 48.8559
ai22_2 2 2033 CLCI 13.9238
ai22_2 2 2033 CUCI 93.8535
ai22_2 2 2033 CMedian 40.2566
ai22_2 2 2033 CMean 45.222
ai22_2 2 2033 CStdn 27.1822
ai22_2 2 2034 Cabc 45.8016
ai22_2 2 2034 Cofl 48.8559
ai22_2 2 2034 CLCI 13.5181
ai22_2 2 2034 CUCI 92.8404
ai22_2 2 2034 CMedian 40.5194
ai22_2 2 2034 CMean 44.7741
ai22_2 2 2034 CStdn 26.3464
ai22_2 2 2035 Cabc 45.8016
ai22_2 2 2035 Cofl 48.8559
ai22_2 2 2035 CLCI 14.2461
ai22_2 2 2035 CUCI 92.0824
ai22_2 2 2035 CMedian 39.0887
ai22_2 2 2035 CMean 44.2361
ai22_2 2 2035 CStdn 25.7816
ai22_2 2 2036 Cabc 45.8016
ai22_2 2 2036 Cofl 48.8559
ai22_2 2 2036 CLCI 13.9191
ai22_2 2 2036 CUCI 91.7062
ai22_2 2 2036 CMedian 38.6883
ai22_2 2 2036 CMean 43.5102
ai22_2 2 2036 CStdn 25.8077
ai22_2 2 2022 SSBF100 182.55
ai22_2 2 2022 SSBFabc 73.0198
ai22_2 2 2022 SSBFofl 63.8923
ai22_2 2 2022 SSBLCI 78.2401
ai22_2 2 2022 SSBUCI 78.2401
ai22_2 2 2022 SSBMedian 78.2401
ai22_2 2 2022 SSBMean 78.2401
ai22_2 2 2023 SSBF100 182.55
ai22_2 2 2023 SSBFabc 73.0198
ai22_2 2 2023 SSBFofl 63.8923
ai22_2 2 2023 SSBLCI 77.4734
ai22_2 2 2023 SSBUCI 77.4742
ai22_2 2 2023 SSBMedian 77.4735
ai22_2 2 2023 SSBMean 77.4736
ai22_2 2 2024 SSBF100 182.55
ai22_2 2 2024 SSBFabc 73.0198
ai22_2 2 2024 SSBFofl 63.8923
ai22_2 2 2024 SSBLCI 77.8673
ai22_2 2 2024 SSBUCI 77.9228
ai22_2 2 2024 SSBMedian 77.8733
ai22_2 2 2024 SSBMean 77.8813
ai22_2 2 2025 SSBF100 182.55
ai22_2 2 2025 SSBFabc 73.0198
ai22_2 2 2025 SSBFofl 63.8923
ai22_2 2 2025 SSBLCI 67.1315
ai22_2 2 2025 SSBUCI 69.1114
ai22_2 2 2025 SSBMedian 67.351
ai22_2 2 2025 SSBMean 67.6355
ai22_2 2 2026 SSBF100 182.55
ai22_2 2 2026 SSBFabc 73.0198
ai22_2 2 2026 SSBFofl 63.8923
ai22_2 2 2026 SSBLCI 59.2744
ai22_2 2 2026 SSBUCI 86.9909
ai22_2 2 2026 SSBMedian 62.5217
ai22_2 2 2026 SSBMean 66.3923
ai22_2 2 2027 SSBF100 182.55
ai22_2 2 2027 SSBFabc 73.0198
ai22_2 2 2027 SSBFofl 63.8923
ai22_2 2 2027 SSBLCI 51.0268
ai22_2 2 2027 SSBUCI 113.401
ai22_2 2 2027 SSBMedian 61.3409
ai22_2 2 2027 SSBMean 68.9507
ai22_2 2 2028 SSBF100 182.55
ai22_2 2 2028 SSBFabc 73.0198
ai22_2 2 2028 SSBFofl 63.8923
ai22_2 2 2028 SSBLCI 44.47
ai22_2 2 2028 SSBUCI 137.505
ai22_2 2 2028 SSBMedian 62.6353
ai22_2 2 2028 SSBMean 72.7344
ai22_2 2 2029 SSBF100 182.55
ai22_2 2 2029 SSBFabc 73.0198
ai22_2 2 2029 SSBFofl 63.8923
ai22_2 2 2029 SSBLCI 40.5402
ai22_2 2 2029 SSBUCI 146.337
ai22_2 2 2029 SSBMedian 65.555
ai22_2 2 2029 SSBMean 75.9877
ai22_2 2 2030 SSBF100 182.55
ai22_2 2 2030 SSBFabc 73.0198
ai22_2 2 2030 SSBFofl 63.8923
ai22_2 2 2030 SSBLCI 39.3126
ai22_2 2 2030 SSBUCI 151.412
ai22_2 2 2030 SSBMedian 66.5166
ai22_2 2 2030 SSBMean 78.1133
ai22_2 2 2031 SSBF100 182.55
ai22_2 2 2031 SSBFabc 73.0198
ai22_2 2 2031 SSBFofl 63.8923
ai22_2 2 2031 SSBLCI 39.2556
ai22_2 2 2031 SSBUCI 152.657
ai22_2 2 2031 SSBMedian 68.3395
ai22_2 2 2031 SSBMean 79.0229
ai22_2 2 2032 SSBF100 182.55
ai22_2 2 2032 SSBFabc 73.0198
ai22_2 2 2032 SSBFofl 63.8923
ai22_2 2 2032 SSBLCI 38.6703
ai22_2 2 2032 SSBUCI 152.076
ai22_2 2 2032 SSBMedian 68.4025
ai22_2 2 2032 SSBMean 79.1493
ai22_2 2 2033 SSBF100 182.55
ai22_2 2 2033 SSBFabc 73.0198
ai22_2 2 2033 SSBFofl 63.8923
ai22_2 2 2033 SSBLCI 38.7395
ai22_2 2 2033 SSBUCI 148.672
ai22_2 2 2033 SSBMedian 68.9238
ai22_2 2 2033 SSBMean 78.7621
ai22_2 2 2034 SSBF100 182.55
ai22_2 2 2034 SSBFabc 73.0198
ai22_2 2 2034 SSBFofl 63.8923
ai22_2 2 2034 SSBLCI 38.5803
ai22_2 2 2034 SSBUCI 152.266
ai22_2 2 2034 SSBMedian 68.2748
ai22_2 2 2034 SSBMean 78.2719
ai22_2 2 2035 SSBF100 182.55
ai22_2 2 2035 SSBFabc 73.0198
ai22_2 2 2035 SSBFofl 63.8923
ai22_2 2 2035 SSBLCI 38.8323
ai22_2 2 2035 SSBUCI 145.259
ai22_2 2 2035 SSBMedian 66.7693
ai22_2 2 2035 SSBMean 77.1681
ai22_2 2 2036 SSBF100 182.55
ai22_2 2 2036 SSBFabc 73.0198
ai22_2 2 2036 SSBFofl 63.8923
ai22_2 2 2036 SSBLCI 38.9708
ai22_2 2 2036 SSBUCI 148.51
ai22_2 2 2036 SSBMedian 65.9471
ai22_2 2 2036 SSBMean 76.0892
ai22_2 2 2022 F0 0 
ai22_2 2 2022 Fabc 0.411432
ai22_2 2 2022 Fofl 0.526075
ai22_2 2 2022  F_LCI 0.019542
ai22_2 2 2022  F_UCI 0.019542
ai22_2 2 2022  F_Median 0.019542
ai22_2 2 2022  F_Mean 0.019542
ai22_2 2 2023 F0 0 
ai22_2 2 2023 Fabc 0.411432
ai22_2 2 2023 Fofl 0.526075
ai22_2 2 2023  F_LCI 0.0111949
ai22_2 2 2023  F_UCI 0.0112749
ai22_2 2 2023  F_Median 0.0112662
ai22_2 2 2023  F_Mean 0.0112548
ai22_2 2 2024 F0 0 
ai22_2 2 2024 Fabc 0.411432
ai22_2 2 2024 Fofl 0.526075
ai22_2 2 2024  F_LCI 0.411432
ai22_2 2 2024  F_UCI 0.411432
ai22_2 2 2024  F_Median 0.411432
ai22_2 2 2024  F_Mean 0.411432
ai22_2 2 2025 F0 0 
ai22_2 2 2025 Fabc 0.411432
ai22_2 2 2025 Fofl 0.526075
ai22_2 2 2025  F_LCI 0.376508
ai22_2 2 2025  F_UCI 0.388251
ai22_2 2 2025  F_Median 0.37781
ai22_2 2 2025  F_Mean 0.379461
ai22_2 2 2026 F0 0 
ai22_2 2 2026 Fabc 0.411432
ai22_2 2 2026 Fofl 0.526075
ai22_2 2 2026  F_LCI 0.329907
ai22_2 2 2026  F_UCI 0.411432
ai22_2 2 2026  F_Median 0.349167
ai22_2 2 2026  F_Mean 0.359984
ai22_2 2 2027 F0 0 
ai22_2 2 2027 Fabc 0.411432
ai22_2 2 2027 Fofl 0.526075
ai22_2 2 2027  F_LCI 0.280989
ai22_2 2 2027  F_UCI 0.411432
ai22_2 2 2027  F_Median 0.342163
ai22_2 2 2027  F_Mean 0.348825
ai22_2 2 2028 F0 0 
ai22_2 2 2028 Fabc 0.411432
ai22_2 2 2028 Fofl 0.526075
ai22_2 2 2028  F_LCI 0.242101
ai22_2 2 2028  F_UCI 0.411432
ai22_2 2 2028  F_Median 0.349841
ai22_2 2 2028  F_Mean 0.344848
ai22_2 2 2029 F0 0 
ai22_2 2 2029 Fabc 0.411432
ai22_2 2 2029 Fofl 0.526075
ai22_2 2 2029  F_LCI 0.218793
ai22_2 2 2029  F_UCI 0.411432
ai22_2 2 2029  F_Median 0.367157
ai22_2 2 2029  F_Mean 0.345729
ai22_2 2 2030 F0 0 
ai22_2 2 2030 Fabc 0.411432
ai22_2 2 2030 Fofl 0.526075
ai22_2 2 2030  F_LCI 0.211512
ai22_2 2 2030  F_UCI 0.411432
ai22_2 2 2030  F_Median 0.372861
ai22_2 2 2030  F_Mean 0.344467
ai22_2 2 2031 F0 0 
ai22_2 2 2031 Fabc 0.411432
ai22_2 2 2031 Fofl 0.526075
ai22_2 2 2031  F_LCI 0.211174
ai22_2 2 2031  F_UCI 0.411432
ai22_2 2 2031  F_Median 0.383673
ai22_2 2 2031  F_Mean 0.345339
ai22_2 2 2032 F0 0 
ai22_2 2 2032 Fabc 0.411432
ai22_2 2 2032 Fofl 0.526075
ai22_2 2 2032  F_LCI 0.207702
ai22_2 2 2032  F_UCI 0.411432
ai22_2 2 2032  F_Median 0.384046
ai22_2 2 2032  F_Mean 0.345003
ai22_2 2 2033 F0 0 
ai22_2 2 2033 Fabc 0.411432
ai22_2 2 2033 Fofl 0.526075
ai22_2 2 2033  F_LCI 0.208113
ai22_2 2 2033  F_UCI 0.411432
ai22_2 2 2033  F_Median 0.387138
ai22_2 2 2033  F_Mean 0.345418
ai22_2 2 2034 F0 0 
ai22_2 2 2034 Fabc 0.411432
ai22_2 2 2034 Fofl 0.526075
ai22_2 2 2034  F_LCI 0.207168
ai22_2 2 2034  F_UCI 0.411432
ai22_2 2 2034  F_Median 0.383289
ai22_2 2 2034  F_Mean 0.344385
ai22_2 2 2035 F0 0 
ai22_2 2 2035 Fabc 0.411432
ai22_2 2 2035 Fofl 0.526075
ai22_2 2 2035  F_LCI 0.208663
ai22_2 2 2035  F_UCI 0.411432
ai22_2 2 2035  F_Median 0.37436
ai22_2 2 2035  F_Mean 0.343956
ai22_2 2 2036 F0 0 
ai22_2 2 2036 Fabc 0.411432
ai22_2 2 2036 Fofl 0.526075
ai22_2 2 2036  F_LCI 0.209485
ai22_2 2 2036  F_UCI 0.411432
ai22_2 2 2036  F_Median 0.369483
ai22_2 2 2036  F_Mean 0.341452
ai22_2 3 2022 Cabc 45.8016
ai22_2 3 2022 Cofl 48.8559
ai22_2 3 2022 CLCI 3
ai22_2 3 2022 CUCI 3
ai22_2 3 2022 CMedian 3
ai22_2 3 2022 CMean 3
ai22_2 3 2022 CStdn 5.01821e-014
ai22_2 3 2023 Cabc 45.8016
ai22_2 3 2023 Cofl 48.8559
ai22_2 3 2023 CLCI 1.67
ai22_2 3 2023 CUCI 1.67
ai22_2 3 2023 CMedian 1.67
ai22_2 3 2023 CMean 1.67
ai22_2 3 2023 CStdn 3.58997e-007
ai22_2 3 2024 Cabc 45.8016
ai22_2 3 2024 Cofl 48.8559
ai22_2 3 2024 CLCI 3.92214
ai22_2 3 2024 CUCI 4.00324
ai22_2 3 2024 CMedian 3.93519
ai22_2 3 2024 CMean 3.94606
ai22_2 3 2024 CStdn 0.0323648
ai22_2 3 2025 Cabc 45.8016
ai22_2 3 2025 Cofl 48.8559
ai22_2 3 2025 CLCI 4.03748
ai22_2 3 2025 CUCI 4.26965
ai22_2 3 2025 CMedian 4.07971
ai22_2 3 2025 CMean 4.10827
ai22_2 3 2025 CStdn 0.09292
ai22_2 3 2026 Cabc 45.8016
ai22_2 3 2026 Cofl 48.8559
ai22_2 3 2026 CLCI 4.3273
ai22_2 3 2026 CUCI 5.02286
ai22_2 3 2026 CMedian 4.44798
ai22_2 3 2026 CMean 4.53561
ai22_2 3 2026 CStdn 0.277785
ai22_2 3 2027 Cabc 45.8016
ai22_2 3 2027 Cofl 48.8559
ai22_2 3 2027 CLCI 4.52429
ai22_2 3 2027 CUCI 6.34417
ai22_2 3 2027 CMedian 4.86127
ai22_2 3 2027 CMean 5.08168
ai22_2 3 2027 CStdn 0.718904
ai22_2 3 2028 Cabc 45.8016
ai22_2 3 2028 Cofl 48.8559
ai22_2 3 2028 CLCI 4.48703
ai22_2 3 2028 CUCI 8.28879
ai22_2 3 2028 CMedian 5.2401
ai22_2 3 2028 CMean 5.66325
ai22_2 3 2028 CStdn 1.41715
ai22_2 3 2029 Cabc 45.8016
ai22_2 3 2029 Cofl 48.8559
ai22_2 3 2029 CLCI 4.26024
ai22_2 3 2029 CUCI 10.4354
ai22_2 3 2029 CMedian 5.62578
ai22_2 3 2029 CMean 6.19919
ai22_2 3 2029 CStdn 2.12257
ai22_2 3 2030 Cabc 45.8016
ai22_2 3 2030 Cofl 48.8559
ai22_2 3 2030 CLCI 3.95587
ai22_2 3 2030 CUCI 11.7423
ai22_2 3 2030 CMedian 5.98993
ai22_2 3 2030 CMean 6.69261
ai22_2 3 2030 CStdn 2.71388
ai22_2 3 2031 Cabc 45.8016
ai22_2 3 2031 Cofl 48.8559
ai22_2 3 2031 CLCI 3.80023
ai22_2 3 2031 CUCI 12.6368
ai22_2 3 2031 CMedian 6.37761
ai22_2 3 2031 CMean 7.08429
ai22_2 3 2031 CStdn 3.00124
ai22_2 3 2032 Cabc 45.8016
ai22_2 3 2032 Cofl 48.8559
ai22_2 3 2032 CLCI 3.78715
ai22_2 3 2032 CUCI 13.1997
ai22_2 3 2032 CMedian 6.62359
ai22_2 3 2032 CMean 7.37197
ai22_2 3 2032 CStdn 3.19864
ai22_2 3 2033 Cabc 45.8016
ai22_2 3 2033 Cofl 48.8559
ai22_2 3 2033 CLCI 3.84558
ai22_2 3 2033 CUCI 13.5581
ai22_2 3 2033 CMedian 6.84663
ai22_2 3 2033 CMean 7.56287
ai22_2 3 2033 CStdn 3.31925
ai22_2 3 2034 Cabc 45.8016
ai22_2 3 2034 Cofl 48.8559
ai22_2 3 2034 CLCI 3.71431
ai22_2 3 2034 CUCI 13.6513
ai22_2 3 2034 CMedian 7.00248
ai22_2 3 2034 CMean 7.68057
ai22_2 3 2034 CStdn 3.30754
ai22_2 3 2035 Cabc 45.8016
ai22_2 3 2035 Cofl 48.8559
ai22_2 3 2035 CLCI 3.79929
ai22_2 3 2035 CUCI 13.8759
ai22_2 3 2035 CMedian 7.08819
ai22_2 3 2035 CMean 7.75153
ai22_2 3 2035 CStdn 3.2674
ai22_2 3 2036 Cabc 45.8016
ai22_2 3 2036 Cofl 48.8559
ai22_2 3 2036 CLCI 3.8382
ai22_2 3 2036 CUCI 13.7224
ai22_2 3 2036 CMedian 7.17055
ai22_2 3 2036 CMean 7.78564
ai22_2 3 2036 CStdn 3.21284
ai22_2 3 2022 SSBF100 182.55
ai22_2 3 2022 SSBFabc 73.0198
ai22_2 3 2022 SSBFofl 63.8923
ai22_2 3 2022 SSBLCI 78.2401
ai22_2 3 2022 SSBUCI 78.2401
ai22_2 3 2022 SSBMedian 78.2401
ai22_2 3 2022 SSBMean 78.2401
ai22_2 3 2023 SSBF100 182.55
ai22_2 3 2023 SSBFabc 73.0198
ai22_2 3 2023 SSBFofl 63.8923
ai22_2 3 2023 SSBLCI 77.4734
ai22_2 3 2023 SSBUCI 77.4742
ai22_2 3 2023 SSBMedian 77.4735
ai22_2 3 2023 SSBMean 77.4736
ai22_2 3 2024 SSBF100 182.55
ai22_2 3 2024 SSBFabc 73.0198
ai22_2 3 2024 SSBFofl 63.8923
ai22_2 3 2024 SSBLCI 81.7282
ai22_2 3 2024 SSBUCI 81.7839
ai22_2 3 2024 SSBMedian 81.7342
ai22_2 3 2024 SSBMean 81.7422
ai22_2 3 2025 SSBF100 182.55
ai22_2 3 2025 SSBFabc 73.0198
ai22_2 3 2025 SSBFofl 63.8923
ai22_2 3 2025 SSBLCI 87.4024
ai22_2 3 2025 SSBUCI 89.495
ai22_2 3 2025 SSBMedian 87.6345
ai22_2 3 2025 SSBMean 87.9348
ai22_2 3 2026 SSBF100 182.55
ai22_2 3 2026 SSBFabc 73.0198
ai22_2 3 2026 SSBFofl 63.8923
ai22_2 3 2026 SSBLCI 89.0319
ai22_2 3 2026 SSBUCI 118.745
ai22_2 3 2026 SSBMedian 92.5376
ai22_2 3 2026 SSBMean 96.7087
ai22_2 3 2027 SSBF100 182.55
ai22_2 3 2027 SSBFabc 73.0198
ai22_2 3 2027 SSBFofl 63.8923
ai22_2 3 2027 SSBLCI 86.1023
ai22_2 3 2027 SSBUCI 156.853
ai22_2 3 2027 SSBMedian 98.292
ai22_2 3 2027 SSBMean 106.985
ai22_2 3 2028 SSBF100 182.55
ai22_2 3 2028 SSBFabc 73.0198
ai22_2 3 2028 SSBFofl 63.8923
ai22_2 3 2028 SSBLCI 81.9044
ai22_2 3 2028 SSBUCI 199.124
ai22_2 3 2028 SSBMedian 106.024
ai22_2 3 2028 SSBMean 117.8
ai22_2 3 2029 SSBF100 182.55
ai22_2 3 2029 SSBFabc 73.0198
ai22_2 3 2029 SSBFofl 63.8923
ai22_2 3 2029 SSBLCI 78.4427
ai22_2 3 2029 SSBUCI 222.414
ai22_2 3 2029 SSBMedian 115.135
ai22_2 3 2029 SSBMean 127.8
ai22_2 3 2030 SSBF100 182.55
ai22_2 3 2030 SSBFabc 73.0198
ai22_2 3 2030 SSBFofl 63.8923
ai22_2 3 2030 SSBLCI 76.8366
ai22_2 3 2030 SSBUCI 238.884
ai22_2 3 2030 SSBMedian 122.832
ai22_2 3 2030 SSBMean 136.419
ai22_2 3 2031 SSBF100 182.55
ai22_2 3 2031 SSBFabc 73.0198
ai22_2 3 2031 SSBFofl 63.8923
ai22_2 3 2031 SSBLCI 75.5796
ai22_2 3 2031 SSBUCI 258.209
ai22_2 3 2031 SSBMedian 129.636
ai22_2 3 2031 SSBMean 143.173
ai22_2 3 2032 SSBF100 182.55
ai22_2 3 2032 SSBFabc 73.0198
ai22_2 3 2032 SSBFofl 63.8923
ai22_2 3 2032 SSBLCI 76.947
ai22_2 3 2032 SSBUCI 262.08
ai22_2 3 2032 SSBMedian 134.458
ai22_2 3 2032 SSBMean 148.057
ai22_2 3 2033 SSBF100 182.55
ai22_2 3 2033 SSBFabc 73.0198
ai22_2 3 2033 SSBFofl 63.8923
ai22_2 3 2033 SSBLCI 75.9961
ai22_2 3 2033 SSBUCI 267.968
ai22_2 3 2033 SSBMedian 138.225
ai22_2 3 2033 SSBMean 151.314
ai22_2 3 2034 SSBF100 182.55
ai22_2 3 2034 SSBFabc 73.0198
ai22_2 3 2034 SSBFofl 63.8923
ai22_2 3 2034 SSBLCI 74.9612
ai22_2 3 2034 SSBUCI 276.759
ai22_2 3 2034 SSBMedian 140.84
ai22_2 3 2034 SSBMean 153.541
ai22_2 3 2035 SSBF100 182.55
ai22_2 3 2035 SSBFabc 73.0198
ai22_2 3 2035 SSBFofl 63.8923
ai22_2 3 2035 SSBLCI 74.753
ai22_2 3 2035 SSBUCI 273.754
ai22_2 3 2035 SSBMedian 141.924
ai22_2 3 2035 SSBMean 154.306
ai22_2 3 2036 SSBF100 182.55
ai22_2 3 2036 SSBFabc 73.0198
ai22_2 3 2036 SSBFofl 63.8923
ai22_2 3 2036 SSBLCI 76.3805
ai22_2 3 2036 SSBUCI 269.685
ai22_2 3 2036 SSBMedian 141.912
ai22_2 3 2036 SSBMean 154.453
ai22_2 3 2022 F0 0 
ai22_2 3 2022 Fabc 0.411432
ai22_2 3 2022 Fofl 0.526075
ai22_2 3 2022  F_LCI 0.019542
ai22_2 3 2022  F_UCI 0.019542
ai22_2 3 2022  F_Median 0.019542
ai22_2 3 2022  F_Mean 0.019542
ai22_2 3 2023 F0 0 
ai22_2 3 2023 Fabc 0.411432
ai22_2 3 2023 Fofl 0.526075
ai22_2 3 2023  F_LCI 0.0111949
ai22_2 3 2023  F_UCI 0.0112749
ai22_2 3 2023  F_Median 0.0112662
ai22_2 3 2023  F_Mean 0.0112548
ai22_2 3 2024 F0 0 
ai22_2 3 2024 Fabc 0.411432
ai22_2 3 2024 Fofl 0.526075
ai22_2 3 2024  F_LCI 0.0269599
ai22_2 3 2024  F_UCI 0.0269599
ai22_2 3 2024  F_Median 0.0269599
ai22_2 3 2024  F_Mean 0.0269599
ai22_2 3 2025 F0 0 
ai22_2 3 2025 Fabc 0.411432
ai22_2 3 2025 Fofl 0.526075
ai22_2 3 2025  F_LCI 0.0269599
ai22_2 3 2025  F_UCI 0.0269599
ai22_2 3 2025  F_Median 0.0269599
ai22_2 3 2025  F_Mean 0.0269599
ai22_2 3 2026 F0 0 
ai22_2 3 2026 Fabc 0.411432
ai22_2 3 2026 Fofl 0.526075
ai22_2 3 2026  F_LCI 0.0269599
ai22_2 3 2026  F_UCI 0.0269599
ai22_2 3 2026  F_Median 0.0269599
ai22_2 3 2026  F_Mean 0.0269599
ai22_2 3 2027 F0 0 
ai22_2 3 2027 Fabc 0.411432
ai22_2 3 2027 Fofl 0.526075
ai22_2 3 2027  F_LCI 0.0269599
ai22_2 3 2027  F_UCI 0.0269599
ai22_2 3 2027  F_Median 0.0269599
ai22_2 3 2027  F_Mean 0.0269599
ai22_2 3 2028 F0 0 
ai22_2 3 2028 Fabc 0.411432
ai22_2 3 2028 Fofl 0.526075
ai22_2 3 2028  F_LCI 0.0269599
ai22_2 3 2028  F_UCI 0.0269599
ai22_2 3 2028  F_Median 0.0269599
ai22_2 3 2028  F_Mean 0.0269599
ai22_2 3 2029 F0 0 
ai22_2 3 2029 Fabc 0.411432
ai22_2 3 2029 Fofl 0.526075
ai22_2 3 2029  F_LCI 0.0269599
ai22_2 3 2029  F_UCI 0.0269599
ai22_2 3 2029  F_Median 0.0269599
ai22_2 3 2029  F_Mean 0.0269599
ai22_2 3 2030 F0 0 
ai22_2 3 2030 Fabc 0.411432
ai22_2 3 2030 Fofl 0.526075
ai22_2 3 2030  F_LCI 0.0269599
ai22_2 3 2030  F_UCI 0.0269599
ai22_2 3 2030  F_Median 0.0269599
ai22_2 3 2030  F_Mean 0.0269599
ai22_2 3 2031 F0 0 
ai22_2 3 2031 Fabc 0.411432
ai22_2 3 2031 Fofl 0.526075
ai22_2 3 2031  F_LCI 0.0269599
ai22_2 3 2031  F_UCI 0.0269599
ai22_2 3 2031  F_Median 0.0269599
ai22_2 3 2031  F_Mean 0.0269599
ai22_2 3 2032 F0 0 
ai22_2 3 2032 Fabc 0.411432
ai22_2 3 2032 Fofl 0.526075
ai22_2 3 2032  F_LCI 0.0269599
ai22_2 3 2032  F_UCI 0.0269599
ai22_2 3 2032  F_Median 0.0269599
ai22_2 3 2032  F_Mean 0.0269599
ai22_2 3 2033 F0 0 
ai22_2 3 2033 Fabc 0.411432
ai22_2 3 2033 Fofl 0.526075
ai22_2 3 2033  F_LCI 0.0269599
ai22_2 3 2033  F_UCI 0.0269599
ai22_2 3 2033  F_Median 0.0269599
ai22_2 3 2033  F_Mean 0.0269599
ai22_2 3 2034 F0 0 
ai22_2 3 2034 Fabc 0.411432
ai22_2 3 2034 Fofl 0.526075
ai22_2 3 2034  F_LCI 0.0269599
ai22_2 3 2034  F_UCI 0.0269599
ai22_2 3 2034  F_Median 0.0269599
ai22_2 3 2034  F_Mean 0.0269599
ai22_2 3 2035 F0 0 
ai22_2 3 2035 Fabc 0.411432
ai22_2 3 2035 Fofl 0.526075
ai22_2 3 2035  F_LCI 0.0269599
ai22_2 3 2035  F_UCI 0.0269599
ai22_2 3 2035  F_Median 0.0269599
ai22_2 3 2035  F_Mean 0.0269599
ai22_2 3 2036 F0 0 
ai22_2 3 2036 Fabc 0.411432
ai22_2 3 2036 Fofl 0.526075
ai22_2 3 2036  F_LCI 0.0269599
ai22_2 3 2036  F_UCI 0.0269599
ai22_2 3 2036  F_Median 0.0269599
ai22_2 3 2036  F_Mean 0.0269599
ai22_2 4 2022 Cabc 45.8016
ai22_2 4 2022 Cofl 48.8559
ai22_2 4 2022 CLCI 3
ai22_2 4 2022 CUCI 3
ai22_2 4 2022 CMedian 3
ai22_2 4 2022 CMean 3
ai22_2 4 2022 CStdn 5.01821e-014
ai22_2 4 2023 Cabc 45.8016
ai22_2 4 2023 Cofl 48.8559
ai22_2 4 2023 CLCI 1.67
ai22_2 4 2023 CUCI 1.67
ai22_2 4 2023 CMedian 1.67
ai22_2 4 2023 CMean 1.67
ai22_2 4 2023 CStdn 3.58997e-007
ai22_2 4 2024 Cabc 45.8016
ai22_2 4 2024 Cofl 48.8559
ai22_2 4 2024 CLCI 22.6771
ai22_2 4 2024 CUCI 23.1714
ai22_2 4 2024 CMedian 22.7567
ai22_2 4 2024 CMean 22.8229
ai22_2 4 2024 CStdn 0.197276
ai22_2 4 2025 Cabc 45.8016
ai22_2 4 2025 Cofl 48.8559
ai22_2 4 2025 CLCI 21.2745
ai22_2 4 2025 CUCI 22.6823
ai22_2 4 2025 CMedian 21.531
ai22_2 4 2025 CMean 21.7042
ai22_2 4 2025 CStdn 0.563672
ai22_2 4 2026 Cabc 45.8016
ai22_2 4 2026 Cofl 48.8559
ai22_2 4 2026 CLCI 21.2342
ai22_2 4 2026 CUCI 25.4033
ai22_2 4 2026 CMedian 21.9628
ai22_2 4 2026 CMean 22.4856
ai22_2 4 2026 CStdn 1.66402
ai22_2 4 2027 Cabc 45.8016
ai22_2 4 2027 Cofl 48.8559
ai22_2 4 2027 CLCI 20.8111
ai22_2 4 2027 CUCI 31.4364
ai22_2 4 2027 CMedian 22.7974
ai22_2 4 2027 CMean 24.0793
ai22_2 4 2027 CStdn 4.18804
ai22_2 4 2028 Cabc 45.8016
ai22_2 4 2028 Cofl 48.8559
ai22_2 4 2028 CLCI 19.3352
ai22_2 4 2028 CUCI 40.6812
ai22_2 4 2028 CMedian 23.6243
ai22_2 4 2028 CMean 25.9488
ai22_2 4 2028 CStdn 7.87861
ai22_2 4 2029 Cabc 45.8016
ai22_2 4 2029 Cofl 48.8559
ai22_2 4 2029 CLCI 17.1787
ai22_2 4 2029 CUCI 49.9629
ai22_2 4 2029 CMedian 24.6157
ai22_2 4 2029 CMean 27.6602
ai22_2 4 2029 CStdn 11.1382
ai22_2 4 2030 Cabc 45.8016
ai22_2 4 2030 Cofl 48.8559
ai22_2 4 2030 CLCI 15.2093
ai22_2 4 2030 CUCI 53.8516
ai22_2 4 2030 CMedian 25.7908
ai22_2 4 2030 CMean 29.1766
ai22_2 4 2030 CStdn 13.4132
ai22_2 4 2031 Cabc 45.8016
ai22_2 4 2031 Cofl 48.8559
ai22_2 4 2031 CLCI 14.4859
ai22_2 4 2031 CUCI 57.1433
ai22_2 4 2031 CMedian 26.7155
ai22_2 4 2031 CMean 30.2087
ai22_2 4 2031 CStdn 14.4132
ai22_2 4 2032 Cabc 45.8016
ai22_2 4 2032 Cofl 48.8559
ai22_2 4 2032 CLCI 14.1995
ai22_2 4 2032 CUCI 57.6969
ai22_2 4 2032 CMedian 27.1482
ai22_2 4 2032 CMean 30.8241
ai22_2 4 2032 CStdn 15.0233
ai22_2 4 2033 Cabc 45.8016
ai22_2 4 2033 Cofl 48.8559
ai22_2 4 2033 CLCI 13.7782
ai22_2 4 2033 CUCI 58.7982
ai22_2 4 2033 CMedian 27.6706
ai22_2 4 2033 CMean 31.0502
ai22_2 4 2033 CStdn 15.2796
ai22_2 4 2034 Cabc 45.8016
ai22_2 4 2034 Cofl 48.8559
ai22_2 4 2034 CLCI 13.7742
ai22_2 4 2034 CUCI 59.0118
ai22_2 4 2034 CMedian 27.9032
ai22_2 4 2034 CMean 31.0985
ai22_2 4 2034 CStdn 14.869
ai22_2 4 2035 Cabc 45.8016
ai22_2 4 2035 Cofl 48.8559
ai22_2 4 2035 CLCI 13.6622
ai22_2 4 2035 CUCI 59.5322
ai22_2 4 2035 CMedian 27.9456
ai22_2 4 2035 CMean 31.0011
ai22_2 4 2035 CStdn 14.5185
ai22_2 4 2036 Cabc 45.8016
ai22_2 4 2036 Cofl 48.8559
ai22_2 4 2036 CLCI 13.8644
ai22_2 4 2036 CUCI 57.865
ai22_2 4 2036 CMedian 27.7339
ai22_2 4 2036 CMean 30.8015
ai22_2 4 2036 CStdn 14.282
ai22_2 4 2022 SSBF100 182.55
ai22_2 4 2022 SSBFabc 73.0198
ai22_2 4 2022 SSBFofl 63.8923
ai22_2 4 2022 SSBLCI 78.2401
ai22_2 4 2022 SSBUCI 78.2401
ai22_2 4 2022 SSBMedian 78.2401
ai22_2 4 2022 SSBMean 78.2401
ai22_2 4 2023 SSBF100 182.55
ai22_2 4 2023 SSBFabc 73.0198
ai22_2 4 2023 SSBFofl 63.8923
ai22_2 4 2023 SSBLCI 77.4734
ai22_2 4 2023 SSBUCI 77.4742
ai22_2 4 2023 SSBMedian 77.4735
ai22_2 4 2023 SSBMean 77.4736
ai22_2 4 2024 SSBF100 182.55
ai22_2 4 2024 SSBFabc 73.0198
ai22_2 4 2024 SSBFofl 63.8923
ai22_2 4 2024 SSBLCI 80.3208
ai22_2 4 2024 SSBUCI 80.3765
ai22_2 4 2024 SSBMedian 80.3268
ai22_2 4 2024 SSBMean 80.3348
ai22_2 4 2025 SSBF100 182.55
ai22_2 4 2025 SSBFabc 73.0198
ai22_2 4 2025 SSBFofl 63.8923
ai22_2 4 2025 SSBLCI 79.1631
ai22_2 4 2025 SSBUCI 81.2463
ai22_2 4 2025 SSBMedian 79.3941
ai22_2 4 2025 SSBMean 79.6931
ai22_2 4 2026 SSBF100 182.55
ai22_2 4 2026 SSBFabc 73.0198
ai22_2 4 2026 SSBFofl 63.8923
ai22_2 4 2026 SSBLCI 75.4673
ai22_2 4 2026 SSBUCI 104.768
ai22_2 4 2026 SSBMedian 78.9299
ai22_2 4 2026 SSBMean 83.0408
ai22_2 4 2027 SSBF100 182.55
ai22_2 4 2027 SSBFabc 73.0198
ai22_2 4 2027 SSBFofl 63.8923
ai22_2 4 2027 SSBLCI 68.2078
ai22_2 4 2027 SSBUCI 136.927
ai22_2 4 2027 SSBMedian 79.9984
ai22_2 4 2027 SSBMean 88.4618
ai22_2 4 2028 SSBF100 182.55
ai22_2 4 2028 SSBFabc 73.0198
ai22_2 4 2028 SSBFofl 63.8923
ai22_2 4 2028 SSBLCI 60.7721
ai22_2 4 2028 SSBUCI 172.577
ai22_2 4 2028 SSBMedian 83.76
ai22_2 4 2028 SSBMean 94.6633
ai22_2 4 2029 SSBF100 182.55
ai22_2 4 2029 SSBFabc 73.0198
ai22_2 4 2029 SSBFofl 63.8923
ai22_2 4 2029 SSBLCI 54.8357
ai22_2 4 2029 SSBUCI 183.988
ai22_2 4 2029 SSBMedian 89.2482
ai22_2 4 2029 SSBMean 100.249
ai22_2 4 2030 SSBF100 182.55
ai22_2 4 2030 SSBFabc 73.0198
ai22_2 4 2030 SSBFofl 63.8923
ai22_2 4 2030 SSBLCI 51.8837
ai22_2 4 2030 SSBUCI 196.708
ai22_2 4 2030 SSBMedian 93.0008
ai22_2 4 2030 SSBMean 104.668
ai22_2 4 2031 SSBF100 182.55
ai22_2 4 2031 SSBFabc 73.0198
ai22_2 4 2031 SSBFofl 63.8923
ai22_2 4 2031 SSBLCI 50.0476
ai22_2 4 2031 SSBUCI 204.09
ai22_2 4 2031 SSBMedian 94.7672
ai22_2 4 2031 SSBMean 107.571
ai22_2 4 2032 SSBF100 182.55
ai22_2 4 2032 SSBFabc 73.0198
ai22_2 4 2032 SSBFofl 63.8923
ai22_2 4 2032 SSBLCI 50.3191
ai22_2 4 2032 SSBUCI 205.933
ai22_2 4 2032 SSBMedian 97.4324
ai22_2 4 2032 SSBMean 109.206
ai22_2 4 2033 SSBF100 182.55
ai22_2 4 2033 SSBFabc 73.0198
ai22_2 4 2033 SSBFofl 63.8923
ai22_2 4 2033 SSBLCI 48.2292
ai22_2 4 2033 SSBUCI 206.575
ai22_2 4 2033 SSBMedian 97.602
ai22_2 4 2033 SSBMean 109.842
ai22_2 4 2034 SSBF100 182.55
ai22_2 4 2034 SSBFabc 73.0198
ai22_2 4 2034 SSBFofl 63.8923
ai22_2 4 2034 SSBLCI 47.8394
ai22_2 4 2034 SSBUCI 208.363
ai22_2 4 2034 SSBMedian 98.5603
ai22_2 4 2034 SSBMean 109.992
ai22_2 4 2035 SSBF100 182.55
ai22_2 4 2035 SSBFabc 73.0198
ai22_2 4 2035 SSBFofl 63.8923
ai22_2 4 2035 SSBLCI 48.2153
ai22_2 4 2035 SSBUCI 202.271
ai22_2 4 2035 SSBMedian 98.3253
ai22_2 4 2035 SSBMean 109.155
ai22_2 4 2036 SSBF100 182.55
ai22_2 4 2036 SSBFabc 73.0198
ai22_2 4 2036 SSBFofl 63.8923
ai22_2 4 2036 SSBLCI 48.245
ai22_2 4 2036 SSBUCI 200.511
ai22_2 4 2036 SSBMedian 97.4723
ai22_2 4 2036 SSBMean 108.081
ai22_2 4 2022 F0 0 
ai22_2 4 2022 Fabc 0.411432
ai22_2 4 2022 Fofl 0.526075
ai22_2 4 2022  F_LCI 0.019542
ai22_2 4 2022  F_UCI 0.019542
ai22_2 4 2022  F_Median 0.019542
ai22_2 4 2022  F_Mean 0.019542
ai22_2 4 2023 F0 0 
ai22_2 4 2023 Fabc 0.411432
ai22_2 4 2023 Fofl 0.526075
ai22_2 4 2023  F_LCI 0.0111949
ai22_2 4 2023  F_UCI 0.0112749
ai22_2 4 2023  F_Median 0.0112662
ai22_2 4 2023  F_Mean 0.0112548
ai22_2 4 2024 F0 0 
ai22_2 4 2024 Fabc 0.411432
ai22_2 4 2024 Fofl 0.526075
ai22_2 4 2024  F_LCI 0.164574
ai22_2 4 2024  F_UCI 0.164574
ai22_2 4 2024  F_Median 0.164574
ai22_2 4 2024  F_Mean 0.164574
ai22_2 4 2025 F0 0 
ai22_2 4 2025 Fabc 0.411432
ai22_2 4 2025 Fofl 0.526075
ai22_2 4 2025  F_LCI 0.164574
ai22_2 4 2025  F_UCI 0.164574
ai22_2 4 2025  F_Median 0.164574
ai22_2 4 2025  F_Mean 0.164574
ai22_2 4 2026 F0 0 
ai22_2 4 2026 Fabc 0.411432
ai22_2 4 2026 Fofl 0.526075
ai22_2 4 2026  F_LCI 0.164574
ai22_2 4 2026  F_UCI 0.164574
ai22_2 4 2026  F_Median 0.164574
ai22_2 4 2026  F_Mean 0.164574
ai22_2 4 2027 F0 0 
ai22_2 4 2027 Fabc 0.411432
ai22_2 4 2027 Fofl 0.526075
ai22_2 4 2027  F_LCI 0.164574
ai22_2 4 2027  F_UCI 0.164574
ai22_2 4 2027  F_Median 0.164574
ai22_2 4 2027  F_Mean 0.164574
ai22_2 4 2028 F0 0 
ai22_2 4 2028 Fabc 0.411432
ai22_2 4 2028 Fofl 0.526075
ai22_2 4 2028  F_LCI 0.164574
ai22_2 4 2028  F_UCI 0.164574
ai22_2 4 2028  F_Median 0.164574
ai22_2 4 2028  F_Mean 0.164574
ai22_2 4 2029 F0 0 
ai22_2 4 2029 Fabc 0.411432
ai22_2 4 2029 Fofl 0.526075
ai22_2 4 2029  F_LCI 0.164574
ai22_2 4 2029  F_UCI 0.164574
ai22_2 4 2029  F_Median 0.164574
ai22_2 4 2029  F_Mean 0.164574
ai22_2 4 2030 F0 0 
ai22_2 4 2030 Fabc 0.411432
ai22_2 4 2030 Fofl 0.526075
ai22_2 4 2030  F_LCI 0.164574
ai22_2 4 2030  F_UCI 0.164574
ai22_2 4 2030  F_Median 0.164574
ai22_2 4 2030  F_Mean 0.164574
ai22_2 4 2031 F0 0 
ai22_2 4 2031 Fabc 0.411432
ai22_2 4 2031 Fofl 0.526075
ai22_2 4 2031  F_LCI 0.164574
ai22_2 4 2031  F_UCI 0.164574
ai22_2 4 2031  F_Median 0.164574
ai22_2 4 2031  F_Mean 0.164245
ai22_2 4 2032 F0 0 
ai22_2 4 2032 Fabc 0.411432
ai22_2 4 2032 Fofl 0.526075
ai22_2 4 2032  F_LCI 0.164574
ai22_2 4 2032  F_UCI 0.164574
ai22_2 4 2032  F_Median 0.164574
ai22_2 4 2032  F_Mean 0.16408
ai22_2 4 2033 F0 0 
ai22_2 4 2033 Fabc 0.411432
ai22_2 4 2033 Fofl 0.526075
ai22_2 4 2033  F_LCI 0.164574
ai22_2 4 2033  F_UCI 0.164574
ai22_2 4 2033  F_Median 0.164574
ai22_2 4 2033  F_Mean 0.163422
ai22_2 4 2034 F0 0 
ai22_2 4 2034 Fabc 0.411432
ai22_2 4 2034 Fofl 0.526075
ai22_2 4 2034  F_LCI 0.164574
ai22_2 4 2034  F_UCI 0.164574
ai22_2 4 2034  F_Median 0.164574
ai22_2 4 2034  F_Mean 0.163751
ai22_2 4 2035 F0 0 
ai22_2 4 2035 Fabc 0.411432
ai22_2 4 2035 Fofl 0.526075
ai22_2 4 2035  F_LCI 0.164574
ai22_2 4 2035  F_UCI 0.164574
ai22_2 4 2035  F_Median 0.164574
ai22_2 4 2035  F_Mean 0.163916
ai22_2 4 2036 F0 0 
ai22_2 4 2036 Fabc 0.411432
ai22_2 4 2036 Fofl 0.526075
ai22_2 4 2036  F_LCI 0.164574
ai22_2 4 2036  F_UCI 0.164574
ai22_2 4 2036  F_Median 0.164574
ai22_2 4 2036  F_Mean 0.16408
ai22_2 5 2022 Cabc 45.8016
ai22_2 5 2022 Cofl 48.8559
ai22_2 5 2022 CLCI 3
ai22_2 5 2022 CUCI 3
ai22_2 5 2022 CMedian 3
ai22_2 5 2022 CMean 3
ai22_2 5 2022 CStdn 5.01821e-014
ai22_2 5 2023 Cabc 45.8016
ai22_2 5 2023 Cofl 48.8559
ai22_2 5 2023 CLCI 1.67
ai22_2 5 2023 CUCI 1.67
ai22_2 5 2023 CMedian 1.67
ai22_2 5 2023 CMean 1.67
ai22_2 5 2023 CStdn 3.58997e-007
ai22_2 5 2024 Cabc 45.8016
ai22_2 5 2024 Cofl 48.8559
ai22_2 5 2024 CLCI 0
ai22_2 5 2024 CUCI 0
ai22_2 5 2024 CMedian 0
ai22_2 5 2024 CMean 0
ai22_2 5 2024 CStdn 0
ai22_2 5 2025 Cabc 45.8016
ai22_2 5 2025 Cofl 48.8559
ai22_2 5 2025 CLCI 0
ai22_2 5 2025 CUCI 0
ai22_2 5 2025 CMedian 0
ai22_2 5 2025 CMean 0
ai22_2 5 2025 CStdn 0
ai22_2 5 2026 Cabc 45.8016
ai22_2 5 2026 Cofl 48.8559
ai22_2 5 2026 CLCI 0
ai22_2 5 2026 CUCI 0
ai22_2 5 2026 CMedian 0
ai22_2 5 2026 CMean 0
ai22_2 5 2026 CStdn 0
ai22_2 5 2027 Cabc 45.8016
ai22_2 5 2027 Cofl 48.8559
ai22_2 5 2027 CLCI 0
ai22_2 5 2027 CUCI 0
ai22_2 5 2027 CMedian 0
ai22_2 5 2027 CMean 0
ai22_2 5 2027 CStdn 0
ai22_2 5 2028 Cabc 45.8016
ai22_2 5 2028 Cofl 48.8559
ai22_2 5 2028 CLCI 0
ai22_2 5 2028 CUCI 0
ai22_2 5 2028 CMedian 0
ai22_2 5 2028 CMean 0
ai22_2 5 2028 CStdn 0
ai22_2 5 2029 Cabc 45.8016
ai22_2 5 2029 Cofl 48.8559
ai22_2 5 2029 CLCI 0
ai22_2 5 2029 CUCI 0
ai22_2 5 2029 CMedian 0
ai22_2 5 2029 CMean 0
ai22_2 5 2029 CStdn 0
ai22_2 5 2030 Cabc 45.8016
ai22_2 5 2030 Cofl 48.8559
ai22_2 5 2030 CLCI 0
ai22_2 5 2030 CUCI 0
ai22_2 5 2030 CMedian 0
ai22_2 5 2030 CMean 0
ai22_2 5 2030 CStdn 0
ai22_2 5 2031 Cabc 45.8016
ai22_2 5 2031 Cofl 48.8559
ai22_2 5 2031 CLCI 0
ai22_2 5 2031 CUCI 0
ai22_2 5 2031 CMedian 0
ai22_2 5 2031 CMean 0
ai22_2 5 2031 CStdn 0
ai22_2 5 2032 Cabc 45.8016
ai22_2 5 2032 Cofl 48.8559
ai22_2 5 2032 CLCI 0
ai22_2 5 2032 CUCI 0
ai22_2 5 2032 CMedian 0
ai22_2 5 2032 CMean 0
ai22_2 5 2032 CStdn 0
ai22_2 5 2033 Cabc 45.8016
ai22_2 5 2033 Cofl 48.8559
ai22_2 5 2033 CLCI 0
ai22_2 5 2033 CUCI 0
ai22_2 5 2033 CMedian 0
ai22_2 5 2033 CMean 0
ai22_2 5 2033 CStdn 0
ai22_2 5 2034 Cabc 45.8016
ai22_2 5 2034 Cofl 48.8559
ai22_2 5 2034 CLCI 0
ai22_2 5 2034 CUCI 0
ai22_2 5 2034 CMedian 0
ai22_2 5 2034 CMean 0
ai22_2 5 2034 CStdn 0
ai22_2 5 2035 Cabc 45.8016
ai22_2 5 2035 Cofl 48.8559
ai22_2 5 2035 CLCI 0
ai22_2 5 2035 CUCI 0
ai22_2 5 2035 CMedian 0
ai22_2 5 2035 CMean 0
ai22_2 5 2035 CStdn 0
ai22_2 5 2036 Cabc 45.8016
ai22_2 5 2036 Cofl 48.8559
ai22_2 5 2036 CLCI 0
ai22_2 5 2036 CUCI 0
ai22_2 5 2036 CMedian 0
ai22_2 5 2036 CMean 0
ai22_2 5 2036 CStdn 0
ai22_2 5 2022 SSBF100 182.55
ai22_2 5 2022 SSBFabc 73.0198
ai22_2 5 2022 SSBFofl 63.8923
ai22_2 5 2022 SSBLCI 78.2401
ai22_2 5 2022 SSBUCI 78.2401
ai22_2 5 2022 SSBMedian 78.2401
ai22_2 5 2022 SSBMean 78.2401
ai22_2 5 2023 SSBF100 182.55
ai22_2 5 2023 SSBFabc 73.0198
ai22_2 5 2023 SSBFofl 63.8923
ai22_2 5 2023 SSBLCI 77.4734
ai22_2 5 2023 SSBUCI 77.4742
ai22_2 5 2023 SSBMedian 77.4735
ai22_2 5 2023 SSBMean 77.4736
ai22_2 5 2024 SSBF100 182.55
ai22_2 5 2024 SSBFabc 73.0198
ai22_2 5 2024 SSBFofl 63.8923
ai22_2 5 2024 SSBLCI 82.0073
ai22_2 5 2024 SSBUCI 82.0631
ai22_2 5 2024 SSBMedian 82.0133
ai22_2 5 2024 SSBMean 82.0213
ai22_2 5 2025 SSBF100 182.55
ai22_2 5 2025 SSBFabc 73.0198
ai22_2 5 2025 SSBFofl 63.8923
ai22_2 5 2025 SSBLCI 89.1511
ai22_2 5 2025 SSBUCI 91.2455
ai22_2 5 2025 SSBMedian 89.3834
ai22_2 5 2025 SSBMean 89.684
ai22_2 5 2026 SSBF100 182.55
ai22_2 5 2026 SSBFabc 73.0198
ai22_2 5 2026 SSBFofl 63.8923
ai22_2 5 2026 SSBLCI 92.0849
ai22_2 5 2026 SSBUCI 121.88
ai22_2 5 2026 SSBMedian 95.5992
ai22_2 5 2026 SSBMean 99.7821
ai22_2 5 2027 SSBF100 182.55
ai22_2 5 2027 SSBFabc 73.0198
ai22_2 5 2027 SSBFofl 63.8923
ai22_2 5 2027 SSBLCI 90.3539
ai22_2 5 2027 SSBUCI 161.51
ai22_2 5 2027 SSBMedian 102.628
ai22_2 5 2027 SSBMean 111.361
ai22_2 5 2028 SSBF100 182.55
ai22_2 5 2028 SSBFabc 73.0198
ai22_2 5 2028 SSBFofl 63.8923
ai22_2 5 2028 SSBLCI 87.205
ai22_2 5 2028 SSBUCI 205.512
ai22_2 5 2028 SSBMedian 111.506
ai22_2 5 2028 SSBMean 123.503
ai22_2 5 2029 SSBF100 182.55
ai22_2 5 2029 SSBFabc 73.0198
ai22_2 5 2029 SSBFofl 63.8923
ai22_2 5 2029 SSBLCI 84.7199
ai22_2 5 2029 SSBUCI 229.502
ai22_2 5 2029 SSBMedian 121.843
ai22_2 5 2029 SSBMean 134.847
ai22_2 5 2030 SSBF100 182.55
ai22_2 5 2030 SSBFabc 73.0198
ai22_2 5 2030 SSBFofl 63.8923
ai22_2 5 2030 SSBLCI 83.4714
ai22_2 5 2030 SSBUCI 249.788
ai22_2 5 2030 SSBMedian 130.83
ai22_2 5 2030 SSBMean 144.815
ai22_2 5 2031 SSBF100 182.55
ai22_2 5 2031 SSBFabc 73.0198
ai22_2 5 2031 SSBFofl 63.8923
ai22_2 5 2031 SSBLCI 82.7038
ai22_2 5 2031 SSBUCI 270.849
ai22_2 5 2031 SSBMedian 139.31
ai22_2 5 2031 SSBMean 152.875
ai22_2 5 2032 SSBF100 182.55
ai22_2 5 2032 SSBFabc 73.0198
ai22_2 5 2032 SSBFofl 63.8923
ai22_2 5 2032 SSBLCI 84.6056
ai22_2 5 2032 SSBUCI 277.203
ai22_2 5 2032 SSBMedian 144.116
ai22_2 5 2032 SSBMean 158.941
ai22_2 5 2033 SSBF100 182.55
ai22_2 5 2033 SSBFabc 73.0198
ai22_2 5 2033 SSBFofl 63.8923
ai22_2 5 2033 SSBLCI 84.1405
ai22_2 5 2033 SSBUCI 282.544
ai22_2 5 2033 SSBMedian 149.378
ai22_2 5 2033 SSBMean 163.229
ai22_2 5 2034 SSBF100 182.55
ai22_2 5 2034 SSBFabc 73.0198
ai22_2 5 2034 SSBFofl 63.8923
ai22_2 5 2034 SSBLCI 83.7708
ai22_2 5 2034 SSBUCI 293.057
ai22_2 5 2034 SSBMedian 152.995
ai22_2 5 2034 SSBMean 166.354
ai22_2 5 2035 SSBF100 182.55
ai22_2 5 2035 SSBFabc 73.0198
ai22_2 5 2035 SSBFofl 63.8923
ai22_2 5 2035 SSBLCI 83.2186
ai22_2 5 2035 SSBUCI 292.59
ai22_2 5 2035 SSBMedian 155.67
ai22_2 5 2035 SSBMean 167.889
ai22_2 5 2036 SSBF100 182.55
ai22_2 5 2036 SSBFabc 73.0198
ai22_2 5 2036 SSBFofl 63.8923
ai22_2 5 2036 SSBLCI 84.1826
ai22_2 5 2036 SSBUCI 290.497
ai22_2 5 2036 SSBMedian 155.557
ai22_2 5 2036 SSBMean 168.698
ai22_2 5 2022 F0 0 
ai22_2 5 2022 Fabc 0.411432
ai22_2 5 2022 Fofl 0.526075
ai22_2 5 2022  F_LCI 0.019542
ai22_2 5 2022  F_UCI 0.019542
ai22_2 5 2022  F_Median 0.019542
ai22_2 5 2022  F_Mean 0.019542
ai22_2 5 2023 F0 0 
ai22_2 5 2023 Fabc 0.411432
ai22_2 5 2023 Fofl 0.526075
ai22_2 5 2023  F_LCI 0.0111949
ai22_2 5 2023  F_UCI 0.0112749
ai22_2 5 2023  F_Median 0.0112662
ai22_2 5 2023  F_Mean 0.0112548
ai22_2 5 2024 F0 0 
ai22_2 5 2024 Fabc 0.411432
ai22_2 5 2024 Fofl 0.526075
ai22_2 5 2024  F_LCI 0
ai22_2 5 2024  F_UCI 0
ai22_2 5 2024  F_Median 0
ai22_2 5 2024  F_Mean 0
ai22_2 5 2025 F0 0 
ai22_2 5 2025 Fabc 0.411432
ai22_2 5 2025 Fofl 0.526075
ai22_2 5 2025  F_LCI 0
ai22_2 5 2025  F_UCI 0
ai22_2 5 2025  F_Median 0
ai22_2 5 2025  F_Mean 0
ai22_2 5 2026 F0 0 
ai22_2 5 2026 Fabc 0.411432
ai22_2 5 2026 Fofl 0.526075
ai22_2 5 2026  F_LCI 0
ai22_2 5 2026  F_UCI 0
ai22_2 5 2026  F_Median 0
ai22_2 5 2026  F_Mean 0
ai22_2 5 2027 F0 0 
ai22_2 5 2027 Fabc 0.411432
ai22_2 5 2027 Fofl 0.526075
ai22_2 5 2027  F_LCI 0
ai22_2 5 2027  F_UCI 0
ai22_2 5 2027  F_Median 0
ai22_2 5 2027  F_Mean 0
ai22_2 5 2028 F0 0 
ai22_2 5 2028 Fabc 0.411432
ai22_2 5 2028 Fofl 0.526075
ai22_2 5 2028  F_LCI 0
ai22_2 5 2028  F_UCI 0
ai22_2 5 2028  F_Median 0
ai22_2 5 2028  F_Mean 0
ai22_2 5 2029 F0 0 
ai22_2 5 2029 Fabc 0.411432
ai22_2 5 2029 Fofl 0.526075
ai22_2 5 2029  F_LCI 0
ai22_2 5 2029  F_UCI 0
ai22_2 5 2029  F_Median 0
ai22_2 5 2029  F_Mean 0
ai22_2 5 2030 F0 0 
ai22_2 5 2030 Fabc 0.411432
ai22_2 5 2030 Fofl 0.526075
ai22_2 5 2030  F_LCI 0
ai22_2 5 2030  F_UCI 0
ai22_2 5 2030  F_Median 0
ai22_2 5 2030  F_Mean 0
ai22_2 5 2031 F0 0 
ai22_2 5 2031 Fabc 0.411432
ai22_2 5 2031 Fofl 0.526075
ai22_2 5 2031  F_LCI 0
ai22_2 5 2031  F_UCI 0
ai22_2 5 2031  F_Median 0
ai22_2 5 2031  F_Mean 0
ai22_2 5 2032 F0 0 
ai22_2 5 2032 Fabc 0.411432
ai22_2 5 2032 Fofl 0.526075
ai22_2 5 2032  F_LCI 0
ai22_2 5 2032  F_UCI 0
ai22_2 5 2032  F_Median 0
ai22_2 5 2032  F_Mean 0
ai22_2 5 2033 F0 0 
ai22_2 5 2033 Fabc 0.411432
ai22_2 5 2033 Fofl 0.526075
ai22_2 5 2033  F_LCI 0
ai22_2 5 2033  F_UCI 0
ai22_2 5 2033  F_Median 0
ai22_2 5 2033  F_Mean 0
ai22_2 5 2034 F0 0 
ai22_2 5 2034 Fabc 0.411432
ai22_2 5 2034 Fofl 0.526075
ai22_2 5 2034  F_LCI 0
ai22_2 5 2034  F_UCI 0
ai22_2 5 2034  F_Median 0
ai22_2 5 2034  F_Mean 0
ai22_2 5 2035 F0 0 
ai22_2 5 2035 Fabc 0.411432
ai22_2 5 2035 Fofl 0.526075
ai22_2 5 2035  F_LCI 0
ai22_2 5 2035  F_UCI 0
ai22_2 5 2035  F_Median 0
ai22_2 5 2035  F_Mean 0
ai22_2 5 2036 F0 0 
ai22_2 5 2036 Fabc 0.411432
ai22_2 5 2036 Fofl 0.526075
ai22_2 5 2036  F_LCI 0
ai22_2 5 2036  F_UCI 0
ai22_2 5 2036  F_Median 0
ai22_2 5 2036  F_Mean 0
ai22_2 6 2022 Cabc 45.8016
ai22_2 6 2022 Cofl 48.8559
ai22_2 6 2022 CLCI 3
ai22_2 6 2022 CUCI 3
ai22_2 6 2022 CMedian 3
ai22_2 6 2022 CMean 3
ai22_2 6 2022 CStdn 5.01821e-014
ai22_2 6 2023 Cabc 45.8016
ai22_2 6 2023 Cofl 48.8559
ai22_2 6 2023 CLCI 62.9878
ai22_2 6 2023 CUCI 63.5342
ai22_2 6 2023 CMedian 63.0467
ai22_2 6 2023 CMean 63.1253
ai22_2 6 2023 CStdn 0.224721
ai22_2 6 2024 Cabc 45.8016
ai22_2 6 2024 Cofl 48.8559
ai22_2 6 2024 CLCI 35.2806
ai22_2 6 2024 CUCI 36.5083
ai22_2 6 2024 CMedian 35.4756
ai22_2 6 2024 CMean 35.6415
ai22_2 6 2024 CStdn 0.489952
ai22_2 6 2025 Cabc 45.8016
ai22_2 6 2025 Cofl 48.8559
ai22_2 6 2025 CLCI 30.5709
ai22_2 6 2025 CUCI 34.9381
ai22_2 6 2025 CMedian 31.2726
ai22_2 6 2025 CMean 31.8441
ai22_2 6 2025 CStdn 1.83057
ai22_2 6 2026 Cabc 45.8016
ai22_2 6 2026 Cofl 48.8559
ai22_2 6 2026 CLCI 28.6748
ai22_2 6 2026 CUCI 51.9701
ai22_2 6 2026 CMedian 31.9736
ai22_2 6 2026 CMean 34.912
ai22_2 6 2026 CStdn 7.8005
ai22_2 6 2027 Cabc 45.8016
ai22_2 6 2027 Cofl 48.8559
ai22_2 6 2027 CLCI 24.6418
ai22_2 6 2027 CUCI 66.226
ai22_2 6 2027 CMedian 33.73
ai22_2 6 2027 CMean 38.7924
ai22_2 6 2027 CStdn 15.1188
ai22_2 6 2028 Cabc 45.8016
ai22_2 6 2028 Cofl 48.8559
ai22_2 6 2028 CLCI 20.1488
ai22_2 6 2028 CUCI 85.7436
ai22_2 6 2028 CMedian 36.5176
ai22_2 6 2028 CMean 42.8045
ai22_2 6 2028 CStdn 22.7949
ai22_2 6 2029 Cabc 45.8016
ai22_2 6 2029 Cofl 48.8559
ai22_2 6 2029 CLCI 16.5861
ai22_2 6 2029 CUCI 97.516
ai22_2 6 2029 CMedian 39.1033
ai22_2 6 2029 CMean 45.9983
ai22_2 6 2029 CStdn 27.157
ai22_2 6 2030 Cabc 45.8016
ai22_2 6 2030 Cofl 48.8559
ai22_2 6 2030 CLCI 14.8046
ai22_2 6 2030 CUCI 100.117
ai22_2 6 2030 CMedian 40.7169
ai22_2 6 2030 CMean 47.7268
ai22_2 6 2030 CStdn 29.0982
ai22_2 6 2031 Cabc 45.8016
ai22_2 6 2031 Cofl 48.8559
ai22_2 6 2031 CLCI 14.9949
ai22_2 6 2031 CUCI 101.906
ai22_2 6 2031 CMedian 41.1468
ai22_2 6 2031 CMean 48.3923
ai22_2 6 2031 CStdn 30.0702
ai22_2 6 2032 Cabc 45.8016
ai22_2 6 2032 Cofl 48.8559
ai22_2 6 2032 CLCI 14.2041
ai22_2 6 2032 CUCI 104.427
ai22_2 6 2032 CMedian 41.0847
ai22_2 6 2032 CMean 48.4915
ai22_2 6 2032 CStdn 30.235
ai22_2 6 2033 Cabc 45.8016
ai22_2 6 2033 Cofl 48.8559
ai22_2 6 2033 CLCI 13.9513
ai22_2 6 2033 CUCI 103.283
ai22_2 6 2033 CMedian 41.0053
ai22_2 6 2033 CMean 48.0907
ai22_2 6 2033 CStdn 29.7694
ai22_2 6 2034 Cabc 45.8016
ai22_2 6 2034 Cofl 48.8559
ai22_2 6 2034 CLCI 13.6837
ai22_2 6 2034 CUCI 100.683
ai22_2 6 2034 CMedian 40.5126
ai22_2 6 2034 CMean 47.5639
ai22_2 6 2034 CStdn 28.7631
ai22_2 6 2035 Cabc 45.8016
ai22_2 6 2035 Cofl 48.8559
ai22_2 6 2035 CLCI 14.242
ai22_2 6 2035 CUCI 99.8521
ai22_2 6 2035 CMedian 39.9846
ai22_2 6 2035 CMean 46.7161
ai22_2 6 2035 CStdn 28.419
ai22_2 6 2036 Cabc 45.8016
ai22_2 6 2036 Cofl 48.8559
ai22_2 6 2036 CLCI 13.9697
ai22_2 6 2036 CUCI 100.304
ai22_2 6 2036 CMedian 38.3204
ai22_2 6 2036 CMean 46.0078
ai22_2 6 2036 CStdn 28.3706
ai22_2 6 2022 SSBF100 182.55
ai22_2 6 2022 SSBFabc 73.0198
ai22_2 6 2022 SSBFofl 63.8923
ai22_2 6 2022 SSBLCI 78.2401
ai22_2 6 2022 SSBUCI 78.2401
ai22_2 6 2022 SSBMedian 78.2401
ai22_2 6 2022 SSBMean 78.2401
ai22_2 6 2023 SSBF100 182.55
ai22_2 6 2023 SSBFabc 73.0198
ai22_2 6 2023 SSBFofl 63.8923
ai22_2 6 2023 SSBLCI 72.3191
ai22_2 6 2023 SSBUCI 72.3191
ai22_2 6 2023 SSBMedian 72.3191
ai22_2 6 2023 SSBMean 72.3191
ai22_2 6 2024 SSBF100 182.55
ai22_2 6 2024 SSBFabc 73.0198
ai22_2 6 2024 SSBFofl 63.8923
ai22_2 6 2024 SSBLCI 56.7173
ai22_2 6 2024 SSBUCI 56.766
ai22_2 6 2024 SSBMedian 56.7225
ai22_2 6 2024 SSBMean 56.7295
ai22_2 6 2025 SSBF100 182.55
ai22_2 6 2025 SSBFabc 73.0198
ai22_2 6 2025 SSBFofl 63.8923
ai22_2 6 2025 SSBLCI 54.6122
ai22_2 6 2025 SSBUCI 56.5761
ai22_2 6 2025 SSBMedian 54.8298
ai22_2 6 2025 SSBMean 55.1117
ai22_2 6 2026 SSBF100 182.55
ai22_2 6 2026 SSBFabc 73.0198
ai22_2 6 2026 SSBFofl 63.8923
ai22_2 6 2026 SSBLCI 51.2934
ai22_2 6 2026 SSBUCI 78.452
ai22_2 6 2026 SSBMedian 54.5249
ai22_2 6 2026 SSBMean 58.3249
ai22_2 6 2027 SSBF100 182.55
ai22_2 6 2027 SSBFabc 73.0198
ai22_2 6 2027 SSBFofl 63.8923
ai22_2 6 2027 SSBLCI 45.1772
ai22_2 6 2027 SSBUCI 105.098
ai22_2 6 2027 SSBMedian 55.3869
ai22_2 6 2027 SSBMean 62.5885
ai22_2 6 2028 SSBF100 182.55
ai22_2 6 2028 SSBFabc 73.0198
ai22_2 6 2028 SSBFofl 63.8923
ai22_2 6 2028 SSBLCI 39.8122
ai22_2 6 2028 SSBUCI 125.374
ai22_2 6 2028 SSBMedian 57.5863
ai22_2 6 2028 SSBMean 66.6359
ai22_2 6 2029 SSBF100 182.55
ai22_2 6 2029 SSBFabc 73.0198
ai22_2 6 2029 SSBFofl 63.8923
ai22_2 6 2029 SSBLCI 36.6502
ai22_2 6 2029 SSBUCI 133.655
ai22_2 6 2029 SSBMedian 60.3847
ai22_2 6 2029 SSBMean 69.52
ai22_2 6 2030 SSBF100 182.55
ai22_2 6 2030 SSBFabc 73.0198
ai22_2 6 2030 SSBFofl 63.8923
ai22_2 6 2030 SSBLCI 35.4305
ai22_2 6 2030 SSBUCI 136.747
ai22_2 6 2030 SSBMedian 60.4393
ai22_2 6 2030 SSBMean 71.0606
ai22_2 6 2031 SSBF100 182.55
ai22_2 6 2031 SSBFabc 73.0198
ai22_2 6 2031 SSBFofl 63.8923
ai22_2 6 2031 SSBLCI 35.7223
ai22_2 6 2031 SSBUCI 137.954
ai22_2 6 2031 SSBMedian 61.7063
ai22_2 6 2031 SSBMean 71.4511
ai22_2 6 2032 SSBF100 182.55
ai22_2 6 2032 SSBFabc 73.0198
ai22_2 6 2032 SSBFofl 63.8923
ai22_2 6 2032 SSBLCI 35.2141
ai22_2 6 2032 SSBUCI 138.124
ai22_2 6 2032 SSBMedian 61.9803
ai22_2 6 2032 SSBMean 71.2701
ai22_2 6 2033 SSBF100 182.55
ai22_2 6 2033 SSBFabc 73.0198
ai22_2 6 2033 SSBFofl 63.8923
ai22_2 6 2033 SSBLCI 34.9025
ai22_2 6 2033 SSBUCI 136.382
ai22_2 6 2033 SSBMedian 61.616
ai22_2 6 2033 SSBMean 70.7221
ai22_2 6 2034 SSBF100 182.55
ai22_2 6 2034 SSBFabc 73.0198
ai22_2 6 2034 SSBFofl 63.8923
ai22_2 6 2034 SSBLCI 34.5807
ai22_2 6 2034 SSBUCI 135.136
ai22_2 6 2034 SSBMedian 61.6287
ai22_2 6 2034 SSBMean 70.2009
ai22_2 6 2035 SSBF100 182.55
ai22_2 6 2035 SSBFabc 73.0198
ai22_2 6 2035 SSBFofl 63.8923
ai22_2 6 2035 SSBLCI 34.922
ai22_2 6 2035 SSBUCI 134.777
ai22_2 6 2035 SSBMedian 60.4501
ai22_2 6 2035 SSBMean 69.1422
ai22_2 6 2036 SSBF100 182.55
ai22_2 6 2036 SSBFabc 73.0198
ai22_2 6 2036 SSBFofl 63.8923
ai22_2 6 2036 SSBLCI 35.0763
ai22_2 6 2036 SSBUCI 131.139
ai22_2 6 2036 SSBMedian 59.7494
ai22_2 6 2036 SSBMean 68.1956
ai22_2 6 2022 F0 0 
ai22_2 6 2022 Fabc 0.411432
ai22_2 6 2022 Fofl 0.526075
ai22_2 6 2022  F_LCI 0.019542
ai22_2 6 2022  F_UCI 0.019542
ai22_2 6 2022  F_Median 0.019542
ai22_2 6 2022  F_Mean 0.019542
ai22_2 6 2023 F0 0 
ai22_2 6 2023 Fabc 0.411432
ai22_2 6 2023 Fofl 0.526075
ai22_2 6 2023  F_LCI 0.52076
ai22_2 6 2023  F_UCI 0.52076
ai22_2 6 2023  F_Median 0.52076
ai22_2 6 2023  F_Mean 0.52076
ai22_2 6 2024 F0 0 
ai22_2 6 2024 Fabc 0.411432
ai22_2 6 2024 Fofl 0.526075
ai22_2 6 2024  F_LCI 0.402441
ai22_2 6 2024  F_UCI 0.40281
ai22_2 6 2024  F_Median 0.40248
ai22_2 6 2024  F_Mean 0.402534
ai22_2 6 2025 F0 0 
ai22_2 6 2025 Fabc 0.411432
ai22_2 6 2025 Fofl 0.526075
ai22_2 6 2025  F_LCI 0.386476
ai22_2 6 2025  F_UCI 0.40137
ai22_2 6 2025  F_Median 0.388126
ai22_2 6 2025  F_Mean 0.390265
ai22_2 6 2026 F0 0 
ai22_2 6 2026 Fabc 0.411432
ai22_2 6 2026 Fofl 0.526075
ai22_2 6 2026  F_LCI 0.361307
ai22_2 6 2026  F_UCI 0.526075
ai22_2 6 2026  F_Median 0.385814
ai22_2 6 2026  F_Mean 0.405388
ai22_2 6 2027 F0 0 
ai22_2 6 2027 Fabc 0.411432
ai22_2 6 2027 Fofl 0.526075
ai22_2 6 2027  F_LCI 0.314924
ai22_2 6 2027  F_UCI 0.526075
ai22_2 6 2027  F_Median 0.392352
ai22_2 6 2027  F_Mean 0.410467
ai22_2 6 2028 F0 0 
ai22_2 6 2028 Fabc 0.411432
ai22_2 6 2028 Fofl 0.526075
ai22_2 6 2028  F_LCI 0.274237
ai22_2 6 2028  F_UCI 0.526075
ai22_2 6 2028  F_Median 0.409031
ai22_2 6 2028  F_Mean 0.414001
ai22_2 6 2029 F0 0 
ai22_2 6 2029 Fabc 0.411432
ai22_2 6 2029 Fofl 0.526075
ai22_2 6 2029  F_LCI 0.250257
ai22_2 6 2029  F_UCI 0.526075
ai22_2 6 2029  F_Median 0.430254
ai22_2 6 2029  F_Mean 0.420125
ai22_2 6 2030 F0 0 
ai22_2 6 2030 Fabc 0.411432
ai22_2 6 2030 Fofl 0.526075
ai22_2 6 2030  F_LCI 0.241007
ai22_2 6 2030  F_UCI 0.526075
ai22_2 6 2030  F_Median 0.430668
ai22_2 6 2030  F_Mean 0.421808
ai22_2 6 2031 F0 0 
ai22_2 6 2031 Fabc 0.411432
ai22_2 6 2031 Fofl 0.526075
ai22_2 6 2031  F_LCI 0.24322
ai22_2 6 2031  F_UCI 0.526075
ai22_2 6 2031  F_Median 0.440276
ai22_2 6 2031  F_Mean 0.421331
ai22_2 6 2032 F0 0 
ai22_2 6 2032 Fabc 0.411432
ai22_2 6 2032 Fofl 0.526075
ai22_2 6 2032  F_LCI 0.239367
ai22_2 6 2032  F_UCI 0.526075
ai22_2 6 2032  F_Median 0.442354
ai22_2 6 2032  F_Mean 0.421812
ai22_2 6 2033 F0 0 
ai22_2 6 2033 Fabc 0.411432
ai22_2 6 2033 Fofl 0.526075
ai22_2 6 2033  F_LCI 0.237003
ai22_2 6 2033  F_UCI 0.526075
ai22_2 6 2033  F_Median 0.439591
ai22_2 6 2033  F_Mean 0.420687
ai22_2 6 2034 F0 0 
ai22_2 6 2034 Fabc 0.411432
ai22_2 6 2034 Fofl 0.526075
ai22_2 6 2034  F_LCI 0.234563
ai22_2 6 2034  F_UCI 0.526075
ai22_2 6 2034  F_Median 0.439688
ai22_2 6 2034  F_Mean 0.419927
ai22_2 6 2035 F0 0 
ai22_2 6 2035 Fabc 0.411432
ai22_2 6 2035 Fofl 0.526075
ai22_2 6 2035  F_LCI 0.237151
ai22_2 6 2035  F_UCI 0.526075
ai22_2 6 2035  F_Median 0.430749
ai22_2 6 2035  F_Mean 0.416142
ai22_2 6 2036 F0 0 
ai22_2 6 2036 Fabc 0.411432
ai22_2 6 2036 Fofl 0.526075
ai22_2 6 2036  F_LCI 0.238322
ai22_2 6 2036  F_UCI 0.526075
ai22_2 6 2036  F_Median 0.425435
ai22_2 6 2036  F_Mean 0.414288
ai22_2 7 2022 Cabc 45.8016
ai22_2 7 2022 Cofl 48.8559
ai22_2 7 2022 CLCI 3
ai22_2 7 2022 CUCI 3
ai22_2 7 2022 CMedian 3
ai22_2 7 2022 CMean 3
ai22_2 7 2022 CStdn 5.01821e-014
ai22_2 7 2023 Cabc 45.8016
ai22_2 7 2023 Cofl 48.8559
ai22_2 7 2023 CLCI 51.8837
ai22_2 7 2023 CUCI 52.3156
ai22_2 7 2023 CMedian 51.9302
ai22_2 7 2023 CMean 51.9923
ai22_2 7 2023 CStdn 0.177622
ai22_2 7 2024 Cabc 45.8016
ai22_2 7 2024 Cofl 48.8559
ai22_2 7 2024 CLCI 32.8357
ai22_2 7 2024 CUCI 33.8753
ai22_2 7 2024 CMedian 33.0008
ai22_2 7 2024 CMean 33.1412
ai22_2 7 2024 CStdn 0.41483
ai22_2 7 2025 Cabc 45.8016
ai22_2 7 2025 Cofl 48.8559
ai22_2 7 2025 CLCI 35.6252
ai22_2 7 2025 CUCI 40.3138
ai22_2 7 2025 CMedian 36.3796
ai22_2 7 2025 CMean 36.9927
ai22_2 7 2025 CStdn 1.95939
ai22_2 7 2026 Cabc 45.8016
ai22_2 7 2026 Cofl 48.8559
ai22_2 7 2026 CLCI 30.8623
ai22_2 7 2026 CUCI 53.6185
ai22_2 7 2026 CMedian 34.2651
ai22_2 7 2026 CMean 37.1791
ai22_2 7 2026 CStdn 7.73144
ai22_2 7 2027 Cabc 45.8016
ai22_2 7 2027 Cofl 48.8559
ai22_2 7 2027 CLCI 25.5117
ai22_2 7 2027 CUCI 66.8637
ai22_2 7 2027 CMedian 34.6654
ai22_2 7 2027 CMean 39.689
ai22_2 7 2027 CStdn 15.0856
ai22_2 7 2028 Cabc 45.8016
ai22_2 7 2028 Cofl 48.8559
ai22_2 7 2028 CLCI 20.4543
ai22_2 7 2028 CUCI 86.1987
ai22_2 7 2028 CMedian 36.8463
ai22_2 7 2028 CMean 43.1147
ai22_2 7 2028 CStdn 22.8037
ai22_2 7 2029 Cabc 45.8016
ai22_2 7 2029 Cofl 48.8559
ai22_2 7 2029 CLCI 16.6903
ai22_2 7 2029 CUCI 97.5881
ai22_2 7 2029 CMedian 39.1962
ai22_2 7 2029 CMean 46.0875
ai22_2 7 2029 CStdn 27.1677
ai22_2 7 2030 Cabc 45.8016
ai22_2 7 2030 Cofl 48.8559
ai22_2 7 2030 CLCI 14.8363
ai22_2 7 2030 CUCI 100.113
ai22_2 7 2030 CMedian 40.7287
ai22_2 7 2030 CMean 47.7428
ai22_2 7 2030 CStdn 29.097
ai22_2 7 2031 Cabc 45.8016
ai22_2 7 2031 Cofl 48.8559
ai22_2 7 2031 CLCI 14.9956
ai22_2 7 2031 CUCI 101.855
ai22_2 7 2031 CMedian 41.1241
ai22_2 7 2031 CMean 48.388
ai22_2 7 2031 CStdn 30.0634
ai22_2 7 2032 Cabc 45.8016
ai22_2 7 2032 Cofl 48.8559
ai22_2 7 2032 CLCI 14.2051
ai22_2 7 2032 CUCI 104.41
ai22_2 7 2032 CMedian 41.0735
ai22_2 7 2032 CMean 48.4856
ai22_2 7 2032 CStdn 30.2298
ai22_2 7 2033 Cabc 45.8016
ai22_2 7 2033 Cofl 48.8559
ai22_2 7 2033 CLCI 13.9535
ai22_2 7 2033 CUCI 103.263
ai22_2 7 2033 CMedian 41.0028
ai22_2 7 2033 CMean 48.0882
ai22_2 7 2033 CStdn 29.7667
ai22_2 7 2034 Cabc 45.8016
ai22_2 7 2034 Cofl 48.8559
ai22_2 7 2034 CLCI 13.6838
ai22_2 7 2034 CUCI 100.68
ai22_2 7 2034 CMedian 40.5129
ai22_2 7 2034 CMean 47.5636
ai22_2 7 2034 CStdn 28.7618
ai22_2 7 2035 Cabc 45.8016
ai22_2 7 2035 Cofl 48.8559
ai22_2 7 2035 CLCI 14.2417
ai22_2 7 2035 CUCI 99.8511
ai22_2 7 2035 CMedian 39.9862
ai22_2 7 2035 CMean 46.7167
ai22_2 7 2035 CStdn 28.4184
ai22_2 7 2036 Cabc 45.8016
ai22_2 7 2036 Cofl 48.8559
ai22_2 7 2036 CLCI 13.9712
ai22_2 7 2036 CUCI 100.305
ai22_2 7 2036 CMedian 38.3221
ai22_2 7 2036 CMean 46.0084
ai22_2 7 2036 CStdn 28.3703
ai22_2 7 2022 SSBF100 182.55
ai22_2 7 2022 SSBFabc 73.0198
ai22_2 7 2022 SSBFofl 63.8923
ai22_2 7 2022 SSBLCI 78.2401
ai22_2 7 2022 SSBUCI 78.2401
ai22_2 7 2022 SSBMedian 78.2401
ai22_2 7 2022 SSBMean 78.2401
ai22_2 7 2023 SSBF100 182.55
ai22_2 7 2023 SSBFabc 73.0198
ai22_2 7 2023 SSBFofl 63.8923
ai22_2 7 2023 SSBLCI 73.3914
ai22_2 7 2023 SSBUCI 73.3914
ai22_2 7 2023 SSBMedian 73.3914
ai22_2 7 2023 SSBMean 73.3914
ai22_2 7 2024 SSBF100 182.55
ai22_2 7 2024 SSBFabc 73.0198
ai22_2 7 2024 SSBFofl 63.8923
ai22_2 7 2024 SSBLCI 60.9646
ai22_2 7 2024 SSBUCI 61.0136
ai22_2 7 2024 SSBMedian 60.9698
ai22_2 7 2024 SSBMean 60.9769
ai22_2 7 2025 SSBF100 182.55
ai22_2 7 2025 SSBFabc 73.0198
ai22_2 7 2025 SSBFofl 63.8923
ai22_2 7 2025 SSBLCI 58.5446
ai22_2 7 2025 SSBUCI 60.5052
ai22_2 7 2025 SSBMedian 58.7618
ai22_2 7 2025 SSBMean 59.0433
ai22_2 7 2026 SSBF100 182.55
ai22_2 7 2026 SSBFabc 73.0198
ai22_2 7 2026 SSBFofl 63.8923
ai22_2 7 2026 SSBLCI 53.0317
ai22_2 7 2026 SSBUCI 80.2144
ai22_2 7 2026 SSBMedian 56.2553
ai22_2 7 2026 SSBMean 60.0546
ai22_2 7 2027 SSBF100 182.55
ai22_2 7 2027 SSBFabc 73.0198
ai22_2 7 2027 SSBFofl 63.8923
ai22_2 7 2027 SSBLCI 45.9094
ai22_2 7 2027 SSBUCI 105.67
ai22_2 7 2027 SSBMedian 56.071
ai22_2 7 2027 SSBMean 63.2971
ai22_2 7 2028 SSBF100 182.55
ai22_2 7 2028 SSBFabc 73.0198
ai22_2 7 2028 SSBFofl 63.8923
ai22_2 7 2028 SSBLCI 40.1056
ai22_2 7 2028 SSBUCI 125.858
ai22_2 7 2028 SSBMedian 57.8064
ai22_2 7 2028 SSBMean 66.8965
ai22_2 7 2029 SSBF100 182.55
ai22_2 7 2029 SSBFabc 73.0198
ai22_2 7 2029 SSBFofl 63.8923
ai22_2 7 2029 SSBLCI 36.7798
ai22_2 7 2029 SSBUCI 133.889
ai22_2 7 2029 SSBMedian 60.4388
ai22_2 7 2029 SSBMean 69.5969
ai22_2 7 2030 SSBF100 182.55
ai22_2 7 2030 SSBFabc 73.0198
ai22_2 7 2030 SSBFofl 63.8923
ai22_2 7 2030 SSBLCI 35.4813
ai22_2 7 2030 SSBUCI 136.869
ai22_2 7 2030 SSBMedian 60.4296
ai22_2 7 2030 SSBMean 71.0736
ai22_2 7 2031 SSBF100 182.55
ai22_2 7 2031 SSBFabc 73.0198
ai22_2 7 2031 SSBFofl 63.8923
ai22_2 7 2031 SSBLCI 35.7128
ai22_2 7 2031 SSBUCI 137.92
ai22_2 7 2031 SSBMedian 61.6948
ai22_2 7 2031 SSBMean 71.4478
ai22_2 7 2032 SSBF100 182.55
ai22_2 7 2032 SSBFabc 73.0198
ai22_2 7 2032 SSBFofl 63.8923
ai22_2 7 2032 SSBLCI 35.214
ai22_2 7 2032 SSBUCI 138.121
ai22_2 7 2032 SSBMedian 61.9745
ai22_2 7 2032 SSBMean 71.2656
ai22_2 7 2033 SSBF100 182.55
ai22_2 7 2033 SSBFabc 73.0198
ai22_2 7 2033 SSBFofl 63.8923
ai22_2 7 2033 SSBLCI 34.9072
ai22_2 7 2033 SSBUCI 136.377
ai22_2 7 2033 SSBMedian 61.6191
ai22_2 7 2033 SSBMean 70.72
ai22_2 7 2034 SSBF100 182.55
ai22_2 7 2034 SSBFabc 73.0198
ai22_2 7 2034 SSBFofl 63.8923
ai22_2 7 2034 SSBLCI 34.5867
ai22_2 7 2034 SSBUCI 135.132
ai22_2 7 2034 SSBMedian 61.6302
ai22_2 7 2034 SSBMean 70.2007
ai22_2 7 2035 SSBF100 182.55
ai22_2 7 2035 SSBFabc 73.0198
ai22_2 7 2035 SSBFofl 63.8923
ai22_2 7 2035 SSBLCI 34.9221
ai22_2 7 2035 SSBUCI 134.777
ai22_2 7 2035 SSBMedian 60.4505
ai22_2 7 2035 SSBMean 69.1427
ai22_2 7 2036 SSBF100 182.55
ai22_2 7 2036 SSBFabc 73.0198
ai22_2 7 2036 SSBFofl 63.8923
ai22_2 7 2036 SSBLCI 35.0784
ai22_2 7 2036 SSBUCI 131.138
ai22_2 7 2036 SSBMedian 59.7497
ai22_2 7 2036 SSBMean 68.1961
ai22_2 7 2022 F0 0 
ai22_2 7 2022 Fabc 0.411432
ai22_2 7 2022 Fofl 0.526075
ai22_2 7 2022  F_LCI 0.019542
ai22_2 7 2022  F_UCI 0.019542
ai22_2 7 2022  F_Median 0.019542
ai22_2 7 2022  F_Mean 0.019542
ai22_2 7 2023 F0 0 
ai22_2 7 2023 Fabc 0.411432
ai22_2 7 2023 Fofl 0.526075
ai22_2 7 2023  F_LCI 0.411431
ai22_2 7 2023  F_UCI 0.411432
ai22_2 7 2023  F_Median 0.411431
ai22_2 7 2023  F_Mean 0.411431
ai22_2 7 2024 F0 0 
ai22_2 7 2024 Fabc 0.411432
ai22_2 7 2024 Fofl 0.526075
ai22_2 7 2024  F_LCI 0.339931
ai22_2 7 2024  F_UCI 0.340222
ai22_2 7 2024  F_Median 0.339962
ai22_2 7 2024  F_Mean 0.340004
ai22_2 7 2025 F0 0 
ai22_2 7 2025 Fabc 0.411432
ai22_2 7 2025 Fofl 0.526075
ai22_2 7 2025  F_LCI 0.416298
ai22_2 7 2025  F_UCI 0.431167
ai22_2 7 2025  F_Median 0.417946
ai22_2 7 2025  F_Mean 0.420081
ai22_2 7 2026 F0 0 
ai22_2 7 2026 Fabc 0.411432
ai22_2 7 2026 Fofl 0.526075
ai22_2 7 2026  F_LCI 0.37449
ai22_2 7 2026  F_UCI 0.526075
ai22_2 7 2026  F_Median 0.398937
ai22_2 7 2026  F_Mean 0.417509
ai22_2 7 2027 F0 0 
ai22_2 7 2027 Fabc 0.411432
ai22_2 7 2027 Fofl 0.526075
ai22_2 7 2027  F_LCI 0.320476
ai22_2 7 2027  F_UCI 0.526075
ai22_2 7 2027  F_Median 0.39754
ai22_2 7 2027  F_Mean 0.414775
ai22_2 7 2028 F0 0 
ai22_2 7 2028 Fabc 0.411432
ai22_2 7 2028 Fofl 0.526075
ai22_2 7 2028  F_LCI 0.276462
ai22_2 7 2028  F_UCI 0.526075
ai22_2 7 2028  F_Median 0.4107
ai22_2 7 2028  F_Mean 0.415378
ai22_2 7 2029 F0 0 
ai22_2 7 2029 Fabc 0.411432
ai22_2 7 2029 Fofl 0.526075
ai22_2 7 2029  F_LCI 0.25124
ai22_2 7 2029  F_UCI 0.526075
ai22_2 7 2029  F_Median 0.430664
ai22_2 7 2029  F_Mean 0.420506
ai22_2 7 2030 F0 0 
ai22_2 7 2030 Fabc 0.411432
ai22_2 7 2030 Fofl 0.526075
ai22_2 7 2030  F_LCI 0.241393
ai22_2 7 2030  F_UCI 0.526075
ai22_2 7 2030  F_Median 0.430594
ai22_2 7 2030  F_Mean 0.421889
ai22_2 7 2031 F0 0 
ai22_2 7 2031 Fabc 0.411432
ai22_2 7 2031 Fofl 0.526075
ai22_2 7 2031  F_LCI 0.243148
ai22_2 7 2031  F_UCI 0.526075
ai22_2 7 2031  F_Median 0.440189
ai22_2 7 2031  F_Mean 0.421335
ai22_2 7 2032 F0 0 
ai22_2 7 2032 Fabc 0.411432
ai22_2 7 2032 Fofl 0.526075
ai22_2 7 2032  F_LCI 0.239365
ai22_2 7 2032  F_UCI 0.526075
ai22_2 7 2032  F_Median 0.44231
ai22_2 7 2032  F_Mean 0.421801
ai22_2 7 2033 F0 0 
ai22_2 7 2033 Fabc 0.411432
ai22_2 7 2033 Fofl 0.526075
ai22_2 7 2033  F_LCI 0.237039
ai22_2 7 2033  F_UCI 0.526075
ai22_2 7 2033  F_Median 0.439615
ai22_2 7 2033  F_Mean 0.420683
ai22_2 7 2034 F0 0 
ai22_2 7 2034 Fabc 0.411432
ai22_2 7 2034 Fofl 0.526075
ai22_2 7 2034  F_LCI 0.234608
ai22_2 7 2034  F_UCI 0.526075
ai22_2 7 2034  F_Median 0.439699
ai22_2 7 2034  F_Mean 0.419929
ai22_2 7 2035 F0 0 
ai22_2 7 2035 Fabc 0.411432
ai22_2 7 2035 Fofl 0.526075
ai22_2 7 2035  F_LCI 0.237152
ai22_2 7 2035  F_UCI 0.526075
ai22_2 7 2035  F_Median 0.430752
ai22_2 7 2035  F_Mean 0.416146
ai22_2 7 2036 F0 0 
ai22_2 7 2036 Fabc 0.411432
ai22_2 7 2036 Fofl 0.526075
ai22_2 7 2036  F_LCI 0.238337
ai22_2 7 2036  F_UCI 0.526075
ai22_2 7 2036  F_Median 0.425438
ai22_2 7 2036  F_Mean 0.414292
