
SB0 SB40 SB35 MeanRec HarMeanRec Bnow
182.55 73.0198 63.8923 0.227488 0.0785663 81.8256 
CV Recruit
1.37677 
Alternative 1 Alternative  Stock: ai22_2
Catch ai22_2
Year C0 Cabc Cofl LowCI_Catch Median_Catch Mean_Catch UpperCI_Catch Stdev_Catch 
2022  0 45.8016 48.8559 3 3 3 3 5.01821e-014 
2023  0 45.8016 48.8559 1.67 1.67 1.67 1.67 3.58997e-007 
2024  0 45.8016 48.8559 51.628 51.8268 51.9918 52.8604 0.4919 
2025  0 45.8016 48.8559 38.3601 39.0484 39.6046 42.6465 1.72111 
2026  0 45.8016 48.8559 31.2583 34.2985 36.4965 47.656 5.8643 
2027  0 45.8016 48.8559 25.2794 33.5096 37.1972 57.9492 12.0631 
2028  0 45.8016 48.8559 20.1448 35.311 39.6844 74.5209 19.1095 
2029  0 45.8016 48.8559 16.3846 37.3284 42.3011 87.4369 23.7253 
2030  0 45.8016 48.8559 14.3856 39.1495 44.0317 91.6465 26.1391 
2031  0 45.8016 48.8559 14.9607 39.8661 45.0525 93.6045 27.0796 
2032  0 45.8016 48.8559 14.3008 40.1468 45.3544 94.1379 27.5588 
2033  0 45.8016 48.8559 13.9238 40.2566 45.222 93.8535 27.1822 
2034  0 45.8016 48.8559 13.5181 40.5194 44.7741 92.8404 26.3464 
2035  0 45.8016 48.8559 14.2461 39.0887 44.2361 92.0824 25.7816 
2036  0 45.8016 48.8559 13.9191 38.6883 43.5102 91.7062 25.8077 

Spawning_Biomass ai22_2
Year SSB100 SSBabc SSBofl LowCI_SSB Median_SSB Mean_SSB UpperCI_SSB Stdev_SSB 
2022 182.55 73.0198 63.8923 78.2401 78.2401 78.2401 78.2401 1.23634e-012 
2023 182.55 73.0198 63.8923 77.4734 77.4735 77.4736 77.4742 0.00034184 
2024 182.55 73.0198 63.8923 77.8673 77.8733 77.8813 77.9228 0.022789 
2025 182.55 73.0198 63.8923 67.1315 67.351 67.6355 69.1114 0.820846 
2026 182.55 73.0198 63.8923 59.2744 62.5217 66.3923 86.9909 11.4945 
2027 182.55 73.0198 63.8923 51.0268 61.3409 68.9507 113.401 23.7815 
2028 182.55 73.0198 63.8923 44.47 62.6353 72.7344 137.505 32.5987 
2029 182.55 73.0198 63.8923 40.5402 65.555 75.9877 146.337 35.7087 
2030 182.55 73.0198 63.8923 39.3126 66.5166 78.1133 151.412 38.0773 
2031 182.55 73.0198 63.8923 39.2556 68.3395 79.0229 152.657 39.6478 
2032 182.55 73.0198 63.8923 38.6703 68.4025 79.1493 152.076 39.2681 
2033 182.55 73.0198 63.8923 38.7395 68.9238 78.7621 148.672 37.944 
2034 182.55 73.0198 63.8923 38.5803 68.2748 78.2719 152.266 36.5821 
2035 182.55 73.0198 63.8923 38.8323 66.7693 77.1681 145.259 36.678 
2036 182.55 73.0198 63.8923 38.9708 65.9471 76.0892 148.51 36.1712 

Fishing_mortalityai22_2
Year F0 Fabc Fofl LowCI_F Median_F Mean_F UpperCI_F Stdev_F 
2022  0 0.411432 0.526075 0.019542 0.019542 0.019542 0.019542 2.42861e-017 
2023  0 0.411432 0.526075 0.0111949 0.0112662 0.0112548 0.0112749 3.25007e-005 
2024  0 0.411432 0.526075 0.411432 0.411432 0.411432 0.411432 1.02141e-014 
2025  0 0.411432 0.526075 0.376508 0.37781 0.379461 0.388251 0.00448416 
2026  0 0.411432 0.526075 0.329907 0.349167 0.359984 0.411432 0.0281263 
2027  0 0.411432 0.526075 0.280989 0.342163 0.348825 0.411432 0.0477188 
2028  0 0.411432 0.526075 0.242101 0.349841 0.344848 0.411432 0.0628351 
2029  0 0.411432 0.526075 0.218793 0.367157 0.345729 0.411432 0.0732795 
2030  0 0.411432 0.526075 0.211512 0.372861 0.344467 0.411432 0.0818094 
2031  0 0.411432 0.526075 0.211174 0.383673 0.345339 0.411432 0.0822717 
2032  0 0.411432 0.526075 0.207702 0.384046 0.345003 0.411432 0.0868597 
2033  0 0.411432 0.526075 0.208113 0.387138 0.345418 0.411432 0.0847951 
2034  0 0.411432 0.526075 0.207168 0.383289 0.344385 0.411432 0.0861717 
2035  0 0.411432 0.526075 0.208663 0.37436 0.343956 0.411432 0.0812034 
2036  0 0.411432 0.526075 0.209485 0.369483 0.341452 0.411432 0.084762 

Total_Biomassai22_2
Year B100 Babc Bofl LowCI_Biom Median_Biom Mean_Biom UpperCI_Biom Stdev_Biom 
2022 1226.45 364.526 341.38 295.203 295.203 295.203 295.203 2.44427e-012 
2023 1226.45 364.526 341.38 295.529 304.897 317.399 382.472 35.7554 
2024 1226.45 364.526 341.38 297.529 326.332 347.13 475.463 61.9491 
2025 1226.45 364.526 341.38 250.034 308.848 336.442 519.425 95.5928 
2026 1226.45 364.526 341.38 219.801 312.501 344.518 583.493 123.926 
2027 1226.45 364.526 341.38 200.174 319.69 357.44 631.329 147.844 
2028 1226.45 364.526 341.38 186.431 332.07 369.296 685.483 165.975 
2029 1226.45 364.526 341.38 187.03 334.359 377.431 691.289 172.342 
2030 1226.45 364.526 341.38 177.197 344.669 380.677 694.158 174.095 
2031 1226.45 364.526 341.38 177.408 342.664 381.919 692.322 171.525 
2032 1226.45 364.526 341.38 177.375 343.923 378.406 704.839 167.493 
2033 1226.45 364.526 341.38 177.694 340.961 375.024 688.635 165.251 
2034 1226.45 364.526 341.38 179.648 337.963 372.353 684.152 161.402 
2035 1226.45 364.526 341.38 180.863 335.687 370.241 688.692 160.407 
2036 1226.45 364.526 341.38 183.093 337.533 370.612 666.873 160.263 
Alternative 2 Alternative  Stock: ai22_2
Catch ai22_2
Year C0 Cabc Cofl LowCI_Catch Median_Catch Mean_Catch UpperCI_Catch Stdev_Catch 
2022  0 45.8016 48.8559 3 3 3 3 5.01821e-014 
2023  0 45.8016 48.8559 1.67 1.67 1.67 1.67 3.58997e-007 
2024  0 45.8016 48.8559 51.628 51.8268 51.9918 52.8604 0.4919 
2025  0 45.8016 48.8559 38.3601 39.0484 39.6046 42.6465 1.72111 
2026  0 45.8016 48.8559 31.2583 34.2985 36.4965 47.656 5.8643 
2027  0 45.8016 48.8559 25.2794 33.5096 37.1972 57.9492 12.0631 
2028  0 45.8016 48.8559 20.1448 35.311 39.6844 74.5209 19.1095 
2029  0 45.8016 48.8559 16.3846 37.3284 42.3011 87.4369 23.7253 
2030  0 45.8016 48.8559 14.3856 39.1495 44.0317 91.6465 26.1391 
2031  0 45.8016 48.8559 14.9607 39.8661 45.0525 93.6045 27.0796 
2032  0 45.8016 48.8559 14.3008 40.1468 45.3544 94.1379 27.5588 
2033  0 45.8016 48.8559 13.9238 40.2566 45.222 93.8535 27.1822 
2034  0 45.8016 48.8559 13.5181 40.5194 44.7741 92.8404 26.3464 
2035  0 45.8016 48.8559 14.2461 39.0887 44.2361 92.0824 25.7816 
2036  0 45.8016 48.8559 13.9191 38.6883 43.5102 91.7062 25.8077 

Spawning_Biomass ai22_2
Year SSB100 SSBabc SSBofl LowCI_SSB Median_SSB Mean_SSB UpperCI_SSB Stdev_SSB 
2022 182.55 73.0198 63.8923 78.2401 78.2401 78.2401 78.2401 1.23634e-012 
2023 182.55 73.0198 63.8923 77.4734 77.4735 77.4736 77.4742 0.00034184 
2024 182.55 73.0198 63.8923 77.8673 77.8733 77.8813 77.9228 0.022789 
2025 182.55 73.0198 63.8923 67.1315 67.351 67.6355 69.1114 0.820846 
2026 182.55 73.0198 63.8923 59.2744 62.5217 66.3923 86.9909 11.4945 
2027 182.55 73.0198 63.8923 51.0268 61.3409 68.9507 113.401 23.7815 
2028 182.55 73.0198 63.8923 44.47 62.6353 72.7344 137.505 32.5987 
2029 182.55 73.0198 63.8923 40.5402 65.555 75.9877 146.337 35.7087 
2030 182.55 73.0198 63.8923 39.3126 66.5166 78.1133 151.412 38.0773 
2031 182.55 73.0198 63.8923 39.2556 68.3395 79.0229 152.657 39.6478 
2032 182.55 73.0198 63.8923 38.6703 68.4025 79.1493 152.076 39.2681 
2033 182.55 73.0198 63.8923 38.7395 68.9238 78.7621 148.672 37.944 
2034 182.55 73.0198 63.8923 38.5803 68.2748 78.2719 152.266 36.5821 
2035 182.55 73.0198 63.8923 38.8323 66.7693 77.1681 145.259 36.678 
2036 182.55 73.0198 63.8923 38.9708 65.9471 76.0892 148.51 36.1712 

Fishing_mortalityai22_2
Year F0 Fabc Fofl LowCI_F Median_F Mean_F UpperCI_F Stdev_F 
2022  0 0.411432 0.526075 0.019542 0.019542 0.019542 0.019542 2.42861e-017 
2023  0 0.411432 0.526075 0.0111949 0.0112662 0.0112548 0.0112749 3.25007e-005 
2024  0 0.411432 0.526075 0.411432 0.411432 0.411432 0.411432 1.02141e-014 
2025  0 0.411432 0.526075 0.376508 0.37781 0.379461 0.388251 0.00448416 
2026  0 0.411432 0.526075 0.329907 0.349167 0.359984 0.411432 0.0281263 
2027  0 0.411432 0.526075 0.280989 0.342163 0.348825 0.411432 0.0477188 
2028  0 0.411432 0.526075 0.242101 0.349841 0.344848 0.411432 0.0628351 
2029  0 0.411432 0.526075 0.218793 0.367157 0.345729 0.411432 0.0732795 
2030  0 0.411432 0.526075 0.211512 0.372861 0.344467 0.411432 0.0818094 
2031  0 0.411432 0.526075 0.211174 0.383673 0.345339 0.411432 0.0822717 
2032  0 0.411432 0.526075 0.207702 0.384046 0.345003 0.411432 0.0868597 
2033  0 0.411432 0.526075 0.208113 0.387138 0.345418 0.411432 0.0847951 
2034  0 0.411432 0.526075 0.207168 0.383289 0.344385 0.411432 0.0861717 
2035  0 0.411432 0.526075 0.208663 0.37436 0.343956 0.411432 0.0812034 
2036  0 0.411432 0.526075 0.209485 0.369483 0.341452 0.411432 0.084762 

Total_Biomassai22_2
Year B100 Babc Bofl LowCI_Biom Median_Biom Mean_Biom UpperCI_Biom Stdev_Biom 
2022 1226.45 364.526 341.38 295.203 295.203 295.203 295.203 2.44427e-012 
2023 1226.45 364.526 341.38 295.529 304.897 317.399 382.472 35.7554 
2024 1226.45 364.526 341.38 297.529 326.332 347.13 475.463 61.9491 
2025 1226.45 364.526 341.38 250.034 308.848 336.442 519.425 95.5928 
2026 1226.45 364.526 341.38 219.801 312.501 344.518 583.493 123.926 
2027 1226.45 364.526 341.38 200.174 319.69 357.44 631.329 147.844 
2028 1226.45 364.526 341.38 186.431 332.07 369.296 685.483 165.975 
2029 1226.45 364.526 341.38 187.03 334.359 377.431 691.289 172.342 
2030 1226.45 364.526 341.38 177.197 344.669 380.677 694.158 174.095 
2031 1226.45 364.526 341.38 177.408 342.664 381.919 692.322 171.525 
2032 1226.45 364.526 341.38 177.375 343.923 378.406 704.839 167.493 
2033 1226.45 364.526 341.38 177.694 340.961 375.024 688.635 165.251 
2034 1226.45 364.526 341.38 179.648 337.963 372.353 684.152 161.402 
2035 1226.45 364.526 341.38 180.863 335.687 370.241 688.692 160.407 
2036 1226.45 364.526 341.38 183.093 337.533 370.612 666.873 160.263 
Alternative 3 Alternative  Stock: ai22_2
Catch ai22_2
Year C0 Cabc Cofl LowCI_Catch Median_Catch Mean_Catch UpperCI_Catch Stdev_Catch 
2022  0 45.8016 48.8559 3 3 3 3 5.01821e-014 
2023  0 45.8016 48.8559 1.67 1.67 1.67 1.67 3.58997e-007 
2024  0 45.8016 48.8559 3.92214 3.93519 3.94606 4.00324 0.0323648 
2025  0 45.8016 48.8559 4.03748 4.07971 4.10827 4.26965 0.09292 
2026  0 45.8016 48.8559 4.3273 4.44798 4.53561 5.02286 0.277785 
2027  0 45.8016 48.8559 4.52429 4.86127 5.08168 6.34417 0.718904 
2028  0 45.8016 48.8559 4.48703 5.2401 5.66325 8.28879 1.41715 
2029  0 45.8016 48.8559 4.26024 5.62578 6.19919 10.4354 2.12257 
2030  0 45.8016 48.8559 3.95587 5.98993 6.69261 11.7423 2.71388 
2031  0 45.8016 48.8559 3.80023 6.37761 7.08429 12.6368 3.00124 
2032  0 45.8016 48.8559 3.78715 6.62359 7.37197 13.1997 3.19864 
2033  0 45.8016 48.8559 3.84558 6.84663 7.56287 13.5581 3.31925 
2034  0 45.8016 48.8559 3.71431 7.00248 7.68057 13.6513 3.30754 
2035  0 45.8016 48.8559 3.79929 7.08819 7.75153 13.8759 3.2674 
2036  0 45.8016 48.8559 3.8382 7.17055 7.78564 13.7224 3.21284 

Spawning_Biomass ai22_2
Year SSB100 SSBabc SSBofl LowCI_SSB Median_SSB Mean_SSB UpperCI_SSB Stdev_SSB 
2022 182.55 73.0198 63.8923 78.2401 78.2401 78.2401 78.2401 1.23634e-012 
2023 182.55 73.0198 63.8923 77.4734 77.4735 77.4736 77.4742 0.00034184 
2024 182.55 73.0198 63.8923 81.7282 81.7342 81.7422 81.7839 0.0229216 
2025 182.55 73.0198 63.8923 87.4024 87.6345 87.9348 89.495 0.863807 
2026 182.55 73.0198 63.8923 89.0319 92.5376 96.7087 118.745 12.2217 
2027 182.55 73.0198 63.8923 86.1023 98.292 106.985 156.853 27.0093 
2028 182.55 73.0198 63.8923 81.9044 106.024 117.8 199.124 40.6359 
2029 182.55 73.0198 63.8923 78.4427 115.135 127.8 222.414 48.557 
2030 182.55 73.0198 63.8923 76.8366 122.832 136.419 238.884 55.3335 
2031 182.55 73.0198 63.8923 75.5796 129.636 143.173 258.209 61.0418 
2032 182.55 73.0198 63.8923 76.947 134.458 148.057 262.08 63.6789 
2033 182.55 73.0198 63.8923 75.9961 138.225 151.314 267.968 64.3759 
2034 182.55 73.0198 63.8923 74.9612 140.84 153.541 276.759 63.7659 
2035 182.55 73.0198 63.8923 74.753 141.924 154.306 273.754 63.6274 
2036 182.55 73.0198 63.8923 76.3805 141.912 154.453 269.685 63.1307 

Fishing_mortalityai22_2
Year F0 Fabc Fofl LowCI_F Median_F Mean_F UpperCI_F Stdev_F 
2022  0 0.411432 0.526075 0.019542 0.019542 0.019542 0.019542 2.42861e-017 
2023  0 0.411432 0.526075 0.0111949 0.0112662 0.0112548 0.0112749 3.25007e-005 
2024  0 0.411432 0.526075 0.0269599 0.0269599 0.0269599 0.0269599 3.81639e-016 
2025  0 0.411432 0.526075 0.0269599 0.0269599 0.0269599 0.0269599 3.81639e-016 
2026  0 0.411432 0.526075 0.0269599 0.0269599 0.0269599 0.0269599 3.81639e-016 
2027  0 0.411432 0.526075 0.0269599 0.0269599 0.0269599 0.0269599 3.81639e-016 
2028  0 0.411432 0.526075 0.0269599 0.0269599 0.0269599 0.0269599 3.81639e-016 
2029  0 0.411432 0.526075 0.0269599 0.0269599 0.0269599 0.0269599 3.81639e-016 
2030  0 0.411432 0.526075 0.0269599 0.0269599 0.0269599 0.0269599 3.81639e-016 
2031  0 0.411432 0.526075 0.0269599 0.0269599 0.0269599 0.0269599 3.81639e-016 
2032  0 0.411432 0.526075 0.0269599 0.0269599 0.0269599 0.0269599 3.81639e-016 
2033  0 0.411432 0.526075 0.0269599 0.0269599 0.0269599 0.0269599 3.81639e-016 
2034  0 0.411432 0.526075 0.0269599 0.0269599 0.0269599 0.0269599 3.81639e-016 
2035  0 0.411432 0.526075 0.0269599 0.0269599 0.0269599 0.0269599 3.81639e-016 
2036  0 0.411432 0.526075 0.0269599 0.0269599 0.0269599 0.0269599 3.81639e-016 

Total_Biomassai22_2
Year B100 Babc Bofl LowCI_Biom Median_Biom Mean_Biom UpperCI_Biom Stdev_Biom 
2022 1226.45 364.526 341.38 295.203 295.203 295.203 295.203 2.44427e-012 
2023 1226.45 364.526 341.38 295.529 304.897 317.399 382.472 35.7554 
2024 1226.45 364.526 341.38 297.529 326.332 347.13 475.463 61.9491 
2025 1226.45 364.526 341.38 293.303 352.284 380.158 564.849 96.1711 
2026 1226.45 364.526 341.38 287.616 381.769 414.461 662.155 126.318 
2027 1226.45 364.526 341.38 281.308 407.327 446.693 734.166 154.988 
2028 1226.45 364.526 341.38 275.857 432.217 475.146 823.566 181.341 
2029 1226.45 364.526 341.38 275.799 456.896 498.776 870.731 197.246 
2030 1226.45 364.526 341.38 275.249 478.539 516.63 883.99 207.455 
2031 1226.45 364.526 341.38 273.562 488.25 530.779 911.898 211.586 
2032 1226.45 364.526 341.38 271.252 501.177 537.783 931.452 212.57 
2033 1226.45 364.526 341.38 267.897 504.712 542.327 943.636 212.608 
2034 1226.45 364.526 341.38 274.244 511.121 545.465 939.403 208.837 
2035 1226.45 364.526 341.38 283.227 515.055 547.32 945.341 206.499 
2036 1226.45 364.526 341.38 285.884 513.598 550.258 933.319 203.907 
Alternative 4 Alternative  Stock: ai22_2
Catch ai22_2
Year C0 Cabc Cofl LowCI_Catch Median_Catch Mean_Catch UpperCI_Catch Stdev_Catch 
2022  0 45.8016 48.8559 3 3 3 3 5.01821e-014 
2023  0 45.8016 48.8559 1.67 1.67 1.67 1.67 3.58997e-007 
2024  0 45.8016 48.8559 22.6771 22.7567 22.8229 23.1714 0.197276 
2025  0 45.8016 48.8559 21.2745 21.531 21.7042 22.6823 0.563672 
2026  0 45.8016 48.8559 21.2342 21.9628 22.4856 25.4033 1.66402 
2027  0 45.8016 48.8559 20.8111 22.7974 24.0793 31.4364 4.18804 
2028  0 45.8016 48.8559 19.3352 23.6243 25.9488 40.6812 7.87861 
2029  0 45.8016 48.8559 17.1787 24.6157 27.6602 49.9629 11.1382 
2030  0 45.8016 48.8559 15.2093 25.7908 29.1766 53.8516 13.4132 
2031  0 45.8016 48.8559 14.4859 26.7155 30.2087 57.1433 14.4132 
2032  0 45.8016 48.8559 14.1995 27.1482 30.8241 57.6969 15.0233 
2033  0 45.8016 48.8559 13.7782 27.6706 31.0502 58.7982 15.2796 
2034  0 45.8016 48.8559 13.7742 27.9032 31.0985 59.0118 14.869 
2035  0 45.8016 48.8559 13.6622 27.9456 31.0011 59.5322 14.5185 
2036  0 45.8016 48.8559 13.8644 27.7339 30.8015 57.865 14.282 

Spawning_Biomass ai22_2
Year SSB100 SSBabc SSBofl LowCI_SSB Median_SSB Mean_SSB UpperCI_SSB Stdev_SSB 
2022 182.55 73.0198 63.8923 78.2401 78.2401 78.2401 78.2401 1.23634e-012 
2023 182.55 73.0198 63.8923 77.4734 77.4735 77.4736 77.4742 0.00034184 
2024 182.55 73.0198 63.8923 80.3208 80.3268 80.3348 80.3765 0.0228734 
2025 182.55 73.0198 63.8923 79.1631 79.3941 79.6931 81.2463 0.859977 
2026 182.55 73.0198 63.8923 75.4673 78.9299 83.0408 104.768 12.0529 
2027 182.55 73.0198 63.8923 68.2078 79.9984 88.4618 136.927 26.1182 
2028 182.55 73.0198 63.8923 60.7721 83.76 94.6633 172.577 38.0787 
2029 182.55 73.0198 63.8923 54.8357 89.2482 100.249 183.988 44.0692 
2030 182.55 73.0198 63.8923 51.8837 93.0008 104.668 196.708 48.7387 
2031 182.55 73.0198 63.8923 50.0476 94.7672 107.571 204.09 52.2065 
2032 182.55 73.0198 63.8923 50.3191 97.4324 109.206 205.933 53.0281 
2033 182.55 73.0198 63.8923 48.2292 97.602 109.842 206.575 52.3665 
2034 182.55 73.0198 63.8923 47.8394 98.5603 109.992 208.363 50.9435 
2035 182.55 73.0198 63.8923 48.2153 98.3253 109.155 202.271 50.5975 
2036 182.55 73.0198 63.8923 48.245 97.4723 108.081 200.511 50.0072 

Fishing_mortalityai22_2
Year F0 Fabc Fofl LowCI_F Median_F Mean_F UpperCI_F Stdev_F 
2022  0 0.411432 0.526075 0.019542 0.019542 0.019542 0.019542 2.42861e-017 
2023  0 0.411432 0.526075 0.0111949 0.0112662 0.0112548 0.0112749 3.25007e-005 
2024  0 0.411432 0.526075 0.164574 0.164574 0.164574 0.164574 9.71445e-016 
2025  0 0.411432 0.526075 0.164574 0.164574 0.164574 0.164574 9.71445e-016 
2026  0 0.411432 0.526075 0.164574 0.164574 0.164574 0.164574 9.71445e-016 
2027  0 0.411432 0.526075 0.164574 0.164574 0.164574 0.164574 9.71445e-016 
2028  0 0.411432 0.526075 0.164574 0.164574 0.164574 0.164574 9.71445e-016 
2029  0 0.411432 0.526075 0.164574 0.164574 0.164574 0.164574 9.71445e-016 
2030  0 0.411432 0.526075 0.164574 0.164574 0.164574 0.164574 9.71445e-016 
2031  0 0.411432 0.526075 0.164574 0.164574 0.164245 0.164574 0.00735261 
2032  0 0.411432 0.526075 0.164574 0.164574 0.16408 0.164574 0.00900056 
2033  0 0.411432 0.526075 0.164574 0.164574 0.163422 0.164574 0.013721 
2034  0 0.411432 0.526075 0.164574 0.164574 0.163751 0.164574 0.011608 
2035  0 0.411432 0.526075 0.164574 0.164574 0.163916 0.164574 0.0103877 
2036  0 0.411432 0.526075 0.164574 0.164574 0.16408 0.164574 0.00900056 

Total_Biomassai22_2
Year B100 Babc Bofl LowCI_Biom Median_Biom Mean_Biom UpperCI_Biom Stdev_Biom 
2022 1226.45 364.526 341.38 295.203 295.203 295.203 295.203 2.44427e-012 
2023 1226.45 364.526 341.38 295.529 304.897 317.399 382.472 35.7554 
2024 1226.45 364.526 341.38 297.529 326.332 347.13 475.463 61.9491 
2025 1226.45 364.526 341.38 276.286 335.223 362.997 547.075 95.9635 
2026 1226.45 364.526 341.38 257.73 351.356 383.855 628.67 125.516 
2027 1226.45 364.526 341.38 241.223 364.767 404.413 688.587 152.723 
2028 1226.45 364.526 341.38 226.941 381.415 422.164 761.002 176.197 
2029 1226.45 364.526 341.38 223.366 393.748 435.83 791.089 188.261 
2030 1226.45 364.526 341.38 215.704 408.345 444.425 787.118 194.542 
2031 1226.45 364.526 341.38 210.456 410.006 450.15 803.122 195.099 
2032 1226.45 364.526 341.38 207.999 414.573 450.034 818.058 193.071 
2033 1226.45 364.526 341.38 209.801 413.694 448.896 814.341 191.205 
2034 1226.45 364.526 341.38 214.543 412.192 447.592 796.468 186.511 
2035 1226.45 364.526 341.38 214.987 409.035 446.021 807.722 184.307 
2036 1226.45 364.526 341.38 216.929 414.435 446.344 776.21 182.536 
Alternative 5 Alternative  Stock: ai22_2
Catch ai22_2
Year C0 Cabc Cofl LowCI_Catch Median_Catch Mean_Catch UpperCI_Catch Stdev_Catch 
2022  0 45.8016 48.8559 3 3 3 3 5.01821e-014 
2023  0 45.8016 48.8559 1.67 1.67 1.67 1.67 3.58997e-007 
2024  0 45.8016 48.8559 0 0 0 0 0 
2025  0 45.8016 48.8559 0 0 0 0 0 
2026  0 45.8016 48.8559 0 0 0 0 0 
2027  0 45.8016 48.8559 0 0 0 0 0 
2028  0 45.8016 48.8559 0 0 0 0 0 
2029  0 45.8016 48.8559 0 0 0 0 0 
2030  0 45.8016 48.8559 0 0 0 0 0 
2031  0 45.8016 48.8559 0 0 0 0 0 
2032  0 45.8016 48.8559 0 0 0 0 0 
2033  0 45.8016 48.8559 0 0 0 0 0 
2034  0 45.8016 48.8559 0 0 0 0 0 
2035  0 45.8016 48.8559 0 0 0 0 0 
2036  0 45.8016 48.8559 0 0 0 0 0 

Spawning_Biomass ai22_2
Year SSB100 SSBabc SSBofl LowCI_SSB Median_SSB Mean_SSB UpperCI_SSB Stdev_SSB 
2022 182.55 73.0198 63.8923 78.2401 78.2401 78.2401 78.2401 1.23634e-012 
2023 182.55 73.0198 63.8923 77.4734 77.4735 77.4736 77.4742 0.00034184 
2024 182.55 73.0198 63.8923 82.0073 82.0133 82.0213 82.0631 0.0229311 
2025 182.55 73.0198 63.8923 89.1511 89.3834 89.684 91.2455 0.864563 
2026 182.55 73.0198 63.8923 92.0849 95.5992 99.7821 121.88 12.255 
2027 182.55 73.0198 63.8923 90.3539 102.628 111.361 161.51 27.188 
2028 182.55 73.0198 63.8923 87.205 111.506 123.503 205.512 41.1631 
2029 182.55 73.0198 63.8923 84.7199 121.843 134.847 229.502 49.5203 
2030 182.55 73.0198 63.8923 83.4714 130.83 144.815 249.788 56.825 
2031 182.55 73.0198 63.8923 82.7038 139.31 152.875 270.849 63.1543 
2032 182.55 73.0198 63.8923 84.6056 144.116 158.941 277.203 66.3443 
2033 182.55 73.0198 63.8923 84.1405 149.378 163.229 282.544 67.5011 
2034 182.55 73.0198 63.8923 83.7708 152.995 166.354 293.057 67.2351 
2035 182.55 73.0198 63.8923 83.2186 155.67 167.889 292.59 67.2735 
2036 182.55 73.0198 63.8923 84.1826 155.557 168.698 290.497 66.8748 

Fishing_mortalityai22_2
Year F0 Fabc Fofl LowCI_F Median_F Mean_F UpperCI_F Stdev_F 
2022  0 0.411432 0.526075 0.019542 0.019542 0.019542 0.019542 2.42861e-017 
2023  0 0.411432 0.526075 0.0111949 0.0112662 0.0112548 0.0112749 3.25007e-005 
2024  0 0.411432 0.526075 0 0 0 0 0 
2025  0 0.411432 0.526075 0 0 0 0 0 
2026  0 0.411432 0.526075 0 0 0 0 0 
2027  0 0.411432 0.526075 0 0 0 0 0 
2028  0 0.411432 0.526075 0 0 0 0 0 
2029  0 0.411432 0.526075 0 0 0 0 0 
2030  0 0.411432 0.526075 0 0 0 0 0 
2031  0 0.411432 0.526075 0 0 0 0 0 
2032  0 0.411432 0.526075 0 0 0 0 0 
2033  0 0.411432 0.526075 0 0 0 0 0 
2034  0 0.411432 0.526075 0 0 0 0 0 
2035  0 0.411432 0.526075 0 0 0 0 0 
2036  0 0.411432 0.526075 0 0 0 0 0 

Total_Biomassai22_2
Year B100 Babc Bofl LowCI_Biom Median_Biom Mean_Biom UpperCI_Biom Stdev_Biom 
2022 1226.45 364.526 341.38 295.203 295.203 295.203 295.203 2.44427e-012 
2023 1226.45 364.526 341.38 295.529 304.897 317.399 382.472 35.7554 
2024 1226.45 364.526 341.38 297.529 326.332 347.13 475.463 61.9491 
2025 1226.45 364.526 341.38 296.86 355.849 383.744 568.555 96.2119 
2026 1226.45 364.526 341.38 294.229 388.431 421.216 669.479 126.476 
2027 1226.45 364.526 341.38 290.655 416.892 456.477 744.603 155.441 
2028 1226.45 364.526 341.38 287.814 444.619 487.923 838.267 182.399 
2029 1226.45 364.526 341.38 289.344 472.095 514.516 886.029 199.172 
2030 1226.45 364.526 341.38 291.751 494.378 535.284 912.955 210.358 
2031 1226.45 364.526 341.38 290.481 508.208 552.246 934.541 215.489 
2032 1226.45 364.526 341.38 290.495 524.917 561.804 962.544 217.392 
2033 1226.45 364.526 341.38 288.568 528.369 568.56 978.687 218.132 
2034 1226.45 364.526 341.38 293.99 540.142 573.612 977.636 214.843 
2035 1226.45 364.526 341.38 302.648 541.207 577.106 994.592 212.686 
2036 1226.45 364.526 341.38 308.306 543.704 581.456 976.423 210.038 
Alternative 6 Alternative  Stock: ai22_2
Catch ai22_2
Year C0 Cabc Cofl LowCI_Catch Median_Catch Mean_Catch UpperCI_Catch Stdev_Catch 
2022  0 45.8016 48.8559 3 3 3 3 5.01821e-014 
2023  0 45.8016 48.8559 62.9878 63.0467 63.1253 63.5342 0.224721 
2024  0 45.8016 48.8559 35.2806 35.4756 35.6415 36.5083 0.489952 
2025  0 45.8016 48.8559 30.5709 31.2726 31.8441 34.9381 1.83057 
2026  0 45.8016 48.8559 28.6748 31.9736 34.912 51.9701 7.8005 
2027  0 45.8016 48.8559 24.6418 33.73 38.7924 66.226 15.1188 
2028  0 45.8016 48.8559 20.1488 36.5176 42.8045 85.7436 22.7949 
2029  0 45.8016 48.8559 16.5861 39.1033 45.9983 97.516 27.157 
2030  0 45.8016 48.8559 14.8046 40.7169 47.7268 100.117 29.0982 
2031  0 45.8016 48.8559 14.9949 41.1468 48.3923 101.906 30.0702 
2032  0 45.8016 48.8559 14.2041 41.0847 48.4915 104.427 30.235 
2033  0 45.8016 48.8559 13.9513 41.0053 48.0907 103.283 29.7694 
2034  0 45.8016 48.8559 13.6837 40.5126 47.5639 100.683 28.7631 
2035  0 45.8016 48.8559 14.242 39.9846 46.7161 99.8521 28.419 
2036  0 45.8016 48.8559 13.9697 38.3204 46.0078 100.304 28.3706 

Spawning_Biomass ai22_2
Year SSB100 SSBabc SSBofl LowCI_SSB Median_SSB Mean_SSB UpperCI_SSB Stdev_SSB 
2022 182.55 73.0198 63.8923 78.2401 78.2401 78.2401 78.2401 1.23634e-012 
2023 182.55 73.0198 63.8923 72.3191 72.3191 72.3191 72.3191 1.89828e-007 
2024 182.55 73.0198 63.8923 56.7173 56.7225 56.7295 56.766 0.0200321 
2025 182.55 73.0198 63.8923 54.6122 54.8298 55.1117 56.5761 0.810784 
2026 182.55 73.0198 63.8923 51.2934 54.5249 58.3249 78.452 11.3074 
2027 182.55 73.0198 63.8923 45.1772 55.3869 62.5885 105.098 22.8398 
2028 182.55 73.0198 63.8923 39.8122 57.5863 66.6359 125.374 30.5399 
2029 182.55 73.0198 63.8923 36.6502 60.3847 69.52 133.655 32.8741 
2030 182.55 73.0198 63.8923 35.4305 60.4393 71.0606 136.747 34.7889 
2031 182.55 73.0198 63.8923 35.7223 61.7063 71.4511 137.954 36.003 
2032 182.55 73.0198 63.8923 35.2141 61.9803 71.2701 138.124 35.461 
2033 182.55 73.0198 63.8923 34.9025 61.616 70.7221 136.382 34.143 
2034 182.55 73.0198 63.8923 34.5807 61.6287 70.2009 135.136 32.9916 
2035 182.55 73.0198 63.8923 34.922 60.4501 69.1422 134.777 33.2517 
2036 182.55 73.0198 63.8923 35.0763 59.7494 68.1956 131.139 32.6489 

Fishing_mortalityai22_2
Year F0 Fabc Fofl LowCI_F Median_F Mean_F UpperCI_F Stdev_F 
2022  0 0.411432 0.526075 0.019542 0.019542 0.019542 0.019542 2.42861e-017 
2023  0 0.411432 0.526075 0.52076 0.52076 0.52076 0.52076 1.95173e-008 
2024  0 0.411432 0.526075 0.402441 0.40248 0.402534 0.40281 0.000151918 
2025  0 0.411432 0.526075 0.386476 0.388126 0.390265 0.40137 0.00614877 
2026  0 0.411432 0.526075 0.361307 0.385814 0.405388 0.526075 0.0482834 
2027  0 0.411432 0.526075 0.314924 0.392352 0.410467 0.526075 0.0743592 
2028  0 0.411432 0.526075 0.274237 0.409031 0.414001 0.526075 0.0919164 
2029  0 0.411432 0.526075 0.250257 0.430254 0.420125 0.526075 0.0990107 
2030  0 0.411432 0.526075 0.241007 0.430668 0.421808 0.526075 0.101278 
2031  0 0.411432 0.526075 0.24322 0.440276 0.421331 0.526075 0.102829 
2032  0 0.411432 0.526075 0.239367 0.442354 0.421812 0.526075 0.103189 
2033  0 0.411432 0.526075 0.237003 0.439591 0.420687 0.526075 0.104073 
2034  0 0.411432 0.526075 0.234563 0.439688 0.419927 0.526075 0.104665 
2035  0 0.411432 0.526075 0.237151 0.430749 0.416142 0.526075 0.103953 
2036  0 0.411432 0.526075 0.238322 0.425435 0.414288 0.526075 0.103164 

Total_Biomassai22_2
Year B100 Babc Bofl LowCI_Biom Median_Biom Mean_Biom UpperCI_Biom Stdev_Biom 
2022 1226.45 364.526 341.38 295.203 295.203 295.203 295.203 2.44427e-012 
2023 1226.45 364.526 341.38 295.529 304.897 317.399 382.472 35.7554 
2024 1226.45 364.526 341.38 242.878 271.558 292.35 420.46 61.7539 
2025 1226.45 364.526 341.38 218.642 277.372 304.859 486.919 95.3305 
2026 1226.45 364.526 341.38 200.512 292.907 324.97 564.196 123.56 
2027 1226.45 364.526 341.38 186.386 304.538 342.186 615.778 146.105 
2028 1226.45 364.526 341.38 175.665 317.863 354.476 660.093 162.255 
2029 1226.45 364.526 341.38 176.778 320.834 361.439 659.606 166.928 
2030 1226.45 364.526 341.38 168.895 324.762 363.099 670.982 167.628 
2031 1226.45 364.526 341.38 166.436 322.682 362.989 668.588 164.515 
2032 1226.45 364.526 341.38 166.783 324.634 358.728 669.857 160.347 
2033 1226.45 364.526 341.38 168.49 320.769 354.966 658.207 158.429 
2034 1226.45 364.526 341.38 168.073 318.157 352.266 650.514 155.067 
2035 1226.45 364.526 341.38 169.448 317.111 350.233 648.815 154.319 
2036 1226.45 364.526 341.38 173.265 317.51 350.981 627.129 154.445 
Alternative 7 Alternative  Stock: ai22_2
Catch ai22_2
Year C0 Cabc Cofl LowCI_Catch Median_Catch Mean_Catch UpperCI_Catch Stdev_Catch 
2022  0 45.8016 48.8559 3 3 3 3 5.01821e-014 
2023  0 45.8016 48.8559 51.8837 51.9302 51.9923 52.3156 0.177622 
2024  0 45.8016 48.8559 32.8357 33.0008 33.1412 33.8753 0.41483 
2025  0 45.8016 48.8559 35.6252 36.3796 36.9927 40.3138 1.95939 
2026  0 45.8016 48.8559 30.8623 34.2651 37.1791 53.6185 7.73144 
2027  0 45.8016 48.8559 25.5117 34.6654 39.689 66.8637 15.0856 
2028  0 45.8016 48.8559 20.4543 36.8463 43.1147 86.1987 22.8037 
2029  0 45.8016 48.8559 16.6903 39.1962 46.0875 97.5881 27.1677 
2030  0 45.8016 48.8559 14.8363 40.7287 47.7428 100.113 29.097 
2031  0 45.8016 48.8559 14.9956 41.1241 48.388 101.855 30.0634 
2032  0 45.8016 48.8559 14.2051 41.0735 48.4856 104.41 30.2298 
2033  0 45.8016 48.8559 13.9535 41.0028 48.0882 103.263 29.7667 
2034  0 45.8016 48.8559 13.6838 40.5129 47.5636 100.68 28.7618 
2035  0 45.8016 48.8559 14.2417 39.9862 46.7167 99.8511 28.4184 
2036  0 45.8016 48.8559 13.9712 38.3221 46.0084 100.305 28.3703 

Spawning_Biomass ai22_2
Year SSB100 SSBabc SSBofl LowCI_SSB Median_SSB Mean_SSB UpperCI_SSB Stdev_SSB 
2022 182.55 73.0198 63.8923 78.2401 78.2401 78.2401 78.2401 1.23634e-012 
2023 182.55 73.0198 63.8923 73.3914 73.3914 73.3914 73.3914 1.57916e-007 
2024 182.55 73.0198 63.8923 60.9646 60.9698 60.9769 61.0136 0.0201887 
2025 182.55 73.0198 63.8923 58.5446 58.7618 59.0433 60.5052 0.809421 
2026 182.55 73.0198 63.8923 53.0317 56.2553 60.0546 80.2144 11.3097 
2027 182.55 73.0198 63.8923 45.9094 56.071 63.2971 105.67 22.8684 
2028 182.55 73.0198 63.8923 40.1056 57.8064 66.8965 125.858 30.5638 
2029 182.55 73.0198 63.8923 36.7798 60.4388 69.5969 133.889 32.8762 
2030 182.55 73.0198 63.8923 35.4813 60.4296 71.0736 136.869 34.7816 
2031 182.55 73.0198 63.8923 35.7128 61.6948 71.4478 137.92 35.9965 
2032 182.55 73.0198 63.8923 35.214 61.9745 71.2656 138.121 35.4572 
2033 182.55 73.0198 63.8923 34.9072 61.6191 70.72 136.377 34.141 
2034 182.55 73.0198 63.8923 34.5867 61.6302 70.2007 135.132 32.9906 
2035 182.55 73.0198 63.8923 34.9221 60.4505 69.1427 134.777 33.2512 
2036 182.55 73.0198 63.8923 35.0784 59.7497 68.1961 131.138 32.6487 

Fishing_mortalityai22_2
Year F0 Fabc Fofl LowCI_F Median_F Mean_F UpperCI_F Stdev_F 
2022  0 0.411432 0.526075 0.019542 0.019542 0.019542 0.019542 2.42861e-017 
2023  0 0.411432 0.526075 0.411431 0.411431 0.411431 0.411432 1.59663e-008 
2024  0 0.411432 0.526075 0.339931 0.339962 0.340004 0.340222 0.000119741 
2025  0 0.411432 0.526075 0.416298 0.417946 0.420081 0.431167 0.00613843 
2026  0 0.411432 0.526075 0.37449 0.398937 0.417509 0.526075 0.0458418 
2027  0 0.411432 0.526075 0.320476 0.39754 0.414775 0.526075 0.0726914 
2028  0 0.411432 0.526075 0.276462 0.4107 0.415378 0.526075 0.0911488 
2029  0 0.411432 0.526075 0.25124 0.430664 0.420506 0.526075 0.0987333 
2030  0 0.411432 0.526075 0.241393 0.430594 0.421889 0.526075 0.101191 
2031  0 0.411432 0.526075 0.243148 0.440189 0.421335 0.526075 0.102806 
2032  0 0.411432 0.526075 0.239365 0.44231 0.421801 0.526075 0.103181 
2033  0 0.411432 0.526075 0.237039 0.439615 0.420683 0.526075 0.104069 
2034  0 0.411432 0.526075 0.234608 0.439699 0.419929 0.526075 0.10466 
2035  0 0.411432 0.526075 0.237152 0.430752 0.416146 0.526075 0.103949 
2036  0 0.411432 0.526075 0.238337 0.425438 0.414292 0.526075 0.103161 

Total_Biomassai22_2
Year B100 Babc Bofl LowCI_Biom Median_Biom Mean_Biom UpperCI_Biom Stdev_Biom 
2022 1226.45 364.526 341.38 295.203 295.203 295.203 295.203 2.44427e-012 
2023 1226.45 364.526 341.38 295.529 304.897 317.399 382.472 35.7554 
2024 1226.45 364.526 341.38 252.773 281.478 302.272 430.428 61.7949 
2025 1226.45 364.526 341.38 229.362 288.143 315.699 498.236 95.4815 
2026 1226.45 364.526 341.38 204.978 297.378 329.445 568.569 123.573 
2027 1226.45 364.526 341.38 188.116 306.081 343.827 617.075 146.124 
2028 1226.45 364.526 341.38 176.322 318.311 354.98 660.985 162.269 
2029 1226.45 364.526 341.38 176.904 320.899 361.54 659.72 166.918 
2030 1226.45 364.526 341.38 168.946 324.721 363.085 671.019 167.609 
2031 1226.45 364.526 341.38 166.471 322.649 362.959 668.557 164.5 
2032 1226.45 364.526 341.38 166.771 324.611 358.708 669.803 160.338 
2033 1226.45 364.526 341.38 168.49 320.8 354.957 658.184 158.425 
2034 1226.45 364.526 341.38 168.077 318.157 352.264 650.514 155.066 
2035 1226.45 364.526 341.38 169.445 317.111 350.234 648.815 154.319 
2036 1226.45 364.526 341.38 173.265 317.514 350.982 627.131 154.444 
