Alternative 1 Catch
     ai22_2 
Equil_Fabc 45.8016 
Year 
2022 3 
2023 19 
2024 19 
2025 19 
2026 19 
2027 19 
2028 19 
2029 19 
2030 19 
2031 19 
2032 19 
2033 19 
2034 19 
2035 19 
2036 82.8522 

Alternative 1 ABCs
     ai22_2 

Year 
2022 53.9125 
2023 51.9923 
2024 46.8621 
2025 46.9516 
2026 49.7832 
2027 53.9447 
2028 59.0158 
2029 64.5832 
2030 70.0816 
2031 74.4379 
2032 77.759 
2033 80.0433 
2034 81.541 
2035 82.4563 
2036 82.8522 

Alternative 1 TACs
     ai22_2 

Year 
2022  NA 
2023  NA 
2024  NA 
2025  NA 
2026  NA 
2027  NA 
2028  NA 
2029  NA 
2030  NA 
2031  NA 
2032  NA 
2033  NA 
2034  NA 
2035  NA 
2036 82.8522 

Alternative 1 Sp_Biomass
     ai22_2 
Equil_Fabc 73.0198 
Year 
2022 78.2401 
2023 76.187 
2024 74.2029 
2025 75.8498 
2026 80.9179 
2027 88.1401 
2028 96.5267 
2029 104.657 
2030 111.871 
2031 117.717 
2032 122.143 
2033 125.256 
2034 127.487 
2035 128.291 
2036 123.425 

Alternative 1 Fishing Mortality
     ai22_2 
Equil_Fabc 0.411432 
Year 
2022 0.019542 
2023 0.134743 
2024 0.149263 
2025 0.152407 
2026 0.143624 
2027 0.132835 
2028 0.125168 
2029 0.12132 
2030 0.119381 
2031 0.117017 
2032 0.115209 
2033 0.114273 
2034 0.113658 
2035 0.112896 
2036 0.385938 

Alternative 1 Biomass
     ai22_2 

Year 
2022 295.203 
2023 317.399 
2024 331.677 
2025 353.569 
2026 378.588 
2027 403.4 
2028 426.276 
2029 445.971 
2030 461.031 
2031 473.334 
2032 479.408 
2033 483.748 
2034 487.011 
2035 489.052 
2036 492.111 

Alternative 1 Implied SPR rate 
     ai22_2 
Equil_Fabc 0.4 
Year 
2022 0.917922 
2023 0.64256 
2024 0.620974 
2025 0.616587 
2026 0.629553 
2027 0.647165 
2028 0.662057 
2029 0.672264 
2030 0.680248 
2031 0.687731 
2032 0.693474 
2033 0.69744 
2034 0.700459 
2035 0.702595 
2036 0.423303 

  ai22_2 
EquilAvgAgeF0  4.35474 
EquilAvgAgeFabc  3.06296 
AvgAgeYr2036 3.75293 
Alternative 2 Catch
     ai22_2 
Equil_Fabc 45.8016 
Year 
2022 3 
2023 19 
2024 19 
2025 19 
2026 19 
2027 19 
2028 19 
2029 19 
2030 19 
2031 19 
2032 19 
2033 19 
2034 19 
2035 19 
2036 82.8522 

Alternative 2 ABCs
     ai22_2 

Year 
2022 0.0539125 
2023 0.0519342 
2024 0.0465865 
2025 0.0461775 
2026 0.0479339 
2027 0.0474172 
2028 0.0463168 
2029 0.0506687 
2030 0.0576446 
2031 0.0700887 
2032 0.0838796 
2033 0.095635 
2034 0.103182 
2035 0.107225 
2036 0.10826 

Alternative 2 TACs
     ai22_2 

Year 
2022  NA 
2023  NA 
2024  NA 
2025  NA 
2026  NA 
2027  NA 
2028  NA 
2029  NA 
2030  NA 
2031  NA 
2032  NA 
2033  NA 
2034  NA 
2035  NA 
2036 82.8522 

Alternative 2 Sp_Biomass
     ai22_2 
Equil_Fabc 73.0198 
Year 
2022 78.2401 
2023 76.187 
2024 74.2029 
2025 75.8498 
2026 80.9179 
2027 88.1401 
2028 96.5267 
2029 104.657 
2030 111.871 
2031 117.717 
2032 122.143 
2033 125.256 
2034 127.487 
2035 128.291 
2036 123.425 

Alternative 2 Fishing Mortality
     ai22_2 
Equil_Fabc 0.411432 
Year 
2022 0.019542 
2023 0.134743 
2024 0.149263 
2025 0.152407 
2026 0.143624 
2027 0.132835 
2028 0.125168 
2029 0.12132 
2030 0.119381 
2031 0.117017 
2032 0.115209 
2033 0.114273 
2034 0.113658 
2035 0.112896 
2036 0.385938 

Alternative 2 Biomass
     ai22_2 

Year 
2022 295.203 
2023 317.399 
2024 331.677 
2025 353.569 
2026 378.588 
2027 403.4 
2028 426.276 
2029 445.971 
2030 461.031 
2031 473.334 
2032 479.408 
2033 483.748 
2034 487.011 
2035 489.052 
2036 492.111 

Alternative 2 Implied SPR rate 
     ai22_2 
Equil_Fabc 0.4 
Year 
2022 0.917922 
2023 0.64256 
2024 0.620974 
2025 0.616587 
2026 0.629553 
2027 0.647165 
2028 0.662057 
2029 0.672264 
2030 0.680248 
2031 0.687731 
2032 0.693474 
2033 0.69744 
2034 0.700459 
2035 0.702595 
2036 0.423303 

  ai22_2 
EquilAvgAgeF0  4.35474 
EquilAvgAgeFabc  3.06296 
AvgAgeYr2036 3.75293 
Alternative 3 Catch
     ai22_2 
Equil_Fabc 45.8016 
Year 
2022 3 
2023 19 
2024 19 
2025 19 
2026 19 
2027 19 
2028 19 
2029 19 
2030 19 
2031 19 
2032 19 
2033 19 
2034 19 
2035 19 
2036 6.39478 

Alternative 3 ABCs
     ai22_2 

Year 
2022 53.9125 
2023 51.9923 
2024 46.8621 
2025 46.9516 
2026 49.7832 
2027 53.9447 
2028 59.0158 
2029 64.5832 
2030 70.0816 
2031 74.4379 
2032 77.759 
2033 80.0433 
2034 81.541 
2035 82.4563 
2036 82.8522 

Alternative 3 TACs
     ai22_2 

Year 
2022  NA 
2023  NA 
2024  NA 
2025  NA 
2026  NA 
2027  NA 
2028  NA 
2029  NA 
2030  NA 
2031  NA 
2032  NA 
2033  NA 
2034  NA 
2035  NA 
2036 6.39478 

Alternative 3 Sp_Biomass
     ai22_2 
Equil_Fabc 73.0198 
Year 
2022 78.2401 
2023 76.187 
2024 74.2029 
2025 75.8498 
2026 80.9179 
2027 88.1401 
2028 96.5267 
2029 104.657 
2030 111.871 
2031 117.717 
2032 122.143 
2033 125.256 
2034 127.487 
2035 128.291 
2036 129.332 

Alternative 3 Fishing Mortality
     ai22_2 
Equil_Fabc 0.411432 
Year 
2022 0.019542 
2023 0.134743 
2024 0.149263 
2025 0.152407 
2026 0.143624 
2027 0.132835 
2028 0.125168 
2029 0.12132 
2030 0.119381 
2031 0.117017 
2032 0.115209 
2033 0.114273 
2034 0.113658 
2035 0.112896 
2036 0.0269599 

Alternative 3 Biomass
     ai22_2 

Year 
2022 295.203 
2023 317.399 
2024 331.677 
2025 353.569 
2026 378.588 
2027 403.4 
2028 426.276 
2029 445.971 
2030 461.031 
2031 473.334 
2032 479.408 
2033 483.748 
2034 487.011 
2035 489.052 
2036 492.111 

Alternative 3 Implied SPR rate 
     ai22_2 
Equil_Fabc 0.4 
Year 
2022 0.917922 
2023 0.64256 
2024 0.620974 
2025 0.616587 
2026 0.629553 
2027 0.647165 
2028 0.662057 
2029 0.672264 
2030 0.680248 
2031 0.687731 
2032 0.693474 
2033 0.69744 
2034 0.700459 
2035 0.702595 
2036 0.891034 

  ai22_2 
EquilAvgAgeF0  4.35474 
EquilAvgAgeFabc  3.06296 
AvgAgeYr2036 4.03837 
Alternative 4 Catch
     ai22_2 
Equil_Fabc 45.8016 
Year 
2022 3 
2023 19 
2024 19 
2025 19 
2026 19 
2027 19 
2028 19 
2029 19 
2030 19 
2031 19 
2032 19 
2033 19 
2034 19 
2035 19 
2036 36.856 

Alternative 4 ABCs
     ai22_2 

Year 
2022 53.9125 
2023 51.9923 
2024 46.8621 
2025 46.9516 
2026 49.7832 
2027 53.9447 
2028 59.0158 
2029 64.5832 
2030 70.0816 
2031 74.4379 
2032 77.759 
2033 80.0433 
2034 81.541 
2035 82.4563 
2036 82.8522 

Alternative 4 TACs
     ai22_2 

Year 
2022  NA 
2023  NA 
2024  NA 
2025  NA 
2026  NA 
2027  NA 
2028  NA 
2029  NA 
2030  NA 
2031  NA 
2032  NA 
2033  NA 
2034  NA 
2035  NA 
2036 36.856 

Alternative 4 Sp_Biomass
     ai22_2 
Equil_Fabc 73.0198 
Year 
2022 78.2401 
2023 76.187 
2024 74.2029 
2025 75.8498 
2026 80.9179 
2027 88.1401 
2028 96.5267 
2029 104.657 
2030 111.871 
2031 117.717 
2032 122.143 
2033 125.256 
2034 127.487 
2035 128.291 
2036 127.144 

Alternative 4 Fishing Mortality
     ai22_2 
Equil_Fabc 0.411432 
Year 
2022 0.019542 
2023 0.134743 
2024 0.149263 
2025 0.152407 
2026 0.143624 
2027 0.132835 
2028 0.125168 
2029 0.12132 
2030 0.119381 
2031 0.117017 
2032 0.115209 
2033 0.114273 
2034 0.113658 
2035 0.112896 
2036 0.161118 

Alternative 4 Biomass
     ai22_2 

Year 
2022 295.203 
2023 317.399 
2024 331.677 
2025 353.569 
2026 378.588 
2027 403.4 
2028 426.276 
2029 445.971 
2030 461.031 
2031 473.334 
2032 479.408 
2033 483.748 
2034 487.011 
2035 489.052 
2036 492.111 

Alternative 4 Implied SPR rate 
     ai22_2 
Equil_Fabc 0.4 
Year 
2022 0.917922 
2023 0.64256 
2024 0.620974 
2025 0.616587 
2026 0.629553 
2027 0.647165 
2028 0.662057 
2029 0.672264 
2030 0.680248 
2031 0.687731 
2032 0.693474 
2033 0.69744 
2034 0.700459 
2035 0.702595 
2036 0.6084 

  ai22_2 
EquilAvgAgeF0  4.35474 
EquilAvgAgeFabc  3.06296 
AvgAgeYr2036 3.92755 
Alternative 5 Catch
     ai22_2 
Equil_Fabc 45.8016 
Year 
2022 3 
2023 19 
2024 19 
2025 19 
2026 19 
2027 19 
2028 19 
2029 19 
2030 19 
2031 19 
2032 19 
2033 19 
2034 19 
2035 19 
2036  NA 

Alternative 5 ABCs
     ai22_2 

Year 
2022 53.9125 
2023 51.9923 
2024 46.8621 
2025 46.9516 
2026 49.7832 
2027 53.9447 
2028 59.0158 
2029 64.5832 
2030 70.0816 
2031 74.4379 
2032 77.759 
2033 80.0433 
2034 81.541 
2035 82.4563 
2036 82.8522 

Alternative 5 TACs
     ai22_2 

Year 
2022  NA 
2023  NA 
2024  NA 
2025  NA 
2026  NA 
2027  NA 
2028  NA 
2029  NA 
2030  NA 
2031  NA 
2032  NA 
2033  NA 
2034  NA 
2035  NA 
2036  NA 

Alternative 5 Sp_Biomass
     ai22_2 
Equil_Fabc 73.0198 
Year 
2022 78.2401 
2023 76.187 
2024 74.2029 
2025 75.8498 
2026 80.9179 
2027 88.1401 
2028 96.5267 
2029 104.657 
2030 111.871 
2031 117.717 
2032 122.143 
2033 125.256 
2034 127.487 
2035 128.291 
2036 129.768 

Alternative 5 Fishing Mortality
     ai22_2 
Equil_Fabc 0.411432 
Year 
2022 0.019542 
2023 0.134743 
2024 0.149263 
2025 0.152407 
2026 0.143624 
2027 0.132835 
2028 0.125168 
2029 0.12132 
2030 0.119381 
2031 0.117017 
2032 0.115209 
2033 0.114273 
2034 0.113658 
2035 0.112896 
2036  NA 

Alternative 5 Biomass
     ai22_2 

Year 
2022 295.203 
2023 317.399 
2024 331.677 
2025 353.569 
2026 378.588 
2027 403.4 
2028 426.276 
2029 445.971 
2030 461.031 
2031 473.334 
2032 479.408 
2033 483.748 
2034 487.011 
2035 489.052 
2036 492.111 

Alternative 5 Implied SPR rate 
     ai22_2 
Equil_Fabc 0.4 
Year 
2022 0.917922 
2023 0.64256 
2024 0.620974 
2025 0.616587 
2026 0.629553 
2027 0.647165 
2028 0.662057 
2029 0.672264 
2030 0.680248 
2031 0.687731 
2032 0.693474 
2033 0.69744 
2034 0.700459 
2035 0.702595 
2036 1 

  ai22_2 
EquilAvgAgeF0  4.35474 
EquilAvgAgeFabc  3.06296 
AvgAgeYr2036 4.06111 
Alternative 6 Catch
     ai22_2 
Equil_Fabc 45.8016 
Year 
2022 3 
2023 63.1253 
2024 35.6415 
2025 31.8441 
2026 34.912 
2027 38.7924 
2028 42.8045 
2029 45.9983 
2030 47.7267 
2031 48.3923 
2032 48.4915 
2033 48.0907 
2034 47.5639 
2035 46.7161 
2036 46.0078 

Alternative 6 ABCs
     ai22_2 

Year 
2022 53.9125 
2023 51.9923 
2024 29.0011 
2025 25.7694 
2026 28.217 
2027 31.3228 
2028 34.5138 
2029 36.7807 
2030 38.0683 
2031 38.6552 
2032 38.7113 
2033 38.3816 
2034 37.9549 
2035 37.2179 
2036 36.7322 

Alternative 6 TACs
     ai22_2 

Year 
2022  NA 
2023 63.1253 
2024 35.6415 
2025 31.8441 
2026 34.912 
2027 38.7925 
2028 42.8045 
2029 45.9984 
2030 47.7268 
2031 48.3923 
2032 48.4915 
2033 48.0907 
2034 47.5639 
2035 46.7161 
2036 46.0078 

Alternative 6 Sp_Biomass
     ai22_2 
Equil_Fabc 73.0198 
Year 
2022 78.2401 
2023 72.3191 
2024 56.7295 
2025 55.1117 
2026 58.3249 
2027 62.5885 
2028 66.6359 
2029 69.52 
2030 71.0607 
2031 71.4511 
2032 71.2701 
2033 70.7222 
2034 70.201 
2035 69.1422 
2036 68.1956 

Alternative 6 Fishing Mortality
     ai22_2 
Equil_Fabc 0.411432 
Year 
2022 0.019542 
2023 0.52076 
2024 0.402533 
2025 0.390264 
2026 0.405388 
2027 0.410467 
2028 0.414001 
2029 0.420125 
2030 0.421808 
2031 0.421331 
2032 0.421811 
2033 0.420686 
2034 0.419927 
2035 0.416142 
2036 0.414288 

Alternative 6 Biomass
     ai22_2 

Year 
2022 295.203 
2023 317.399 
2024 292.35 
2025 304.859 
2026 324.97 
2027 342.186 
2028 354.476 
2029 361.439 
2030 363.099 
2031 362.989 
2032 358.728 
2033 354.966 
2034 352.266 
2035 350.233 
2036 350.981 

Alternative 6 Implied SPR rate 
     ai22_2 
Equil_Fabc 0.4 
Year 
2022 0.917922 
2023 0.352005 
2024 0.404582 
2025 0.411132 
2026 0.40473 
2027 0.404508 
2028 0.405215 
2029 0.40338 
2030 0.402999 
2031 0.403578 
2032 0.40352 
2033 0.404281 
2034 0.404772 
2035 0.406521 
2036 0.407347 

  ai22_2 
EquilAvgAgeF0  4.35474 
EquilAvgAgeFabc  3.06296 
AvgAgeYr2036 3.25091 
Alternative 7 Catch
     ai22_2 
Equil_Fabc 45.8016 
Year 
2022 3 
2023 51.9923 
2024 33.1411 
2025 36.9927 
2026 37.1791 
2027 39.689 
2028 43.1147 
2029 46.0875 
2030 47.7427 
2031 48.388 
2032 48.4856 
2033 48.0882 
2034 47.5636 
2035 46.7167 
2036 46.0085 

Alternative 7 ABCs
     ai22_2 

Year 
2022 53.9125 
2023 51.9923 
2024 33.1412 
2025 30.0365 
2026 30.0922 
2027 32.0628 
2028 34.8108 
2029 36.8783 
2030 38.0803 
2031 38.6514 
2032 38.7064 
2033 38.3794 
2034 37.9545 
2035 37.2183 
2036 36.7327 

Alternative 7 TACs
     ai22_2 

Year 
2022  NA 
2023 63.1253 
2024 40.6052 
2025 36.9927 
2026 37.1791 
2027 39.6891 
2028 43.1147 
2029 46.0875 
2030 47.7428 
2031 48.388 
2032 48.4856 
2033 48.0882 
2034 47.5636 
2035 46.7167 
2036 46.0085 

Alternative 7 Sp_Biomass
     ai22_2 
Equil_Fabc 73.0198 
Year 
2022 78.2401 
2023 73.3914 
2024 60.9769 
2025 59.0433 
2026 60.0546 
2027 63.2971 
2028 66.8966 
2029 69.5969 
2030 71.0736 
2031 71.4479 
2032 71.2656 
2033 70.72 
2034 70.2007 
2035 69.1427 
2036 68.1961 

Alternative 7 Fishing Mortality
     ai22_2 
Equil_Fabc 0.411432 
Year 
2022 0.019542 
2023 0.411431 
2024 0.340004 
2025 0.42008 
2026 0.417508 
2027 0.414775 
2028 0.415378 
2029 0.420506 
2030 0.421888 
2031 0.421334 
2032 0.421801 
2033 0.420683 
2034 0.419929 
2035 0.416146 
2036 0.414292 

Alternative 7 Biomass
     ai22_2 

Year 
2022 295.203 
2023 317.399 
2024 302.272 
2025 315.699 
2026 329.445 
2027 343.827 
2028 354.98 
2029 361.54 
2030 363.085 
2031 362.959 
2032 358.708 
2033 354.957 
2034 352.264 
2035 350.234 
2036 350.982 

Alternative 7 Implied SPR rate 
     ai22_2 
Equil_Fabc 0.4 
Year 
2022 0.917922 
2023 0.4 
2024 0.440566 
2025 0.395685 
2026 0.398344 
2027 0.402083 
2028 0.404373 
2029 0.40313 
2030 0.402939 
2031 0.403571 
2032 0.403523 
2033 0.404282 
2034 0.40477 
2035 0.406518 
2036 0.407344 

  ai22_2 
EquilAvgAgeF0  4.35474 
EquilAvgAgeFabc  3.06296 
AvgAgeYr2036 3.25093 
