ai22_2 1 2022 Cabc 45.8016
ai22_2 1 2022 Cofl 48.8559
ai22_2 1 2022 CLCI 3
ai22_2 1 2022 CUCI 3
ai22_2 1 2022 CMedian 3
ai22_2 1 2022 CMean 3
ai22_2 1 2022 CStdn 5.01821e-014
ai22_2 1 2023 Cabc 45.8016
ai22_2 1 2023 Cofl 48.8559
ai22_2 1 2023 CLCI 19
ai22_2 1 2023 CUCI 19
ai22_2 1 2023 CMedian 19
ai22_2 1 2023 CMean 19
ai22_2 1 2023 CStdn 7.03238e-007
ai22_2 1 2024 Cabc 45.8016
ai22_2 1 2024 Cofl 48.8559
ai22_2 1 2024 CLCI 19
ai22_2 1 2024 CUCI 19
ai22_2 1 2024 CMedian 19
ai22_2 1 2024 CMean 19
ai22_2 1 2024 CStdn 8.15622e-007
ai22_2 1 2025 Cabc 45.8016
ai22_2 1 2025 Cofl 48.8559
ai22_2 1 2025 CLCI 19
ai22_2 1 2025 CUCI 19
ai22_2 1 2025 CMedian 19
ai22_2 1 2025 CMean 19
ai22_2 1 2025 CStdn 7.98063e-007
ai22_2 1 2026 Cabc 45.8016
ai22_2 1 2026 Cofl 48.8559
ai22_2 1 2026 CLCI 19
ai22_2 1 2026 CUCI 19
ai22_2 1 2026 CMedian 19
ai22_2 1 2026 CMean 19
ai22_2 1 2026 CStdn 3.99261e-006
ai22_2 1 2027 Cabc 45.8016
ai22_2 1 2027 Cofl 48.8559
ai22_2 1 2027 CLCI 19
ai22_2 1 2027 CUCI 19
ai22_2 1 2027 CMedian 19
ai22_2 1 2027 CMean 19
ai22_2 1 2027 CStdn 2.54732e-006
ai22_2 1 2028 Cabc 45.8016
ai22_2 1 2028 Cofl 48.8559
ai22_2 1 2028 CLCI 19
ai22_2 1 2028 CUCI 19
ai22_2 1 2028 CMedian 19
ai22_2 1 2028 CMean 19
ai22_2 1 2028 CStdn 4.89615e-006
ai22_2 1 2029 Cabc 45.8016
ai22_2 1 2029 Cofl 48.8559
ai22_2 1 2029 CLCI 19
ai22_2 1 2029 CUCI 19
ai22_2 1 2029 CMedian 19
ai22_2 1 2029 CMean 19
ai22_2 1 2029 CStdn 4.6986e-006
ai22_2 1 2030 Cabc 45.8016
ai22_2 1 2030 Cofl 48.8559
ai22_2 1 2030 CLCI 19
ai22_2 1 2030 CUCI 19
ai22_2 1 2030 CMedian 19
ai22_2 1 2030 CMean 19
ai22_2 1 2030 CStdn 4.72035e-006
ai22_2 1 2031 Cabc 45.8016
ai22_2 1 2031 Cofl 48.8559
ai22_2 1 2031 CLCI 19
ai22_2 1 2031 CUCI 19
ai22_2 1 2031 CMedian 19
ai22_2 1 2031 CMean 19
ai22_2 1 2031 CStdn 4.64609e-006
ai22_2 1 2032 Cabc 45.8016
ai22_2 1 2032 Cofl 48.8559
ai22_2 1 2032 CLCI 19
ai22_2 1 2032 CUCI 19
ai22_2 1 2032 CMedian 19
ai22_2 1 2032 CMean 19
ai22_2 1 2032 CStdn 4.76359e-006
ai22_2 1 2033 Cabc 45.8016
ai22_2 1 2033 Cofl 48.8559
ai22_2 1 2033 CLCI 19
ai22_2 1 2033 CUCI 19
ai22_2 1 2033 CMedian 19
ai22_2 1 2033 CMean 19
ai22_2 1 2033 CStdn 4.88026e-006
ai22_2 1 2034 Cabc 45.8016
ai22_2 1 2034 Cofl 48.8559
ai22_2 1 2034 CLCI 19
ai22_2 1 2034 CUCI 19
ai22_2 1 2034 CMedian 19
ai22_2 1 2034 CMean 19
ai22_2 1 2034 CStdn 4.74257e-006
ai22_2 1 2035 Cabc 45.8016
ai22_2 1 2035 Cofl 48.8559
ai22_2 1 2035 CLCI 19
ai22_2 1 2035 CUCI 19
ai22_2 1 2035 CMedian 19
ai22_2 1 2035 CMean 19
ai22_2 1 2035 CStdn 4.72704e-006
ai22_2 1 2036 Cabc 45.8016
ai22_2 1 2036 Cofl 48.8559
ai22_2 1 2036 CLCI 18.7616
ai22_2 1 2036 CUCI 168.079
ai22_2 1 2036 CMedian 76.0756
ai22_2 1 2036 CMean 82.8522
ai22_2 1 2036 CStdn 46.4206
ai22_2 1 2022 SSBF100 182.55
ai22_2 1 2022 SSBFabc 73.0198
ai22_2 1 2022 SSBFofl 63.8923
ai22_2 1 2022 SSBLCI 78.2401
ai22_2 1 2022 SSBUCI 78.2401
ai22_2 1 2022 SSBMedian 78.2401
ai22_2 1 2022 SSBMean 78.2401
ai22_2 1 2023 SSBF100 182.55
ai22_2 1 2023 SSBFabc 73.0198
ai22_2 1 2023 SSBFofl 63.8923
ai22_2 1 2023 SSBLCI 76.1843
ai22_2 1 2023 SSBUCI 76.1952
ai22_2 1 2023 SSBMedian 76.1855
ai22_2 1 2023 SSBMean 76.187
ai22_2 1 2024 SSBF100 182.55
ai22_2 1 2024 SSBFabc 73.0198
ai22_2 1 2024 SSBFofl 63.8923
ai22_2 1 2024 SSBLCI 74.1676
ai22_2 1 2024 SSBUCI 74.3022
ai22_2 1 2024 SSBMedian 74.1843
ai22_2 1 2024 SSBMean 74.2029
ai22_2 1 2025 SSBF100 182.55
ai22_2 1 2025 SSBFabc 73.0198
ai22_2 1 2025 SSBFofl 63.8923
ai22_2 1 2025 SSBLCI 75.2431
ai22_2 1 2025 SSBUCI 77.6094
ai22_2 1 2025 SSBMedian 75.5144
ai22_2 1 2025 SSBMean 75.8498
ai22_2 1 2026 SSBF100 182.55
ai22_2 1 2026 SSBFabc 73.0198
ai22_2 1 2026 SSBFofl 63.8923
ai22_2 1 2026 SSBLCI 73.0811
ai22_2 1 2026 SSBUCI 103.195
ai22_2 1 2026 SSBMedian 76.7271
ai22_2 1 2026 SSBMean 80.9179
ai22_2 1 2027 SSBF100 182.55
ai22_2 1 2027 SSBFabc 73.0198
ai22_2 1 2027 SSBFofl 63.8923
ai22_2 1 2027 SSBLCI 67.1852
ai22_2 1 2027 SSBUCI 138.375
ai22_2 1 2027 SSBMedian 79.3971
ai22_2 1 2027 SSBMean 88.1401
ai22_2 1 2028 SSBF100 182.55
ai22_2 1 2028 SSBFabc 73.0198
ai22_2 1 2028 SSBFofl 63.8923
ai22_2 1 2028 SSBLCI 60.4774
ai22_2 1 2028 SSBUCI 178.165
ai22_2 1 2028 SSBMedian 84.7024
ai22_2 1 2028 SSBMean 96.5267
ai22_2 1 2029 SSBF100 182.55
ai22_2 1 2029 SSBFabc 73.0198
ai22_2 1 2029 SSBFofl 63.8923
ai22_2 1 2029 SSBLCI 54.9209
ai22_2 1 2029 SSBUCI 199.953
ai22_2 1 2029 SSBMedian 91.7667
ai22_2 1 2029 SSBMean 104.657
ai22_2 1 2030 SSBF100 182.55
ai22_2 1 2030 SSBFabc 73.0198
ai22_2 1 2030 SSBFofl 63.8923
ai22_2 1 2030 SSBLCI 51.2843
ai22_2 1 2030 SSBUCI 216.235
ai22_2 1 2030 SSBMedian 98.0392
ai22_2 1 2030 SSBMean 111.871
ai22_2 1 2031 SSBF100 182.55
ai22_2 1 2031 SSBFabc 73.0198
ai22_2 1 2031 SSBFofl 63.8923
ai22_2 1 2031 SSBLCI 48.6367
ai22_2 1 2031 SSBUCI 233.909
ai22_2 1 2031 SSBMedian 103.984
ai22_2 1 2031 SSBMean 117.717
ai22_2 1 2032 SSBF100 182.55
ai22_2 1 2032 SSBFabc 73.0198
ai22_2 1 2032 SSBFofl 63.8923
ai22_2 1 2032 SSBLCI 48.8204
ai22_2 1 2032 SSBUCI 239.147
ai22_2 1 2032 SSBMedian 107.657
ai22_2 1 2032 SSBMean 122.143
ai22_2 1 2033 SSBF100 182.55
ai22_2 1 2033 SSBFabc 73.0198
ai22_2 1 2033 SSBFofl 63.8923
ai22_2 1 2033 SSBLCI 47.056
ai22_2 1 2033 SSBUCI 243.281
ai22_2 1 2033 SSBMedian 111.542
ai22_2 1 2033 SSBMean 125.256
ai22_2 1 2034 SSBF100 182.55
ai22_2 1 2034 SSBFabc 73.0198
ai22_2 1 2034 SSBFofl 63.8923
ai22_2 1 2034 SSBLCI 45.9428
ai22_2 1 2034 SSBUCI 251.481
ai22_2 1 2034 SSBMedian 114.378
ai22_2 1 2034 SSBMean 127.487
ai22_2 1 2035 SSBF100 182.55
ai22_2 1 2035 SSBFabc 73.0198
ai22_2 1 2035 SSBFofl 63.8923
ai22_2 1 2035 SSBLCI 44.7483
ai22_2 1 2035 SSBUCI 251.579
ai22_2 1 2035 SSBMedian 115.902
ai22_2 1 2035 SSBMean 128.291
ai22_2 1 2036 SSBF100 182.55
ai22_2 1 2036 SSBFabc 73.0198
ai22_2 1 2036 SSBFofl 63.8923
ai22_2 1 2036 SSBLCI 45.6551
ai22_2 1 2036 SSBUCI 239.923
ai22_2 1 2036 SSBMedian 110.995
ai22_2 1 2036 SSBMean 123.425
ai22_2 1 2022 F0 0 
ai22_2 1 2022 Fabc 0.411432
ai22_2 1 2022 Fofl 0.526075
ai22_2 1 2022  F_LCI 0.019542
ai22_2 1 2022  F_UCI 0.019542
ai22_2 1 2022  F_Median 0.019542
ai22_2 1 2022  F_Mean 0.019542
ai22_2 1 2023 F0 0 
ai22_2 1 2023 Fabc 0.411432
ai22_2 1 2023 Fofl 0.526075
ai22_2 1 2023  F_LCI 0.133948
ai22_2 1 2023  F_UCI 0.135009
ai22_2 1 2023  F_Median 0.134894
ai22_2 1 2023  F_Mean 0.134743
ai22_2 1 2024 F0 0 
ai22_2 1 2024 Fabc 0.411432
ai22_2 1 2024 Fofl 0.526075
ai22_2 1 2024  F_LCI 0.146557
ai22_2 1 2024  F_UCI 0.150383
ai22_2 1 2024  F_Median 0.149766
ai22_2 1 2024  F_Mean 0.149263
ai22_2 1 2025 F0 0 
ai22_2 1 2025 Fabc 0.411432
ai22_2 1 2025 Fofl 0.526075
ai22_2 1 2025  F_LCI 0.144609
ai22_2 1 2025  F_UCI 0.155856
ai22_2 1 2025  F_Median 0.153705
ai22_2 1 2025  F_Mean 0.152407
ai22_2 1 2026 F0 0 
ai22_2 1 2026 Fabc 0.411432
ai22_2 1 2026 Fofl 0.526075
ai22_2 1 2026  F_LCI 0.12459
ai22_2 1 2026  F_UCI 0.152434
ai22_2 1 2026  F_Median 0.146662
ai22_2 1 2026  F_Mean 0.143624
ai22_2 1 2027 F0 0 
ai22_2 1 2027 Fabc 0.411432
ai22_2 1 2027 Fofl 0.526075
ai22_2 1 2027  F_LCI 0.0966093
ai22_2 1 2027  F_UCI 0.152501
ai22_2 1 2027  F_Median 0.137601
ai22_2 1 2027  F_Mean 0.132835
ai22_2 1 2028 F0 0 
ai22_2 1 2028 Fabc 0.411432
ai22_2 1 2028 Fofl 0.526075
ai22_2 1 2028  F_LCI 0.0715992
ai22_2 1 2028  F_UCI 0.162498
ai22_2 1 2028  F_Median 0.129535
ai22_2 1 2028  F_Mean 0.125168
ai22_2 1 2029 F0 0 
ai22_2 1 2029 Fabc 0.411432
ai22_2 1 2029 Fofl 0.526075
ai22_2 1 2029  F_LCI 0.0555959
ai22_2 1 2029  F_UCI 0.18296
ai22_2 1 2029  F_Median 0.120816
ai22_2 1 2029  F_Mean 0.12132
ai22_2 1 2030 F0 0 
ai22_2 1 2030 Fabc 0.411432
ai22_2 1 2030 Fofl 0.526075
ai22_2 1 2030  F_LCI 0.0488214
ai22_2 1 2030  F_UCI 0.210295
ai22_2 1 2030  F_Median 0.113186
ai22_2 1 2030  F_Mean 0.119381
ai22_2 1 2031 F0 0 
ai22_2 1 2031 Fabc 0.411432
ai22_2 1 2031 Fofl 0.526075
ai22_2 1 2031  F_LCI 0.0449939
ai22_2 1 2031  F_UCI 0.230022
ai22_2 1 2031  F_Median 0.105576
ai22_2 1 2031  F_Mean 0.117017
ai22_2 1 2032 F0 0 
ai22_2 1 2032 Fabc 0.411432
ai22_2 1 2032 Fofl 0.526075
ai22_2 1 2032  F_LCI 0.04244
ai22_2 1 2032  F_UCI 0.239179
ai22_2 1 2032  F_Median 0.100418
ai22_2 1 2032  F_Mean 0.115209
ai22_2 1 2033 F0 0 
ai22_2 1 2033 Fabc 0.411432
ai22_2 1 2033 Fofl 0.526075
ai22_2 1 2033  F_LCI 0.041846
ai22_2 1 2033  F_UCI 0.236409
ai22_2 1 2033  F_Median 0.0971372
ai22_2 1 2033  F_Mean 0.114273
ai22_2 1 2034 F0 0 
ai22_2 1 2034 Fabc 0.411432
ai22_2 1 2034 Fofl 0.526075
ai22_2 1 2034  F_LCI 0.040955
ai22_2 1 2034  F_UCI 0.250092
ai22_2 1 2034  F_Median 0.0944952
ai22_2 1 2034  F_Mean 0.113658
ai22_2 1 2035 F0 0 
ai22_2 1 2035 Fabc 0.411432
ai22_2 1 2035 Fofl 0.526075
ai22_2 1 2035  F_LCI 0.0400612
ai22_2 1 2035  F_UCI 0.247451
ai22_2 1 2035  F_Median 0.0921342
ai22_2 1 2035  F_Mean 0.112896
ai22_2 1 2036 F0 0 
ai22_2 1 2036 Fabc 0.411432
ai22_2 1 2036 Fofl 0.526075
ai22_2 1 2036  F_LCI 0.24913
ai22_2 1 2036  F_UCI 0.411432
ai22_2 1 2036  F_Median 0.411432
ai22_2 1 2036  F_Mean 0.385938
ai22_2 2 2022 Cabc 45.8016
ai22_2 2 2022 Cofl 48.8559
ai22_2 2 2022 CLCI 3
ai22_2 2 2022 CUCI 3
ai22_2 2 2022 CMedian 3
ai22_2 2 2022 CMean 3
ai22_2 2 2022 CStdn 5.01821e-014
ai22_2 2 2023 Cabc 45.8016
ai22_2 2 2023 Cofl 48.8559
ai22_2 2 2023 CLCI 19
ai22_2 2 2023 CUCI 19
ai22_2 2 2023 CMedian 19
ai22_2 2 2023 CMean 19
ai22_2 2 2023 CStdn 7.03238e-007
ai22_2 2 2024 Cabc 45.8016
ai22_2 2 2024 Cofl 48.8559
ai22_2 2 2024 CLCI 19
ai22_2 2 2024 CUCI 19
ai22_2 2 2024 CMedian 19
ai22_2 2 2024 CMean 19
ai22_2 2 2024 CStdn 8.15622e-007
ai22_2 2 2025 Cabc 45.8016
ai22_2 2 2025 Cofl 48.8559
ai22_2 2 2025 CLCI 19
ai22_2 2 2025 CUCI 19
ai22_2 2 2025 CMedian 19
ai22_2 2 2025 CMean 19
ai22_2 2 2025 CStdn 7.98063e-007
ai22_2 2 2026 Cabc 45.8016
ai22_2 2 2026 Cofl 48.8559
ai22_2 2 2026 CLCI 19
ai22_2 2 2026 CUCI 19
ai22_2 2 2026 CMedian 19
ai22_2 2 2026 CMean 19
ai22_2 2 2026 CStdn 3.99261e-006
ai22_2 2 2027 Cabc 45.8016
ai22_2 2 2027 Cofl 48.8559
ai22_2 2 2027 CLCI 19
ai22_2 2 2027 CUCI 19
ai22_2 2 2027 CMedian 19
ai22_2 2 2027 CMean 19
ai22_2 2 2027 CStdn 2.54732e-006
ai22_2 2 2028 Cabc 45.8016
ai22_2 2 2028 Cofl 48.8559
ai22_2 2 2028 CLCI 19
ai22_2 2 2028 CUCI 19
ai22_2 2 2028 CMedian 19
ai22_2 2 2028 CMean 19
ai22_2 2 2028 CStdn 4.89615e-006
ai22_2 2 2029 Cabc 45.8016
ai22_2 2 2029 Cofl 48.8559
ai22_2 2 2029 CLCI 19
ai22_2 2 2029 CUCI 19
ai22_2 2 2029 CMedian 19
ai22_2 2 2029 CMean 19
ai22_2 2 2029 CStdn 4.6986e-006
ai22_2 2 2030 Cabc 45.8016
ai22_2 2 2030 Cofl 48.8559
ai22_2 2 2030 CLCI 19
ai22_2 2 2030 CUCI 19
ai22_2 2 2030 CMedian 19
ai22_2 2 2030 CMean 19
ai22_2 2 2030 CStdn 4.72035e-006
ai22_2 2 2031 Cabc 45.8016
ai22_2 2 2031 Cofl 48.8559
ai22_2 2 2031 CLCI 19
ai22_2 2 2031 CUCI 19
ai22_2 2 2031 CMedian 19
ai22_2 2 2031 CMean 19
ai22_2 2 2031 CStdn 4.64609e-006
ai22_2 2 2032 Cabc 45.8016
ai22_2 2 2032 Cofl 48.8559
ai22_2 2 2032 CLCI 19
ai22_2 2 2032 CUCI 19
ai22_2 2 2032 CMedian 19
ai22_2 2 2032 CMean 19
ai22_2 2 2032 CStdn 4.76359e-006
ai22_2 2 2033 Cabc 45.8016
ai22_2 2 2033 Cofl 48.8559
ai22_2 2 2033 CLCI 19
ai22_2 2 2033 CUCI 19
ai22_2 2 2033 CMedian 19
ai22_2 2 2033 CMean 19
ai22_2 2 2033 CStdn 4.88026e-006
ai22_2 2 2034 Cabc 45.8016
ai22_2 2 2034 Cofl 48.8559
ai22_2 2 2034 CLCI 19
ai22_2 2 2034 CUCI 19
ai22_2 2 2034 CMedian 19
ai22_2 2 2034 CMean 19
ai22_2 2 2034 CStdn 4.74257e-006
ai22_2 2 2035 Cabc 45.8016
ai22_2 2 2035 Cofl 48.8559
ai22_2 2 2035 CLCI 19
ai22_2 2 2035 CUCI 19
ai22_2 2 2035 CMedian 19
ai22_2 2 2035 CMean 19
ai22_2 2 2035 CStdn 4.72704e-006
ai22_2 2 2036 Cabc 45.8016
ai22_2 2 2036 Cofl 48.8559
ai22_2 2 2036 CLCI 18.7616
ai22_2 2 2036 CUCI 168.079
ai22_2 2 2036 CMedian 76.0756
ai22_2 2 2036 CMean 82.8522
ai22_2 2 2036 CStdn 46.4206
ai22_2 2 2022 SSBF100 182.55
ai22_2 2 2022 SSBFabc 73.0198
ai22_2 2 2022 SSBFofl 63.8923
ai22_2 2 2022 SSBLCI 78.2401
ai22_2 2 2022 SSBUCI 78.2401
ai22_2 2 2022 SSBMedian 78.2401
ai22_2 2 2022 SSBMean 78.2401
ai22_2 2 2023 SSBF100 182.55
ai22_2 2 2023 SSBFabc 73.0198
ai22_2 2 2023 SSBFofl 63.8923
ai22_2 2 2023 SSBLCI 76.1843
ai22_2 2 2023 SSBUCI 76.1952
ai22_2 2 2023 SSBMedian 76.1855
ai22_2 2 2023 SSBMean 76.187
ai22_2 2 2024 SSBF100 182.55
ai22_2 2 2024 SSBFabc 73.0198
ai22_2 2 2024 SSBFofl 63.8923
ai22_2 2 2024 SSBLCI 74.1676
ai22_2 2 2024 SSBUCI 74.3022
ai22_2 2 2024 SSBMedian 74.1843
ai22_2 2 2024 SSBMean 74.2029
ai22_2 2 2025 SSBF100 182.55
ai22_2 2 2025 SSBFabc 73.0198
ai22_2 2 2025 SSBFofl 63.8923
ai22_2 2 2025 SSBLCI 75.2431
ai22_2 2 2025 SSBUCI 77.6094
ai22_2 2 2025 SSBMedian 75.5144
ai22_2 2 2025 SSBMean 75.8498
ai22_2 2 2026 SSBF100 182.55
ai22_2 2 2026 SSBFabc 73.0198
ai22_2 2 2026 SSBFofl 63.8923
ai22_2 2 2026 SSBLCI 73.0811
ai22_2 2 2026 SSBUCI 103.195
ai22_2 2 2026 SSBMedian 76.7271
ai22_2 2 2026 SSBMean 80.9179
ai22_2 2 2027 SSBF100 182.55
ai22_2 2 2027 SSBFabc 73.0198
ai22_2 2 2027 SSBFofl 63.8923
ai22_2 2 2027 SSBLCI 67.1852
ai22_2 2 2027 SSBUCI 138.375
ai22_2 2 2027 SSBMedian 79.3971
ai22_2 2 2027 SSBMean 88.1401
ai22_2 2 2028 SSBF100 182.55
ai22_2 2 2028 SSBFabc 73.0198
ai22_2 2 2028 SSBFofl 63.8923
ai22_2 2 2028 SSBLCI 60.4774
ai22_2 2 2028 SSBUCI 178.165
ai22_2 2 2028 SSBMedian 84.7024
ai22_2 2 2028 SSBMean 96.5267
ai22_2 2 2029 SSBF100 182.55
ai22_2 2 2029 SSBFabc 73.0198
ai22_2 2 2029 SSBFofl 63.8923
ai22_2 2 2029 SSBLCI 54.9209
ai22_2 2 2029 SSBUCI 199.953
ai22_2 2 2029 SSBMedian 91.7667
ai22_2 2 2029 SSBMean 104.657
ai22_2 2 2030 SSBF100 182.55
ai22_2 2 2030 SSBFabc 73.0198
ai22_2 2 2030 SSBFofl 63.8923
ai22_2 2 2030 SSBLCI 51.2843
ai22_2 2 2030 SSBUCI 216.235
ai22_2 2 2030 SSBMedian 98.0392
ai22_2 2 2030 SSBMean 111.871
ai22_2 2 2031 SSBF100 182.55
ai22_2 2 2031 SSBFabc 73.0198
ai22_2 2 2031 SSBFofl 63.8923
ai22_2 2 2031 SSBLCI 48.6367
ai22_2 2 2031 SSBUCI 233.909
ai22_2 2 2031 SSBMedian 103.984
ai22_2 2 2031 SSBMean 117.717
ai22_2 2 2032 SSBF100 182.55
ai22_2 2 2032 SSBFabc 73.0198
ai22_2 2 2032 SSBFofl 63.8923
ai22_2 2 2032 SSBLCI 48.8204
ai22_2 2 2032 SSBUCI 239.147
ai22_2 2 2032 SSBMedian 107.657
ai22_2 2 2032 SSBMean 122.143
ai22_2 2 2033 SSBF100 182.55
ai22_2 2 2033 SSBFabc 73.0198
ai22_2 2 2033 SSBFofl 63.8923
ai22_2 2 2033 SSBLCI 47.056
ai22_2 2 2033 SSBUCI 243.281
ai22_2 2 2033 SSBMedian 111.542
ai22_2 2 2033 SSBMean 125.256
ai22_2 2 2034 SSBF100 182.55
ai22_2 2 2034 SSBFabc 73.0198
ai22_2 2 2034 SSBFofl 63.8923
ai22_2 2 2034 SSBLCI 45.9428
ai22_2 2 2034 SSBUCI 251.481
ai22_2 2 2034 SSBMedian 114.378
ai22_2 2 2034 SSBMean 127.487
ai22_2 2 2035 SSBF100 182.55
ai22_2 2 2035 SSBFabc 73.0198
ai22_2 2 2035 SSBFofl 63.8923
ai22_2 2 2035 SSBLCI 44.7483
ai22_2 2 2035 SSBUCI 251.579
ai22_2 2 2035 SSBMedian 115.902
ai22_2 2 2035 SSBMean 128.291
ai22_2 2 2036 SSBF100 182.55
ai22_2 2 2036 SSBFabc 73.0198
ai22_2 2 2036 SSBFofl 63.8923
ai22_2 2 2036 SSBLCI 45.6551
ai22_2 2 2036 SSBUCI 239.923
ai22_2 2 2036 SSBMedian 110.995
ai22_2 2 2036 SSBMean 123.425
ai22_2 2 2022 F0 0 
ai22_2 2 2022 Fabc 0.411432
ai22_2 2 2022 Fofl 0.526075
ai22_2 2 2022  F_LCI 0.019542
ai22_2 2 2022  F_UCI 0.019542
ai22_2 2 2022  F_Median 0.019542
ai22_2 2 2022  F_Mean 0.019542
ai22_2 2 2023 F0 0 
ai22_2 2 2023 Fabc 0.411432
ai22_2 2 2023 Fofl 0.526075
ai22_2 2 2023  F_LCI 0.133948
ai22_2 2 2023  F_UCI 0.135009
ai22_2 2 2023  F_Median 0.134894
ai22_2 2 2023  F_Mean 0.134743
ai22_2 2 2024 F0 0 
ai22_2 2 2024 Fabc 0.411432
ai22_2 2 2024 Fofl 0.526075
ai22_2 2 2024  F_LCI 0.146557
ai22_2 2 2024  F_UCI 0.150383
ai22_2 2 2024  F_Median 0.149766
ai22_2 2 2024  F_Mean 0.149263
ai22_2 2 2025 F0 0 
ai22_2 2 2025 Fabc 0.411432
ai22_2 2 2025 Fofl 0.526075
ai22_2 2 2025  F_LCI 0.144609
ai22_2 2 2025  F_UCI 0.155856
ai22_2 2 2025  F_Median 0.153705
ai22_2 2 2025  F_Mean 0.152407
ai22_2 2 2026 F0 0 
ai22_2 2 2026 Fabc 0.411432
ai22_2 2 2026 Fofl 0.526075
ai22_2 2 2026  F_LCI 0.12459
ai22_2 2 2026  F_UCI 0.152434
ai22_2 2 2026  F_Median 0.146662
ai22_2 2 2026  F_Mean 0.143624
ai22_2 2 2027 F0 0 
ai22_2 2 2027 Fabc 0.411432
ai22_2 2 2027 Fofl 0.526075
ai22_2 2 2027  F_LCI 0.0966093
ai22_2 2 2027  F_UCI 0.152501
ai22_2 2 2027  F_Median 0.137601
ai22_2 2 2027  F_Mean 0.132835
ai22_2 2 2028 F0 0 
ai22_2 2 2028 Fabc 0.411432
ai22_2 2 2028 Fofl 0.526075
ai22_2 2 2028  F_LCI 0.0715992
ai22_2 2 2028  F_UCI 0.162498
ai22_2 2 2028  F_Median 0.129535
ai22_2 2 2028  F_Mean 0.125168
ai22_2 2 2029 F0 0 
ai22_2 2 2029 Fabc 0.411432
ai22_2 2 2029 Fofl 0.526075
ai22_2 2 2029  F_LCI 0.0555959
ai22_2 2 2029  F_UCI 0.18296
ai22_2 2 2029  F_Median 0.120816
ai22_2 2 2029  F_Mean 0.12132
ai22_2 2 2030 F0 0 
ai22_2 2 2030 Fabc 0.411432
ai22_2 2 2030 Fofl 0.526075
ai22_2 2 2030  F_LCI 0.0488214
ai22_2 2 2030  F_UCI 0.210295
ai22_2 2 2030  F_Median 0.113186
ai22_2 2 2030  F_Mean 0.119381
ai22_2 2 2031 F0 0 
ai22_2 2 2031 Fabc 0.411432
ai22_2 2 2031 Fofl 0.526075
ai22_2 2 2031  F_LCI 0.0449939
ai22_2 2 2031  F_UCI 0.230022
ai22_2 2 2031  F_Median 0.105576
ai22_2 2 2031  F_Mean 0.117017
ai22_2 2 2032 F0 0 
ai22_2 2 2032 Fabc 0.411432
ai22_2 2 2032 Fofl 0.526075
ai22_2 2 2032  F_LCI 0.04244
ai22_2 2 2032  F_UCI 0.239179
ai22_2 2 2032  F_Median 0.100418
ai22_2 2 2032  F_Mean 0.115209
ai22_2 2 2033 F0 0 
ai22_2 2 2033 Fabc 0.411432
ai22_2 2 2033 Fofl 0.526075
ai22_2 2 2033  F_LCI 0.041846
ai22_2 2 2033  F_UCI 0.236409
ai22_2 2 2033  F_Median 0.0971372
ai22_2 2 2033  F_Mean 0.114273
ai22_2 2 2034 F0 0 
ai22_2 2 2034 Fabc 0.411432
ai22_2 2 2034 Fofl 0.526075
ai22_2 2 2034  F_LCI 0.040955
ai22_2 2 2034  F_UCI 0.250092
ai22_2 2 2034  F_Median 0.0944952
ai22_2 2 2034  F_Mean 0.113658
ai22_2 2 2035 F0 0 
ai22_2 2 2035 Fabc 0.411432
ai22_2 2 2035 Fofl 0.526075
ai22_2 2 2035  F_LCI 0.0400612
ai22_2 2 2035  F_UCI 0.247451
ai22_2 2 2035  F_Median 0.0921342
ai22_2 2 2035  F_Mean 0.112896
ai22_2 2 2036 F0 0 
ai22_2 2 2036 Fabc 0.411432
ai22_2 2 2036 Fofl 0.526075
ai22_2 2 2036  F_LCI 0.24913
ai22_2 2 2036  F_UCI 0.411432
ai22_2 2 2036  F_Median 0.411432
ai22_2 2 2036  F_Mean 0.385938
ai22_2 3 2022 Cabc 45.8016
ai22_2 3 2022 Cofl 48.8559
ai22_2 3 2022 CLCI 3
ai22_2 3 2022 CUCI 3
ai22_2 3 2022 CMedian 3
ai22_2 3 2022 CMean 3
ai22_2 3 2022 CStdn 5.01821e-014
ai22_2 3 2023 Cabc 45.8016
ai22_2 3 2023 Cofl 48.8559
ai22_2 3 2023 CLCI 19
ai22_2 3 2023 CUCI 19
ai22_2 3 2023 CMedian 19
ai22_2 3 2023 CMean 19
ai22_2 3 2023 CStdn 7.03238e-007
ai22_2 3 2024 Cabc 45.8016
ai22_2 3 2024 Cofl 48.8559
ai22_2 3 2024 CLCI 19
ai22_2 3 2024 CUCI 19
ai22_2 3 2024 CMedian 19
ai22_2 3 2024 CMean 19
ai22_2 3 2024 CStdn 8.15622e-007
ai22_2 3 2025 Cabc 45.8016
ai22_2 3 2025 Cofl 48.8559
ai22_2 3 2025 CLCI 19
ai22_2 3 2025 CUCI 19
ai22_2 3 2025 CMedian 19
ai22_2 3 2025 CMean 19
ai22_2 3 2025 CStdn 7.98063e-007
ai22_2 3 2026 Cabc 45.8016
ai22_2 3 2026 Cofl 48.8559
ai22_2 3 2026 CLCI 19
ai22_2 3 2026 CUCI 19
ai22_2 3 2026 CMedian 19
ai22_2 3 2026 CMean 19
ai22_2 3 2026 CStdn 3.99261e-006
ai22_2 3 2027 Cabc 45.8016
ai22_2 3 2027 Cofl 48.8559
ai22_2 3 2027 CLCI 19
ai22_2 3 2027 CUCI 19
ai22_2 3 2027 CMedian 19
ai22_2 3 2027 CMean 19
ai22_2 3 2027 CStdn 2.54732e-006
ai22_2 3 2028 Cabc 45.8016
ai22_2 3 2028 Cofl 48.8559
ai22_2 3 2028 CLCI 19
ai22_2 3 2028 CUCI 19
ai22_2 3 2028 CMedian 19
ai22_2 3 2028 CMean 19
ai22_2 3 2028 CStdn 4.89615e-006
ai22_2 3 2029 Cabc 45.8016
ai22_2 3 2029 Cofl 48.8559
ai22_2 3 2029 CLCI 19
ai22_2 3 2029 CUCI 19
ai22_2 3 2029 CMedian 19
ai22_2 3 2029 CMean 19
ai22_2 3 2029 CStdn 4.6986e-006
ai22_2 3 2030 Cabc 45.8016
ai22_2 3 2030 Cofl 48.8559
ai22_2 3 2030 CLCI 19
ai22_2 3 2030 CUCI 19
ai22_2 3 2030 CMedian 19
ai22_2 3 2030 CMean 19
ai22_2 3 2030 CStdn 4.72035e-006
ai22_2 3 2031 Cabc 45.8016
ai22_2 3 2031 Cofl 48.8559
ai22_2 3 2031 CLCI 19
ai22_2 3 2031 CUCI 19
ai22_2 3 2031 CMedian 19
ai22_2 3 2031 CMean 19
ai22_2 3 2031 CStdn 4.64609e-006
ai22_2 3 2032 Cabc 45.8016
ai22_2 3 2032 Cofl 48.8559
ai22_2 3 2032 CLCI 19
ai22_2 3 2032 CUCI 19
ai22_2 3 2032 CMedian 19
ai22_2 3 2032 CMean 19
ai22_2 3 2032 CStdn 4.76359e-006
ai22_2 3 2033 Cabc 45.8016
ai22_2 3 2033 Cofl 48.8559
ai22_2 3 2033 CLCI 19
ai22_2 3 2033 CUCI 19
ai22_2 3 2033 CMedian 19
ai22_2 3 2033 CMean 19
ai22_2 3 2033 CStdn 4.88026e-006
ai22_2 3 2034 Cabc 45.8016
ai22_2 3 2034 Cofl 48.8559
ai22_2 3 2034 CLCI 19
ai22_2 3 2034 CUCI 19
ai22_2 3 2034 CMedian 19
ai22_2 3 2034 CMean 19
ai22_2 3 2034 CStdn 4.74257e-006
ai22_2 3 2035 Cabc 45.8016
ai22_2 3 2035 Cofl 48.8559
ai22_2 3 2035 CLCI 19
ai22_2 3 2035 CUCI 19
ai22_2 3 2035 CMedian 19
ai22_2 3 2035 CMean 19
ai22_2 3 2035 CStdn 4.72704e-006
ai22_2 3 2036 Cabc 45.8016
ai22_2 3 2036 Cofl 48.8559
ai22_2 3 2036 CLCI 2.20288
ai22_2 3 2036 CUCI 12.7079
ai22_2 3 2036 CMedian 5.73562
ai22_2 3 2036 CMean 6.39478
ai22_2 3 2036 CStdn 3.38189
ai22_2 3 2022 SSBF100 182.55
ai22_2 3 2022 SSBFabc 73.0198
ai22_2 3 2022 SSBFofl 63.8923
ai22_2 3 2022 SSBLCI 78.2401
ai22_2 3 2022 SSBUCI 78.2401
ai22_2 3 2022 SSBMedian 78.2401
ai22_2 3 2022 SSBMean 78.2401
ai22_2 3 2023 SSBF100 182.55
ai22_2 3 2023 SSBFabc 73.0198
ai22_2 3 2023 SSBFofl 63.8923
ai22_2 3 2023 SSBLCI 76.1843
ai22_2 3 2023 SSBUCI 76.1952
ai22_2 3 2023 SSBMedian 76.1855
ai22_2 3 2023 SSBMean 76.187
ai22_2 3 2024 SSBF100 182.55
ai22_2 3 2024 SSBFabc 73.0198
ai22_2 3 2024 SSBFofl 63.8923
ai22_2 3 2024 SSBLCI 74.1676
ai22_2 3 2024 SSBUCI 74.3022
ai22_2 3 2024 SSBMedian 74.1843
ai22_2 3 2024 SSBMean 74.2029
ai22_2 3 2025 SSBF100 182.55
ai22_2 3 2025 SSBFabc 73.0198
ai22_2 3 2025 SSBFofl 63.8923
ai22_2 3 2025 SSBLCI 75.2431
ai22_2 3 2025 SSBUCI 77.6094
ai22_2 3 2025 SSBMedian 75.5144
ai22_2 3 2025 SSBMean 75.8498
ai22_2 3 2026 SSBF100 182.55
ai22_2 3 2026 SSBFabc 73.0198
ai22_2 3 2026 SSBFofl 63.8923
ai22_2 3 2026 SSBLCI 73.0811
ai22_2 3 2026 SSBUCI 103.195
ai22_2 3 2026 SSBMedian 76.7271
ai22_2 3 2026 SSBMean 80.9179
ai22_2 3 2027 SSBF100 182.55
ai22_2 3 2027 SSBFabc 73.0198
ai22_2 3 2027 SSBFofl 63.8923
ai22_2 3 2027 SSBLCI 67.1852
ai22_2 3 2027 SSBUCI 138.375
ai22_2 3 2027 SSBMedian 79.3971
ai22_2 3 2027 SSBMean 88.1401
ai22_2 3 2028 SSBF100 182.55
ai22_2 3 2028 SSBFabc 73.0198
ai22_2 3 2028 SSBFofl 63.8923
ai22_2 3 2028 SSBLCI 60.4774
ai22_2 3 2028 SSBUCI 178.165
ai22_2 3 2028 SSBMedian 84.7024
ai22_2 3 2028 SSBMean 96.5267
ai22_2 3 2029 SSBF100 182.55
ai22_2 3 2029 SSBFabc 73.0198
ai22_2 3 2029 SSBFofl 63.8923
ai22_2 3 2029 SSBLCI 54.9209
ai22_2 3 2029 SSBUCI 199.953
ai22_2 3 2029 SSBMedian 91.7667
ai22_2 3 2029 SSBMean 104.657
ai22_2 3 2030 SSBF100 182.55
ai22_2 3 2030 SSBFabc 73.0198
ai22_2 3 2030 SSBFofl 63.8923
ai22_2 3 2030 SSBLCI 51.2843
ai22_2 3 2030 SSBUCI 216.235
ai22_2 3 2030 SSBMedian 98.0392
ai22_2 3 2030 SSBMean 111.871
ai22_2 3 2031 SSBF100 182.55
ai22_2 3 2031 SSBFabc 73.0198
ai22_2 3 2031 SSBFofl 63.8923
ai22_2 3 2031 SSBLCI 48.6367
ai22_2 3 2031 SSBUCI 233.909
ai22_2 3 2031 SSBMedian 103.984
ai22_2 3 2031 SSBMean 117.717
ai22_2 3 2032 SSBF100 182.55
ai22_2 3 2032 SSBFabc 73.0198
ai22_2 3 2032 SSBFofl 63.8923
ai22_2 3 2032 SSBLCI 48.8204
ai22_2 3 2032 SSBUCI 239.147
ai22_2 3 2032 SSBMedian 107.657
ai22_2 3 2032 SSBMean 122.143
ai22_2 3 2033 SSBF100 182.55
ai22_2 3 2033 SSBFabc 73.0198
ai22_2 3 2033 SSBFofl 63.8923
ai22_2 3 2033 SSBLCI 47.056
ai22_2 3 2033 SSBUCI 243.281
ai22_2 3 2033 SSBMedian 111.542
ai22_2 3 2033 SSBMean 125.256
ai22_2 3 2034 SSBF100 182.55
ai22_2 3 2034 SSBFabc 73.0198
ai22_2 3 2034 SSBFofl 63.8923
ai22_2 3 2034 SSBLCI 45.9428
ai22_2 3 2034 SSBUCI 251.481
ai22_2 3 2034 SSBMedian 114.378
ai22_2 3 2034 SSBMean 127.487
ai22_2 3 2035 SSBF100 182.55
ai22_2 3 2035 SSBFabc 73.0198
ai22_2 3 2035 SSBFofl 63.8923
ai22_2 3 2035 SSBLCI 44.7483
ai22_2 3 2035 SSBUCI 251.579
ai22_2 3 2035 SSBMedian 115.902
ai22_2 3 2035 SSBMean 128.291
ai22_2 3 2036 SSBF100 182.55
ai22_2 3 2036 SSBFabc 73.0198
ai22_2 3 2036 SSBFofl 63.8923
ai22_2 3 2036 SSBLCI 46.7489
ai22_2 3 2036 SSBUCI 251.906
ai22_2 3 2036 SSBMedian 116.504
ai22_2 3 2036 SSBMean 129.332
ai22_2 3 2022 F0 0 
ai22_2 3 2022 Fabc 0.411432
ai22_2 3 2022 Fofl 0.526075
ai22_2 3 2022  F_LCI 0.019542
ai22_2 3 2022  F_UCI 0.019542
ai22_2 3 2022  F_Median 0.019542
ai22_2 3 2022  F_Mean 0.019542
ai22_2 3 2023 F0 0 
ai22_2 3 2023 Fabc 0.411432
ai22_2 3 2023 Fofl 0.526075
ai22_2 3 2023  F_LCI 0.133948
ai22_2 3 2023  F_UCI 0.135009
ai22_2 3 2023  F_Median 0.134894
ai22_2 3 2023  F_Mean 0.134743
ai22_2 3 2024 F0 0 
ai22_2 3 2024 Fabc 0.411432
ai22_2 3 2024 Fofl 0.526075
ai22_2 3 2024  F_LCI 0.146557
ai22_2 3 2024  F_UCI 0.150383
ai22_2 3 2024  F_Median 0.149766
ai22_2 3 2024  F_Mean 0.149263
ai22_2 3 2025 F0 0 
ai22_2 3 2025 Fabc 0.411432
ai22_2 3 2025 Fofl 0.526075
ai22_2 3 2025  F_LCI 0.144609
ai22_2 3 2025  F_UCI 0.155856
ai22_2 3 2025  F_Median 0.153705
ai22_2 3 2025  F_Mean 0.152407
ai22_2 3 2026 F0 0 
ai22_2 3 2026 Fabc 0.411432
ai22_2 3 2026 Fofl 0.526075
ai22_2 3 2026  F_LCI 0.12459
ai22_2 3 2026  F_UCI 0.152434
ai22_2 3 2026  F_Median 0.146662
ai22_2 3 2026  F_Mean 0.143624
ai22_2 3 2027 F0 0 
ai22_2 3 2027 Fabc 0.411432
ai22_2 3 2027 Fofl 0.526075
ai22_2 3 2027  F_LCI 0.0966093
ai22_2 3 2027  F_UCI 0.152501
ai22_2 3 2027  F_Median 0.137601
ai22_2 3 2027  F_Mean 0.132835
ai22_2 3 2028 F0 0 
ai22_2 3 2028 Fabc 0.411432
ai22_2 3 2028 Fofl 0.526075
ai22_2 3 2028  F_LCI 0.0715992
ai22_2 3 2028  F_UCI 0.162498
ai22_2 3 2028  F_Median 0.129535
ai22_2 3 2028  F_Mean 0.125168
ai22_2 3 2029 F0 0 
ai22_2 3 2029 Fabc 0.411432
ai22_2 3 2029 Fofl 0.526075
ai22_2 3 2029  F_LCI 0.0555959
ai22_2 3 2029  F_UCI 0.18296
ai22_2 3 2029  F_Median 0.120816
ai22_2 3 2029  F_Mean 0.12132
ai22_2 3 2030 F0 0 
ai22_2 3 2030 Fabc 0.411432
ai22_2 3 2030 Fofl 0.526075
ai22_2 3 2030  F_LCI 0.0488214
ai22_2 3 2030  F_UCI 0.210295
ai22_2 3 2030  F_Median 0.113186
ai22_2 3 2030  F_Mean 0.119381
ai22_2 3 2031 F0 0 
ai22_2 3 2031 Fabc 0.411432
ai22_2 3 2031 Fofl 0.526075
ai22_2 3 2031  F_LCI 0.0449939
ai22_2 3 2031  F_UCI 0.230022
ai22_2 3 2031  F_Median 0.105576
ai22_2 3 2031  F_Mean 0.117017
ai22_2 3 2032 F0 0 
ai22_2 3 2032 Fabc 0.411432
ai22_2 3 2032 Fofl 0.526075
ai22_2 3 2032  F_LCI 0.04244
ai22_2 3 2032  F_UCI 0.239179
ai22_2 3 2032  F_Median 0.100418
ai22_2 3 2032  F_Mean 0.115209
ai22_2 3 2033 F0 0 
ai22_2 3 2033 Fabc 0.411432
ai22_2 3 2033 Fofl 0.526075
ai22_2 3 2033  F_LCI 0.041846
ai22_2 3 2033  F_UCI 0.236409
ai22_2 3 2033  F_Median 0.0971372
ai22_2 3 2033  F_Mean 0.114273
ai22_2 3 2034 F0 0 
ai22_2 3 2034 Fabc 0.411432
ai22_2 3 2034 Fofl 0.526075
ai22_2 3 2034  F_LCI 0.040955
ai22_2 3 2034  F_UCI 0.250092
ai22_2 3 2034  F_Median 0.0944952
ai22_2 3 2034  F_Mean 0.113658
ai22_2 3 2035 F0 0 
ai22_2 3 2035 Fabc 0.411432
ai22_2 3 2035 Fofl 0.526075
ai22_2 3 2035  F_LCI 0.0400612
ai22_2 3 2035  F_UCI 0.247451
ai22_2 3 2035  F_Median 0.0921342
ai22_2 3 2035  F_Mean 0.112896
ai22_2 3 2036 F0 0 
ai22_2 3 2036 Fabc 0.411432
ai22_2 3 2036 Fofl 0.526075
ai22_2 3 2036  F_LCI 0.0269599
ai22_2 3 2036  F_UCI 0.0269599
ai22_2 3 2036  F_Median 0.0269599
ai22_2 3 2036  F_Mean 0.0269599
ai22_2 4 2022 Cabc 45.8016
ai22_2 4 2022 Cofl 48.8559
ai22_2 4 2022 CLCI 3
ai22_2 4 2022 CUCI 3
ai22_2 4 2022 CMedian 3
ai22_2 4 2022 CMean 3
ai22_2 4 2022 CStdn 5.01821e-014
ai22_2 4 2023 Cabc 45.8016
ai22_2 4 2023 Cofl 48.8559
ai22_2 4 2023 CLCI 19
ai22_2 4 2023 CUCI 19
ai22_2 4 2023 CMedian 19
ai22_2 4 2023 CMean 19
ai22_2 4 2023 CStdn 7.03238e-007
ai22_2 4 2024 Cabc 45.8016
ai22_2 4 2024 Cofl 48.8559
ai22_2 4 2024 CLCI 19
ai22_2 4 2024 CUCI 19
ai22_2 4 2024 CMedian 19
ai22_2 4 2024 CMean 19
ai22_2 4 2024 CStdn 8.15622e-007
ai22_2 4 2025 Cabc 45.8016
ai22_2 4 2025 Cofl 48.8559
ai22_2 4 2025 CLCI 19
ai22_2 4 2025 CUCI 19
ai22_2 4 2025 CMedian 19
ai22_2 4 2025 CMean 19
ai22_2 4 2025 CStdn 7.98063e-007
ai22_2 4 2026 Cabc 45.8016
ai22_2 4 2026 Cofl 48.8559
ai22_2 4 2026 CLCI 19
ai22_2 4 2026 CUCI 19
ai22_2 4 2026 CMedian 19
ai22_2 4 2026 CMean 19
ai22_2 4 2026 CStdn 3.99261e-006
ai22_2 4 2027 Cabc 45.8016
ai22_2 4 2027 Cofl 48.8559
ai22_2 4 2027 CLCI 19
ai22_2 4 2027 CUCI 19
ai22_2 4 2027 CMedian 19
ai22_2 4 2027 CMean 19
ai22_2 4 2027 CStdn 2.54732e-006
ai22_2 4 2028 Cabc 45.8016
ai22_2 4 2028 Cofl 48.8559
ai22_2 4 2028 CLCI 19
ai22_2 4 2028 CUCI 19
ai22_2 4 2028 CMedian 19
ai22_2 4 2028 CMean 19
ai22_2 4 2028 CStdn 4.89615e-006
ai22_2 4 2029 Cabc 45.8016
ai22_2 4 2029 Cofl 48.8559
ai22_2 4 2029 CLCI 19
ai22_2 4 2029 CUCI 19
ai22_2 4 2029 CMedian 19
ai22_2 4 2029 CMean 19
ai22_2 4 2029 CStdn 4.6986e-006
ai22_2 4 2030 Cabc 45.8016
ai22_2 4 2030 Cofl 48.8559
ai22_2 4 2030 CLCI 19
ai22_2 4 2030 CUCI 19
ai22_2 4 2030 CMedian 19
ai22_2 4 2030 CMean 19
ai22_2 4 2030 CStdn 4.72035e-006
ai22_2 4 2031 Cabc 45.8016
ai22_2 4 2031 Cofl 48.8559
ai22_2 4 2031 CLCI 19
ai22_2 4 2031 CUCI 19
ai22_2 4 2031 CMedian 19
ai22_2 4 2031 CMean 19
ai22_2 4 2031 CStdn 4.64609e-006
ai22_2 4 2032 Cabc 45.8016
ai22_2 4 2032 Cofl 48.8559
ai22_2 4 2032 CLCI 19
ai22_2 4 2032 CUCI 19
ai22_2 4 2032 CMedian 19
ai22_2 4 2032 CMean 19
ai22_2 4 2032 CStdn 4.76359e-006
ai22_2 4 2033 Cabc 45.8016
ai22_2 4 2033 Cofl 48.8559
ai22_2 4 2033 CLCI 19
ai22_2 4 2033 CUCI 19
ai22_2 4 2033 CMedian 19
ai22_2 4 2033 CMean 19
ai22_2 4 2033 CStdn 4.88026e-006
ai22_2 4 2034 Cabc 45.8016
ai22_2 4 2034 Cofl 48.8559
ai22_2 4 2034 CLCI 19
ai22_2 4 2034 CUCI 19
ai22_2 4 2034 CMedian 19
ai22_2 4 2034 CMean 19
ai22_2 4 2034 CStdn 4.74257e-006
ai22_2 4 2035 Cabc 45.8016
ai22_2 4 2035 Cofl 48.8559
ai22_2 4 2035 CLCI 19
ai22_2 4 2035 CUCI 19
ai22_2 4 2035 CMedian 19
ai22_2 4 2035 CMean 19
ai22_2 4 2035 CStdn 4.72704e-006
ai22_2 4 2036 Cabc 45.8016
ai22_2 4 2036 Cofl 48.8559
ai22_2 4 2036 CLCI 12.8092
ai22_2 4 2036 CUCI 73.4144
ai22_2 4 2036 CMedian 33.159
ai22_2 4 2036 CMean 36.856
ai22_2 4 2036 CStdn 19.811
ai22_2 4 2022 SSBF100 182.55
ai22_2 4 2022 SSBFabc 73.0198
ai22_2 4 2022 SSBFofl 63.8923
ai22_2 4 2022 SSBLCI 78.2401
ai22_2 4 2022 SSBUCI 78.2401
ai22_2 4 2022 SSBMedian 78.2401
ai22_2 4 2022 SSBMean 78.2401
ai22_2 4 2023 SSBF100 182.55
ai22_2 4 2023 SSBFabc 73.0198
ai22_2 4 2023 SSBFofl 63.8923
ai22_2 4 2023 SSBLCI 76.1843
ai22_2 4 2023 SSBUCI 76.1952
ai22_2 4 2023 SSBMedian 76.1855
ai22_2 4 2023 SSBMean 76.187
ai22_2 4 2024 SSBF100 182.55
ai22_2 4 2024 SSBFabc 73.0198
ai22_2 4 2024 SSBFofl 63.8923
ai22_2 4 2024 SSBLCI 74.1676
ai22_2 4 2024 SSBUCI 74.3022
ai22_2 4 2024 SSBMedian 74.1843
ai22_2 4 2024 SSBMean 74.2029
ai22_2 4 2025 SSBF100 182.55
ai22_2 4 2025 SSBFabc 73.0198
ai22_2 4 2025 SSBFofl 63.8923
ai22_2 4 2025 SSBLCI 75.2431
ai22_2 4 2025 SSBUCI 77.6094
ai22_2 4 2025 SSBMedian 75.5144
ai22_2 4 2025 SSBMean 75.8498
ai22_2 4 2026 SSBF100 182.55
ai22_2 4 2026 SSBFabc 73.0198
ai22_2 4 2026 SSBFofl 63.8923
ai22_2 4 2026 SSBLCI 73.0811
ai22_2 4 2026 SSBUCI 103.195
ai22_2 4 2026 SSBMedian 76.7271
ai22_2 4 2026 SSBMean 80.9179
ai22_2 4 2027 SSBF100 182.55
ai22_2 4 2027 SSBFabc 73.0198
ai22_2 4 2027 SSBFofl 63.8923
ai22_2 4 2027 SSBLCI 67.1852
ai22_2 4 2027 SSBUCI 138.375
ai22_2 4 2027 SSBMedian 79.3971
ai22_2 4 2027 SSBMean 88.1401
ai22_2 4 2028 SSBF100 182.55
ai22_2 4 2028 SSBFabc 73.0198
ai22_2 4 2028 SSBFofl 63.8923
ai22_2 4 2028 SSBLCI 60.4774
ai22_2 4 2028 SSBUCI 178.165
ai22_2 4 2028 SSBMedian 84.7024
ai22_2 4 2028 SSBMean 96.5267
ai22_2 4 2029 SSBF100 182.55
ai22_2 4 2029 SSBFabc 73.0198
ai22_2 4 2029 SSBFofl 63.8923
ai22_2 4 2029 SSBLCI 54.9209
ai22_2 4 2029 SSBUCI 199.953
ai22_2 4 2029 SSBMedian 91.7667
ai22_2 4 2029 SSBMean 104.657
ai22_2 4 2030 SSBF100 182.55
ai22_2 4 2030 SSBFabc 73.0198
ai22_2 4 2030 SSBFofl 63.8923
ai22_2 4 2030 SSBLCI 51.2843
ai22_2 4 2030 SSBUCI 216.235
ai22_2 4 2030 SSBMedian 98.0392
ai22_2 4 2030 SSBMean 111.871
ai22_2 4 2031 SSBF100 182.55
ai22_2 4 2031 SSBFabc 73.0198
ai22_2 4 2031 SSBFofl 63.8923
ai22_2 4 2031 SSBLCI 48.6367
ai22_2 4 2031 SSBUCI 233.909
ai22_2 4 2031 SSBMedian 103.984
ai22_2 4 2031 SSBMean 117.717
ai22_2 4 2032 SSBF100 182.55
ai22_2 4 2032 SSBFabc 73.0198
ai22_2 4 2032 SSBFofl 63.8923
ai22_2 4 2032 SSBLCI 48.8204
ai22_2 4 2032 SSBUCI 239.147
ai22_2 4 2032 SSBMedian 107.657
ai22_2 4 2032 SSBMean 122.143
ai22_2 4 2033 SSBF100 182.55
ai22_2 4 2033 SSBFabc 73.0198
ai22_2 4 2033 SSBFofl 63.8923
ai22_2 4 2033 SSBLCI 47.056
ai22_2 4 2033 SSBUCI 243.281
ai22_2 4 2033 SSBMedian 111.542
ai22_2 4 2033 SSBMean 125.256
ai22_2 4 2034 SSBF100 182.55
ai22_2 4 2034 SSBFabc 73.0198
ai22_2 4 2034 SSBFofl 63.8923
ai22_2 4 2034 SSBLCI 45.9428
ai22_2 4 2034 SSBUCI 251.481
ai22_2 4 2034 SSBMedian 114.378
ai22_2 4 2034 SSBMean 127.487
ai22_2 4 2035 SSBF100 182.55
ai22_2 4 2035 SSBFabc 73.0198
ai22_2 4 2035 SSBFofl 63.8923
ai22_2 4 2035 SSBLCI 44.7483
ai22_2 4 2035 SSBUCI 251.579
ai22_2 4 2035 SSBMedian 115.902
ai22_2 4 2035 SSBMean 128.291
ai22_2 4 2036 SSBF100 182.55
ai22_2 4 2036 SSBFabc 73.0198
ai22_2 4 2036 SSBFofl 63.8923
ai22_2 4 2036 SSBLCI 46.0826
ai22_2 4 2036 SSBUCI 247.231
ai22_2 4 2036 SSBMedian 114.501
ai22_2 4 2036 SSBMean 127.144
ai22_2 4 2022 F0 0 
ai22_2 4 2022 Fabc 0.411432
ai22_2 4 2022 Fofl 0.526075
ai22_2 4 2022  F_LCI 0.019542
ai22_2 4 2022  F_UCI 0.019542
ai22_2 4 2022  F_Median 0.019542
ai22_2 4 2022  F_Mean 0.019542
ai22_2 4 2023 F0 0 
ai22_2 4 2023 Fabc 0.411432
ai22_2 4 2023 Fofl 0.526075
ai22_2 4 2023  F_LCI 0.133948
ai22_2 4 2023  F_UCI 0.135009
ai22_2 4 2023  F_Median 0.134894
ai22_2 4 2023  F_Mean 0.134743
ai22_2 4 2024 F0 0 
ai22_2 4 2024 Fabc 0.411432
ai22_2 4 2024 Fofl 0.526075
ai22_2 4 2024  F_LCI 0.146557
ai22_2 4 2024  F_UCI 0.150383
ai22_2 4 2024  F_Median 0.149766
ai22_2 4 2024  F_Mean 0.149263
ai22_2 4 2025 F0 0 
ai22_2 4 2025 Fabc 0.411432
ai22_2 4 2025 Fofl 0.526075
ai22_2 4 2025  F_LCI 0.144609
ai22_2 4 2025  F_UCI 0.155856
ai22_2 4 2025  F_Median 0.153705
ai22_2 4 2025  F_Mean 0.152407
ai22_2 4 2026 F0 0 
ai22_2 4 2026 Fabc 0.411432
ai22_2 4 2026 Fofl 0.526075
ai22_2 4 2026  F_LCI 0.12459
ai22_2 4 2026  F_UCI 0.152434
ai22_2 4 2026  F_Median 0.146662
ai22_2 4 2026  F_Mean 0.143624
ai22_2 4 2027 F0 0 
ai22_2 4 2027 Fabc 0.411432
ai22_2 4 2027 Fofl 0.526075
ai22_2 4 2027  F_LCI 0.0966093
ai22_2 4 2027  F_UCI 0.152501
ai22_2 4 2027  F_Median 0.137601
ai22_2 4 2027  F_Mean 0.132835
ai22_2 4 2028 F0 0 
ai22_2 4 2028 Fabc 0.411432
ai22_2 4 2028 Fofl 0.526075
ai22_2 4 2028  F_LCI 0.0715992
ai22_2 4 2028  F_UCI 0.162498
ai22_2 4 2028  F_Median 0.129535
ai22_2 4 2028  F_Mean 0.125168
ai22_2 4 2029 F0 0 
ai22_2 4 2029 Fabc 0.411432
ai22_2 4 2029 Fofl 0.526075
ai22_2 4 2029  F_LCI 0.0555959
ai22_2 4 2029  F_UCI 0.18296
ai22_2 4 2029  F_Median 0.120816
ai22_2 4 2029  F_Mean 0.12132
ai22_2 4 2030 F0 0 
ai22_2 4 2030 Fabc 0.411432
ai22_2 4 2030 Fofl 0.526075
ai22_2 4 2030  F_LCI 0.0488214
ai22_2 4 2030  F_UCI 0.210295
ai22_2 4 2030  F_Median 0.113186
ai22_2 4 2030  F_Mean 0.119381
ai22_2 4 2031 F0 0 
ai22_2 4 2031 Fabc 0.411432
ai22_2 4 2031 Fofl 0.526075
ai22_2 4 2031  F_LCI 0.0449939
ai22_2 4 2031  F_UCI 0.230022
ai22_2 4 2031  F_Median 0.105576
ai22_2 4 2031  F_Mean 0.117017
ai22_2 4 2032 F0 0 
ai22_2 4 2032 Fabc 0.411432
ai22_2 4 2032 Fofl 0.526075
ai22_2 4 2032  F_LCI 0.04244
ai22_2 4 2032  F_UCI 0.239179
ai22_2 4 2032  F_Median 0.100418
ai22_2 4 2032  F_Mean 0.115209
ai22_2 4 2033 F0 0 
ai22_2 4 2033 Fabc 0.411432
ai22_2 4 2033 Fofl 0.526075
ai22_2 4 2033  F_LCI 0.041846
ai22_2 4 2033  F_UCI 0.236409
ai22_2 4 2033  F_Median 0.0971372
ai22_2 4 2033  F_Mean 0.114273
ai22_2 4 2034 F0 0 
ai22_2 4 2034 Fabc 0.411432
ai22_2 4 2034 Fofl 0.526075
ai22_2 4 2034  F_LCI 0.040955
ai22_2 4 2034  F_UCI 0.250092
ai22_2 4 2034  F_Median 0.0944952
ai22_2 4 2034  F_Mean 0.113658
ai22_2 4 2035 F0 0 
ai22_2 4 2035 Fabc 0.411432
ai22_2 4 2035 Fofl 0.526075
ai22_2 4 2035  F_LCI 0.0400612
ai22_2 4 2035  F_UCI 0.247451
ai22_2 4 2035  F_Median 0.0921342
ai22_2 4 2035  F_Mean 0.112896
ai22_2 4 2036 F0 0 
ai22_2 4 2036 Fabc 0.411432
ai22_2 4 2036 Fofl 0.526075
ai22_2 4 2036  F_LCI 0.164574
ai22_2 4 2036  F_UCI 0.164574
ai22_2 4 2036  F_Median 0.164574
ai22_2 4 2036  F_Mean 0.161118
ai22_2 5 2022 Cabc 45.8016
ai22_2 5 2022 Cofl 48.8559
ai22_2 5 2022 CLCI 3
ai22_2 5 2022 CUCI 3
ai22_2 5 2022 CMedian 3
ai22_2 5 2022 CMean 3
ai22_2 5 2022 CStdn 5.01821e-014
ai22_2 5 2023 Cabc 45.8016
ai22_2 5 2023 Cofl 48.8559
ai22_2 5 2023 CLCI 19
ai22_2 5 2023 CUCI 19
ai22_2 5 2023 CMedian 19
ai22_2 5 2023 CMean 19
ai22_2 5 2023 CStdn 7.03238e-007
ai22_2 5 2024 Cabc 45.8016
ai22_2 5 2024 Cofl 48.8559
ai22_2 5 2024 CLCI 19
ai22_2 5 2024 CUCI 19
ai22_2 5 2024 CMedian 19
ai22_2 5 2024 CMean 19
ai22_2 5 2024 CStdn 8.15622e-007
ai22_2 5 2025 Cabc 45.8016
ai22_2 5 2025 Cofl 48.8559
ai22_2 5 2025 CLCI 19
ai22_2 5 2025 CUCI 19
ai22_2 5 2025 CMedian 19
ai22_2 5 2025 CMean 19
ai22_2 5 2025 CStdn 7.98063e-007
ai22_2 5 2026 Cabc 45.8016
ai22_2 5 2026 Cofl 48.8559
ai22_2 5 2026 CLCI 19
ai22_2 5 2026 CUCI 19
ai22_2 5 2026 CMedian 19
ai22_2 5 2026 CMean 19
ai22_2 5 2026 CStdn 3.99261e-006
ai22_2 5 2027 Cabc 45.8016
ai22_2 5 2027 Cofl 48.8559
ai22_2 5 2027 CLCI 19
ai22_2 5 2027 CUCI 19
ai22_2 5 2027 CMedian 19
ai22_2 5 2027 CMean 19
ai22_2 5 2027 CStdn 2.54732e-006
ai22_2 5 2028 Cabc 45.8016
ai22_2 5 2028 Cofl 48.8559
ai22_2 5 2028 CLCI 19
ai22_2 5 2028 CUCI 19
ai22_2 5 2028 CMedian 19
ai22_2 5 2028 CMean 19
ai22_2 5 2028 CStdn 4.89615e-006
ai22_2 5 2029 Cabc 45.8016
ai22_2 5 2029 Cofl 48.8559
ai22_2 5 2029 CLCI 19
ai22_2 5 2029 CUCI 19
ai22_2 5 2029 CMedian 19
ai22_2 5 2029 CMean 19
ai22_2 5 2029 CStdn 4.6986e-006
ai22_2 5 2030 Cabc 45.8016
ai22_2 5 2030 Cofl 48.8559
ai22_2 5 2030 CLCI 19
ai22_2 5 2030 CUCI 19
ai22_2 5 2030 CMedian 19
ai22_2 5 2030 CMean 19
ai22_2 5 2030 CStdn 4.72035e-006
ai22_2 5 2031 Cabc 45.8016
ai22_2 5 2031 Cofl 48.8559
ai22_2 5 2031 CLCI 19
ai22_2 5 2031 CUCI 19
ai22_2 5 2031 CMedian 19
ai22_2 5 2031 CMean 19
ai22_2 5 2031 CStdn 4.64609e-006
ai22_2 5 2032 Cabc 45.8016
ai22_2 5 2032 Cofl 48.8559
ai22_2 5 2032 CLCI 19
ai22_2 5 2032 CUCI 19
ai22_2 5 2032 CMedian 19
ai22_2 5 2032 CMean 19
ai22_2 5 2032 CStdn 4.76359e-006
ai22_2 5 2033 Cabc 45.8016
ai22_2 5 2033 Cofl 48.8559
ai22_2 5 2033 CLCI 19
ai22_2 5 2033 CUCI 19
ai22_2 5 2033 CMedian 19
ai22_2 5 2033 CMean 19
ai22_2 5 2033 CStdn 4.88026e-006
ai22_2 5 2034 Cabc 45.8016
ai22_2 5 2034 Cofl 48.8559
ai22_2 5 2034 CLCI 19
ai22_2 5 2034 CUCI 19
ai22_2 5 2034 CMedian 19
ai22_2 5 2034 CMean 19
ai22_2 5 2034 CStdn 4.74257e-006
ai22_2 5 2035 Cabc 45.8016
ai22_2 5 2035 Cofl 48.8559
ai22_2 5 2035 CLCI 19
ai22_2 5 2035 CUCI 19
ai22_2 5 2035 CMedian 19
ai22_2 5 2035 CMean 19
ai22_2 5 2035 CStdn 4.72704e-006
ai22_2 5 2036 Cabc 45.8016
ai22_2 5 2036 Cofl 48.8559
ai22_2 5 2036 CLCI 0
ai22_2 5 2036 CUCI 0
ai22_2 5 2036 CMedian 0
ai22_2 5 2036 CMean 0
ai22_2 5 2036 CStdn 0
ai22_2 5 2022 SSBF100 182.55
ai22_2 5 2022 SSBFabc 73.0198
ai22_2 5 2022 SSBFofl 63.8923
ai22_2 5 2022 SSBLCI 78.2401
ai22_2 5 2022 SSBUCI 78.2401
ai22_2 5 2022 SSBMedian 78.2401
ai22_2 5 2022 SSBMean 78.2401
ai22_2 5 2023 SSBF100 182.55
ai22_2 5 2023 SSBFabc 73.0198
ai22_2 5 2023 SSBFofl 63.8923
ai22_2 5 2023 SSBLCI 76.1843
ai22_2 5 2023 SSBUCI 76.1952
ai22_2 5 2023 SSBMedian 76.1855
ai22_2 5 2023 SSBMean 76.187
ai22_2 5 2024 SSBF100 182.55
ai22_2 5 2024 SSBFabc 73.0198
ai22_2 5 2024 SSBFofl 63.8923
ai22_2 5 2024 SSBLCI 74.1676
ai22_2 5 2024 SSBUCI 74.3022
ai22_2 5 2024 SSBMedian 74.1843
ai22_2 5 2024 SSBMean 74.2029
ai22_2 5 2025 SSBF100 182.55
ai22_2 5 2025 SSBFabc 73.0198
ai22_2 5 2025 SSBFofl 63.8923
ai22_2 5 2025 SSBLCI 75.2431
ai22_2 5 2025 SSBUCI 77.6094
ai22_2 5 2025 SSBMedian 75.5144
ai22_2 5 2025 SSBMean 75.8498
ai22_2 5 2026 SSBF100 182.55
ai22_2 5 2026 SSBFabc 73.0198
ai22_2 5 2026 SSBFofl 63.8923
ai22_2 5 2026 SSBLCI 73.0811
ai22_2 5 2026 SSBUCI 103.195
ai22_2 5 2026 SSBMedian 76.7271
ai22_2 5 2026 SSBMean 80.9179
ai22_2 5 2027 SSBF100 182.55
ai22_2 5 2027 SSBFabc 73.0198
ai22_2 5 2027 SSBFofl 63.8923
ai22_2 5 2027 SSBLCI 67.1852
ai22_2 5 2027 SSBUCI 138.375
ai22_2 5 2027 SSBMedian 79.3971
ai22_2 5 2027 SSBMean 88.1401
ai22_2 5 2028 SSBF100 182.55
ai22_2 5 2028 SSBFabc 73.0198
ai22_2 5 2028 SSBFofl 63.8923
ai22_2 5 2028 SSBLCI 60.4774
ai22_2 5 2028 SSBUCI 178.165
ai22_2 5 2028 SSBMedian 84.7024
ai22_2 5 2028 SSBMean 96.5267
ai22_2 5 2029 SSBF100 182.55
ai22_2 5 2029 SSBFabc 73.0198
ai22_2 5 2029 SSBFofl 63.8923
ai22_2 5 2029 SSBLCI 54.9209
ai22_2 5 2029 SSBUCI 199.953
ai22_2 5 2029 SSBMedian 91.7667
ai22_2 5 2029 SSBMean 104.657
ai22_2 5 2030 SSBF100 182.55
ai22_2 5 2030 SSBFabc 73.0198
ai22_2 5 2030 SSBFofl 63.8923
ai22_2 5 2030 SSBLCI 51.2843
ai22_2 5 2030 SSBUCI 216.235
ai22_2 5 2030 SSBMedian 98.0392
ai22_2 5 2030 SSBMean 111.871
ai22_2 5 2031 SSBF100 182.55
ai22_2 5 2031 SSBFabc 73.0198
ai22_2 5 2031 SSBFofl 63.8923
ai22_2 5 2031 SSBLCI 48.6367
ai22_2 5 2031 SSBUCI 233.909
ai22_2 5 2031 SSBMedian 103.984
ai22_2 5 2031 SSBMean 117.717
ai22_2 5 2032 SSBF100 182.55
ai22_2 5 2032 SSBFabc 73.0198
ai22_2 5 2032 SSBFofl 63.8923
ai22_2 5 2032 SSBLCI 48.8204
ai22_2 5 2032 SSBUCI 239.147
ai22_2 5 2032 SSBMedian 107.657
ai22_2 5 2032 SSBMean 122.143
ai22_2 5 2033 SSBF100 182.55
ai22_2 5 2033 SSBFabc 73.0198
ai22_2 5 2033 SSBFofl 63.8923
ai22_2 5 2033 SSBLCI 47.056
ai22_2 5 2033 SSBUCI 243.281
ai22_2 5 2033 SSBMedian 111.542
ai22_2 5 2033 SSBMean 125.256
ai22_2 5 2034 SSBF100 182.55
ai22_2 5 2034 SSBFabc 73.0198
ai22_2 5 2034 SSBFofl 63.8923
ai22_2 5 2034 SSBLCI 45.9428
ai22_2 5 2034 SSBUCI 251.481
ai22_2 5 2034 SSBMedian 114.378
ai22_2 5 2034 SSBMean 127.487
ai22_2 5 2035 SSBF100 182.55
ai22_2 5 2035 SSBFabc 73.0198
ai22_2 5 2035 SSBFofl 63.8923
ai22_2 5 2035 SSBLCI 44.7483
ai22_2 5 2035 SSBUCI 251.579
ai22_2 5 2035 SSBMedian 115.902
ai22_2 5 2035 SSBMean 128.291
ai22_2 5 2036 SSBF100 182.55
ai22_2 5 2036 SSBFabc 73.0198
ai22_2 5 2036 SSBFofl 63.8923
ai22_2 5 2036 SSBLCI 46.9159
ai22_2 5 2036 SSBUCI 252.833
ai22_2 5 2036 SSBMedian 116.901
ai22_2 5 2036 SSBMean 129.768
ai22_2 5 2022 F0 0 
ai22_2 5 2022 Fabc 0.411432
ai22_2 5 2022 Fofl 0.526075
ai22_2 5 2022  F_LCI 0.019542
ai22_2 5 2022  F_UCI 0.019542
ai22_2 5 2022  F_Median 0.019542
ai22_2 5 2022  F_Mean 0.019542
ai22_2 5 2023 F0 0 
ai22_2 5 2023 Fabc 0.411432
ai22_2 5 2023 Fofl 0.526075
ai22_2 5 2023  F_LCI 0.133948
ai22_2 5 2023  F_UCI 0.135009
ai22_2 5 2023  F_Median 0.134894
ai22_2 5 2023  F_Mean 0.134743
ai22_2 5 2024 F0 0 
ai22_2 5 2024 Fabc 0.411432
ai22_2 5 2024 Fofl 0.526075
ai22_2 5 2024  F_LCI 0.146557
ai22_2 5 2024  F_UCI 0.150383
ai22_2 5 2024  F_Median 0.149766
ai22_2 5 2024  F_Mean 0.149263
ai22_2 5 2025 F0 0 
ai22_2 5 2025 Fabc 0.411432
ai22_2 5 2025 Fofl 0.526075
ai22_2 5 2025  F_LCI 0.144609
ai22_2 5 2025  F_UCI 0.155856
ai22_2 5 2025  F_Median 0.153705
ai22_2 5 2025  F_Mean 0.152407
ai22_2 5 2026 F0 0 
ai22_2 5 2026 Fabc 0.411432
ai22_2 5 2026 Fofl 0.526075
ai22_2 5 2026  F_LCI 0.12459
ai22_2 5 2026  F_UCI 0.152434
ai22_2 5 2026  F_Median 0.146662
ai22_2 5 2026  F_Mean 0.143624
ai22_2 5 2027 F0 0 
ai22_2 5 2027 Fabc 0.411432
ai22_2 5 2027 Fofl 0.526075
ai22_2 5 2027  F_LCI 0.0966093
ai22_2 5 2027  F_UCI 0.152501
ai22_2 5 2027  F_Median 0.137601
ai22_2 5 2027  F_Mean 0.132835
ai22_2 5 2028 F0 0 
ai22_2 5 2028 Fabc 0.411432
ai22_2 5 2028 Fofl 0.526075
ai22_2 5 2028  F_LCI 0.0715992
ai22_2 5 2028  F_UCI 0.162498
ai22_2 5 2028  F_Median 0.129535
ai22_2 5 2028  F_Mean 0.125168
ai22_2 5 2029 F0 0 
ai22_2 5 2029 Fabc 0.411432
ai22_2 5 2029 Fofl 0.526075
ai22_2 5 2029  F_LCI 0.0555959
ai22_2 5 2029  F_UCI 0.18296
ai22_2 5 2029  F_Median 0.120816
ai22_2 5 2029  F_Mean 0.12132
ai22_2 5 2030 F0 0 
ai22_2 5 2030 Fabc 0.411432
ai22_2 5 2030 Fofl 0.526075
ai22_2 5 2030  F_LCI 0.0488214
ai22_2 5 2030  F_UCI 0.210295
ai22_2 5 2030  F_Median 0.113186
ai22_2 5 2030  F_Mean 0.119381
ai22_2 5 2031 F0 0 
ai22_2 5 2031 Fabc 0.411432
ai22_2 5 2031 Fofl 0.526075
ai22_2 5 2031  F_LCI 0.0449939
ai22_2 5 2031  F_UCI 0.230022
ai22_2 5 2031  F_Median 0.105576
ai22_2 5 2031  F_Mean 0.117017
ai22_2 5 2032 F0 0 
ai22_2 5 2032 Fabc 0.411432
ai22_2 5 2032 Fofl 0.526075
ai22_2 5 2032  F_LCI 0.04244
ai22_2 5 2032  F_UCI 0.239179
ai22_2 5 2032  F_Median 0.100418
ai22_2 5 2032  F_Mean 0.115209
ai22_2 5 2033 F0 0 
ai22_2 5 2033 Fabc 0.411432
ai22_2 5 2033 Fofl 0.526075
ai22_2 5 2033  F_LCI 0.041846
ai22_2 5 2033  F_UCI 0.236409
ai22_2 5 2033  F_Median 0.0971372
ai22_2 5 2033  F_Mean 0.114273
ai22_2 5 2034 F0 0 
ai22_2 5 2034 Fabc 0.411432
ai22_2 5 2034 Fofl 0.526075
ai22_2 5 2034  F_LCI 0.040955
ai22_2 5 2034  F_UCI 0.250092
ai22_2 5 2034  F_Median 0.0944952
ai22_2 5 2034  F_Mean 0.113658
ai22_2 5 2035 F0 0 
ai22_2 5 2035 Fabc 0.411432
ai22_2 5 2035 Fofl 0.526075
ai22_2 5 2035  F_LCI 0.0400612
ai22_2 5 2035  F_UCI 0.247451
ai22_2 5 2035  F_Median 0.0921342
ai22_2 5 2035  F_Mean 0.112896
ai22_2 5 2036 F0 0 
ai22_2 5 2036 Fabc 0.411432
ai22_2 5 2036 Fofl 0.526075
ai22_2 5 2036  F_LCI 0
ai22_2 5 2036  F_UCI 0
ai22_2 5 2036  F_Median 0
ai22_2 5 2036  F_Mean 0
ai22_2 6 2022 Cabc 45.8016
ai22_2 6 2022 Cofl 48.8559
ai22_2 6 2022 CLCI 3
ai22_2 6 2022 CUCI 3
ai22_2 6 2022 CMedian 3
ai22_2 6 2022 CMean 3
ai22_2 6 2022 CStdn 5.01821e-014
ai22_2 6 2023 Cabc 45.8016
ai22_2 6 2023 Cofl 48.8559
ai22_2 6 2023 CLCI 62.9878
ai22_2 6 2023 CUCI 63.5342
ai22_2 6 2023 CMedian 63.0467
ai22_2 6 2023 CMean 63.1253
ai22_2 6 2023 CStdn 0.224721
ai22_2 6 2024 Cabc 45.8016
ai22_2 6 2024 Cofl 48.8559
ai22_2 6 2024 CLCI 35.2806
ai22_2 6 2024 CUCI 36.5082
ai22_2 6 2024 CMedian 35.4756
ai22_2 6 2024 CMean 35.6415
ai22_2 6 2024 CStdn 0.489947
ai22_2 6 2025 Cabc 45.8016
ai22_2 6 2025 Cofl 48.8559
ai22_2 6 2025 CLCI 30.5709
ai22_2 6 2025 CUCI 34.9381
ai22_2 6 2025 CMedian 31.2726
ai22_2 6 2025 CMean 31.8441
ai22_2 6 2025 CStdn 1.83057
ai22_2 6 2026 Cabc 45.8016
ai22_2 6 2026 Cofl 48.8559
ai22_2 6 2026 CLCI 28.6748
ai22_2 6 2026 CUCI 51.9701
ai22_2 6 2026 CMedian 31.9736
ai22_2 6 2026 CMean 34.912
ai22_2 6 2026 CStdn 7.80049
ai22_2 6 2027 Cabc 45.8016
ai22_2 6 2027 Cofl 48.8559
ai22_2 6 2027 CLCI 24.6418
ai22_2 6 2027 CUCI 66.226
ai22_2 6 2027 CMedian 33.73
ai22_2 6 2027 CMean 38.7924
ai22_2 6 2027 CStdn 15.1188
ai22_2 6 2028 Cabc 45.8016
ai22_2 6 2028 Cofl 48.8559
ai22_2 6 2028 CLCI 20.1488
ai22_2 6 2028 CUCI 85.7436
ai22_2 6 2028 CMedian 36.5176
ai22_2 6 2028 CMean 42.8045
ai22_2 6 2028 CStdn 22.7949
ai22_2 6 2029 Cabc 45.8016
ai22_2 6 2029 Cofl 48.8559
ai22_2 6 2029 CLCI 16.5861
ai22_2 6 2029 CUCI 97.516
ai22_2 6 2029 CMedian 39.1033
ai22_2 6 2029 CMean 45.9983
ai22_2 6 2029 CStdn 27.157
ai22_2 6 2030 Cabc 45.8016
ai22_2 6 2030 Cofl 48.8559
ai22_2 6 2030 CLCI 14.8046
ai22_2 6 2030 CUCI 100.117
ai22_2 6 2030 CMedian 40.7169
ai22_2 6 2030 CMean 47.7267
ai22_2 6 2030 CStdn 29.0982
ai22_2 6 2031 Cabc 45.8016
ai22_2 6 2031 Cofl 48.8559
ai22_2 6 2031 CLCI 14.9949
ai22_2 6 2031 CUCI 101.906
ai22_2 6 2031 CMedian 41.1468
ai22_2 6 2031 CMean 48.3923
ai22_2 6 2031 CStdn 30.0702
ai22_2 6 2032 Cabc 45.8016
ai22_2 6 2032 Cofl 48.8559
ai22_2 6 2032 CLCI 14.2041
ai22_2 6 2032 CUCI 104.427
ai22_2 6 2032 CMedian 41.0847
ai22_2 6 2032 CMean 48.4915
ai22_2 6 2032 CStdn 30.2349
ai22_2 6 2033 Cabc 45.8016
ai22_2 6 2033 Cofl 48.8559
ai22_2 6 2033 CLCI 13.9513
ai22_2 6 2033 CUCI 103.283
ai22_2 6 2033 CMedian 41.0053
ai22_2 6 2033 CMean 48.0907
ai22_2 6 2033 CStdn 29.7694
ai22_2 6 2034 Cabc 45.8016
ai22_2 6 2034 Cofl 48.8559
ai22_2 6 2034 CLCI 13.6837
ai22_2 6 2034 CUCI 100.683
ai22_2 6 2034 CMedian 40.5126
ai22_2 6 2034 CMean 47.5639
ai22_2 6 2034 CStdn 28.7631
ai22_2 6 2035 Cabc 45.8016
ai22_2 6 2035 Cofl 48.8559
ai22_2 6 2035 CLCI 14.242
ai22_2 6 2035 CUCI 99.8521
ai22_2 6 2035 CMedian 39.9847
ai22_2 6 2035 CMean 46.7161
ai22_2 6 2035 CStdn 28.419
ai22_2 6 2036 Cabc 45.8016
ai22_2 6 2036 Cofl 48.8559
ai22_2 6 2036 CLCI 13.9697
ai22_2 6 2036 CUCI 100.304
ai22_2 6 2036 CMedian 38.3204
ai22_2 6 2036 CMean 46.0078
ai22_2 6 2036 CStdn 28.3706
ai22_2 6 2022 SSBF100 182.55
ai22_2 6 2022 SSBFabc 73.0198
ai22_2 6 2022 SSBFofl 63.8923
ai22_2 6 2022 SSBLCI 78.2401
ai22_2 6 2022 SSBUCI 78.2401
ai22_2 6 2022 SSBMedian 78.2401
ai22_2 6 2022 SSBMean 78.2401
ai22_2 6 2023 SSBF100 182.55
ai22_2 6 2023 SSBFabc 73.0198
ai22_2 6 2023 SSBFofl 63.8923
ai22_2 6 2023 SSBLCI 72.3191
ai22_2 6 2023 SSBUCI 72.3191
ai22_2 6 2023 SSBMedian 72.3191
ai22_2 6 2023 SSBMean 72.3191
ai22_2 6 2024 SSBF100 182.55
ai22_2 6 2024 SSBFabc 73.0198
ai22_2 6 2024 SSBFofl 63.8923
ai22_2 6 2024 SSBLCI 56.7173
ai22_2 6 2024 SSBUCI 56.766
ai22_2 6 2024 SSBMedian 56.7225
ai22_2 6 2024 SSBMean 56.7295
ai22_2 6 2025 SSBF100 182.55
ai22_2 6 2025 SSBFabc 73.0198
ai22_2 6 2025 SSBFofl 63.8923
ai22_2 6 2025 SSBLCI 54.6122
ai22_2 6 2025 SSBUCI 56.5761
ai22_2 6 2025 SSBMedian 54.8298
ai22_2 6 2025 SSBMean 55.1117
ai22_2 6 2026 SSBF100 182.55
ai22_2 6 2026 SSBFabc 73.0198
ai22_2 6 2026 SSBFofl 63.8923
ai22_2 6 2026 SSBLCI 51.2934
ai22_2 6 2026 SSBUCI 78.452
ai22_2 6 2026 SSBMedian 54.5249
ai22_2 6 2026 SSBMean 58.3249
ai22_2 6 2027 SSBF100 182.55
ai22_2 6 2027 SSBFabc 73.0198
ai22_2 6 2027 SSBFofl 63.8923
ai22_2 6 2027 SSBLCI 45.1772
ai22_2 6 2027 SSBUCI 105.098
ai22_2 6 2027 SSBMedian 55.3869
ai22_2 6 2027 SSBMean 62.5885
ai22_2 6 2028 SSBF100 182.55
ai22_2 6 2028 SSBFabc 73.0198
ai22_2 6 2028 SSBFofl 63.8923
ai22_2 6 2028 SSBLCI 39.8122
ai22_2 6 2028 SSBUCI 125.374
ai22_2 6 2028 SSBMedian 57.5863
ai22_2 6 2028 SSBMean 66.6359
ai22_2 6 2029 SSBF100 182.55
ai22_2 6 2029 SSBFabc 73.0198
ai22_2 6 2029 SSBFofl 63.8923
ai22_2 6 2029 SSBLCI 36.6502
ai22_2 6 2029 SSBUCI 133.655
ai22_2 6 2029 SSBMedian 60.3847
ai22_2 6 2029 SSBMean 69.52
ai22_2 6 2030 SSBF100 182.55
ai22_2 6 2030 SSBFabc 73.0198
ai22_2 6 2030 SSBFofl 63.8923
ai22_2 6 2030 SSBLCI 35.4305
ai22_2 6 2030 SSBUCI 136.747
ai22_2 6 2030 SSBMedian 60.4393
ai22_2 6 2030 SSBMean 71.0607
ai22_2 6 2031 SSBF100 182.55
ai22_2 6 2031 SSBFabc 73.0198
ai22_2 6 2031 SSBFofl 63.8923
ai22_2 6 2031 SSBLCI 35.7223
ai22_2 6 2031 SSBUCI 137.954
ai22_2 6 2031 SSBMedian 61.7063
ai22_2 6 2031 SSBMean 71.4511
ai22_2 6 2032 SSBF100 182.55
ai22_2 6 2032 SSBFabc 73.0198
ai22_2 6 2032 SSBFofl 63.8923
ai22_2 6 2032 SSBLCI 35.2141
ai22_2 6 2032 SSBUCI 138.124
ai22_2 6 2032 SSBMedian 61.9803
ai22_2 6 2032 SSBMean 71.2701
ai22_2 6 2033 SSBF100 182.55
ai22_2 6 2033 SSBFabc 73.0198
ai22_2 6 2033 SSBFofl 63.8923
ai22_2 6 2033 SSBLCI 34.9025
ai22_2 6 2033 SSBUCI 136.382
ai22_2 6 2033 SSBMedian 61.6161
ai22_2 6 2033 SSBMean 70.7222
ai22_2 6 2034 SSBF100 182.55
ai22_2 6 2034 SSBFabc 73.0198
ai22_2 6 2034 SSBFofl 63.8923
ai22_2 6 2034 SSBLCI 34.5807
ai22_2 6 2034 SSBUCI 135.136
ai22_2 6 2034 SSBMedian 61.6287
ai22_2 6 2034 SSBMean 70.201
ai22_2 6 2035 SSBF100 182.55
ai22_2 6 2035 SSBFabc 73.0198
ai22_2 6 2035 SSBFofl 63.8923
ai22_2 6 2035 SSBLCI 34.922
ai22_2 6 2035 SSBUCI 134.777
ai22_2 6 2035 SSBMedian 60.4501
ai22_2 6 2035 SSBMean 69.1422
ai22_2 6 2036 SSBF100 182.55
ai22_2 6 2036 SSBFabc 73.0198
ai22_2 6 2036 SSBFofl 63.8923
ai22_2 6 2036 SSBLCI 35.0764
ai22_2 6 2036 SSBUCI 131.139
ai22_2 6 2036 SSBMedian 59.7494
ai22_2 6 2036 SSBMean 68.1956
ai22_2 6 2022 F0 0 
ai22_2 6 2022 Fabc 0.411432
ai22_2 6 2022 Fofl 0.526075
ai22_2 6 2022  F_LCI 0.019542
ai22_2 6 2022  F_UCI 0.019542
ai22_2 6 2022  F_Median 0.019542
ai22_2 6 2022  F_Mean 0.019542
ai22_2 6 2023 F0 0 
ai22_2 6 2023 Fabc 0.411432
ai22_2 6 2023 Fofl 0.526075
ai22_2 6 2023  F_LCI 0.52076
ai22_2 6 2023  F_UCI 0.52076
ai22_2 6 2023  F_Median 0.52076
ai22_2 6 2023  F_Mean 0.52076
ai22_2 6 2024 F0 0 
ai22_2 6 2024 Fabc 0.411432
ai22_2 6 2024 Fofl 0.526075
ai22_2 6 2024  F_LCI 0.40244
ai22_2 6 2024  F_UCI 0.40281
ai22_2 6 2024  F_Median 0.40248
ai22_2 6 2024  F_Mean 0.402533
ai22_2 6 2025 F0 0 
ai22_2 6 2025 Fabc 0.411432
ai22_2 6 2025 Fofl 0.526075
ai22_2 6 2025  F_LCI 0.386476
ai22_2 6 2025  F_UCI 0.40137
ai22_2 6 2025  F_Median 0.388126
ai22_2 6 2025  F_Mean 0.390264
ai22_2 6 2026 F0 0 
ai22_2 6 2026 Fabc 0.411432
ai22_2 6 2026 Fofl 0.526075
ai22_2 6 2026  F_LCI 0.361307
ai22_2 6 2026  F_UCI 0.526074
ai22_2 6 2026  F_Median 0.385814
ai22_2 6 2026  F_Mean 0.405388
ai22_2 6 2027 F0 0 
ai22_2 6 2027 Fabc 0.411432
ai22_2 6 2027 Fofl 0.526075
ai22_2 6 2027  F_LCI 0.314924
ai22_2 6 2027  F_UCI 0.526074
ai22_2 6 2027  F_Median 0.392351
ai22_2 6 2027  F_Mean 0.410467
ai22_2 6 2028 F0 0 
ai22_2 6 2028 Fabc 0.411432
ai22_2 6 2028 Fofl 0.526075
ai22_2 6 2028  F_LCI 0.274237
ai22_2 6 2028  F_UCI 0.526075
ai22_2 6 2028  F_Median 0.409031
ai22_2 6 2028  F_Mean 0.414001
ai22_2 6 2029 F0 0 
ai22_2 6 2029 Fabc 0.411432
ai22_2 6 2029 Fofl 0.526075
ai22_2 6 2029  F_LCI 0.250257
ai22_2 6 2029  F_UCI 0.526075
ai22_2 6 2029  F_Median 0.430253
ai22_2 6 2029  F_Mean 0.420125
ai22_2 6 2030 F0 0 
ai22_2 6 2030 Fabc 0.411432
ai22_2 6 2030 Fofl 0.526075
ai22_2 6 2030  F_LCI 0.241007
ai22_2 6 2030  F_UCI 0.526075
ai22_2 6 2030  F_Median 0.430668
ai22_2 6 2030  F_Mean 0.421808
ai22_2 6 2031 F0 0 
ai22_2 6 2031 Fabc 0.411432
ai22_2 6 2031 Fofl 0.526075
ai22_2 6 2031  F_LCI 0.24322
ai22_2 6 2031  F_UCI 0.526075
ai22_2 6 2031  F_Median 0.440276
ai22_2 6 2031  F_Mean 0.421331
ai22_2 6 2032 F0 0 
ai22_2 6 2032 Fabc 0.411432
ai22_2 6 2032 Fofl 0.526075
ai22_2 6 2032  F_LCI 0.239367
ai22_2 6 2032  F_UCI 0.526075
ai22_2 6 2032  F_Median 0.442354
ai22_2 6 2032  F_Mean 0.421811
ai22_2 6 2033 F0 0 
ai22_2 6 2033 Fabc 0.411432
ai22_2 6 2033 Fofl 0.526075
ai22_2 6 2033  F_LCI 0.237003
ai22_2 6 2033  F_UCI 0.526075
ai22_2 6 2033  F_Median 0.439591
ai22_2 6 2033  F_Mean 0.420686
ai22_2 6 2034 F0 0 
ai22_2 6 2034 Fabc 0.411432
ai22_2 6 2034 Fofl 0.526075
ai22_2 6 2034  F_LCI 0.234563
ai22_2 6 2034  F_UCI 0.526075
ai22_2 6 2034  F_Median 0.439687
ai22_2 6 2034  F_Mean 0.419927
ai22_2 6 2035 F0 0 
ai22_2 6 2035 Fabc 0.411432
ai22_2 6 2035 Fofl 0.526075
ai22_2 6 2035  F_LCI 0.237151
ai22_2 6 2035  F_UCI 0.526075
ai22_2 6 2035  F_Median 0.430749
ai22_2 6 2035  F_Mean 0.416142
ai22_2 6 2036 F0 0 
ai22_2 6 2036 Fabc 0.411432
ai22_2 6 2036 Fofl 0.526075
ai22_2 6 2036  F_LCI 0.238322
ai22_2 6 2036  F_UCI 0.526075
ai22_2 6 2036  F_Median 0.425435
ai22_2 6 2036  F_Mean 0.414288
ai22_2 7 2022 Cabc 45.8016
ai22_2 7 2022 Cofl 48.8559
ai22_2 7 2022 CLCI 3
ai22_2 7 2022 CUCI 3
ai22_2 7 2022 CMedian 3
ai22_2 7 2022 CMean 3
ai22_2 7 2022 CStdn 5.01821e-014
ai22_2 7 2023 Cabc 45.8016
ai22_2 7 2023 Cofl 48.8559
ai22_2 7 2023 CLCI 51.8837
ai22_2 7 2023 CUCI 52.3156
ai22_2 7 2023 CMedian 51.9302
ai22_2 7 2023 CMean 51.9923
ai22_2 7 2023 CStdn 0.177622
ai22_2 7 2024 Cabc 45.8016
ai22_2 7 2024 Cofl 48.8559
ai22_2 7 2024 CLCI 32.8357
ai22_2 7 2024 CUCI 33.8753
ai22_2 7 2024 CMedian 33.0008
ai22_2 7 2024 CMean 33.1411
ai22_2 7 2024 CStdn 0.414829
ai22_2 7 2025 Cabc 45.8016
ai22_2 7 2025 Cofl 48.8559
ai22_2 7 2025 CLCI 35.6252
ai22_2 7 2025 CUCI 40.3138
ai22_2 7 2025 CMedian 36.3796
ai22_2 7 2025 CMean 36.9927
ai22_2 7 2025 CStdn 1.95939
ai22_2 7 2026 Cabc 45.8016
ai22_2 7 2026 Cofl 48.8559
ai22_2 7 2026 CLCI 30.8623
ai22_2 7 2026 CUCI 53.6185
ai22_2 7 2026 CMedian 34.2651
ai22_2 7 2026 CMean 37.1791
ai22_2 7 2026 CStdn 7.73144
ai22_2 7 2027 Cabc 45.8016
ai22_2 7 2027 Cofl 48.8559
ai22_2 7 2027 CLCI 25.5117
ai22_2 7 2027 CUCI 66.8637
ai22_2 7 2027 CMedian 34.6654
ai22_2 7 2027 CMean 39.689
ai22_2 7 2027 CStdn 15.0856
ai22_2 7 2028 Cabc 45.8016
ai22_2 7 2028 Cofl 48.8559
ai22_2 7 2028 CLCI 20.4544
ai22_2 7 2028 CUCI 86.1987
ai22_2 7 2028 CMedian 36.8462
ai22_2 7 2028 CMean 43.1147
ai22_2 7 2028 CStdn 22.8037
ai22_2 7 2029 Cabc 45.8016
ai22_2 7 2029 Cofl 48.8559
ai22_2 7 2029 CLCI 16.6903
ai22_2 7 2029 CUCI 97.5881
ai22_2 7 2029 CMedian 39.1962
ai22_2 7 2029 CMean 46.0875
ai22_2 7 2029 CStdn 27.1677
ai22_2 7 2030 Cabc 45.8016
ai22_2 7 2030 Cofl 48.8559
ai22_2 7 2030 CLCI 14.8363
ai22_2 7 2030 CUCI 100.113
ai22_2 7 2030 CMedian 40.7287
ai22_2 7 2030 CMean 47.7427
ai22_2 7 2030 CStdn 29.097
ai22_2 7 2031 Cabc 45.8016
ai22_2 7 2031 Cofl 48.8559
ai22_2 7 2031 CLCI 14.9956
ai22_2 7 2031 CUCI 101.855
ai22_2 7 2031 CMedian 41.1241
ai22_2 7 2031 CMean 48.388
ai22_2 7 2031 CStdn 30.0634
ai22_2 7 2032 Cabc 45.8016
ai22_2 7 2032 Cofl 48.8559
ai22_2 7 2032 CLCI 14.2051
ai22_2 7 2032 CUCI 104.41
ai22_2 7 2032 CMedian 41.0735
ai22_2 7 2032 CMean 48.4856
ai22_2 7 2032 CStdn 30.2298
ai22_2 7 2033 Cabc 45.8016
ai22_2 7 2033 Cofl 48.8559
ai22_2 7 2033 CLCI 13.9535
ai22_2 7 2033 CUCI 103.263
ai22_2 7 2033 CMedian 41.0028
ai22_2 7 2033 CMean 48.0882
ai22_2 7 2033 CStdn 29.7667
ai22_2 7 2034 Cabc 45.8016
ai22_2 7 2034 Cofl 48.8559
ai22_2 7 2034 CLCI 13.6838
ai22_2 7 2034 CUCI 100.68
ai22_2 7 2034 CMedian 40.5129
ai22_2 7 2034 CMean 47.5636
ai22_2 7 2034 CStdn 28.7617
ai22_2 7 2035 Cabc 45.8016
ai22_2 7 2035 Cofl 48.8559
ai22_2 7 2035 CLCI 14.2417
ai22_2 7 2035 CUCI 99.8511
ai22_2 7 2035 CMedian 39.9862
ai22_2 7 2035 CMean 46.7167
ai22_2 7 2035 CStdn 28.4184
ai22_2 7 2036 Cabc 45.8016
ai22_2 7 2036 Cofl 48.8559
ai22_2 7 2036 CLCI 13.9712
ai22_2 7 2036 CUCI 100.305
ai22_2 7 2036 CMedian 38.3221
ai22_2 7 2036 CMean 46.0085
ai22_2 7 2036 CStdn 28.3703
ai22_2 7 2022 SSBF100 182.55
ai22_2 7 2022 SSBFabc 73.0198
ai22_2 7 2022 SSBFofl 63.8923
ai22_2 7 2022 SSBLCI 78.2401
ai22_2 7 2022 SSBUCI 78.2401
ai22_2 7 2022 SSBMedian 78.2401
ai22_2 7 2022 SSBMean 78.2401
ai22_2 7 2023 SSBF100 182.55
ai22_2 7 2023 SSBFabc 73.0198
ai22_2 7 2023 SSBFofl 63.8923
ai22_2 7 2023 SSBLCI 73.3914
ai22_2 7 2023 SSBUCI 73.3914
ai22_2 7 2023 SSBMedian 73.3914
ai22_2 7 2023 SSBMean 73.3914
ai22_2 7 2024 SSBF100 182.55
ai22_2 7 2024 SSBFabc 73.0198
ai22_2 7 2024 SSBFofl 63.8923
ai22_2 7 2024 SSBLCI 60.9646
ai22_2 7 2024 SSBUCI 61.0136
ai22_2 7 2024 SSBMedian 60.9698
ai22_2 7 2024 SSBMean 60.9769
ai22_2 7 2025 SSBF100 182.55
ai22_2 7 2025 SSBFabc 73.0198
ai22_2 7 2025 SSBFofl 63.8923
ai22_2 7 2025 SSBLCI 58.5446
ai22_2 7 2025 SSBUCI 60.5052
ai22_2 7 2025 SSBMedian 58.7618
ai22_2 7 2025 SSBMean 59.0433
ai22_2 7 2026 SSBF100 182.55
ai22_2 7 2026 SSBFabc 73.0198
ai22_2 7 2026 SSBFofl 63.8923
ai22_2 7 2026 SSBLCI 53.0317
ai22_2 7 2026 SSBUCI 80.2144
ai22_2 7 2026 SSBMedian 56.2553
ai22_2 7 2026 SSBMean 60.0546
ai22_2 7 2027 SSBF100 182.55
ai22_2 7 2027 SSBFabc 73.0198
ai22_2 7 2027 SSBFofl 63.8923
ai22_2 7 2027 SSBLCI 45.9094
ai22_2 7 2027 SSBUCI 105.67
ai22_2 7 2027 SSBMedian 56.0711
ai22_2 7 2027 SSBMean 63.2971
ai22_2 7 2028 SSBF100 182.55
ai22_2 7 2028 SSBFabc 73.0198
ai22_2 7 2028 SSBFofl 63.8923
ai22_2 7 2028 SSBLCI 40.1056
ai22_2 7 2028 SSBUCI 125.858
ai22_2 7 2028 SSBMedian 57.8064
ai22_2 7 2028 SSBMean 66.8966
ai22_2 7 2029 SSBF100 182.55
ai22_2 7 2029 SSBFabc 73.0198
ai22_2 7 2029 SSBFofl 63.8923
ai22_2 7 2029 SSBLCI 36.7798
ai22_2 7 2029 SSBUCI 133.889
ai22_2 7 2029 SSBMedian 60.4388
ai22_2 7 2029 SSBMean 69.5969
ai22_2 7 2030 SSBF100 182.55
ai22_2 7 2030 SSBFabc 73.0198
ai22_2 7 2030 SSBFofl 63.8923
ai22_2 7 2030 SSBLCI 35.4813
ai22_2 7 2030 SSBUCI 136.869
ai22_2 7 2030 SSBMedian 60.4296
ai22_2 7 2030 SSBMean 71.0736
ai22_2 7 2031 SSBF100 182.55
ai22_2 7 2031 SSBFabc 73.0198
ai22_2 7 2031 SSBFofl 63.8923
ai22_2 7 2031 SSBLCI 35.7128
ai22_2 7 2031 SSBUCI 137.92
ai22_2 7 2031 SSBMedian 61.6948
ai22_2 7 2031 SSBMean 71.4479
ai22_2 7 2032 SSBF100 182.55
ai22_2 7 2032 SSBFabc 73.0198
ai22_2 7 2032 SSBFofl 63.8923
ai22_2 7 2032 SSBLCI 35.214
ai22_2 7 2032 SSBUCI 138.121
ai22_2 7 2032 SSBMedian 61.9745
ai22_2 7 2032 SSBMean 71.2656
ai22_2 7 2033 SSBF100 182.55
ai22_2 7 2033 SSBFabc 73.0198
ai22_2 7 2033 SSBFofl 63.8923
ai22_2 7 2033 SSBLCI 34.9072
ai22_2 7 2033 SSBUCI 136.377
ai22_2 7 2033 SSBMedian 61.6191
ai22_2 7 2033 SSBMean 70.72
ai22_2 7 2034 SSBF100 182.55
ai22_2 7 2034 SSBFabc 73.0198
ai22_2 7 2034 SSBFofl 63.8923
ai22_2 7 2034 SSBLCI 34.5867
ai22_2 7 2034 SSBUCI 135.132
ai22_2 7 2034 SSBMedian 61.6302
ai22_2 7 2034 SSBMean 70.2007
ai22_2 7 2035 SSBF100 182.55
ai22_2 7 2035 SSBFabc 73.0198
ai22_2 7 2035 SSBFofl 63.8923
ai22_2 7 2035 SSBLCI 34.9221
ai22_2 7 2035 SSBUCI 134.777
ai22_2 7 2035 SSBMedian 60.4505
ai22_2 7 2035 SSBMean 69.1427
ai22_2 7 2036 SSBF100 182.55
ai22_2 7 2036 SSBFabc 73.0198
ai22_2 7 2036 SSBFofl 63.8923
ai22_2 7 2036 SSBLCI 35.0784
ai22_2 7 2036 SSBUCI 131.138
ai22_2 7 2036 SSBMedian 59.7497
ai22_2 7 2036 SSBMean 68.1961
ai22_2 7 2022 F0 0 
ai22_2 7 2022 Fabc 0.411432
ai22_2 7 2022 Fofl 0.526075
ai22_2 7 2022  F_LCI 0.019542
ai22_2 7 2022  F_UCI 0.019542
ai22_2 7 2022  F_Median 0.019542
ai22_2 7 2022  F_Mean 0.019542
ai22_2 7 2023 F0 0 
ai22_2 7 2023 Fabc 0.411432
ai22_2 7 2023 Fofl 0.526075
ai22_2 7 2023  F_LCI 0.411431
ai22_2 7 2023  F_UCI 0.411432
ai22_2 7 2023  F_Median 0.411431
ai22_2 7 2023  F_Mean 0.411431
ai22_2 7 2024 F0 0 
ai22_2 7 2024 Fabc 0.411432
ai22_2 7 2024 Fofl 0.526075
ai22_2 7 2024  F_LCI 0.339931
ai22_2 7 2024  F_UCI 0.340222
ai22_2 7 2024  F_Median 0.339962
ai22_2 7 2024  F_Mean 0.340004
ai22_2 7 2025 F0 0 
ai22_2 7 2025 Fabc 0.411432
ai22_2 7 2025 Fofl 0.526075
ai22_2 7 2025  F_LCI 0.416298
ai22_2 7 2025  F_UCI 0.431167
ai22_2 7 2025  F_Median 0.417946
ai22_2 7 2025  F_Mean 0.42008
ai22_2 7 2026 F0 0 
ai22_2 7 2026 Fabc 0.411432
ai22_2 7 2026 Fofl 0.526075
ai22_2 7 2026  F_LCI 0.37449
ai22_2 7 2026  F_UCI 0.526074
ai22_2 7 2026  F_Median 0.398936
ai22_2 7 2026  F_Mean 0.417508
ai22_2 7 2027 F0 0 
ai22_2 7 2027 Fabc 0.411432
ai22_2 7 2027 Fofl 0.526075
ai22_2 7 2027  F_LCI 0.320476
ai22_2 7 2027  F_UCI 0.526075
ai22_2 7 2027  F_Median 0.397539
ai22_2 7 2027  F_Mean 0.414775
ai22_2 7 2028 F0 0 
ai22_2 7 2028 Fabc 0.411432
ai22_2 7 2028 Fofl 0.526075
ai22_2 7 2028  F_LCI 0.276462
ai22_2 7 2028  F_UCI 0.526075
ai22_2 7 2028  F_Median 0.4107
ai22_2 7 2028  F_Mean 0.415378
ai22_2 7 2029 F0 0 
ai22_2 7 2029 Fabc 0.411432
ai22_2 7 2029 Fofl 0.526075
ai22_2 7 2029  F_LCI 0.25124
ai22_2 7 2029  F_UCI 0.526075
ai22_2 7 2029  F_Median 0.430664
ai22_2 7 2029  F_Mean 0.420506
ai22_2 7 2030 F0 0 
ai22_2 7 2030 Fabc 0.411432
ai22_2 7 2030 Fofl 0.526075
ai22_2 7 2030  F_LCI 0.241393
ai22_2 7 2030  F_UCI 0.526075
ai22_2 7 2030  F_Median 0.430594
ai22_2 7 2030  F_Mean 0.421888
ai22_2 7 2031 F0 0 
ai22_2 7 2031 Fabc 0.411432
ai22_2 7 2031 Fofl 0.526075
ai22_2 7 2031  F_LCI 0.243148
ai22_2 7 2031  F_UCI 0.526075
ai22_2 7 2031  F_Median 0.440188
ai22_2 7 2031  F_Mean 0.421334
ai22_2 7 2032 F0 0 
ai22_2 7 2032 Fabc 0.411432
ai22_2 7 2032 Fofl 0.526075
ai22_2 7 2032  F_LCI 0.239365
ai22_2 7 2032  F_UCI 0.526075
ai22_2 7 2032  F_Median 0.44231
ai22_2 7 2032  F_Mean 0.421801
ai22_2 7 2033 F0 0 
ai22_2 7 2033 Fabc 0.411432
ai22_2 7 2033 Fofl 0.526075
ai22_2 7 2033  F_LCI 0.237039
ai22_2 7 2033  F_UCI 0.526075
ai22_2 7 2033  F_Median 0.439615
ai22_2 7 2033  F_Mean 0.420683
ai22_2 7 2034 F0 0 
ai22_2 7 2034 Fabc 0.411432
ai22_2 7 2034 Fofl 0.526075
ai22_2 7 2034  F_LCI 0.234608
ai22_2 7 2034  F_UCI 0.526075
ai22_2 7 2034  F_Median 0.439698
ai22_2 7 2034  F_Mean 0.419929
ai22_2 7 2035 F0 0 
ai22_2 7 2035 Fabc 0.411432
ai22_2 7 2035 Fofl 0.526075
ai22_2 7 2035  F_LCI 0.237152
ai22_2 7 2035  F_UCI 0.526075
ai22_2 7 2035  F_Median 0.430752
ai22_2 7 2035  F_Mean 0.416146
ai22_2 7 2036 F0 0 
ai22_2 7 2036 Fabc 0.411432
ai22_2 7 2036 Fofl 0.526075
ai22_2 7 2036  F_LCI 0.238337
ai22_2 7 2036  F_UCI 0.526075
ai22_2 7 2036  F_Median 0.425438
ai22_2 7 2036  F_Mean 0.414292
